# Reference      Predicted      Error          
-0.03844        -0.03453        0.00391        
0.27730         0.27623         0.00107        
-0.03844        -0.03453        0.00391        
0.27730         0.27623         0.00107        
0.03844         0.03453         0.00391        
-0.27730        -0.27623        0.00107        
0.03844         0.03453         0.00391        
-0.27730        -0.27623        0.00107        
-0.14246        -0.14117        0.00129        
0.29632         0.29416         0.00216        
-0.03325        -0.03056        0.00269        
0.22457         0.22509         0.00052        
0.08976         0.08707         0.00269        
-0.27418        -0.27283        0.00135        
0.07318         0.07151         0.00167        
-0.23393        -0.23326        0.00067        
0.17130         0.16591         0.00539        
0.11882         0.12654         0.00772        
0.05635         0.05934         0.00299        
0.31473         0.31956         0.00483        
0.04215         0.03575         0.00640        
-0.36129        -0.35822        0.00308        
0.01938         0.01123         0.00815        
-0.36144        -0.36011        0.00133        
0.00535         0.00730         0.00195        
0.37251         0.37675         0.00424        
0.25008         0.26076         0.01068        
0.39563         0.39950         0.00386        
-0.12750        -0.13481        0.00731        
-0.37633        -0.37882        0.00248        
-0.08849        -0.09510        0.00661        
-0.43126        -0.43559        0.00433        
-0.23614        -0.23295        0.00320        
0.03973         0.03813         0.00160        
-0.22517        -0.22315        0.00202        
0.26874         0.26952         0.00078        
0.19808         0.19378         0.00430        
-0.23084        -0.22844        0.00240        
0.23716         0.23515         0.00201        
-0.05157        -0.05205        0.00048        
-0.02207        -0.02386        0.00179        
0.15542         0.14968         0.00573        
-0.02207        -0.02386        0.00179        
0.15542         0.14968         0.00573        
0.02207         0.02386         0.00179        
-0.15542        -0.14968        0.00573        
0.02207         0.02386         0.00179        
-0.15542        -0.14968        0.00573        
-0.06631        -0.06853        0.00222        
0.08414         0.07706         0.00707        
-0.07366        -0.07641        0.00275        
0.15452         0.14513         0.00940        
0.13186         0.13501         0.00314        
-0.16304        -0.15134        0.01170        
0.06682         0.07006         0.00324        
-0.13433        -0.13098        0.00335        
-0.04622        -0.04945        0.00323        
0.04331         0.04439         0.00108        
-0.23628        -0.23589        0.00039        
-0.03238        -0.04813        0.01575        
0.20020         0.20181         0.00160        
-0.01574        -0.00865        0.00709        
0.18452         0.18803         0.00351        
-0.09742        -0.09211        0.00531        
0.08153         0.08164         0.00010        
0.19971         0.19871         0.00100        
0.14988         0.14628         0.00360        
0.35890         0.36112         0.00222        
-0.18012        -0.17957        0.00056        
-0.25940        -0.26201        0.00261        
-0.12750        -0.12765        0.00015        
-0.22299        -0.21852        0.00448        
-0.12198        -0.10686        0.01512        
-0.09576        -0.09546        0.00030        
-0.09055        -0.09353        0.00298        
0.07976         0.06988         0.00989        
0.09280         0.09928         0.00648        
0.11005         0.10642         0.00363        
0.40267         0.43022         0.02755        
-0.37699        -0.40994        0.03296        
-0.00697        -0.00642        0.00055        
0.04853         0.04732         0.00121        
-0.00697        -0.00642        0.00055        
0.04853         0.04732         0.00121        
0.00697         0.00642         0.00055        
-0.04853        -0.04732        0.00121        
0.00697         0.00642         0.00055        
-0.04853        -0.04732        0.00121        
0.04731         0.04577         0.00154        
0.00894         0.00468         0.00426        
-0.12482        -0.12172        0.00310        
0.07648         0.07621         0.00027        
0.03648         0.03445         0.00203        
-0.07733        -0.07484        0.00249        
0.02755         0.02887         0.00132        
0.00540         0.00659         0.00119        
0.04297         0.04752         0.00455        
0.15944         0.16056         0.00112        
0.15331         0.15045         0.00286        
-0.02809        -0.02562        0.00246        
-0.04787        -0.05082        0.00295        
-0.09138        -0.09234        0.00097        
-0.11333        -0.11496        0.00164        
-0.07506        -0.07478        0.00028        
-0.04215        -0.04668        0.00452        
-0.16097        -0.16503        0.00405        
-0.17123        -0.16304        0.00819        
0.22323         0.21948         0.00376        
0.00424         0.00970         0.00547        
0.12698         0.12313         0.00385        
-0.01720        -0.01432        0.00288        
0.03711         0.03675         0.00036        
0.24864         0.25016         0.00152        
0.17675         0.17710         0.00035        
0.24239         0.24891         0.00653        
0.29394         0.29554         0.00161        
-0.31370        -0.31925        0.00555        
-0.25407        -0.24251        0.01156        
-0.07108        -0.07891        0.00783        
-0.32286        -0.33105        0.00819        
0.00654         0.00459         0.00195        
-0.04557        -0.05254        0.00697        
0.00654         0.00459         0.00195        
-0.04557        -0.05254        0.00697        
-0.00654        -0.00459        0.00195        
0.04557         0.05254         0.00697        
-0.00654        -0.00459        0.00195        
0.04557         0.05254         0.00697        
-0.10733        -0.10950        0.00217        
-0.08842        -0.07649        0.01193        
-0.05124        -0.05278        0.00154        
-0.09048        -0.10819        0.01771        
0.10382         0.10803         0.00421        
0.11360         0.08838         0.02522        
0.00389         0.00686         0.00297        
0.11617         0.14369         0.02753        
0.10298         0.10057         0.00242        
0.02215         0.02463         0.00248        
0.16021         0.15554         0.00467        
-0.06076        -0.08880        0.02805        
-0.13430        -0.13323        0.00107        
0.02693         0.08004         0.05311        
-0.00046        -0.00321        0.00275        
-0.11676        -0.13554        0.01877        
0.07387         0.06759         0.00628        
-0.06670        -0.05601        0.01070        
0.18541         0.17829         0.00712        
-0.22759        -0.23464        0.00705        
0.10290         0.10518         0.00228        
-0.03737        -0.02672        0.01065        
-0.16508        -0.16554        0.00046        
0.13456         0.13184         0.00272        
0.17727         0.17283         0.00444        
-0.46395        -0.44798        0.01597        
-0.22081        -0.23517        0.01436        
-0.17025        -0.12498        0.04528        
0.05186         0.05245         0.00059        
0.39556         0.36029         0.03528        
0.54647         0.54657         0.00010        
-0.31615        -0.32401        0.00786        
0.01826         0.01799         0.00028        
-0.18774        -0.16716        0.02057        
0.01826         0.01799         0.00028        
-0.18774        -0.16716        0.02057        
-0.01826        -0.01799        0.00028        
0.18774         0.16716         0.02057        
-0.01826        -0.01799        0.00028        
0.18774         0.16716         0.02057        
0.05446         0.05442         0.00004        
-0.13701        -0.14192        0.00491        
0.06488         0.06475         0.00013        
-0.24294        -0.18785        0.05510        
-0.06620        -0.06487        0.00133        
0.25697         0.19503         0.06195        
0.02161         0.02101         0.00060        
0.04824         0.05944         0.01120        
-0.13260        -0.13382        0.00122        
-0.23422        -0.24280        0.00858        
-0.18713        -0.18722        0.00009        
-0.14666        -0.10888        0.03778        
0.15869         0.15815         0.00054        
0.02958         0.09225         0.06267        
0.02080         0.02190         0.00110        
0.49154         0.40042         0.09113        
0.19079         0.19097         0.00018        
-0.39320        -0.36396        0.02924        
0.06271         0.06352         0.00081        
-0.08012        -0.14436        0.06424        
-0.07685        -0.07694        0.00009        
0.12306         0.16476         0.04170        
-0.04861        -0.04816        0.00045        
0.22222         0.21417         0.00805        
0.16112         0.15768         0.00344        
-0.20247        -0.15388        0.04859        
-0.03365        -0.03196        0.00168        
0.17622         0.16458         0.01163        
0.06827         0.06548         0.00279        
-0.19352        -0.20543        0.01191        
0.23943         0.23588         0.00355        
-0.21539        -0.23234        0.01695        
0.02813         0.02823         0.00010        
-0.21100        -0.23057        0.01957        
0.02813         0.02823         0.00010        
-0.21100        -0.23057        0.01957        
-0.02813        -0.02823        0.00010        
0.21100         0.23057         0.01957        
-0.02813        -0.02823        0.00010        
0.21100         0.23057         0.01957        
-0.01705        -0.01800        0.00095        
-0.26516        -0.29195        0.02679        
-0.04216        -0.04236        0.00020        
-0.20979        -0.22051        0.01071        
0.03503         0.03595         0.00092        
0.24784         0.25589         0.00804        
0.00361         0.00464         0.00103        
0.24769         0.27635         0.02866        
0.05486         0.05670         0.00184        
-0.32335        -0.31588        0.00747        
0.02735         0.02864         0.00129        
-0.29491        -0.28295        0.01197        
-0.09886        -0.10057        0.00170        
0.35836         0.35346         0.00491        
0.03522         0.03371         0.00151        
0.24134         0.22689         0.01445        
0.32010         0.32379         0.00369        
-0.26058        -0.26063        0.00005        
0.20661         0.21091         0.00430        
-0.28171        -0.26923        0.01248        
-0.03290        -0.03540        0.00251        
0.24102         0.22593         0.01509        
-0.31304        -0.31158        0.00146        
0.12050         0.11621         0.00428        
-0.09514        -0.08943        0.00571        
-0.06147        -0.06890        0.00742        
0.10459         0.10609         0.00150        
-0.19337        -0.19500        0.00163        
-0.27172        -0.27406        0.00234        
0.27994         0.30704         0.02710        
-0.10802        -0.11035        0.00233        
0.34519         0.32461         0.02058        
-0.03844        -0.03453        0.00391        
0.27730         0.27623         0.00107        
-0.03844        -0.03453        0.00391        
0.27730         0.27623         0.00107        
0.03844         0.03453         0.00391        
-0.27730        -0.27623        0.00107        
0.03844         0.03453         0.00391        
-0.27730        -0.27623        0.00107        
-0.02316        -0.01951        0.00365        
0.31076         0.31162         0.00086        
0.01101         0.01150         0.00049        
0.22188         0.22337         0.00149        
0.03334         0.02700         0.00634        
-0.34908        -0.34868        0.00040        
0.07330         0.06957         0.00373        
-0.27806        -0.27487        0.00319        
-0.07319        -0.07074        0.00245        
0.24121         0.23977         0.00144        
-0.16213        -0.16305        0.00091        
0.25350         0.24839         0.00511        
0.24318         0.24750         0.00432        
-0.32470        -0.32433        0.00037        
-0.00613        -0.00707        0.00094        
-0.17174        -0.17048        0.00126        
-0.12402        -0.11705        0.00697        
0.12741         0.12409         0.00331        
-0.23830        -0.23422        0.00408        
0.15654         0.14831         0.00823        
-0.08290        -0.08137        0.00154        
-0.07317        -0.07404        0.00087        
0.31872         0.32312         0.00440        
-0.08427        -0.08885        0.00457        
0.12364         0.13373         0.01010        
0.53741         0.54721         0.00980        
-0.18803        -0.19229        0.00426        
0.09108         0.08518         0.00590        
-0.07406        -0.07624        0.00218        
-0.18046        -0.18213        0.00166        
0.02793         0.02218         0.00574        
-0.33750        -0.33765        0.00015        
-0.02207        -0.02386        0.00179        
0.15542         0.14968         0.00573        
-0.02207        -0.02386        0.00179        
0.15542         0.14968         0.00573        
0.02207         0.02386         0.00179        
-0.15542        -0.14968        0.00573        
0.02207         0.02386         0.00179        
-0.15542        -0.14968        0.00573        
0.04756         0.04635         0.00122        
0.15341         0.15040         0.00300        
0.02864         0.02768         0.00096        
0.14582         0.14064         0.00518        
-0.01298        -0.01116        0.00182        
-0.18990        -0.18785        0.00205        
0.02316         0.02473         0.00157        
-0.19571        -0.19079        0.00492        
0.03275         0.03138         0.00137        
0.13761         0.13049         0.00712        
0.06446         0.06223         0.00223        
0.24569         0.23954         0.00615        
-0.09968        -0.09543        0.00425        
-0.21936        -0.22744        0.00809        
0.15395         0.16142         0.00747        
-0.31542        -0.30218        0.01324        
-0.01062        -0.01206        0.00144        
0.00253         0.00040         0.00214        
-0.01262        -0.02115        0.00853        
0.40821         0.40773         0.00048        
-0.03452        -0.03300        0.00152        
0.00104         0.00289         0.00184        
-0.04592        -0.04060        0.00532        
-0.30811        -0.30422        0.00389        
-0.26172        -0.27245        0.01073        
0.26551         0.26357         0.00194        
-0.28306        -0.28731        0.00425        
-0.19123        -0.20206        0.01082        
0.29354         0.29744         0.00389        
-0.10765        -0.09491        0.01274        
0.25791         0.26078         0.00286        
0.02670         0.03493         0.00824        
-0.00697        -0.00642        0.00055        
0.04853         0.04732         0.00121        
-0.00697        -0.00642        0.00055        
0.04853         0.04732         0.00121        
0.00697         0.00642         0.00055        
-0.04853        -0.04732        0.00121        
0.00697         0.00642         0.00055        
-0.04853        -0.04732        0.00121        
-0.12322        -0.12284        0.00038        
0.01810         0.01472         0.00339        
-0.08675        -0.08837        0.00162        
-0.03344        -0.03637        0.00292        
0.11234         0.11182         0.00052        
-0.01693        -0.01338        0.00355        
0.09994         0.10145         0.00151        
0.02996         0.03298         0.00302        
-0.09815        -0.09917        0.00102        
-0.06558        -0.06728        0.00170        
-0.10600        -0.10760        0.00160        
-0.08151        -0.08269        0.00118        
0.08754         0.09072         0.00318        
0.11081         0.11100         0.00020        
0.08880         0.09003         0.00123        
0.06409         0.06499         0.00090        
0.15437         0.15591         0.00154        
0.06668         0.05980         0.00688        
-0.09203        -0.09778        0.00575        
-0.15770        -0.14757        0.01013        
-0.00276        0.00055         0.00330        
0.12487         0.12497         0.00009        
0.01192         0.00676         0.00516        
-0.10536        -0.10264        0.00272        
-0.24543        -0.24879        0.00336        
-0.09970        -0.12217        0.02247        
-0.41701        -0.41816        0.00115        
-0.09999        -0.09529        0.00470        
0.25937         0.26682         0.00744        
0.23262         0.23694         0.00432        
0.39436         0.39304         0.00132        
-0.02421        -0.01238        0.01184        
0.00654         0.00459         0.00195        
-0.04557        -0.05254        0.00697        
0.00654         0.00459         0.00195        
-0.04557        -0.05254        0.00697        
-0.00654        -0.00459        0.00195        
0.04557         0.05254         0.00697        
-0.00654        -0.00459        0.00195        
0.04557         0.05254         0.00697        
-0.02700        -0.02780        0.00080        
-0.02311        -0.02322        0.00011        
0.01670         0.01617         0.00053        
-0.02967        -0.05284        0.02317        
-0.05260        -0.04878        0.00382        
0.07126         0.08383         0.01258        
-0.03596        -0.03156        0.00440        
0.08039         0.08421         0.00382        
-0.04200        -0.04029        0.00171        
0.06516         0.10252         0.03736        
0.06263         0.06749         0.00487        
0.11208         0.09492         0.01717        
-0.01763        -0.01809        0.00046        
-0.01250        -0.01716        0.00466        
0.00074         -0.00527        0.00602        
-0.16847        -0.18412        0.01564        
-0.35141        -0.34406        0.00734        
0.07554         0.09391         0.01837        
-0.34952        -0.34655        0.00297        
-0.08601        -0.05588        0.03013        
0.26510         0.26406         0.00103        
0.08800         0.08773         0.00028        
0.34123         0.33777         0.00346        
0.01707         -0.03697        0.05404        
0.52011         0.52557         0.00546        
0.22059         0.20353         0.01706        
0.50733         0.50532         0.00201        
0.13330         0.10821         0.02509        
-0.62606        -0.62758        0.00151        
-0.10096        -0.11331        0.01235        
-0.42995        -0.42693        0.00302        
-0.22436        -0.17482        0.04954        
0.01826         0.01799         0.00028        
-0.18774        -0.16716        0.02057        
0.01826         0.01799         0.00028        
-0.18774        -0.16716        0.02057        
-0.01826        -0.01799        0.00028        
0.18774         0.16716         0.02057        
-0.01826        -0.01799        0.00028        
0.18774         0.16716         0.02057        
0.02324         0.02225         0.00099        
-0.30628        -0.23947        0.06680        
-0.05342        -0.05321        0.00021        
-0.18548        -0.17430        0.01118        
0.03833         0.03812         0.00020        
0.14752         0.16053         0.01300        
-0.01481        -0.01394        0.00087        
0.35090         0.26002         0.09087        
0.10059         0.10032         0.00027        
-0.15202        -0.16106        0.00904        
0.08136         0.08069         0.00067        
-0.10928        -0.08891        0.02037        
0.06285         0.06099         0.00186        
0.01414         0.02436         0.01022        
-0.11357        -0.11206        0.00151        
0.11593         0.09566         0.02027        
0.14347         0.14284         0.00063        
-0.12538        -0.09441        0.03096        
0.07706         0.07752         0.00045        
-0.06065        -0.05410        0.00655        
-0.16033        -0.16004        0.00029        
0.18581         0.14112         0.04469        
-0.18730        -0.18775        0.00046        
0.12731         0.13483         0.00752        
0.26243         0.26577         0.00334        
0.23206         0.25341         0.02134        
0.34334         0.34343         0.00009        
0.02372         -0.04343        0.06715        
-0.44059        -0.44003        0.00056        
-0.00223        0.00239         0.00462        
-0.12394        -0.12851        0.00456        
-0.29479        -0.25303        0.04175        
0.02813         0.02823         0.00010        
-0.21100        -0.23057        0.01957        
0.02813         0.02823         0.00010        
-0.21100        -0.23057        0.01957        
-0.02813        -0.02823        0.00010        
0.21100         0.23057         0.01957        
-0.02813        -0.02823        0.00010        
0.21100         0.23057         0.01957        
0.05961         0.06092         0.00131        
-0.24311        -0.22905        0.01406        
0.08899         0.09123         0.00224        
-0.17290        -0.17637        0.00347        
-0.08749        -0.08838        0.00089        
0.22771         0.22430         0.00341        
-0.07812        -0.07877        0.00064        
0.20530         0.19610         0.00920        
0.11290         0.11438         0.00148        
-0.16182        -0.16112        0.00071        
0.03112         0.03378         0.00266        
-0.06694        -0.07640        0.00946        
-0.14738        -0.14745        0.00007        
0.27737         0.26575         0.01162        
-0.11090        -0.11476        0.00386        
0.06567         0.08582         0.02015        
0.33625         0.33883         0.00258        
-0.04521        -0.04539        0.00017        
0.38829         0.39519         0.00690        
-0.16292        -0.14074        0.02218        
-0.26668        -0.27411        0.00743        
0.03618         0.01826         0.01792        
-0.42805        -0.43381        0.00576        
0.14215         0.14178         0.00037        
0.34992         0.34978         0.00014        
-0.06176        -0.03715        0.02460        
0.32872         0.33364         0.00493        
-0.24509        -0.25270        0.00760        
-0.27345        -0.26454        0.00891        
-0.06724        -0.06698        0.00026        
0.05068         0.04178         0.00890        
-0.08178        -0.10384        0.02206        
-0.03844        -0.03453        0.00391        
-0.27730        -0.27623        0.00107        
0.03844         0.03453         0.00391        
0.27730         0.27623         0.00107        
-0.03844        -0.03453        0.00391        
-0.27730        -0.27623        0.00107        
0.03844         0.03453         0.00391        
0.27730         0.27623         0.00107        
-0.09839        -0.09650        0.00190        
-0.30125        -0.30035        0.00091        
0.04956         0.04801         0.00156        
0.30488         0.30414         0.00074        
-0.11032        -0.10755        0.00277        
-0.22536        -0.22556        0.00019        
0.12635         0.12530         0.00105        
0.25454         0.25251         0.00203        
-0.33366        -0.33620        0.00254        
-0.09406        -0.08884        0.00521        
0.24874         0.24748         0.00126        
0.00564         0.00713         0.00149        
-0.09684        -0.09994        0.00310        
-0.14229        -0.13549        0.00680        
0.22689         0.22670         0.00019        
0.18557         0.17917         0.00640        
-0.10782        -0.10961        0.00179        
-0.24580        -0.24223        0.00357        
0.20267         0.20261         0.00006        
0.24528         0.24424         0.00104        
-0.16291        -0.16249        0.00042        
-0.32136        -0.32198        0.00062        
0.18381         0.18223         0.00158        
0.20612         0.20723         0.00110        
0.22507         0.23354         0.00847        
-0.42831        -0.42861        0.00029        
-0.29409        -0.29937        0.00528        
0.16945         0.17331         0.00386        
0.28143         0.27884         0.00259        
-0.17235        -0.17034        0.00201        
-0.11602        -0.12556        0.00954        
0.33482         0.33819         0.00336        
-0.02207        -0.02386        0.00179        
-0.15542        -0.14968        0.00573        
0.02207         0.02386         0.00179        
0.15542         0.14968         0.00573        
-0.02207        -0.02386        0.00179        
-0.15542        -0.14968        0.00573        
0.02207         0.02386         0.00179        
0.15542         0.14968         0.00573        
-0.07006        -0.07193        0.00187        
-0.10296        -0.09399        0.00897        
0.00919         0.01127         0.00207        
0.11409         0.10909         0.00500        
-0.06072        -0.06243        0.00171        
-0.07813        -0.07555        0.00257        
0.06347         0.06455         0.00108        
0.12511         0.11899         0.00612        
0.04811         0.05212         0.00401        
-0.21641        -0.20693        0.00948        
-0.10340        -0.09896        0.00444        
0.22004         0.21801         0.00203        
0.12426         0.12202         0.00224        
-0.33251        -0.34177        0.00926        
0.15529         0.15833         0.00304        
0.10462         0.09719         0.00743        
-0.06790        -0.07138        0.00348        
-0.29367        -0.27971        0.01396        
-0.11283        -0.11080        0.00203        
0.13537         0.13530         0.00007        
-0.03288        -0.03677        0.00389        
-0.01288        -0.02074        0.00785        
0.11769         0.12231         0.00462        
0.26711         0.26180         0.00531        
-0.28116        -0.28355        0.00239        
0.19389         0.18895         0.00494        
0.46495         0.47041         0.00546        
-0.11427        -0.12548        0.01121        
-0.31154        -0.31427        0.00273        
-0.08076        -0.06662        0.01414        
0.20368         0.20284         0.00085        
-0.07478        -0.07226        0.00252        
-0.00697        -0.00642        0.00055        
-0.04853        -0.04732        0.00121        
0.00697         0.00642         0.00055        
0.04853         0.04732         0.00121        
-0.00697        -0.00642        0.00055        
-0.04853        -0.04732        0.00121        
0.00697         0.00642         0.00055        
0.04853         0.04732         0.00121        
0.03770         0.04086         0.00315        
-0.12072        -0.12094        0.00022        
-0.09203        -0.09213        0.00010        
0.12346         0.12162         0.00183        
0.08492         0.08771         0.00279        
-0.06774        -0.06909        0.00134        
-0.08257        -0.08458        0.00201        
0.11697         0.11654         0.00044        
-0.01560        -0.01331        0.00229        
-0.01489        -0.01508        0.00019        
-0.01024        -0.01359        0.00335        
0.08565         0.08274         0.00291        
0.11604         0.11746         0.00143        
-0.10765        -0.10854        0.00089        
-0.10159        -0.10066        0.00093        
0.04828         0.05098         0.00269        
-0.31501        -0.31413        0.00088        
0.17589         0.16692         0.00897        
0.06991         0.07094         0.00103        
-0.13749        -0.14308        0.00558        
-0.17978        -0.18362        0.00383        
0.03142         0.04461         0.01319        
0.38871         0.39296         0.00425        
-0.03363        -0.03460        0.00097        
-0.14573        -0.14648        0.00075        
0.02068         0.02476         0.00408        
0.14211         0.14723         0.00512        
-0.09412        -0.09640        0.00228        
-0.09856        -0.10085        0.00229        
0.16805         0.16395         0.00410        
0.07806         0.07777         0.00029        
-0.07050        -0.06999        0.00051        
0.00654         0.00459         0.00195        
0.04557         0.05254         0.00697        
-0.00654        -0.00459        0.00195        
-0.04557        -0.05254        0.00697        
0.00654         0.00459         0.00195        
0.04557         0.05254         0.00697        
-0.00654        -0.00459        0.00195        
-0.04557        -0.05254        0.00697        
0.01669         0.01920         0.00252        
0.05360         0.05500         0.00140        
-0.06280        -0.05897        0.00383        
-0.00777        -0.00113        0.00664        
-0.04337        -0.04335        0.00002        
0.06049         0.06712         0.00664        
-0.05285        -0.04914        0.00371        
0.03602         0.01126         0.02476        
0.10118         0.09470         0.00647        
0.09425         0.10621         0.01197        
-0.02559        -0.02339        0.00221        
0.05461         0.07792         0.02331        
-0.03760        -0.03700        0.00060        
0.04886         0.06588         0.01702        
-0.01552        -0.01138        0.00414        
-0.22017        -0.27295        0.05278        
-0.05217        -0.05260        0.00043        
-0.06177        -0.06655        0.00478        
-0.28213        -0.28152        0.00061        
0.00147         -0.03217        0.03364        
0.27761         0.28061         0.00301        
0.00902         0.04070         0.03168        
-0.05039        -0.04649        0.00391        
0.15836         0.15801         0.00035        
-0.25877        -0.25854        0.00023        
-0.09462        -0.08723        0.00739        
0.06805         0.07626         0.00821        
0.01909         0.02248         0.00339        
-0.14457        -0.13947        0.00509        
0.25481         0.21633         0.03848        
0.21453         0.21226         0.00227        
-0.05853        -0.04209        0.01644        
0.01826         0.01799         0.00028        
0.18774         0.16716         0.02057        
-0.01826        -0.01799        0.00028        
-0.18774        -0.16716        0.02057        
0.01826         0.01799         0.00028        
0.18774         0.16716         0.02057        
-0.01826        -0.01799        0.00028        
-0.18774        -0.16716        0.02057        
0.00441         0.00367         0.00074        
0.22982         0.19618         0.03364        
-0.03944        -0.03886        0.00058        
-0.21043        -0.21158        0.00115        
-0.01985        -0.02006        0.00021        
0.22988         0.23245         0.00256        
0.00330         0.00336         0.00006        
-0.19769        -0.16517        0.03252        
-0.07378        -0.07356        0.00022        
0.41864         0.27803         0.14061        
-0.00688        -0.00660        0.00028        
-0.34697        -0.25267        0.09431        
-0.01245        -0.01385        0.00141        
0.18048         0.27098         0.09050        
-0.02165        -0.02098        0.00067        
-0.13740        -0.18135        0.04395        
-0.06930        -0.06847        0.00083        
-0.09365        -0.04762        0.04603        
-0.15220        -0.14952        0.00268        
-0.16777        -0.12975        0.03803        
0.00258         0.00133         0.00125        
0.33325         0.26050         0.07275        
0.09833         0.09607         0.00226        
0.04875         0.03746         0.01129        
-0.25968        -0.25632        0.00336        
-0.00512        0.03191         0.03703        
-0.15980        -0.15952        0.00028        
-0.08644        -0.10963        0.02319        
0.24341         0.24378         0.00038        
0.06940         0.05524         0.01416        
0.11377         0.11663         0.00287        
0.08447         0.07790         0.00656        
0.02813         0.02823         0.00010        
0.21100         0.23057         0.01957        
-0.02813        -0.02823        0.00010        
-0.21100        -0.23057        0.01957        
0.02813         0.02823         0.00010        
0.21100         0.23057         0.01957        
-0.02813        -0.02823        0.00010        
-0.21100        -0.23057        0.01957        
0.02531         0.02525         0.00006        
0.21896         0.24206         0.02311        
-0.03110        -0.03109        0.00001        
-0.17234        -0.18730        0.01497        
0.01476         0.01536         0.00060        
0.18972         0.20279         0.01307        
-0.04682        -0.04646        0.00035        
-0.19849        -0.22060        0.02211        
0.02983         0.02855         0.00128        
0.22361         0.21265         0.01096        
0.01460         0.01552         0.00092        
-0.10629        -0.10363        0.00266        
0.00635         0.00765         0.00130        
0.24196         0.21875         0.02321        
-0.03079        -0.03059        0.00019        
-0.37928        -0.34889        0.03038        
0.09654         0.09844         0.00191        
0.33848         0.30718         0.03131        
-0.03768        -0.03880        0.00112        
-0.27702        -0.27072        0.00630        
0.08221         0.08291         0.00070        
0.14995         0.17817         0.02821        
-0.06932        -0.07651        0.00719        
-0.28316        -0.28067        0.00249        
0.19767         0.19756         0.00010        
0.11691         0.12288         0.00597        
0.02062         0.01997         0.00065        
0.08421         0.09624         0.01204        
-0.05201        -0.04666        0.00535        
0.01336         0.01979         0.00642        
0.00144         0.00290         0.00145        
-0.38220        -0.41268        0.03048        
-0.03844        -0.03453        0.00391        
-0.27730        -0.27623        0.00107        
0.03844         0.03453         0.00391        
0.27730         0.27623         0.00107        
-0.03844        -0.03453        0.00391        
-0.27730        -0.27623        0.00107        
0.03844         0.03453         0.00391        
0.27730         0.27623         0.00107        
0.02660         0.03085         0.00425        
-0.30535        -0.30451        0.00083        
-0.04295        -0.05035        0.00740        
0.29806         0.30066         0.00261        
0.07391         0.07969         0.00579        
-0.32883        -0.32949        0.00066        
-0.01131        -0.01732        0.00601        
0.28987         0.29047         0.00060        
0.25653         0.26516         0.00863        
-0.38452        -0.38239        0.00212        
-0.02548        -0.02440        0.00108        
0.25614         0.25962         0.00348        
0.09411         0.09184         0.00227        
-0.54803        -0.56008        0.01205        
-0.08353        -0.09172        0.00819        
0.43477         0.44197         0.00720        
-0.06632        -0.06501        0.00131        
-0.28870        -0.28884        0.00014        
0.28201         0.30639         0.02439        
0.36119         0.36006         0.00113        
-0.17236        -0.17638        0.00402        
-0.53201        -0.55480        0.02279        
0.05133         0.04855         0.00278        
0.36486         0.37003         0.00518        
0.07882         0.08016         0.00134        
-0.66549        -0.69698        0.03149        
0.07858         0.09054         0.01196        
0.41153         0.41611         0.00458        
0.07148         0.06986         0.00162        
-0.60013        -0.61924        0.01911        
0.16967         0.20104         0.03136        
0.45553         0.45850         0.00298        
-0.02207        -0.02386        0.00179        
-0.15542        -0.14968        0.00573        
0.02207         0.02386         0.00179        
0.15542         0.14968         0.00573        
-0.02207        -0.02386        0.00179        
-0.15542        -0.14968        0.00573        
0.02207         0.02386         0.00179        
0.15542         0.14968         0.00573        
0.01832         0.01717         0.00115        
-0.13878        -0.13546        0.00332        
-0.03104        -0.03025        0.00079        
0.17655         0.17143         0.00512        
-0.01404        -0.01502        0.00098        
-0.11417        -0.11093        0.00324        
-0.03409        -0.03329        0.00080        
0.13725         0.13633         0.00091        
-0.00502        -0.00550        0.00048        
-0.13831        -0.13365        0.00466        
-0.15646        -0.15612        0.00034        
0.15714         0.16171         0.00456        
0.06907         0.06782         0.00125        
-0.02151        -0.02562        0.00411        
-0.10611        -0.10695        0.00084        
0.20119         0.19832         0.00287        
-0.05387        -0.05712        0.00324        
-0.07319        -0.07546        0.00227        
0.23357         0.23285         0.00072        
-0.06153        -0.07501        0.01348        
-0.19612        -0.19611        0.00000        
0.15388         0.16856         0.01468        
0.03889         0.04125         0.00236        
-0.04164        -0.03896        0.00268        
-0.27387        -0.27847        0.00460        
0.04674         0.06172         0.01498        
0.24759         0.25357         0.00598        
-0.10892        -0.11931        0.01039        
-0.27414        -0.27633        0.00219        
-0.16627        -0.16004        0.00622        
0.47832         0.48026         0.00194        
0.05054         0.03861         0.01193        
-0.00697        -0.00642        0.00055        
-0.04853        -0.04732        0.00121        
0.00697         0.00642         0.00055        
0.04853         0.04732         0.00121        
-0.00697        -0.00642        0.00055        
-0.04853        -0.04732        0.00121        
0.00697         0.00642         0.00055        
0.04853         0.04732         0.00121        
-0.01555        -0.01503        0.00052        
-0.02332        -0.02258        0.00074        
0.00922         0.00666         0.00256        
0.10965         0.10665         0.00300        
0.00485         0.00726         0.00241        
-0.11389        -0.11194        0.00195        
-0.01955        -0.01850        0.00105        
0.04858         0.04748         0.00109        
-0.03007        -0.02296        0.00711        
-0.00971        -0.01614        0.00643        
-0.21630        -0.21940        0.00310        
0.18289         0.17720         0.00569        
0.16557         0.17103         0.00546        
-0.20365        -0.20320        0.00045        
-0.13367        -0.13095        0.00273        
0.24494         0.24443         0.00051        
-0.11942        -0.12510        0.00568        
0.11546         0.10895         0.00651        
0.00525         0.00519         0.00005        
-0.12785        -0.12672        0.00113        
-0.03485        -0.03903        0.00418        
0.05283         0.06424         0.01141        
0.29111         0.29122         0.00011        
-0.18252        -0.17876        0.00376        
-0.28006        -0.28654        0.00648        
0.22302         0.23431         0.01129        
0.36973         0.37086         0.00113        
-0.28174        -0.27700        0.00474        
-0.37329        -0.38071        0.00742        
0.14650         0.15516         0.00866        
0.40938         0.41355         0.00417        
-0.21354        -0.22962        0.01609        
0.00654         0.00459         0.00195        
0.04557         0.05254         0.00697        
-0.00654        -0.00459        0.00195        
-0.04557        -0.05254        0.00697        
0.00654         0.00459         0.00195        
0.04557         0.05254         0.00697        
-0.00654        -0.00459        0.00195        
-0.04557        -0.05254        0.00697        
0.00288         -0.00143        0.00432        
0.02870         0.02168         0.00702        
-0.04460        -0.04410        0.00050        
-0.01690        -0.04231        0.02541        
0.07002         0.06889         0.00112        
0.01922         0.04540         0.02618        
0.01845         0.02011         0.00166        
-0.07777        -0.06824        0.00953        
0.06821         0.07482         0.00661        
-0.15109        -0.19818        0.04709        
-0.24223        -0.24045        0.00178        
0.24921         0.26033         0.01113        
0.01940         0.02746         0.00806        
-0.02438        0.01116         0.03554        
-0.08696        -0.08799        0.00102        
0.16785         0.15285         0.01501        
0.05717         0.06106         0.00389        
-0.11336        -0.13361        0.02025        
-0.10993        -0.11007        0.00014        
-0.01436        0.00735         0.02171        
-0.11281        -0.11527        0.00246        
0.10885         0.11924         0.01039        
0.15401         0.15329         0.00071        
0.03044         0.01801         0.01243        
0.47379         0.47744         0.00366        
-0.13584        -0.10359        0.03225        
-0.68250        -0.67995        0.00255        
0.19677         0.17960         0.01717        
0.39888         0.40293         0.00405        
0.04980         0.05562         0.00582        
-0.41706        -0.41024        0.00682        
0.11616         0.07819         0.03797        
0.01826         0.01799         0.00028        
0.18774         0.16716         0.02057        
-0.01826        -0.01799        0.00028        
-0.18774        -0.16716        0.02057        
0.01826         0.01799         0.00028        
0.18774         0.16716         0.02057        
-0.01826        -0.01799        0.00028        
-0.18774        -0.16716        0.02057        
-0.02350        -0.02343        0.00007        
0.26996         0.23058         0.03938        
0.00985         0.01001         0.00016        
-0.24955        -0.21330        0.03626        
0.00894         0.00835         0.00058        
0.09865         0.11943         0.02078        
-0.01662        -0.01605        0.00056        
-0.09772        -0.11559        0.01787        
0.19194         0.19216         0.00022        
0.03127         0.04325         0.01199        
-0.20373        -0.20253        0.00119        
-0.09360        -0.07833        0.01527        
0.20470         0.20494         0.00024        
0.17615         0.17287         0.00328        
-0.15547        -0.15616        0.00069        
-0.15125        -0.17620        0.02495        
0.13416         0.13342         0.00075        
-0.06669        -0.09979        0.03310        
-0.09295        -0.09279        0.00016        
0.05676         0.03206         0.02470        
0.05929         0.06001         0.00072        
0.15970         0.19861         0.03891        
-0.19966        -0.20061        0.00094        
-0.05061        -0.03092        0.01970        
0.20328         0.20105         0.00222        
-0.02132        -0.03081        0.00949        
-0.18973        -0.18917        0.00056        
0.40433         0.37548         0.02885        
-0.03888        -0.03508        0.00380        
0.00257         0.01543         0.01286        
-0.19086        -0.19148        0.00062        
-0.16940        -0.14542        0.02397        
0.02813         0.02823         0.00010        
0.21100         0.23057         0.01957        
-0.02813        -0.02823        0.00010        
-0.21100        -0.23057        0.01957        
0.02813         0.02823         0.00010        
0.21100         0.23057         0.01957        
-0.02813        -0.02823        0.00010        
-0.21100        -0.23057        0.01957        
0.02296         0.02366         0.00070        
0.29047         0.25888         0.03159        
-0.02999        -0.03102        0.00103        
-0.26373        -0.22794        0.03579        
0.06398         0.06406         0.00007        
0.16447         0.18186         0.01738        
-0.08392        -0.08386        0.00007        
-0.16424        -0.18564        0.02140        
0.13657         0.13709         0.00053        
-0.00769        0.00295         0.01064        
-0.06555        -0.06425        0.00130        
-0.24715        -0.24392        0.00322        
0.01856         0.01908         0.00052        
0.29935         0.29702         0.00233        
0.01001         0.00445         0.00556        
-0.14410        -0.15242        0.00832        
0.30875         0.31392         0.00517        
0.23640         0.22449         0.01191        
-0.13095        -0.13424        0.00328        
-0.08083        -0.05609        0.02474        
0.21079         0.21626         0.00547        
-0.03974        -0.04481        0.00507        
-0.23482        -0.23816        0.00334        
-0.26959        -0.28136        0.01177        
0.06273         0.06305         0.00032        
0.01267         0.00505         0.00762        
-0.27016        -0.26843        0.00173        
-0.28665        -0.27846        0.00819        
0.16530         0.17548         0.01018        
0.29772         0.26540         0.03233        
0.13372         0.12885         0.00487        
-0.11533        -0.09093        0.02441        
-0.03844        -0.03453        0.00391        
-0.27730        -0.27623        0.00107        
0.03844         0.03453         0.00391        
0.27730         0.27623         0.00107        
0.03844         0.03453         0.00391        
0.27730         0.27623         0.00107        
-0.03844        -0.03453        0.00391        
-0.27730        -0.27623        0.00107        
-0.11358        -0.11146        0.00212        
-0.32767        -0.33012        0.00244        
0.08183         0.08274         0.00091        
0.33390         0.33198         0.00193        
0.07413         0.07359         0.00055        
0.37416         0.37587         0.00171        
-0.16162        -0.16231        0.00069        
-0.26115        -0.26029        0.00086        
0.12556         0.12954         0.00398        
-0.33238        -0.33041        0.00198        
-0.05659        -0.06215        0.00555        
0.41893         0.42185         0.00292        
-0.00352        -0.00786        0.00434        
0.24435         0.24775         0.00340        
-0.08510        -0.08603        0.00093        
-0.31124        -0.31269        0.00145        
-0.38922        -0.40924        0.02002        
-0.21940        -0.21029        0.00910        
0.20263         0.20761         0.00498        
0.32424         0.32469         0.00045        
0.24890         0.25210         0.00320        
0.39807         0.40282         0.00474        
-0.16392        -0.16384        0.00008        
-0.40131        -0.40384        0.00254        
-0.53663        -0.54044        0.00381        
0.24801         0.24958         0.00156        
0.40854         0.41267         0.00413        
0.32509         0.32357         0.00152        
0.06167         0.07002         0.00835        
-0.15394        -0.16800        0.01406        
-0.17746        -0.16997        0.00749        
-0.17528        -0.17742        0.00214        
-0.02207        -0.02386        0.00179        
-0.15542        -0.14968        0.00573        
0.02207         0.02386         0.00179        
0.15542         0.14968         0.00573        
0.02207         0.02386         0.00179        
0.15542         0.14968         0.00573        
-0.02207        -0.02386        0.00179        
-0.15542        -0.14968        0.00573        
0.00067         -0.00059        0.00125        
-0.12910        -0.12070        0.00840        
-0.04213        -0.04045        0.00168        
0.10336         0.10049         0.00288        
0.03982         0.04025         0.00043        
0.17125         0.16642         0.00483        
0.01205         0.01089         0.00116        
-0.15592        -0.15632        0.00039        
0.09319         0.08646         0.00673        
-0.07808        -0.08030        0.00221        
-0.03159        -0.03233        0.00074        
0.14209         0.13507         0.00702        
-0.18767        -0.18596        0.00170        
0.35769         0.36279         0.00511        
-0.07769        -0.07810        0.00041        
-0.21792        -0.20763        0.01030        
0.19293         0.19078         0.00214        
-0.42196        -0.42030        0.00165        
-0.07079        -0.06788        0.00291        
0.20505         0.18707         0.01799        
0.03747         0.04811         0.01064        
0.32633         0.33292         0.00659        
-0.12774        -0.12945        0.00171        
-0.14129        -0.14124        0.00005        
0.20519         0.18733         0.01786        
-0.41760        -0.41771        0.00011        
-0.64558        -0.64134        0.00425        
0.66326         0.68754         0.02429        
-0.14440        -0.14615        0.00176        
0.53245         0.54446         0.01200        
0.05622         0.02803         0.02819        
-0.24954        -0.24217        0.00737        
-0.00697        -0.00642        0.00055        
-0.04853        -0.04732        0.00121        
0.00697         0.00642         0.00055        
0.04853         0.04732         0.00121        
0.00697         0.00642         0.00055        
0.04853         0.04732         0.00121        
-0.00697        -0.00642        0.00055        
-0.04853        -0.04732        0.00121        
0.01869         0.01819         0.00049        
-0.10910        -0.10705        0.00205        
-0.00372        -0.00236        0.00135        
0.03268         0.03226         0.00042        
0.07289         0.06889         0.00400        
0.02760         0.02587         0.00173        
-0.03333        -0.03291        0.00042        
-0.00571        -0.00290        0.00281        
-0.06846        -0.06430        0.00416        
-0.14487        -0.14135        0.00352        
0.02234         0.01785         0.00450        
0.16125         0.15431         0.00694        
-0.10089        -0.10336        0.00246        
0.16553         0.16928         0.00375        
0.18901         0.19130         0.00229        
-0.22391        -0.22373        0.00018        
-0.05998        -0.05672        0.00326        
-0.04665        -0.05313        0.00648        
-0.16472        -0.16016        0.00455        
0.18678         0.18083         0.00595        
-0.03767        -0.03732        0.00036        
0.06175         0.06006         0.00168        
0.02696         0.03462         0.00766        
0.03353         0.03182         0.00172        
-0.51195        -0.51357        0.00162        
0.03207         0.02877         0.00329        
0.36221         0.36361         0.00140        
-0.05412        -0.06387        0.00975        
0.45687         0.45794         0.00107        
0.01530         0.02529         0.01000        
-0.32392        -0.32566        0.00174        
0.02354         0.02748         0.00394        
0.00654         0.00459         0.00195        
0.04557         0.05254         0.00697        
-0.00654        -0.00459        0.00195        
-0.04557        -0.05254        0.00697        
-0.00654        -0.00459        0.00195        
-0.04557        -0.05254        0.00697        
0.00654         0.00459         0.00195        
0.04557         0.05254         0.00697        
0.05612         0.05392         0.00220        
0.03905         0.06976         0.03070        
-0.00316        -0.00049        0.00267        
0.01901         0.02426         0.00525        
-0.08578        -0.08381        0.00197        
-0.05408        -0.07938        0.02530        
-0.00062        -0.00066        0.00005        
0.02945         0.01640         0.01305        
-0.11484        -0.11542        0.00057        
0.16630         0.19489         0.02859        
0.14195         0.14463         0.00267        
-0.12690        -0.12848        0.00157        
0.02502         0.02911         0.00409        
-0.07249        -0.06948        0.00301        
-0.10626        -0.10893        0.00267        
0.08721         0.05367         0.03355        
0.17880         0.17841         0.00039        
-0.01178        -0.01900        0.00722        
-0.19574        -0.19360        0.00214        
-0.02887        -0.04301        0.01414        
-0.03606        -0.03296        0.00310        
-0.04477        -0.02891        0.01586        
0.05019         0.04509         0.00510        
0.08823         0.09398         0.00575        
-0.20985        -0.20938        0.00047        
0.30195         0.27006         0.03189        
-0.11828        -0.11552        0.00276        
-0.13015        -0.14147        0.01132        
-0.01570        -0.00636        0.00934        
0.01593         0.01779         0.00187        
0.09319         0.09599         0.00280        
0.06291         0.08888         0.02597        
0.01826         0.01799         0.00028        
0.18774         0.16716         0.02057        
-0.01826        -0.01799        0.00028        
-0.18774        -0.16716        0.02057        
-0.01826        -0.01799        0.00028        
-0.18774        -0.16716        0.02057        
0.01826         0.01799         0.00028        
0.18774         0.16716         0.02057        
-0.06716        -0.06713        0.00003        
0.17337         0.20962         0.03625        
0.04351         0.04456         0.00105        
-0.34336        -0.26817        0.07519        
0.08949         0.08957         0.00008        
-0.15270        -0.19036        0.03767        
-0.02447        -0.02534        0.00087        
0.28132         0.20726         0.07406        
-0.14959        -0.14985        0.00027        
0.14223         0.16038         0.01815        
-0.01363        -0.01250        0.00113        
-0.18935        -0.19344        0.00409        
0.11015         0.10984         0.00031        
-0.11559        -0.12032        0.00473        
-0.11962        -0.12087        0.00126        
0.33539         0.32675         0.00864        
-0.25415        -0.25599        0.00184        
0.10459         0.08255         0.02204        
0.08707         0.08922         0.00214        
0.04892         0.02170         0.02722        
0.22500         0.22441         0.00060        
-0.21908        -0.18087        0.03821        
-0.33556        -0.33529        0.00027        
0.34320         0.35428         0.01108        
-0.00190        -0.00121        0.00069        
0.15627         0.19466         0.03838        
-0.00975        -0.00631        0.00344        
-0.56031        -0.56485        0.00454        
0.12588         0.12631         0.00043        
-0.19233        -0.26016        0.06783        
-0.09262        -0.10045        0.00783        
0.57475         0.61201         0.03725        
0.02813         0.02823         0.00010        
0.21100         0.23057         0.01957        
-0.02813        -0.02823        0.00010        
-0.21100        -0.23057        0.01957        
-0.02813        -0.02823        0.00010        
-0.21100        -0.23057        0.01957        
0.02813         0.02823         0.00010        
0.21100         0.23057         0.01957        
0.06673         0.06668         0.00006        
0.16490         0.18713         0.02223        
-0.03035        -0.03076        0.00042        
-0.16816        -0.17931        0.01116        
-0.04127        -0.04167        0.00040        
-0.21233        -0.23745        0.02512        
0.04641         0.04674         0.00033        
0.17407         0.18866         0.01459        
0.09136         0.09418         0.00282        
0.27005         0.24531         0.02474        
-0.11744        -0.11990        0.00245        
-0.31183        -0.31440        0.00257        
-0.20548        -0.21080        0.00532        
-0.19517        -0.17071        0.02446        
0.23750         0.24151         0.00401        
0.23102         0.23480         0.00379        
0.09941         0.10226         0.00285        
0.18379         0.16044         0.02336        
-0.15277        -0.15371        0.00094        
-0.19521        -0.18587        0.00934        
-0.06527        -0.06610        0.00083        
-0.32409        -0.30216        0.02193        
0.20261         0.20827         0.00566        
0.25153         0.23688         0.01466        
0.16615         0.16898         0.00283        
-0.02078        -0.03394        0.01316        
-0.28026        -0.28502        0.00476        
-0.16389        -0.12034        0.04355        
-0.19135        -0.19603        0.00469        
0.06139         0.03922         0.02217        
0.21714         0.21766         0.00051        
0.21158         0.20947         0.00211        
-0.03844        -0.03453        0.00391        
-0.27730        -0.27623        0.00107        
0.03844         0.03453         0.00391        
0.27730         0.27623         0.00107        
0.03844         0.03453         0.00391        
0.27730         0.27623         0.00107        
-0.03844        -0.03453        0.00391        
-0.27730        -0.27623        0.00107        
-0.09657        -0.09337        0.00319        
-0.20704        -0.20558        0.00146        
0.12941         0.12848         0.00093        
0.25771         0.25322         0.00449        
0.08480         0.08373         0.00107        
0.23303         0.23022         0.00281        
-0.16798        -0.16659        0.00139        
-0.23337        -0.23010        0.00327        
-0.14473        -0.14416        0.00057        
-0.16223        -0.16206        0.00017        
0.03010         0.02671         0.00339        
0.09859         0.09649         0.00210        
0.04988         0.05045         0.00057        
0.39911         0.40438         0.00526        
-0.02687        -0.02785        0.00098        
-0.24384        -0.24395        0.00011        
-0.10696        -0.12074        0.01378        
-0.36390        -0.36743        0.00354        
-0.22043        -0.22773        0.00730        
0.28193         0.28188         0.00005        
0.11373         0.11674         0.00302        
0.55857         0.57942         0.02085        
0.09170         0.09668         0.00498        
-0.35464        -0.35882        0.00419        
0.00118         0.00611         0.00493        
-0.32359        -0.32368        0.00009        
-0.03739        -0.03714        0.00024        
0.03008         0.03135         0.00127        
-0.14917        -0.15740        0.00823        
0.41173         0.41563         0.00389        
0.20131         0.19779         0.00352        
-0.13416        -0.13266        0.00151        
-0.02207        -0.02386        0.00179        
-0.15542        -0.14968        0.00573        
0.02207         0.02386         0.00179        
0.15542         0.14968         0.00573        
0.02207         0.02386         0.00179        
0.15542         0.14968         0.00573        
-0.02207        -0.02386        0.00179        
-0.15542        -0.14968        0.00573        
-0.11064        -0.11424        0.00360        
-0.12340        -0.12204        0.00135        
0.14779         0.15179         0.00400        
0.18233         0.17528         0.00705        
0.02413         0.02785         0.00372        
0.16430         0.15373         0.01057        
-0.08381        -0.08777        0.00395        
-0.20070        -0.18460        0.01610        
0.16390         0.16550         0.00160        
-0.36084        -0.36819        0.00735        
-0.09524        -0.09678        0.00154        
0.16807         0.17816         0.01008        
-0.21191        -0.21013        0.00177        
0.23020         0.22442         0.00578        
0.27676         0.27634         0.00043        
-0.17095        -0.16930        0.00164        
0.09293         0.08937         0.00357        
-0.25406        -0.26490        0.01084        
-0.10661        -0.10876        0.00215        
0.45407         0.46088         0.00681        
-0.37290        -0.36971        0.00318        
0.34609         0.34536         0.00073        
0.12993         0.12281         0.00712        
-0.28945        -0.27504        0.01442        
-0.08089        -0.08650        0.00562        
-0.01505        -0.00948        0.00557        
-0.17580        -0.17365        0.00215        
0.12447         0.12445         0.00002        
0.10307         0.10006         0.00301        
0.29508         0.29502         0.00006        
-0.04083        -0.04354        0.00272        
-0.21005        -0.20636        0.00369        
-0.00697        -0.00642        0.00055        
-0.04853        -0.04732        0.00121        
0.00697         0.00642         0.00055        
0.04853         0.04732         0.00121        
0.00697         0.00642         0.00055        
0.04853         0.04732         0.00121        
-0.00697        -0.00642        0.00055        
-0.04853        -0.04732        0.00121        
-0.11170        -0.11231        0.00061        
0.05626         0.05924         0.00299        
0.13661         0.13569         0.00092        
-0.06303        -0.06500        0.00197        
0.09225         0.09389         0.00164        
-0.02381        -0.02604        0.00222        
-0.08256        -0.08485        0.00230        
-0.00402        -0.00062        0.00339        
0.10329         0.10357         0.00027        
-0.12118        -0.11802        0.00316        
-0.01536        -0.02032        0.00496        
0.10007         0.10092         0.00085        
-0.01374        -0.01703        0.00330        
0.10585         0.10416         0.00169        
0.02064         0.02197         0.00133        
-0.17958        -0.17525        0.00433        
-0.18341        -0.19153        0.00813        
0.02999         0.03426         0.00427        
0.23864         0.23506         0.00358        
0.07686         0.07185         0.00502        
0.27232         0.27248         0.00016        
-0.19627        -0.19482        0.00145        
-0.17813        -0.17623        0.00190        
-0.06001        -0.05107        0.00895        
-0.21063        -0.21108        0.00045        
0.07021         0.07051         0.00030        
-0.00814        -0.01301        0.00487        
0.03696         0.03975         0.00279        
0.43280         0.43549         0.00269        
-0.00486        -0.00683        0.00198        
-0.24566        -0.24483        0.00083        
-0.07068        -0.07000        0.00068        
0.00654         0.00459         0.00195        
0.04557         0.05254         0.00697        
-0.00654        -0.00459        0.00195        
-0.04557        -0.05254        0.00697        
-0.00654        -0.00459        0.00195        
-0.04557        -0.05254        0.00697        
0.00654         0.00459         0.00195        
0.04557         0.05254         0.00697        
0.03566         0.03333         0.00233        
0.03960         0.06302         0.02343        
-0.02584        -0.02224        0.00360        
0.04650         0.04531         0.00119        
-0.08389        -0.08143        0.00246        
-0.06148        -0.08184        0.02036        
0.00057         0.00207         0.00150        
0.04888         0.04178         0.00710        
0.06314         0.06275         0.00038        
0.02966         0.07937         0.04971        
-0.05372        -0.05643        0.00272        
0.06742         0.02547         0.04195        
-0.19416        -0.19160        0.00256        
0.06605         0.08365         0.01759        
0.17665         0.17772         0.00107        
-0.15505        -0.18093        0.02589        
-0.14074        -0.14412        0.00338        
0.16941         0.16842         0.00099        
-0.01299        -0.00976        0.00322        
0.01257         -0.01770        0.03027        
0.00350         0.01049         0.00700        
-0.11265        -0.08453        0.02813        
-0.00115        0.00262         0.00377        
0.08205         0.07458         0.00747        
-0.33286        -0.32818        0.00468        
0.17753         0.16573         0.01180        
0.14509         0.15386         0.00878        
-0.08237        -0.07125        0.01112        
0.18616         0.19627         0.01011        
-0.05646        -0.04030        0.01616        
-0.32329        -0.31974        0.00355        
0.28621         0.24361         0.04260        
0.01826         0.01799         0.00028        
0.18774         0.16716         0.02057        
-0.01826        -0.01799        0.00028        
-0.18774        -0.16716        0.02057        
-0.01826        -0.01799        0.00028        
-0.18774        -0.16716        0.02057        
0.01826         0.01799         0.00028        
0.18774         0.16716         0.02057        
0.01828         0.01748         0.00081        
0.17517         0.16419         0.01098        
0.03088         0.03105         0.00016        
-0.13095        -0.14876        0.01780        
-0.00063        0.00010         0.00072        
-0.25258        -0.19833        0.05425        
-0.04034        -0.04025        0.00009        
0.20016         0.17453         0.02564        
0.10584         0.10556         0.00029        
0.27738         0.24906         0.02831        
-0.02403        -0.02356        0.00047        
-0.37897        -0.35980        0.01917        
-0.20378        -0.20228        0.00151        
-0.10147        -0.09544        0.00603        
0.07541         0.07513         0.00028        
0.24962         0.25132         0.00170        
0.15281         0.15280         0.00001        
0.18306         0.22331         0.04025        
-0.24083        -0.24033        0.00050        
0.01577         0.03283         0.01705        
-0.19884        -0.19919        0.00034        
-0.19224        -0.19096        0.00128        
0.09883         0.10144         0.00261        
0.18144         0.12010         0.06134        
0.09341         0.09701         0.00361        
0.00229         0.00133         0.00096        
-0.33825        -0.33888        0.00063        
-0.07934        -0.05125        0.02809        
-0.24726        -0.24763        0.00038        
0.32458         0.27843         0.04615        
0.34116         0.33919         0.00197        
-0.09658        -0.07818        0.01840        
0.02813         0.02823         0.00010        
0.21100         0.23057         0.01957        
-0.02813        -0.02823        0.00010        
-0.21100        -0.23057        0.01957        
-0.02813        -0.02823        0.00010        
-0.21100        -0.23057        0.01957        
0.02813         0.02823         0.00010        
0.21100         0.23057         0.01957        
0.10010         0.10272         0.00263        
0.30918         0.28246         0.02673        
-0.08763        -0.09110        0.00347        
-0.32994        -0.29645        0.03349        
-0.13833        -0.14033        0.00199        
-0.11894        -0.14795        0.02901        
0.13318         0.13495         0.00177        
0.13239         0.15570         0.02332        
0.06938         0.07355         0.00417        
0.29409         0.30241         0.00832        
-0.10406        -0.10698        0.00292        
-0.24238        -0.25108        0.00870        
-0.13461        -0.13689        0.00228        
-0.21828        -0.20771        0.01057        
0.10191         0.10601         0.00410        
0.23395         0.22070         0.01326        
-0.17959        -0.18132        0.00173        
0.26034         0.22005         0.04029        
0.04661         0.04521         0.00140        
-0.30481        -0.28461        0.02020        
0.15141         0.15277         0.00136        
-0.29139        -0.27314        0.01825        
-0.05994        -0.06051        0.00057        
0.37737         0.38155         0.00419        
-0.05141        -0.04903        0.00238        
0.42778         0.49655         0.06877        
0.09394         0.09086         0.00308        
-0.33070        -0.36791        0.03721        
-0.09617        -0.10634        0.01017        
-0.38750        -0.36487        0.02263        
0.07282         0.07732         0.00449        
0.27124         0.22342         0.04782        
# MSE = 2.05948E-04
# Maxerror = 1.40614E-01
