# Reference      Predicted      Error          #atoms         
-194.90633      -195.28532      0.37899         64.00000       
-195.84503      -195.42603      0.41900         64.00000       
-194.17008      -194.27369      0.10361         64.00000       
-194.28434      -194.38327      0.09893         64.00000       
-195.63336      -195.26609      0.36727         64.00000       
-195.69816      -195.37305      0.32511         64.00000       
-195.27205      -195.31576      0.04372         64.00000       
-197.25076      -197.41048      0.15972         64.00000       
-195.39847      -195.11635      0.28212         64.00000       
-194.45658      -194.71651      0.25994         64.00000       
-195.31988      -195.55616      0.23628         64.00000       
-195.85749      -195.63668      0.22081         64.00000       
-194.45204      -194.43463      0.01742         64.00000       
-194.08694      -193.44746      0.63948         64.00000       
-196.41030      -196.26547      0.14482         64.00000       
-194.29812      -194.20413      0.09398         64.00000       
-196.47268      -196.23179      0.24089         64.00000       
-193.16369      -193.06580      0.09789         64.00000       
-196.10320      -196.20877      0.10557         64.00000       
-194.91505      -195.65651      0.74146         64.00000       
-193.89507      -194.22353      0.32846         64.00000       
-195.59165      -195.46154      0.13011         64.00000       
-195.59831      -195.54245      0.05586         64.00000       
-196.31302      -196.11175      0.20127         64.00000       
-194.95242      -195.07973      0.12731         64.00000       
-196.26056      -196.45130      0.19074         64.00000       
-195.71532      -195.39799      0.31733         64.00000       
-195.17204      -194.98411      0.18792         64.00000       
-195.39717      -195.32950      0.06767         64.00000       
-194.43792      -194.12748      0.31044         64.00000       
-194.69453      -194.82191      0.12737         64.00000       
-194.09550      -194.21710      0.12160         64.00000       
-192.34620      -192.35431      0.00812         64.00000       
-195.07975      -195.22447      0.14472         64.00000       
-194.40238      -194.52654      0.12416         64.00000       
-196.46367      -196.10455      0.35913         64.00000       
-194.00148      -194.30745      0.30598         64.00000       
-193.56256      -193.41305      0.14951         64.00000       
-196.23898      -195.94433      0.29465         64.00000       
-192.46195      -192.13520      0.32674         64.00000       
-196.47132      -196.50937      0.03805         64.00000       
-193.96957      -194.20987      0.24030         64.00000       
-195.18417      -195.60567      0.42150         64.00000       
-193.27204      -193.22995      0.04208         64.00000       
-194.58768      -194.53262      0.05506         64.00000       
-195.10432      -195.40041      0.29610         64.00000       
-195.36321      -195.43138      0.06816         64.00000       
-191.33387      -192.20128      0.86741         64.00000       
-195.01709      -195.14795      0.13086         64.00000       
-194.90391      -194.95475      0.05084         64.00000       
-196.22916      -196.37500      0.14585         64.00000       
-195.41449      -195.28281      0.13168         64.00000       
-194.58448      -194.63272      0.04824         64.00000       
-193.54434      -193.27350      0.27083         64.00000       
-195.38058      -195.20791      0.17266         64.00000       
-195.46636      -195.50170      0.03534         64.00000       
-194.73748      -195.01464      0.27716         64.00000       
-195.76964      -195.77189      0.00225         64.00000       
-194.67456      -194.88818      0.21362         64.00000       
-194.03270      -193.55883      0.47387         64.00000       
-193.09822      -193.33327      0.23505         64.00000       
-195.40237      -195.33690      0.06547         64.00000       
-195.07180      -194.84672      0.22507         64.00000       
-195.72111      -195.54952      0.17159         64.00000       
-196.18896      -196.20851      0.01955         64.00000       
-196.93628      -196.92018      0.01610         64.00000       
-196.03346      -195.58462      0.44884         64.00000       
-195.43052      -195.68274      0.25222         64.00000       
-196.34934      -196.34989      0.00055         64.00000       
-196.30210      -196.05351      0.24859         64.00000       
-195.47063      -195.51116      0.04053         64.00000       
-197.19290      -196.82930      0.36360         64.00000       
-196.11230      -195.88524      0.22706         64.00000       
-195.19530      -195.39681      0.20151         64.00000       
-194.25412      -194.26435      0.01023         64.00000       
-195.34339      -195.10088      0.24251         64.00000       
-195.63346      -195.63856      0.00510         64.00000       
-195.50443      -195.32979      0.17464         64.00000       
-194.20969      -194.79264      0.58295         64.00000       
-195.75824      -195.68615      0.07209         64.00000       
-196.74686      -196.45737      0.28949         64.00000       
-195.99040      -196.03326      0.04286         64.00000       
-195.31642      -195.26165      0.05477         64.00000       
-193.49802      -193.42658      0.07144         64.00000       
-197.48804      -197.40539      0.08265         64.00000       
-197.95519      -197.61817      0.33702         64.00000       
-194.51269      -194.55390      0.04122         64.00000       
-197.43749      -197.65890      0.22141         64.00000       
-195.36078      -195.28693      0.07385         64.00000       
-193.28009      -193.60794      0.32785         64.00000       
-196.72126      -196.54644      0.17482         64.00000       
-193.54712      -193.70992      0.16280         64.00000       
-194.36610      -194.74601      0.37991         64.00000       
-193.74800      -193.98139      0.23339         64.00000       
-196.72348      -196.99566      0.27218         64.00000       
-193.62707      -194.10249      0.47541         64.00000       
-194.50606      -194.25572      0.25035         64.00000       
-196.75234      -197.05276      0.30042         64.00000       
-194.56896      -194.58120      0.01223         64.00000       
-196.25255      -196.03292      0.21963         64.00000       
-195.10992      -195.12008      0.01016         64.00000       
-194.97407      -194.73886      0.23521         64.00000       
-194.37291      -194.79838      0.42547         64.00000       
-195.28795      -195.28542      0.00253         64.00000       
-195.21035      -195.13174      0.07861         64.00000       
-196.54553      -196.74376      0.19823         64.00000       
-194.49019      -194.39565      0.09453         64.00000       
-193.39106      -193.56150      0.17045         64.00000       
-195.10365      -195.49242      0.38877         64.00000       
-196.65821      -196.49613      0.16208         64.00000       
-195.46469      -195.36670      0.09799         64.00000       
-194.64520      -194.79748      0.15228         64.00000       
-194.64892      -194.95726      0.30835         64.00000       
-198.47920      -198.57392      0.09471         64.00000       
-194.55172      -194.13815      0.41357         64.00000       
-196.00472      -196.24286      0.23815         64.00000       
-196.40171      -196.34370      0.05800         64.00000       
-196.24235      -196.08925      0.15311         64.00000       
-195.27140      -195.49838      0.22698         64.00000       
-194.70728      -194.64107      0.06621         64.00000       
-196.58168      -197.02536      0.44369         64.00000       
-197.12188      -196.79782      0.32406         64.00000       
-194.16407      -194.32839      0.16432         64.00000       
-194.34151      -194.75703      0.41552         64.00000       
-194.68988      -194.76579      0.07591         64.00000       
-194.68901      -194.44662      0.24239         64.00000       
-194.67293      -194.58430      0.08863         64.00000       
-194.94235      -195.01508      0.07273         64.00000       
-194.97423      -195.00572      0.03150         64.00000       
-197.13229      -197.01698      0.11531         64.00000       
-196.82068      -196.32844      0.49223         64.00000       
-196.24584      -196.05389      0.19195         64.00000       
-195.96976      -195.48852      0.48124         64.00000       
-194.70031      -195.48507      0.78476         64.00000       
-194.99341      -194.99854      0.00513         64.00000       
-196.77758      -196.63349      0.14409         64.00000       
-194.08236      -194.02255      0.05981         64.00000       
-194.29863      -194.59948      0.30085         64.00000       
-195.77020      -196.00896      0.23876         64.00000       
-195.14824      -195.51276      0.36452         64.00000       
-195.13995      -195.19991      0.05995         64.00000       
-193.68472      -193.29232      0.39239         64.00000       
-196.22341      -196.68597      0.46256         64.00000       
-197.21659      -197.03141      0.18518         64.00000       
-192.88404      -193.00743      0.12339         64.00000       
-195.76302      -195.85195      0.08893         64.00000       
-193.48329      -193.97554      0.49226         64.00000       
-196.59108      -196.63403      0.04295         64.00000       
-195.83079      -196.10869      0.27790         64.00000       
-197.21964      -196.82992      0.38971         64.00000       
-194.89227      -194.84822      0.04405         64.00000       
-194.62218      -194.51075      0.11143         64.00000       
-196.47107      -196.14204      0.32903         64.00000       
-197.37355      -197.13692      0.23663         64.00000       
-194.53626      -194.77707      0.24081         64.00000       
-197.61188      -197.58822      0.02366         64.00000       
-193.26416      -193.17358      0.09059         64.00000       
-194.78586      -194.72852      0.05734         64.00000       
-195.70523      -195.92908      0.22385         64.00000       
-195.89639      -195.69926      0.19713         64.00000       
-197.39050      -197.26524      0.12526         64.00000       
-195.71346      -195.73452      0.02106         64.00000       
-195.31717      -195.12076      0.19641         64.00000       
-197.35114      -196.92099      0.43015         64.00000       
-194.36471      -194.75240      0.38770         64.00000       
-195.77927      -195.94400      0.16473         64.00000       
-194.72305      -194.44629      0.27675         64.00000       
-192.76653      -192.75697      0.00956         64.00000       
-193.61918      -193.80517      0.18599         64.00000       
-195.16453      -194.76550      0.39903         64.00000       
-196.20669      -196.21466      0.00797         64.00000       
-193.63202      -193.38996      0.24206         64.00000       
-193.89658      -193.70794      0.18864         64.00000       
-192.98007      -193.15219      0.17212         64.00000       
-194.41476      -194.50829      0.09353         64.00000       
-195.36624      -195.43156      0.06532         64.00000       
-194.80572      -194.55302      0.25271         64.00000       
-196.40381      -196.18141      0.22240         64.00000       
-195.66689      -195.87549      0.20861         64.00000       
-193.15311      -193.44802      0.29491         64.00000       
-194.41818      -194.73460      0.31642         64.00000       
-196.09670      -196.19392      0.09722         64.00000       
-196.73647      -196.73957      0.00310         64.00000       
-193.47050      -193.28035      0.19015         64.00000       
-195.39163      -195.25882      0.13281         64.00000       
-195.14695      -195.05528      0.09167         64.00000       
-195.09921      -195.00164      0.09757         64.00000       
-195.89789      -195.64875      0.24913         64.00000       
-192.64185      -192.54460      0.09725         64.00000       
-195.06730      -195.12151      0.05421         64.00000       
-197.86909      -197.85649      0.01260         64.00000       
-194.39876      -194.05984      0.33892         64.00000       
-194.78148      -194.65665      0.12483         64.00000       
-196.15513      -196.25182      0.09669         64.00000       
-196.95364      -196.64517      0.30847         64.00000       
-194.77897      -194.19101      0.58795         64.00000       
-196.32303      -196.32284      0.00018         64.00000       
-197.13917      -197.42517      0.28600         64.00000       
-194.71653      -194.76183      0.04530         64.00000       
-194.95534      -194.75097      0.20437         64.00000       
-206.02106      -206.14721      0.12615         64.00000       
-207.45369      -207.29001      0.16368         64.00000       
-205.61307      -205.65979      0.04673         64.00000       
-198.82534      -198.62352      0.20182         64.00000       
-209.77764      -209.88467      0.10703         64.00000       
-208.01876      -207.94100      0.07777         64.00000       
-207.25536      -207.33082      0.07545         64.00000       
-210.35477      -210.16448      0.19028         64.00000       
-206.35299      -206.45133      0.09835         64.00000       
-201.59134      -201.53770      0.05364         64.00000       
-206.26690      -206.13823      0.12868         64.00000       
-204.96302      -205.09647      0.13345         64.00000       
-208.11417      -208.06006      0.05411         64.00000       
-207.34459      -207.32219      0.02240         64.00000       
-205.11285      -205.08620      0.02665         64.00000       
-210.36852      -210.37978      0.01127         64.00000       
-208.63312      -208.72603      0.09291         64.00000       
-197.51237      -197.20400      0.30837         64.00000       
-209.59922      -209.60088      0.00165         64.00000       
-206.63228      -206.70106      0.06878         64.00000       
-206.23133      -206.27450      0.04317         64.00000       
-205.72285      -205.75208      0.02923         64.00000       
-207.38918      -207.34528      0.04390         64.00000       
-200.50072      -200.52415      0.02343         64.00000       
-206.52875      -206.61274      0.08399         64.00000       
-206.63725      -206.78078      0.14353         64.00000       
-204.43214      -204.45160      0.01945         64.00000       
-200.76203      -200.77665      0.01461         64.00000       
-206.98236      -207.07099      0.08863         64.00000       
-202.42511      -202.61358      0.18846         64.00000       
-205.22322      -205.11520      0.10802         64.00000       
-210.63167      -210.54151      0.09016         64.00000       
-204.74845      -204.91781      0.16936         64.00000       
-209.03655      -208.94856      0.08799         64.00000       
-203.52840      -203.42462      0.10377         64.00000       
-209.28117      -209.19231      0.08886         64.00000       
-204.34128      -204.30593      0.03535         64.00000       
-203.80784      -203.84719      0.03935         64.00000       
-206.06066      -206.09337      0.03271         64.00000       
-201.80032      -201.76619      0.03414         64.00000       
-199.74987      -199.56385      0.18601         64.00000       
-207.96084      -207.94523      0.01562         64.00000       
-208.98266      -209.05283      0.07017         64.00000       
-201.46483      -201.46079      0.00404         64.00000       
-201.40482      -201.33637      0.06845         64.00000       
-210.16667      -209.96774      0.19893         64.00000       
-202.17813      -202.30322      0.12509         64.00000       
-206.66829      -206.71276      0.04447         64.00000       
-209.90901      -209.84105      0.06797         64.00000       
-208.02003      -207.93093      0.08910         64.00000       
-205.01849      -205.01876      0.00027         64.00000       
-208.53778      -208.60697      0.06919         64.00000       
-208.19484      -208.20724      0.01240         64.00000       
-207.52792      -207.53892      0.01100         64.00000       
-206.91312      -206.73529      0.17783         64.00000       
-209.61186      -209.69214      0.08028         64.00000       
-208.80419      -208.94705      0.14286         64.00000       
-201.02995      -201.17745      0.14750         64.00000       
-207.89744      -207.99468      0.09724         64.00000       
-198.89380      -198.70178      0.19202         64.00000       
-207.68966      -207.78994      0.10028         64.00000       
-209.59643      -209.80199      0.20556         64.00000       
-203.20438      -202.92618      0.27820         64.00000       
-209.66305      -209.70107      0.03802         64.00000       
-208.55149      -208.49022      0.06127         64.00000       
-208.27531      -208.22554      0.04977         64.00000       
-205.99713      -206.13596      0.13883         64.00000       
-208.32575      -208.40944      0.08370         64.00000       
-207.23223      -207.05426      0.17797         64.00000       
-196.89780      -197.09384      0.19604         64.00000       
-210.39368      -210.30756      0.08612         64.00000       
-197.24657      -197.31676      0.07019         64.00000       
-206.54252      -206.63992      0.09740         64.00000       
-205.50822      -205.46323      0.04499         64.00000       
-206.27446      -206.38342      0.10896         64.00000       
-203.57021      -203.55027      0.01994         64.00000       
-208.03330      -208.16474      0.13145         64.00000       
-201.27515      -201.07080      0.20435         64.00000       
-209.73547      -209.61159      0.12389         64.00000       
-206.50666      -206.51933      0.01268         64.00000       
-209.83202      -209.91647      0.08445         64.00000       
-200.75303      -200.77766      0.02463         64.00000       
-207.08871      -207.03748      0.05123         64.00000       
-206.77606      -206.58146      0.19460         64.00000       
-207.43735      -207.46919      0.03184         64.00000       
-202.51199      -202.55059      0.03861         64.00000       
-203.20828      -203.26949      0.06121         64.00000       
-209.54208      -209.69941      0.15733         64.00000       
-208.02352      -207.98944      0.03408         64.00000       
-209.32113      -209.39864      0.07750         64.00000       
-209.55511      -209.51127      0.04384         64.00000       
-208.13280      -208.28966      0.15685         64.00000       
-207.91443      -208.18957      0.27514         64.00000       
-208.62093      -208.71152      0.09059         64.00000       
-208.19342      -208.09198      0.10144         64.00000       
-206.12547      -206.31357      0.18810         64.00000       
-209.27758      -209.40222      0.12465         64.00000       
-208.48074      -208.47950      0.00125         64.00000       
-203.62512      -203.61870      0.00643         64.00000       
-200.61686      -200.23521      0.38165         64.00000       
-209.76544      -209.66119      0.10425         64.00000       
-208.06259      -208.05812      0.00448         64.00000       
-207.75974      -207.85009      0.09035         64.00000       
-209.39722      -209.39942      0.00221         64.00000       
-201.37010      -201.54931      0.17922         64.00000       
-203.42214      -203.35202      0.07012         64.00000       
-202.09973      -202.17765      0.07793         64.00000       
-201.27617      -201.14322      0.13295         64.00000       
-207.70097      -207.82954      0.12857         64.00000       
-207.15412      -207.09920      0.05492         64.00000       
-206.26232      -206.21222      0.05009         64.00000       
-205.54786      -205.58922      0.04136         64.00000       
-206.36624      -206.39981      0.03358         64.00000       
-205.65832      -205.71629      0.05797         64.00000       
-209.31316      -209.24460      0.06856         64.00000       
-206.99713      -207.07937      0.08224         64.00000       
-209.35059      -209.29558      0.05501         64.00000       
-206.38679      -206.51563      0.12885         64.00000       
-204.95354      -204.83693      0.11661         64.00000       
-204.21059      -204.41708      0.20649         64.00000       
-206.06149      -205.77316      0.28834         64.00000       
-209.56706      -209.50962      0.05744         64.00000       
-201.98806      -202.02479      0.03673         64.00000       
-197.55883      -197.48552      0.07330         64.00000       
-204.29647      -204.39962      0.10315         64.00000       
-205.67252      -205.80039      0.12787         64.00000       
-206.34358      -206.34620      0.00262         64.00000       
-208.17399      -208.14962      0.02436         64.00000       
-201.96601      -202.10370      0.13768         64.00000       
-206.62440      -206.62905      0.00465         64.00000       
-209.48050      -209.46758      0.01292         64.00000       
-205.06687      -204.90453      0.16234         64.00000       
-204.71632      -204.81533      0.09901         64.00000       
-202.98250      -202.89190      0.09060         64.00000       
-208.93997      -208.76367      0.17630         64.00000       
-209.82403      -209.83600      0.01197         64.00000       
-208.78976      -208.63095      0.15881         64.00000       
-210.98833      -210.97478      0.01355         64.00000       
-203.27532      -203.19677      0.07855         64.00000       
-210.39102      -210.34052      0.05050         64.00000       
-209.73118      -209.64489      0.08629         64.00000       
-207.42188      -207.48055      0.05867         64.00000       
-209.22835      -209.18391      0.04443         64.00000       
-210.03232      -210.08478      0.05246         64.00000       
-206.62150      -206.82775      0.20625         64.00000       
-209.03027      -209.22186      0.19159         64.00000       
-203.91420      -204.03457      0.12037         64.00000       
-203.22793      -203.09196      0.13597         64.00000       
-209.66712      -209.62020      0.04692         64.00000       
-205.06346      -205.27766      0.21420         64.00000       
-207.69051      -207.77127      0.08077         64.00000       
-204.68834      -204.85029      0.16195         64.00000       
-207.32524      -207.42589      0.10065         64.00000       
-208.16257      -208.16494      0.00237         64.00000       
-210.10489      -209.92157      0.18332         64.00000       
-209.26129      -209.26395      0.00266         64.00000       
-205.50820      -205.60709      0.09889         64.00000       
-208.43400      -208.60110      0.16710         64.00000       
-200.81658      -200.97352      0.15694         64.00000       
-205.47688      -205.36688      0.11000         64.00000       
-207.44106      -207.45454      0.01347         64.00000       
-207.03324      -206.86441      0.16884         64.00000       
-208.23264      -208.26095      0.02831         64.00000       
-207.62176      -207.59555      0.02621         64.00000       
-209.85174      -209.76760      0.08414         64.00000       
-210.12539      -210.04873      0.07666         64.00000       
-209.12897      -209.15514      0.02617         64.00000       
-207.86962      -207.85390      0.01572         64.00000       
-208.99361      -209.09894      0.10533         64.00000       
-207.35486      -207.11425      0.24061         64.00000       
-200.61591      -200.64852      0.03261         64.00000       
-208.67890      -208.63532      0.04359         64.00000       
-208.54304      -208.28066      0.26238         64.00000       
-207.85963      -207.90179      0.04215         64.00000       
-202.77778      -203.03792      0.26014         64.00000       
-208.31155      -208.34368      0.03213         64.00000       
-208.35353      -208.13986      0.21367         64.00000       
-209.19187      -209.18169      0.01018         64.00000       
-204.82415      -204.85382      0.02968         64.00000       
-204.28296      -204.25130      0.03166         64.00000       
-206.59045      -206.59665      0.00620         64.00000       
-209.64977      -209.65338      0.00361         64.00000       
-202.34979      -202.54614      0.19635         64.00000       
-206.07619      -206.08931      0.01313         64.00000       
-204.66828      -204.47471      0.19357         64.00000       
-207.60532      -207.60324      0.00208         64.00000       
-206.67268      -206.74987      0.07718         64.00000       
-205.61066      -205.69194      0.08127         64.00000       
-208.32868      -208.46042      0.13174         64.00000       
-208.22939      -208.16935      0.06005         64.00000       
-207.95086      -207.86413      0.08673         64.00000       
-208.53130      -208.40777      0.12354         64.00000       
-209.27935      -209.33790      0.05855         64.00000       
-208.04675      -208.15882      0.11206         64.00000       
-209.16782      -209.10209      0.06573         64.00000       
-208.99886      -208.93104      0.06783         64.00000       
-205.21619      -205.18237      0.03382         64.00000       
-210.64483      -210.63526      0.00957         64.00000       
-209.60549      -209.44941      0.15608         64.00000       
-208.55909      -208.63041      0.07132         64.00000       
-204.40698      -204.30194      0.10504         64.00000       
-209.66884      -209.56760      0.10123         64.00000       
-201.82750      -201.94391      0.11641         64.00000       
-208.35874      -208.30138      0.05737         64.00000       
-209.40999      -209.42627      0.01629         64.00000       
-207.78164      -207.84685      0.06521         64.00000       
-197.19189      -197.34254      0.15064         64.00000       
-204.56070      -204.37623      0.18447         64.00000       
-204.70607      -204.69506      0.01101         64.00000       
-207.58816      -207.55718      0.03098         64.00000       
-206.36368      -206.24016      0.12352         64.00000       
-205.13242      -205.12762      0.00480         64.00000       
-206.43742      -206.31549      0.12193         64.00000       
-209.39577      -209.44790      0.05212         64.00000       
-208.45184      -208.41419      0.03765         64.00000       
-208.57591      -208.48062      0.09529         64.00000       
-209.57844      -209.44376      0.13467         64.00000       
-209.02695      -208.93453      0.09242         64.00000       
-206.18879      -206.31758      0.12879         64.00000       
-209.01090      -208.97329      0.03761         64.00000       
-205.82876      -205.79556      0.03320         64.00000       
-208.32525      -208.28468      0.04057         64.00000       
-204.40704      -204.41259      0.00555         64.00000       
-210.62472      -210.39777      0.22695         64.00000       
-209.71013      -209.61727      0.09286         64.00000       
-207.07753      -207.18952      0.11199         64.00000       
-206.82122      -206.70993      0.11128         64.00000       
-208.30747      -208.40605      0.09858         64.00000       
-205.85983      -205.77661      0.08322         64.00000       
-204.11657      -204.46953      0.35295         64.00000       
-207.35564      -207.15932      0.19632         64.00000       
-208.28337      -208.37540      0.09203         64.00000       
-201.69158      -201.72880      0.03722         64.00000       
-209.07498      -209.34522      0.27025         64.00000       
-204.16623      -204.01618      0.15005         64.00000       
-208.71137      -208.63421      0.07716         64.00000       
-209.13224      -208.96300      0.16925         64.00000       
-208.54626      -208.56554      0.01927         64.00000       
-202.76830      -202.59421      0.17409         64.00000       
-210.58057      -210.57934      0.00123         64.00000       
-206.73953      -206.71409      0.02544         64.00000       
-208.64248      -208.87606      0.23358         64.00000       
-208.48201      -208.64723      0.16523         64.00000       
-207.57670      -207.77344      0.19674         64.00000       
-206.37501      -206.46519      0.09017         64.00000       
-210.17624      -210.13404      0.04220         64.00000       
-208.75916      -208.76673      0.00757         64.00000       
-206.32195      -206.45991      0.13796         64.00000       
-201.05489      -200.76389      0.29101         64.00000       
-203.00627      -203.01243      0.00616         64.00000       
-203.62368      -203.53824      0.08544         64.00000       
-207.26191      -207.29282      0.03091         64.00000       
-209.41385      -209.31049      0.10335         64.00000       
-209.90902      -209.75348      0.15554         64.00000       
-202.97318      -203.17951      0.20633         64.00000       
-206.63545      -206.79509      0.15964         64.00000       
-207.72971      -207.51897      0.21073         64.00000       
-207.79212      -207.72882      0.06330         64.00000       
-210.20146      -210.26421      0.06275         64.00000       
-208.07433      -207.89876      0.17557         64.00000       
-208.79155      -208.78593      0.00563         64.00000       
-209.00853      -208.91848      0.09005         64.00000       
-203.40489      -203.52317      0.11828         64.00000       
-201.76126      -201.71038      0.05088         64.00000       
-208.50863      -208.43837      0.07026         64.00000       
-209.46585      -209.46761      0.00176         64.00000       
-208.16525      -208.10376      0.06149         64.00000       
-207.61844      -207.75324      0.13479         64.00000       
-208.87934      -209.03848      0.15914         64.00000       
-208.51878      -208.71582      0.19704         64.00000       
-206.08862      -206.14055      0.05194         64.00000       
-207.42154      -207.60488      0.18334         64.00000       
-210.13523      -210.25012      0.11489         64.00000       
-208.32849      -208.42621      0.09773         64.00000       
-202.12637      -202.15445      0.02809         64.00000       
-208.52198      -208.62995      0.10797         64.00000       
-207.21014      -207.15842      0.05172         64.00000       
-210.19181      -210.24841      0.05660         64.00000       
-205.92392      -205.96021      0.03629         64.00000       
-199.86297      -199.69929      0.16368         64.00000       
-209.46441      -209.66171      0.19730         64.00000       
-210.17888      -210.26351      0.08463         64.00000       
-206.71695      -206.68927      0.02768         64.00000       
-204.36523      -204.52638      0.16115         64.00000       
-209.93102      -210.04726      0.11624         64.00000       
-209.11775      -209.04464      0.07311         64.00000       
-199.12768      -199.00378      0.12390         64.00000       
-204.49858      -204.57572      0.07714         64.00000       
-207.72442      -207.87496      0.15054         64.00000       
-196.11411      -195.98102      0.13308         64.00000       
-209.96135      -209.93255      0.02880         64.00000       
-207.12576      -207.02997      0.09579         64.00000       
-207.78258      -207.80924      0.02666         64.00000       
-209.19831      -209.16599      0.03233         64.00000       
-201.87881      -203.37298      1.49417         64.00000       
-208.82972      -208.64025      0.18947         64.00000       
-209.81285      -209.91046      0.09761         64.00000       
-209.52106      -209.42233      0.09873         64.00000       
-208.63944      -208.45511      0.18433         64.00000       
-197.60212      -197.65657      0.05446         64.00000       
-208.65506      -208.80760      0.15254         64.00000       
-209.37601      -209.55291      0.17690         64.00000       
-207.18610      -207.15974      0.02636         64.00000       
-210.12558      -209.80628      0.31930         64.00000       
-208.06169      -208.07599      0.01430         64.00000       
-210.15989      -209.99513      0.16476         64.00000       
-192.96164      -192.77499      0.18665         64.00000       
-209.19920      -209.17734      0.02186         64.00000       
-205.79797      -205.71012      0.08786         64.00000       
-209.06586      -209.08336      0.01750         64.00000       
-209.29959      -209.17986      0.11973         64.00000       
-208.29415      -208.17405      0.12010         64.00000       
-203.27548      -203.35151      0.07603         64.00000       
-209.76499      -209.90573      0.14074         64.00000       
-196.57744      -196.02776      0.54968         64.00000       
-210.62873      -210.50488      0.12385         64.00000       
-201.98985      -201.97153      0.01832         64.00000       
-203.00737      -202.88727      0.12010         64.00000       
-202.57730      -202.64171      0.06440         64.00000       
-205.86140      -206.04837      0.18697         64.00000       
-207.06781      -207.19705      0.12923         64.00000       
-207.18076      -207.22093      0.04017         64.00000       
-208.11008      -208.05905      0.05104         64.00000       
-205.36374      -205.29064      0.07309         64.00000       
-205.69688      -206.02172      0.32484         64.00000       
-209.47054      -209.46584      0.00470         64.00000       
-204.63180      -204.56546      0.06634         64.00000       
-210.68497      -210.80124      0.11627         64.00000       
-201.26877      -201.16422      0.10456         64.00000       
-199.95646      -199.94675      0.00971         64.00000       
-200.50269      -200.35389      0.14880         64.00000       
-207.51050      -207.48164      0.02886         64.00000       
-205.42699      -205.43914      0.01215         64.00000       
-208.97390      -208.97522      0.00133         64.00000       
-207.91174      -207.90096      0.01079         64.00000       
-201.64059      -201.61864      0.02195         64.00000       
-203.38448      -203.47041      0.08593         64.00000       
-210.10479      -210.24456      0.13977         64.00000       
-205.29686      -205.19617      0.10069         64.00000       
-206.28802      -206.38883      0.10080         64.00000       
-200.27472      -200.09291      0.18181         64.00000       
-207.26882      -207.27263      0.00381         64.00000       
-208.67889      -208.83441      0.15552         64.00000       
-208.86292      -208.71976      0.14316         64.00000       
-209.35402      -209.33376      0.02025         64.00000       
-208.72243      -208.85506      0.13263         64.00000       
-204.40386      -204.55738      0.15352         64.00000       
-209.19546      -209.00858      0.18688         64.00000       
-206.88730      -206.80245      0.08485         64.00000       
-203.42188      -203.57598      0.15410         64.00000       
-210.04864      -209.91652      0.13212         64.00000       
-205.00123      -205.04558      0.04435         64.00000       
-209.06547      -209.04131      0.02416         64.00000       
-208.22382      -208.25964      0.03583         64.00000       
-207.90459      -207.85098      0.05361         64.00000       
-208.36614      -208.32145      0.04469         64.00000       
-200.25502      -199.95286      0.30215         64.00000       
-211.24449      -211.06392      0.18057         64.00000       
-208.00055      -207.99579      0.00476         64.00000       
-207.98141      -208.07190      0.09049         64.00000       
-209.64589      -209.75222      0.10633         64.00000       
-209.76747      -209.77937      0.01190         64.00000       
-206.97639      -206.98211      0.00572         64.00000       
-209.89763      -209.77549      0.12213         64.00000       
-207.07918      -207.12916      0.04998         64.00000       
-198.96283      -198.80822      0.15460         64.00000       
-200.06683      -200.22871      0.16188         64.00000       
-207.04056      -206.96120      0.07936         64.00000       
-207.70699      -207.67837      0.02862         64.00000       
-208.74315      -208.75455      0.01140         64.00000       
-201.51356      -201.41189      0.10166         64.00000       
-203.91927      -203.70198      0.21730         64.00000       
-210.10932      -210.00909      0.10022         64.00000       
-207.69045      -207.73177      0.04132         64.00000       
-199.63348      -199.75171      0.11823         64.00000       
-206.99370      -207.00478      0.01108         64.00000       
-202.89968      -202.76850      0.13118         64.00000       
-204.07164      -204.09450      0.02286         64.00000       
-203.51630      -203.61721      0.10091         64.00000       
-202.86405      -202.90182      0.03777         64.00000       
-207.00173      -207.18181      0.18008         64.00000       
-204.75624      -204.85704      0.10080         64.00000       
-206.71740      -206.71818      0.00079         64.00000       
-208.42019      -208.33288      0.08731         64.00000       
-206.70158      -206.76117      0.05959         64.00000       
-209.83992      -209.72993      0.10999         64.00000       
-205.75894      -205.66369      0.09525         64.00000       
-206.40093      -206.42302      0.02210         64.00000       
-204.18646      -204.18924      0.00278         64.00000       
-200.37972      -200.54844      0.16871         64.00000       
-209.42826      -209.32114      0.10713         64.00000       
-208.10013      -208.03448      0.06565         64.00000       
-209.76439      -209.67268      0.09170         64.00000       
-209.17950      -209.09968      0.07983         64.00000       
-206.27146      -206.34037      0.06891         64.00000       
-205.17206      -204.91182      0.26024         64.00000       
-210.20435      -210.27834      0.07398         64.00000       
-201.94150      -201.88706      0.05444         64.00000       
-203.76299      -203.90604      0.14305         64.00000       
-205.90432      -205.84748      0.05684         64.00000       
-195.22237      -195.57664      0.35427         64.00000       
-194.99660      -195.03978      0.04318         64.00000       
-193.79382      -193.93460      0.14078         64.00000       
-193.41793      -193.28323      0.13470         64.00000       
-194.69308      -194.62292      0.07016         64.00000       
-193.82419      -194.47183      0.64763         64.00000       
-192.68033      -192.79315      0.11282         64.00000       
-193.45858      -193.68076      0.22218         64.00000       
-194.10226      -193.71247      0.38980         64.00000       
-194.21868      -194.29248      0.07380         64.00000       
-193.59193      -193.36671      0.22522         64.00000       
-192.27881      -192.06332      0.21548         64.00000       
-193.81575      -193.97766      0.16191         64.00000       
-192.72942      -193.05986      0.33044         64.00000       
-195.12946      -194.68192      0.44755         64.00000       
-195.58568      -194.95443      0.63125         64.00000       
-193.77154      -193.81711      0.04557         64.00000       
-193.61201      -193.69392      0.08191         64.00000       
-192.86672      -193.13142      0.26470         64.00000       
-193.04059      -193.30411      0.26353         64.00000       
-194.11866      -194.09118      0.02748         64.00000       
-189.66910      -189.87449      0.20539         64.00000       
-193.53661      -193.03154      0.50508         64.00000       
-191.78303      -191.89974      0.11671         64.00000       
-195.79322      -195.65249      0.14073         64.00000       
-193.72365      -193.35067      0.37298         64.00000       
-193.93881      -193.77835      0.16047         64.00000       
-192.73024      -193.03102      0.30078         64.00000       
-192.33930      -192.15356      0.18573         64.00000       
-193.97846      -194.25875      0.28029         64.00000       
-193.16339      -193.09466      0.06873         64.00000       
-192.94631      -192.76540      0.18091         64.00000       
-193.16175      -193.06033      0.10142         64.00000       
-193.36528      -193.16001      0.20527         64.00000       
-192.30804      -192.56433      0.25629         64.00000       
-192.36791      -192.62950      0.26160         64.00000       
-193.06359      -193.22510      0.16151         64.00000       
-193.83259      -193.52884      0.30375         64.00000       
-190.81607      -190.86461      0.04855         64.00000       
-194.71581      -194.39395      0.32186         64.00000       
-192.48885      -191.77893      0.70992         64.00000       
-192.99994      -192.97974      0.02020         64.00000       
-193.05039      -193.12639      0.07600         64.00000       
-193.77814      -193.95670      0.17856         64.00000       
-191.26079      -192.01322      0.75243         64.00000       
-192.06330      -191.90417      0.15912         64.00000       
-192.74529      -193.31927      0.57398         64.00000       
-192.63049      -192.50250      0.12798         64.00000       
-191.77107      -192.41088      0.63982         64.00000       
-193.83003      -193.87782      0.04779         64.00000       
-190.46871      -191.03772      0.56902         64.00000       
-193.54366      -193.36632      0.17733         64.00000       
-192.30842      -192.02670      0.28173         64.00000       
-193.86476      -193.91787      0.05311         64.00000       
-195.36387      -195.37936      0.01549         64.00000       
-192.37334      -192.10198      0.27136         64.00000       
-192.26647      -192.24516      0.02130         64.00000       
-192.76504      -192.91000      0.14496         64.00000       
-195.00023      -194.68973      0.31050         64.00000       
-193.48366      -193.14039      0.34328         64.00000       
-194.82324      -194.74436      0.07889         64.00000       
-192.11652      -192.11759      0.00107         64.00000       
-192.00700      -192.20203      0.19502         64.00000       
-191.39466      -192.05083      0.65617         64.00000       
-192.86853      -193.08491      0.21638         64.00000       
-195.13587      -194.42060      0.71527         64.00000       
-192.32379      -192.21859      0.10520         64.00000       
-189.92429      -190.26233      0.33804         64.00000       
-195.40659      -195.24347      0.16312         64.00000       
-195.09892      -194.74632      0.35260         64.00000       
-194.24940      -194.13009      0.11932         64.00000       
-193.92769      -194.06480      0.13710         64.00000       
-191.48317      -191.36391      0.11926         64.00000       
-194.09301      -193.61239      0.48062         64.00000       
-193.35530      -193.20754      0.14776         64.00000       
-192.49176      -192.36652      0.12524         64.00000       
-193.14253      -193.30549      0.16297         64.00000       
-193.54050      -193.19729      0.34320         64.00000       
-194.84150      -194.94993      0.10843         64.00000       
-194.27106      -194.23193      0.03913         64.00000       
-193.43604      -193.47576      0.03972         64.00000       
-194.75537      -194.82237      0.06700         64.00000       
-190.38331      -190.74455      0.36125         64.00000       
-191.74065      -192.80371      1.06306         64.00000       
-194.36759      -194.18205      0.18554         64.00000       
-194.33525      -194.68494      0.34969         64.00000       
-194.68366      -194.59861      0.08505         64.00000       
-191.84804      -191.80636      0.04167         64.00000       
-192.62121      -193.29988      0.67867         64.00000       
-193.90327      -193.90129      0.00198         64.00000       
-192.80691      -193.06601      0.25910         64.00000       
-192.02795      -192.01117      0.01678         64.00000       
-193.53396      -193.22483      0.30913         64.00000       
-193.69493      -193.64118      0.05375         64.00000       
-189.62705      -189.25336      0.37368         64.00000       
-194.86647      -194.63206      0.23441         64.00000       
-194.58510      -194.30873      0.27637         64.00000       
-194.02720      -193.67408      0.35312         64.00000       
-192.74234      -193.15460      0.41226         64.00000       
# MSE = 4.45304E-02
# Maxerror = 1.49417E+00
