 Fermi distribution function
 
 Calculation with static geometry
 

********************************************************************************
  iSCC Total electronic   Diff electronic      SCC error    
   15   -0.77626235E+01   -0.17914175E-03    0.66390660E-03
********************************************************************************
 
 Coordinates of moved atoms (au):
    1      0.00000000      0.00000000      0.00000000
    2      0.00000000      4.05858340      1.43492941
    3      3.51483365      2.02930115     63.87406122
 

 Net atomic charges (e)
  Atom       Net charge
     1       1.13211795
     2      -0.56611120
     3      -0.56600676
 
 COMPONENT = up
  
 Eigenvalues /H
   -0.82749070   -0.82541036   -0.82021014   -0.81419594   -0.80936754   -0.82541037   -0.82177653   -0.81627102
   -0.81110731   -0.81110724   -0.81627098   -0.82177650   -0.82541036   -0.82021016   -0.81627103   -0.81190885
   -0.80909508   -0.81190875   -0.81627098   -0.82021014   -0.82177652   -0.81419597   -0.81110730   -0.80909504
   -0.80909487   -0.81110721   -0.81419593   -0.81627100   -0.81627101   -0.80936746   -0.81110725   -0.81190877
   -0.81110723   -0.80936726
   -0.79100972   -0.79314871   -0.79833074   -0.80400642   -0.80857168   -0.79314871   -0.79678772   -0.80199379
   -0.80666782   -0.80666789   -0.80199385   -0.79678776   -0.79314872   -0.79833072   -0.80199379   -0.80570048
   -0.80812236   -0.80570058   -0.80199386   -0.79833075   -0.79678774   -0.80400641   -0.80666784   -0.80812241
   -0.80812258   -0.80666793   -0.80400646   -0.80199384   -0.80199382   -0.80857178   -0.80666789   -0.80570057
   -0.80666792   -0.80857199
   -0.34682766   -0.34363465   -0.33616233   -0.33452538   -0.33733239   -0.34363468   -0.33741962   -0.33096758
   -0.33434518   -0.33434518   -0.33096757   -0.33741970   -0.34363469   -0.33616246   -0.33096769   -0.32951686
   -0.33205877   -0.32951689   -0.33096776   -0.33616252   -0.33741976   -0.33452538   -0.33434509   -0.33205870
   -0.33205874   -0.33434514   -0.33452542   -0.33096777   -0.33096770   -0.33733225   -0.33434508   -0.32951687
   -0.33434513   -0.33733229
   -0.34682762   -0.34317273   -0.33342735   -0.32060294   -0.31089284   -0.34317277   -0.33692781   -0.32597202
   -0.31493615   -0.31493612   -0.32597208   -0.33692778   -0.34317279   -0.33342741   -0.32597195   -0.31859411
   -0.31492861   -0.31859417   -0.32597198   -0.33342743   -0.33692790   -0.32060299   -0.31493602   -0.31492845
   -0.31492845   -0.31493600   -0.32060302   -0.32597213   -0.32597216   -0.31089270   -0.31493615   -0.31859414
   -0.31493617   -0.31089271
   -0.29418945   -0.29649813   -0.30583974   -0.30791744   -0.30323058   -0.29649811   -0.30346783   -0.31253420
   -0.30988881   -0.30988880   -0.31253411   -0.30346775   -0.29649807   -0.30583958   -0.31253416   -0.31501508
   -0.31327019   -0.31501492   -0.31253404   -0.30583949   -0.30346769   -0.30791743   -0.30988907   -0.31327046
   -0.31327041   -0.30988903   -0.30791737   -0.31253402   -0.31253405   -0.30323076   -0.30988897   -0.31501512
   -0.30988895   -0.30323071
   -0.27178353   -0.27429426   -0.28141516   -0.29174820   -0.30045292   -0.27429449   -0.27921595   -0.28534044
   -0.29082841   -0.29082852   -0.28534061   -0.27921609   -0.27429470   -0.28141542   -0.28534062   -0.28448175
   -0.28187436   -0.28448204   -0.28534087   -0.28141561   -0.27921621   -0.29174851   -0.29082873   -0.28187458
   -0.28187472   -0.29082894   -0.29174869   -0.28534086   -0.28534078   -0.30045344   -0.29082883   -0.28448217
   -0.29082894   -0.30045365
   -0.27178302   -0.27366355   -0.27114056   -0.26516313   -0.26336273   -0.27366335   -0.27253467   -0.26793392
   -0.26343351   -0.26343343   -0.26793379   -0.27253449   -0.27366306   -0.27114039   -0.26793383   -0.26521607
   -0.26233920   -0.26521585   -0.26793365   -0.27114023   -0.27253435   -0.26516301   -0.26343335   -0.26233909
   -0.26233930   -0.26343336   -0.26516298   -0.26793364   -0.26793369   -0.26336256   -0.26343332   -0.26521584
   -0.26343341   -0.26336268
   -0.27151172   -0.26876125   -0.26293585   -0.25909289   -0.25802095   -0.26876118   -0.26411910   -0.25936704
   -0.25878780   -0.25878783   -0.25936707   -0.26411917   -0.26876126   -0.26293575   -0.25936699   -0.25857118
   -0.26202857   -0.25857121   -0.25936698   -0.26293575   -0.26411910   -0.25909276   -0.25878772   -0.26202848
   -0.26202817   -0.25878755   -0.25909263   -0.25936688   -0.25936692   -0.25802085   -0.25878767   -0.25857103
   -0.25878746   -0.25802058
   -0.15709101   -0.15667096   -0.15671076   -0.15838592   -0.16060248   -0.15667096   -0.15667506   -0.15760424
   -0.15963345   -0.15963348   -0.15760427   -0.15667506   -0.15667096   -0.15671079   -0.15760425   -0.15860745
   -0.15857849   -0.15860751   -0.15760427   -0.15671080   -0.15667509   -0.15838592   -0.15963344   -0.15857848
   -0.15857849   -0.15963345   -0.15838589   -0.15760427   -0.15760428   -0.16060246   -0.15963346   -0.15860749
   -0.15963344   -0.16060244
   -0.15634064   -0.15639918   -0.15592529   -0.15821817   -0.15929898   -0.15639920   -0.15586019   -0.15653258
   -0.15808294   -0.15808295   -0.15653260   -0.15586018   -0.15639921   -0.15592530   -0.15653258   -0.15723257
   -0.15743538   -0.15723257   -0.15653261   -0.15592528   -0.15586018   -0.15821820   -0.15808296   -0.15743538
   -0.15743539   -0.15808299   -0.15821823   -0.15653261   -0.15653260   -0.15929901   -0.15808296   -0.15723256
   -0.15808298   -0.15929905
   -0.15634060   -0.15570202   -0.15434804   -0.15612194   -0.15635307   -0.15570200   -0.15482270   -0.15537031
   -0.15622612   -0.15622612   -0.15537031   -0.15482271   -0.15570200   -0.15434805   -0.15537032   -0.15453370
   -0.15484666   -0.15453370   -0.15537031   -0.15434805   -0.15482273   -0.15612194   -0.15622612   -0.15484666
   -0.15484665   -0.15622613   -0.15612196   -0.15537030   -0.15537031   -0.15635308   -0.15622611   -0.15453368
   -0.15622612   -0.15635309
   -0.15112343   -0.15174183   -0.15427665   -0.15467918   -0.15463048   -0.15174185   -0.15367755   -0.15396263
   -0.15459784   -0.15459783   -0.15396264   -0.15367754   -0.15174185   -0.15427668   -0.15396265   -0.15423029
   -0.15484360   -0.15423027   -0.15396266   -0.15427670   -0.15367757   -0.15467919   -0.15459784   -0.15484359
   -0.15484360   -0.15459783   -0.15467918   -0.15396266   -0.15396267   -0.15463048   -0.15459784   -0.15423025
   -0.15459783   -0.15463047
   -0.14346082   -0.14647459   -0.15227119   -0.15305755   -0.15289903   -0.14647459   -0.14876887   -0.15263942
   -0.15271104   -0.15271104   -0.15263941   -0.14876890   -0.14647452   -0.15227118   -0.15263942   -0.15319080
   -0.15258335   -0.15319084   -0.15263941   -0.15227115   -0.14876886   -0.15305755   -0.15271104   -0.15258338
   -0.15258339   -0.15271107   -0.15305758   -0.15263941   -0.15263941   -0.15289903   -0.15271105   -0.15319087
   -0.15271108   -0.15289906
   -0.14346072   -0.14494338   -0.14653962   -0.14667873   -0.14657645   -0.14494333   -0.14810609   -0.14876015
   -0.14857053   -0.14857053   -0.14876016   -0.14810611   -0.14494343   -0.14653954   -0.14876010   -0.15105406
   -0.15212977   -0.15105407   -0.14876018   -0.14653964   -0.14810608   -0.14667866   -0.14857049   -0.15212977
   -0.15212979   -0.14857058   -0.14667877   -0.14876018   -0.14876011   -0.14657640   -0.14857049   -0.15105410
   -0.14857058   -0.14657651
   -0.14279579   -0.14287129   -0.14293056   -0.14252150   -0.14200205   -0.14287126   -0.14303266   -0.14345026
   -0.14349754   -0.14349755   -0.14345028   -0.14303268   -0.14287127   -0.14293048   -0.14345020   -0.14539313
   -0.14655961   -0.14539316   -0.14345025   -0.14293052   -0.14303262   -0.14252138   -0.14349745   -0.14655956
   -0.14655958   -0.14349751   -0.14252144   -0.14345020   -0.14345017   -0.14200195   -0.14349744   -0.14539308
   -0.14349749   -0.14200201
   -0.04567722   -0.04781278   -0.05180627   -0.05721848   -0.06023029   -0.04781272   -0.05069389   -0.05544398
   -0.05994331   -0.05994328   -0.05544393   -0.05069386   -0.04781272   -0.05180620   -0.05544395   -0.05983834
   -0.06189862   -0.05983827   -0.05544387   -0.05180615   -0.05069379   -0.05721843   -0.05994325   -0.06189857
   -0.06189853   -0.05994315   -0.05721833   -0.05544381   -0.05544384   -0.06023024   -0.05994320   -0.05983819
   -0.05994312   -0.06023013
   -0.03659166   -0.03741226   -0.03969052   -0.04189880   -0.04261272   -0.03741232   -0.03737993   -0.03766990
   -0.03845910   -0.03845920   -0.03767013   -0.03737996   -0.03741199   -0.03969058   -0.03766991   -0.03227673
   -0.02948177   -0.03227711   -0.03767001   -0.03969039   -0.03738004   -0.04189881   -0.03845910   -0.02948179
   -0.02948198   -0.03845916   -0.04189873   -0.03767008   -0.03767020   -0.04261270   -0.03845922   -0.03227719
   -0.03845918   -0.04261264
   -0.03659112   -0.03198256   -0.02142612   -0.01161271   -0.00772855   -0.03198256   -0.02581095   -0.01768086
   -0.01177019   -0.01177004   -0.01768056   -0.02581094   -0.03198292   -0.02142615   -0.01768090   -0.01763035
   -0.01831181   -0.01762986   -0.01768075   -0.02142639   -0.02581093   -0.01161277   -0.01177025   -0.01831181
   -0.01831157   -0.01177012   -0.01161286   -0.01768071   -0.01768056   -0.00772862   -0.01177007   -0.01762982
   -0.01177009   -0.00772864
    0.08532627    0.08617574    0.08606938    0.08767197    0.09491041    0.08617550    0.08484265    0.08585245
    0.09339477    0.09339488    0.08585277    0.08484310    0.08617572    0.08606896    0.08585229    0.09338222
    0.10731573    0.09338262    0.08585293    0.08606947    0.08484257    0.08767148    0.09339436    0.10731579
    0.10731577    0.09339508    0.08767219    0.08585239    0.08585207    0.09490953    0.09339405    0.09338180
    0.09339466    0.09491048
    0.16078921    0.15333519    0.13843741    0.11927215    0.10395151    0.15333391    0.14362549    0.12936712
    0.11117007    0.11117016    0.12936739    0.14362586    0.15333415    0.13843679    0.12936674    0.12023284
    0.10756978    0.12023331    0.12936720    0.13843713    0.14362486    0.11927183    0.11116973    0.10756852
    0.10756918    0.11117010    0.11927222    0.12936692    0.12936673    0.10395166    0.11117002    0.12023274
    0.11117030    0.10395188
    0.16079093    0.15653847    0.15437621    0.15362141    0.15342496    0.15653996    0.15480596    0.14930784
    0.14629993    0.14629993    0.14930782    0.15480588    0.15653993    0.15437788    0.14930881    0.13607638
    0.12872194    0.13607622    0.14930885    0.15437797    0.15480783    0.15362322    0.14630149    0.12872355
    0.12872338    0.14630162    0.15362344    0.14931010    0.14931004    0.15342681    0.14630189    0.13607819
    0.14630202    0.15342709
    0.18290014    0.18700678    0.22321717    0.27367631    0.30410278    0.18700712    0.21049051    0.25418246
    0.29590428    0.29590454    0.25418273    0.21049061    0.18700710    0.22321690    0.25418220    0.29120629
    0.30803170    0.29120673    0.25418253    0.22321697    0.21049029    0.27367592    0.29590383    0.30803144
    0.30803168    0.29590437    0.27367621    0.25418219    0.25418213    0.30410249    0.29590402    0.29120631
    0.29590431    0.30410301
    0.18472372    0.21848820    0.28311047    0.33422281    0.35192410    0.21848836    0.28588039    0.36230610
    0.39800078    0.39800021    0.36230560    0.28588093    0.21848981    0.28311028    0.36230617    0.44001063
    0.45881154    0.44000907    0.36230698    0.28311183    0.28588285    0.33422239    0.39800145    0.45880942
    0.45880850    0.39800204    0.33422381    0.36230805    0.36230674    0.35192361    0.39800036    0.44000614
    0.39800151    0.35192491
    0.18472602    0.26814425    0.38919087    0.43415641    0.42896586    0.26814357    0.35079263    0.42208155
    0.43998930    0.43998924    0.42208101    0.35079149    0.26814199    0.38918991    0.42208065    0.44878541
    0.46314463    0.44878593    0.42207915    0.38918847    0.35078928    0.43415496    0.43998734    0.46314644
    0.46314701    0.43998631    0.43415387    0.42207818    0.42207914    0.42896412    0.43998787    0.44878877
    0.43998689    0.42896302
 
 Eigenvalues /eV
  -22.51716757  -22.46055871  -22.31905339  -22.15539884  -22.02401127  -22.46055890  -22.36167702  -22.21186465
  -22.07135276  -22.07135100  -22.21186342  -22.36167638  -22.46055872  -22.31905400  -22.21186495  -22.09316378
  -22.01659741  -22.09316121  -22.21186347  -22.31905337  -22.36167686  -22.15539947  -22.07135259  -22.01659624
  -22.01659165  -22.07135028  -22.15539855  -22.21186397  -22.21186422  -22.02400904  -22.07135120  -22.09316170
  -22.07135064  -22.02400376
  -21.52446953  -21.58267461  -21.72368464  -21.87812797  -22.00235500  -21.58267443  -21.68169710  -21.82336147
  -21.95054821  -21.95055008  -21.82336297  -21.68169799  -21.58267471  -21.72368416  -21.82336131  -21.92422551
  -21.99012828  -21.92422838  -21.82336320  -21.72368506  -21.68169753  -21.87812766  -21.95054866  -21.99012955
  -21.99013429  -21.95055134  -21.87812893  -21.82336270  -21.82336231  -22.00235765  -21.95055016  -21.92422796
  -21.95055097  -22.00236328
   -9.43766090   -9.35077447   -9.14744243   -9.10289886   -9.17928145   -9.35077528   -9.18165496   -9.00608611
   -9.09799534   -9.09799531   -9.00608588   -9.18165728   -9.35077557   -9.14744607   -9.00608918   -8.96660993
   -9.03577892   -8.96661092   -9.00609091   -9.14744764   -9.18165873   -9.10289861   -9.09799284   -9.03577707
   -9.03577813   -9.09799419   -9.10289995   -9.00609128   -9.00608933   -9.17927764   -9.09799244   -8.96661017
   -9.09799382   -9.17927868
   -9.43765961   -9.33820516   -9.07301979   -8.72404986   -8.45982449   -9.33820622   -9.16827227   -8.87014985
   -8.56984869   -8.56984791   -8.87015155   -9.16827149   -9.33820663   -9.07302153   -8.87014793   -8.66938693
   -8.56964350   -8.66938854   -8.87014883   -9.07302209   -9.16827466   -8.72405127   -8.56984509   -8.56963924
   -8.56963922   -8.56984459   -8.72405217   -8.87015299   -8.87015378   -8.45982077   -8.56984880   -8.66938764
   -8.56984908   -8.45982100
   -8.00530224   -8.06812455   -8.32232274   -8.37885984   -8.25132403   -8.06812394   -8.25777968   -8.50448827
   -8.43250354   -8.43250318   -8.50448578   -8.25777766   -8.06812296   -8.32231840   -8.50448710   -8.57199638
   -8.52451572   -8.57199220   -8.50448400   -8.32231591   -8.25777609   -8.37885959   -8.43251050   -8.52452298
   -8.52452158   -8.43250961   -8.37885805   -8.50448350   -8.50448410   -8.25132882   -8.43250790   -8.57199750
   -8.43250736   -8.25132743
   -7.39560610   -7.46392657   -7.65769614   -7.93887240   -8.17574002   -7.46393288   -7.59785260   -7.76450844
   -7.91384376   -7.91384664   -7.76451294   -7.59785633   -7.46393861   -7.65770310   -7.76451337   -7.74114234
   -7.67019147   -7.74115004   -7.76452003   -7.65770847   -7.59785976   -7.93888094   -7.91385235   -7.67019757
   -7.67020135   -7.91385821   -7.93888590   -7.76451990   -7.76451774   -8.17575419   -7.91385502   -7.74115373
   -7.91385799   -8.17575982
   -7.39559231   -7.44676417   -7.37810992   -7.21545592   -7.16646462   -7.44675857   -7.41604577   -7.29085305
   -7.16839050   -7.16838833   -7.29084942   -7.41604087   -7.44675086   -7.37810552   -7.29085059   -7.21689639
   -7.13861294   -7.21689041   -7.29084568   -7.37810099   -7.41603697   -7.21545269   -7.16838623   -7.13860989
   -7.13861556   -7.16838648   -7.21545168   -7.29084537   -7.29084665   -7.16645985   -7.16838534   -7.21689019
   -7.16838777   -7.16646308
   -7.38820989   -7.31336559   -7.15484857   -7.05027625   -7.02110715   -7.31336371   -7.18704638   -7.05773624
   -7.04197438   -7.04197521   -7.05773710   -7.18704842   -7.31336601   -7.15484581   -7.05773482   -7.03607969
   -7.13016005   -7.03608053   -7.05773458   -7.15484573   -7.18704633   -7.05027280   -7.04197225   -7.13015769
   -7.13014923   -7.04196752   -7.05026920   -7.05773198   -7.05773308   -7.02110455   -7.04197071   -7.03607562
   -7.04196516   -7.02109717
   -4.27466392   -4.26323362   -4.26431686   -4.30990021   -4.37021588   -4.26323375   -4.26334535   -4.28862952
   -4.34384727   -4.34384793   -4.28863030   -4.26334539   -4.26323367   -4.26431766   -4.28862993   -4.31592838
   -4.31514019   -4.31592988   -4.28863049   -4.26431790   -4.26334604   -4.30990004   -4.34384703   -4.31513992
   -4.31514014   -4.34384719   -4.30989925   -4.28863050   -4.28863073   -4.37021517   -4.34384746   -4.31592951
   -4.34384696   -4.37021463
   -4.25424528   -4.25583815   -4.24294300   -4.30533537   -4.33474585   -4.25583883   -4.24117148   -4.25946824
   -4.30165574   -4.30165595   -4.25946878   -4.24117133   -4.25583901   -4.24294326   -4.25946822   -4.27851583
   -4.28403477   -4.27851588   -4.25946900   -4.24294283   -4.24117125   -4.30533626   -4.30165607   -4.28403459
   -4.28403486   -4.30165696   -4.30533710   -4.25946903   -4.25946879   -4.33474653   -4.30165615   -4.27851552
   -4.30165683   -4.33474762
   -4.25424424   -4.23686750   -4.20002392   -4.24829402   -4.25458353   -4.23686701   -4.21293994   -4.22784116
   -4.25112889   -4.25112896   -4.22784122   -4.21294035   -4.23686689   -4.20002426   -4.22784154   -4.20507603
   -4.21359204   -4.20507600   -4.22784124   -4.20002426   -4.21294077   -4.24829417   -4.25112911   -4.21359201
   -4.21359178   -4.25112940   -4.24829464   -4.22784088   -4.22784125   -4.25458368   -4.25112883   -4.20507551
   -4.25112905   -4.25458407
   -4.11227763   -4.12910521   -4.19808129   -4.20903474   -4.20770955   -4.12910579   -4.18177882   -4.18953631
   -4.20682139   -4.20682106   -4.18953667   -4.18177875   -4.12910578   -4.19808207   -4.18953691   -4.19681982
   -4.21350870   -4.19681921   -4.18953706   -4.19808255   -4.18177932   -4.20903487   -4.20682130   -4.21350842
   -4.21350882   -4.20682087   -4.20903464   -4.18953717   -4.18953738   -4.20770947   -4.20682118   -4.19681867
   -4.20682108   -4.20770920
   -3.90376750   -3.98577627   -4.14350995   -4.16490791   -4.16059430   -3.98577640   -4.04820705   -4.15352992
   -4.15547876   -4.15547880   -4.15352981   -4.04820787   -3.98577457   -4.14350958   -4.15352982   -4.16853363
   -4.15200420   -4.16853494   -4.15352975   -4.14350877   -4.04820678   -4.16490796   -4.15547889   -4.15200504
   -4.15200541   -4.15547956   -4.16490857   -4.15352969   -4.15352965   -4.16059426   -4.15547919   -4.16853579
   -4.15547981   -4.16059511
   -3.90376479   -3.94411005   -3.98754594   -3.99133133   -3.98854823   -3.94410881   -4.03017171   -4.04796965
   -4.04280976   -4.04280987   -4.04796982   -4.03017241   -3.94411135   -3.98754380   -4.04796839   -4.11039020
   -4.13966176   -4.11039036   -4.04797059   -3.98754661   -4.03017149   -3.99132953   -4.04280872   -4.13966156
   -4.13966211   -4.04281110   -3.99133253   -4.04797048   -4.04796845   -3.98854665   -4.04280885   -4.11039121
   -4.04281111   -3.98854979
   -3.88567109   -3.88772551   -3.88933853   -3.87820725   -3.86407250   -3.88772475   -3.89211668   -3.90348029
   -3.90476673   -3.90476694   -3.90348081   -3.89211732   -3.88772514   -3.88933628   -3.90347867   -3.95634838
   -3.98808994   -3.95634926   -3.90348003   -3.88933741   -3.89211573   -3.87820408   -3.90476429   -3.98808854
   -3.98808920   -3.90476585   -3.87820581   -3.90347867   -3.90347783   -3.86406956   -3.90476407   -3.95634713
   -3.90476543   -3.86407137
   -1.24294049   -1.30105181   -1.40972026   -1.55699408   -1.63894956   -1.30105033   -1.37945097   -1.50870739
   -1.63114034   -1.63113975   -1.50870614   -1.37945006   -1.30105034   -1.40971834   -1.50870667   -1.62828405
   -1.68434707   -1.62828217   -1.50870435   -1.40971706   -1.37944826   -1.55699282   -1.63113892   -1.68434584
   -1.68434464   -1.63113612   -1.55699010   -1.50870271   -1.50870378   -1.63894834   -1.63113757   -1.62828012
   -1.63113537   -1.63894521
   -0.99570963   -1.01803946   -1.08003393   -1.14012444   -1.15955098   -1.01804113   -1.01715974   -1.02505023
   -1.04652544   -1.04652808   -1.02505633   -1.01716058   -1.01803202   -1.08003567   -1.02505032   -0.87829449
   -0.80223988   -0.87830489   -1.02505321   -1.08003057   -1.01716255   -1.14012465   -1.04652532   -0.80224027
   -0.80224541   -1.04652686   -1.14012239   -1.02505512   -1.02505832   -1.15955053   -1.04652870   -0.87830692
   -1.04652760   -1.15954900
   -0.99569508   -0.87028981   -0.58303442   -0.31599785   -0.21030465   -0.87028978   -0.70235182   -0.48112057
   -0.32028324   -0.32027917   -0.48111248   -0.70235129   -0.87029958   -0.58303533   -0.48112170   -0.47974624
   -0.49828957   -0.47973298   -0.48111757   -0.58304169   -0.70235122   -0.31599942   -0.32028473   -0.49828971
   -0.49828320   -0.32028117   -0.31600186   -0.48111654   -0.48111258   -0.21030639   -0.32028003   -0.47973170
   -0.32028055   -0.21030703
    2.32184585    2.34496128    2.34206694    2.38567581    2.58264370    2.34495477    2.30868598    2.33616394
    2.54140105    2.54140412    2.33617269    2.30869828    2.34496066    2.34205556    2.33615970    2.54105954
    2.92020959    2.54107038    2.33617708    2.34206941    2.30868388    2.38566228    2.54138974    2.92021120
    2.92021065    2.54140943    2.38568158    2.33616230    2.33615367    2.58261980    2.54138134    2.54104812
    2.54139796    2.58264553
    4.37529710    4.17246283    3.76707358    3.24556041    2.82866449    4.17242803    3.90824855    3.52025852
    3.02509152    3.02509396    3.52026567    3.90825846    4.17243451    3.76705660    3.52024808    3.27170202
    2.92712264    3.27171472    3.52026057    3.76706607    3.90823131    3.24555167    3.02508240    2.92708825
    2.92710627    3.02509241    3.24556223    3.52025311    3.52024777    2.82866854    3.02509012    3.27169943
    3.02509769    2.82867467
    4.37534369    4.25962844    4.20079041    4.18025138    4.17490547    4.25966902    4.21248443    4.06287316
    3.98102375    3.98102374    4.06287263    4.21248224    4.25966811    4.20083583    4.06289949    3.70282671
    3.50270220    3.70282222    4.06290052    4.20083840    4.21253545    4.18030052    3.98106609    3.50274601
    3.50274149    3.98106959    4.18030648    4.06293458    4.06293302    4.17495605    3.98107698    3.70287602
    3.98108050    4.17496349
    4.97696600    5.08871348    6.07404829    7.44711141    8.27505768    5.08872277    5.72773820    6.91665665
    8.05196526    8.05197220    6.91666392    5.72774085    5.08872202    6.07404090    6.91664948    7.92412629
    8.38196893    7.92413843    6.91665845    6.07404273    5.72773209    7.44710079    8.05195288    8.38196202
    8.38196856    8.05196759    7.44710849    6.91664940    6.91664770    8.27504989    8.05195812    7.92412697
    8.05196588    8.27506386
    5.02658826    5.94536644    7.70382795    9.09466548    9.57634204    5.94537086    7.77920124    9.85885053
   10.83015214   10.83013678    9.85883693    7.77921596    5.94541032    7.70382264    9.85885245   11.97329843
   12.48489724   11.97325605    9.85887441    7.70386494    7.77926804    9.09465396   10.83017035   12.48483960
   12.48481454   10.83018642    9.09469272    9.85890365    9.85886808    9.57632863   10.83014070   11.97317636
   10.83017212    9.57636415
    5.02665071    7.29657632   10.59042249   11.81399704   11.67275485    7.29655773    9.54555321   11.48542338
   11.97271792   11.97271640   11.48540872    9.54552210    7.29651488   10.59039632   11.48539880   12.21207232
   12.60280653   12.21208646   11.48535811   10.59035721    9.54546197   11.81395763   11.97266472   12.60285574
   12.60287138   11.97263657   11.81392788   11.48533170   11.48535774   11.67270753   11.97267915   12.21216369
   11.97265253   11.67267765
 
 Fillings
     1.00000     1.00000     1.00000     1.00000     1.00000     1.00000     1.00000     1.00000
     1.00000     1.00000     1.00000     1.00000     1.00000     1.00000     1.00000     1.00000
     1.00000     1.00000     1.00000     1.00000     1.00000     1.00000     1.00000     1.00000
     1.00000     1.00000     1.00000     1.00000     1.00000     1.00000     1.00000     1.00000
     1.00000     1.00000
     1.00000     1.00000     1.00000     1.00000     1.00000     1.00000     1.00000     1.00000
     1.00000     1.00000     1.00000     1.00000     1.00000     1.00000     1.00000     1.00000
     1.00000     1.00000     1.00000     1.00000     1.00000     1.00000     1.00000     1.00000
     1.00000     1.00000     1.00000     1.00000     1.00000     1.00000     1.00000     1.00000
     1.00000     1.00000
     1.00000     1.00000     1.00000     1.00000     1.00000     1.00000     1.00000     1.00000
     1.00000     1.00000     1.00000     1.00000     1.00000     1.00000     1.00000     1.00000
     1.00000     1.00000     1.00000     1.00000     1.00000     1.00000     1.00000     1.00000
     1.00000     1.00000     1.00000     1.00000     1.00000     1.00000     1.00000     1.00000
     1.00000     1.00000
     1.00000     1.00000     1.00000     1.00000     1.00000     1.00000     1.00000     1.00000
     1.00000     1.00000     1.00000     1.00000     1.00000     1.00000     1.00000     1.00000
     1.00000     1.00000     1.00000     1.00000     1.00000     1.00000     1.00000     1.00000
     1.00000     1.00000     1.00000     1.00000     1.00000     1.00000     1.00000     1.00000
     1.00000     1.00000
     1.00000     1.00000     1.00000     1.00000     1.00000     1.00000     1.00000     1.00000
     1.00000     1.00000     1.00000     1.00000     1.00000     1.00000     1.00000     1.00000
     1.00000     1.00000     1.00000     1.00000     1.00000     1.00000     1.00000     1.00000
     1.00000     1.00000     1.00000     1.00000     1.00000     1.00000     1.00000     1.00000
     1.00000     1.00000
     1.00000     1.00000     1.00000     1.00000     1.00000     1.00000     1.00000     1.00000
     1.00000     1.00000     1.00000     1.00000     1.00000     1.00000     1.00000     1.00000
     1.00000     1.00000     1.00000     1.00000     1.00000     1.00000     1.00000     1.00000
     1.00000     1.00000     1.00000     1.00000     1.00000     1.00000     1.00000     1.00000
     1.00000     1.00000
     1.00000     1.00000     1.00000     1.00000     1.00000     1.00000     1.00000     1.00000
     1.00000     1.00000     1.00000     1.00000     1.00000     1.00000     1.00000     1.00000
     1.00000     1.00000     1.00000     1.00000     1.00000     1.00000     1.00000     1.00000
     1.00000     1.00000     1.00000     1.00000     1.00000     1.00000     1.00000     1.00000
     1.00000     1.00000
     1.00000     1.00000     1.00000     1.00000     1.00000     1.00000     1.00000     1.00000
     1.00000     1.00000     1.00000     1.00000     1.00000     1.00000     1.00000     1.00000
     1.00000     1.00000     1.00000     1.00000     1.00000     1.00000     1.00000     1.00000
     1.00000     1.00000     1.00000     1.00000     1.00000     1.00000     1.00000     1.00000
     1.00000     1.00000
     0.00000     0.00000     0.00000     0.00000     0.00000     0.00000     0.00000     0.00000
     0.00000     0.00000     0.00000     0.00000     0.00000     0.00000     0.00000     0.00000
     0.00000     0.00000     0.00000     0.00000     0.00000     0.00000     0.00000     0.00000
     0.00000     0.00000     0.00000     0.00000     0.00000     0.00000     0.00000     0.00000
     0.00000     0.00000
     0.00000     0.00000     0.00000     0.00000     0.00000     0.00000     0.00000     0.00000
     0.00000     0.00000     0.00000     0.00000     0.00000     0.00000     0.00000     0.00000
     0.00000     0.00000     0.00000     0.00000     0.00000     0.00000     0.00000     0.00000
     0.00000     0.00000     0.00000     0.00000     0.00000     0.00000     0.00000     0.00000
     0.00000     0.00000
     0.00000     0.00000     0.00000     0.00000     0.00000     0.00000     0.00000     0.00000
     0.00000     0.00000     0.00000     0.00000     0.00000     0.00000     0.00000     0.00000
     0.00000     0.00000     0.00000     0.00000     0.00000     0.00000     0.00000     0.00000
     0.00000     0.00000     0.00000     0.00000     0.00000     0.00000     0.00000     0.00000
     0.00000     0.00000
     0.00000     0.00000     0.00000     0.00000     0.00000     0.00000     0.00000     0.00000
     0.00000     0.00000     0.00000     0.00000     0.00000     0.00000     0.00000     0.00000
     0.00000     0.00000     0.00000     0.00000     0.00000     0.00000     0.00000     0.00000
     0.00000     0.00000     0.00000     0.00000     0.00000     0.00000     0.00000     0.00000
     0.00000     0.00000
     0.00000     0.00000     0.00000     0.00000     0.00000     0.00000     0.00000     0.00000
     0.00000     0.00000     0.00000     0.00000     0.00000     0.00000     0.00000     0.00000
     0.00000     0.00000     0.00000     0.00000     0.00000     0.00000     0.00000     0.00000
     0.00000     0.00000     0.00000     0.00000     0.00000     0.00000     0.00000     0.00000
     0.00000     0.00000
     0.00000     0.00000     0.00000     0.00000     0.00000     0.00000     0.00000     0.00000
     0.00000     0.00000     0.00000     0.00000     0.00000     0.00000     0.00000     0.00000
     0.00000     0.00000     0.00000     0.00000     0.00000     0.00000     0.00000     0.00000
     0.00000     0.00000     0.00000     0.00000     0.00000     0.00000     0.00000     0.00000
     0.00000     0.00000
     0.00000     0.00000     0.00000     0.00000     0.00000     0.00000     0.00000     0.00000
     0.00000     0.00000     0.00000     0.00000     0.00000     0.00000     0.00000     0.00000
     0.00000     0.00000     0.00000     0.00000     0.00000     0.00000     0.00000     0.00000
     0.00000     0.00000     0.00000     0.00000     0.00000     0.00000     0.00000     0.00000
     0.00000     0.00000
     0.00000     0.00000     0.00000     0.00000     0.00000     0.00000     0.00000     0.00000
     0.00000     0.00000     0.00000     0.00000     0.00000     0.00000     0.00000     0.00000
     0.00000     0.00000     0.00000     0.00000     0.00000     0.00000     0.00000     0.00000
     0.00000     0.00000     0.00000     0.00000     0.00000     0.00000     0.00000     0.00000
     0.00000     0.00000
     0.00000     0.00000     0.00000     0.00000     0.00000     0.00000     0.00000     0.00000
     0.00000     0.00000     0.00000     0.00000     0.00000     0.00000     0.00000     0.00000
     0.00000     0.00000     0.00000     0.00000     0.00000     0.00000     0.00000     0.00000
     0.00000     0.00000     0.00000     0.00000     0.00000     0.00000     0.00000     0.00000
     0.00000     0.00000
     0.00000     0.00000     0.00000     0.00000     0.00000     0.00000     0.00000     0.00000
     0.00000     0.00000     0.00000     0.00000     0.00000     0.00000     0.00000     0.00000
     0.00000     0.00000     0.00000     0.00000     0.00000     0.00000     0.00000     0.00000
     0.00000     0.00000     0.00000     0.00000     0.00000     0.00000     0.00000     0.00000
     0.00000     0.00000
     0.00000     0.00000     0.00000     0.00000     0.00000     0.00000     0.00000     0.00000
     0.00000     0.00000     0.00000     0.00000     0.00000     0.00000     0.00000     0.00000
     0.00000     0.00000     0.00000     0.00000     0.00000     0.00000     0.00000     0.00000
     0.00000     0.00000     0.00000     0.00000     0.00000     0.00000     0.00000     0.00000
     0.00000     0.00000
     0.00000     0.00000     0.00000     0.00000     0.00000     0.00000     0.00000     0.00000
     0.00000     0.00000     0.00000     0.00000     0.00000     0.00000     0.00000     0.00000
     0.00000     0.00000     0.00000     0.00000     0.00000     0.00000     0.00000     0.00000
     0.00000     0.00000     0.00000     0.00000     0.00000     0.00000     0.00000     0.00000
     0.00000     0.00000
     0.00000     0.00000     0.00000     0.00000     0.00000     0.00000     0.00000     0.00000
     0.00000     0.00000     0.00000     0.00000     0.00000     0.00000     0.00000     0.00000
     0.00000     0.00000     0.00000     0.00000     0.00000     0.00000     0.00000     0.00000
     0.00000     0.00000     0.00000     0.00000     0.00000     0.00000     0.00000     0.00000
     0.00000     0.00000
     0.00000     0.00000     0.00000     0.00000     0.00000     0.00000     0.00000     0.00000
     0.00000     0.00000     0.00000     0.00000     0.00000     0.00000     0.00000     0.00000
     0.00000     0.00000     0.00000     0.00000     0.00000     0.00000     0.00000     0.00000
     0.00000     0.00000     0.00000     0.00000     0.00000     0.00000     0.00000     0.00000
     0.00000     0.00000
     0.00000     0.00000     0.00000     0.00000     0.00000     0.00000     0.00000     0.00000
     0.00000     0.00000     0.00000     0.00000     0.00000     0.00000     0.00000     0.00000
     0.00000     0.00000     0.00000     0.00000     0.00000     0.00000     0.00000     0.00000
     0.00000     0.00000     0.00000     0.00000     0.00000     0.00000     0.00000     0.00000
     0.00000     0.00000
     0.00000     0.00000     0.00000     0.00000     0.00000     0.00000     0.00000     0.00000
     0.00000     0.00000     0.00000     0.00000     0.00000     0.00000     0.00000     0.00000
     0.00000     0.00000     0.00000     0.00000     0.00000     0.00000     0.00000     0.00000
     0.00000     0.00000     0.00000     0.00000     0.00000     0.00000     0.00000     0.00000
     0.00000     0.00000
 
 COMPONENT = down
  
 Eigenvalues /H
   -0.82749070   -0.82541036   -0.82021014   -0.81419594   -0.80936754   -0.82541037   -0.82177653   -0.81627102
   -0.81110731   -0.81110724   -0.81627098   -0.82177650   -0.82541036   -0.82021016   -0.81627103   -0.81190885
   -0.80909508   -0.81190875   -0.81627098   -0.82021014   -0.82177652   -0.81419597   -0.81110730   -0.80909504
   -0.80909487   -0.81110721   -0.81419593   -0.81627100   -0.81627101   -0.80936746   -0.81110725   -0.81190877
   -0.81110723   -0.80936726
   -0.79100972   -0.79314871   -0.79833074   -0.80400642   -0.80857168   -0.79314871   -0.79678772   -0.80199379
   -0.80666782   -0.80666789   -0.80199385   -0.79678776   -0.79314872   -0.79833072   -0.80199379   -0.80570048
   -0.80812236   -0.80570058   -0.80199386   -0.79833075   -0.79678774   -0.80400641   -0.80666784   -0.80812241
   -0.80812258   -0.80666793   -0.80400646   -0.80199384   -0.80199382   -0.80857178   -0.80666789   -0.80570057
   -0.80666792   -0.80857199
   -0.34682766   -0.34363465   -0.33616233   -0.33452538   -0.33733239   -0.34363468   -0.33741962   -0.33096758
   -0.33434518   -0.33434518   -0.33096757   -0.33741970   -0.34363469   -0.33616246   -0.33096769   -0.32951686
   -0.33205877   -0.32951689   -0.33096776   -0.33616252   -0.33741976   -0.33452538   -0.33434509   -0.33205870
   -0.33205874   -0.33434514   -0.33452542   -0.33096777   -0.33096770   -0.33733225   -0.33434508   -0.32951687
   -0.33434513   -0.33733229
   -0.34682762   -0.34317273   -0.33342735   -0.32060294   -0.31089284   -0.34317277   -0.33692781   -0.32597202
   -0.31493615   -0.31493612   -0.32597208   -0.33692778   -0.34317279   -0.33342741   -0.32597195   -0.31859411
   -0.31492861   -0.31859417   -0.32597198   -0.33342743   -0.33692790   -0.32060299   -0.31493602   -0.31492845
   -0.31492845   -0.31493600   -0.32060302   -0.32597213   -0.32597216   -0.31089270   -0.31493615   -0.31859414
   -0.31493617   -0.31089271
   -0.29418945   -0.29649813   -0.30583974   -0.30791744   -0.30323058   -0.29649811   -0.30346783   -0.31253420
   -0.30988881   -0.30988880   -0.31253411   -0.30346775   -0.29649807   -0.30583958   -0.31253416   -0.31501508
   -0.31327019   -0.31501492   -0.31253404   -0.30583949   -0.30346769   -0.30791743   -0.30988907   -0.31327046
   -0.31327041   -0.30988903   -0.30791737   -0.31253402   -0.31253405   -0.30323076   -0.30988897   -0.31501512
   -0.30988895   -0.30323071
   -0.27178353   -0.27429426   -0.28141516   -0.29174820   -0.30045292   -0.27429449   -0.27921595   -0.28534044
   -0.29082841   -0.29082852   -0.28534061   -0.27921609   -0.27429470   -0.28141542   -0.28534062   -0.28448175
   -0.28187436   -0.28448204   -0.28534087   -0.28141561   -0.27921621   -0.29174851   -0.29082873   -0.28187458
   -0.28187472   -0.29082894   -0.29174869   -0.28534086   -0.28534078   -0.30045344   -0.29082883   -0.28448217
   -0.29082894   -0.30045365
   -0.27178302   -0.27366355   -0.27114056   -0.26516313   -0.26336273   -0.27366335   -0.27253467   -0.26793392
   -0.26343351   -0.26343343   -0.26793379   -0.27253449   -0.27366306   -0.27114039   -0.26793383   -0.26521607
   -0.26233920   -0.26521585   -0.26793365   -0.27114023   -0.27253435   -0.26516301   -0.26343335   -0.26233909
   -0.26233930   -0.26343336   -0.26516298   -0.26793364   -0.26793369   -0.26336256   -0.26343332   -0.26521584
   -0.26343341   -0.26336268
   -0.27151172   -0.26876125   -0.26293585   -0.25909289   -0.25802095   -0.26876118   -0.26411910   -0.25936704
   -0.25878780   -0.25878783   -0.25936707   -0.26411917   -0.26876126   -0.26293575   -0.25936699   -0.25857118
   -0.26202857   -0.25857121   -0.25936698   -0.26293575   -0.26411910   -0.25909276   -0.25878772   -0.26202848
   -0.26202817   -0.25878755   -0.25909263   -0.25936688   -0.25936692   -0.25802085   -0.25878767   -0.25857103
   -0.25878746   -0.25802058
   -0.15709101   -0.15667096   -0.15671076   -0.15838592   -0.16060248   -0.15667096   -0.15667506   -0.15760424
   -0.15963345   -0.15963348   -0.15760427   -0.15667506   -0.15667096   -0.15671079   -0.15760425   -0.15860745
   -0.15857849   -0.15860751   -0.15760427   -0.15671080   -0.15667509   -0.15838592   -0.15963344   -0.15857848
   -0.15857849   -0.15963345   -0.15838589   -0.15760427   -0.15760428   -0.16060246   -0.15963346   -0.15860749
   -0.15963344   -0.16060244
   -0.15634064   -0.15639918   -0.15592529   -0.15821817   -0.15929898   -0.15639920   -0.15586019   -0.15653258
   -0.15808294   -0.15808295   -0.15653260   -0.15586018   -0.15639921   -0.15592530   -0.15653258   -0.15723257
   -0.15743538   -0.15723257   -0.15653261   -0.15592528   -0.15586018   -0.15821820   -0.15808296   -0.15743538
   -0.15743539   -0.15808299   -0.15821823   -0.15653261   -0.15653260   -0.15929901   -0.15808296   -0.15723256
   -0.15808298   -0.15929905
   -0.15634060   -0.15570202   -0.15434804   -0.15612194   -0.15635307   -0.15570200   -0.15482270   -0.15537031
   -0.15622612   -0.15622612   -0.15537031   -0.15482271   -0.15570200   -0.15434805   -0.15537032   -0.15453370
   -0.15484666   -0.15453370   -0.15537031   -0.15434805   -0.15482273   -0.15612194   -0.15622612   -0.15484666
   -0.15484665   -0.15622613   -0.15612196   -0.15537030   -0.15537031   -0.15635308   -0.15622611   -0.15453368
   -0.15622612   -0.15635309
   -0.15112343   -0.15174183   -0.15427665   -0.15467918   -0.15463048   -0.15174185   -0.15367755   -0.15396263
   -0.15459784   -0.15459783   -0.15396264   -0.15367754   -0.15174185   -0.15427668   -0.15396265   -0.15423029
   -0.15484360   -0.15423027   -0.15396266   -0.15427670   -0.15367757   -0.15467919   -0.15459784   -0.15484359
   -0.15484360   -0.15459783   -0.15467918   -0.15396266   -0.15396267   -0.15463048   -0.15459784   -0.15423025
   -0.15459783   -0.15463047
   -0.14346082   -0.14647459   -0.15227119   -0.15305755   -0.15289903   -0.14647459   -0.14876887   -0.15263942
   -0.15271104   -0.15271104   -0.15263941   -0.14876890   -0.14647452   -0.15227118   -0.15263942   -0.15319080
   -0.15258335   -0.15319084   -0.15263941   -0.15227115   -0.14876886   -0.15305755   -0.15271104   -0.15258338
   -0.15258339   -0.15271107   -0.15305758   -0.15263941   -0.15263941   -0.15289903   -0.15271105   -0.15319087
   -0.15271108   -0.15289906
   -0.14346072   -0.14494338   -0.14653962   -0.14667873   -0.14657645   -0.14494333   -0.14810609   -0.14876015
   -0.14857053   -0.14857053   -0.14876016   -0.14810611   -0.14494343   -0.14653954   -0.14876010   -0.15105406
   -0.15212977   -0.15105407   -0.14876018   -0.14653964   -0.14810608   -0.14667866   -0.14857049   -0.15212977
   -0.15212979   -0.14857058   -0.14667877   -0.14876018   -0.14876011   -0.14657640   -0.14857049   -0.15105410
   -0.14857058   -0.14657651
   -0.14279579   -0.14287129   -0.14293056   -0.14252150   -0.14200205   -0.14287126   -0.14303266   -0.14345026
   -0.14349754   -0.14349755   -0.14345028   -0.14303268   -0.14287127   -0.14293048   -0.14345020   -0.14539313
   -0.14655961   -0.14539316   -0.14345025   -0.14293052   -0.14303262   -0.14252138   -0.14349745   -0.14655956
   -0.14655958   -0.14349751   -0.14252144   -0.14345020   -0.14345017   -0.14200195   -0.14349744   -0.14539308
   -0.14349749   -0.14200201
   -0.04567722   -0.04781278   -0.05180627   -0.05721848   -0.06023029   -0.04781272   -0.05069389   -0.05544398
   -0.05994331   -0.05994328   -0.05544393   -0.05069386   -0.04781272   -0.05180620   -0.05544395   -0.05983834
   -0.06189862   -0.05983827   -0.05544387   -0.05180615   -0.05069379   -0.05721843   -0.05994325   -0.06189857
   -0.06189853   -0.05994315   -0.05721833   -0.05544381   -0.05544384   -0.06023024   -0.05994320   -0.05983819
   -0.05994312   -0.06023013
   -0.03659166   -0.03741226   -0.03969052   -0.04189880   -0.04261272   -0.03741232   -0.03737993   -0.03766990
   -0.03845910   -0.03845920   -0.03767013   -0.03737996   -0.03741199   -0.03969058   -0.03766991   -0.03227673
   -0.02948177   -0.03227711   -0.03767001   -0.03969039   -0.03738004   -0.04189881   -0.03845910   -0.02948179
   -0.02948198   -0.03845916   -0.04189873   -0.03767008   -0.03767020   -0.04261270   -0.03845922   -0.03227719
   -0.03845918   -0.04261264
   -0.03659112   -0.03198256   -0.02142612   -0.01161271   -0.00772855   -0.03198256   -0.02581095   -0.01768086
   -0.01177019   -0.01177004   -0.01768056   -0.02581094   -0.03198292   -0.02142615   -0.01768090   -0.01763035
   -0.01831181   -0.01762986   -0.01768075   -0.02142639   -0.02581093   -0.01161277   -0.01177025   -0.01831181
   -0.01831157   -0.01177012   -0.01161286   -0.01768071   -0.01768056   -0.00772862   -0.01177007   -0.01762982
   -0.01177009   -0.00772864
    0.08532627    0.08617574    0.08606938    0.08767197    0.09491041    0.08617550    0.08484265    0.08585245
    0.09339477    0.09339488    0.08585277    0.08484310    0.08617572    0.08606896    0.08585229    0.09338222
    0.10731573    0.09338262    0.08585293    0.08606947    0.08484257    0.08767148    0.09339436    0.10731579
    0.10731577    0.09339508    0.08767219    0.08585239    0.08585207    0.09490953    0.09339405    0.09338180
    0.09339466    0.09491048
    0.16078921    0.15333519    0.13843741    0.11927215    0.10395151    0.15333391    0.14362549    0.12936712
    0.11117007    0.11117016    0.12936739    0.14362586    0.15333415    0.13843679    0.12936674    0.12023284
    0.10756978    0.12023331    0.12936720    0.13843713    0.14362486    0.11927183    0.11116973    0.10756852
    0.10756918    0.11117010    0.11927222    0.12936692    0.12936673    0.10395166    0.11117002    0.12023274
    0.11117030    0.10395188
    0.16079093    0.15653847    0.15437621    0.15362141    0.15342496    0.15653996    0.15480596    0.14930784
    0.14629993    0.14629993    0.14930782    0.15480588    0.15653993    0.15437788    0.14930881    0.13607638
    0.12872194    0.13607622    0.14930885    0.15437797    0.15480783    0.15362322    0.14630149    0.12872355
    0.12872338    0.14630162    0.15362344    0.14931010    0.14931004    0.15342681    0.14630189    0.13607819
    0.14630202    0.15342709
    0.18290014    0.18700678    0.22321717    0.27367631    0.30410278    0.18700712    0.21049051    0.25418246
    0.29590428    0.29590454    0.25418273    0.21049061    0.18700710    0.22321690    0.25418220    0.29120629
    0.30803170    0.29120673    0.25418253    0.22321697    0.21049029    0.27367592    0.29590383    0.30803144
    0.30803168    0.29590437    0.27367621    0.25418219    0.25418213    0.30410249    0.29590402    0.29120631
    0.29590431    0.30410301
    0.18472372    0.21848820    0.28311047    0.33422281    0.35192410    0.21848836    0.28588039    0.36230610
    0.39800078    0.39800021    0.36230560    0.28588093    0.21848981    0.28311028    0.36230617    0.44001063
    0.45881154    0.44000907    0.36230698    0.28311183    0.28588285    0.33422239    0.39800145    0.45880942
    0.45880850    0.39800204    0.33422381    0.36230805    0.36230674    0.35192361    0.39800036    0.44000614
    0.39800151    0.35192491
    0.18472602    0.26814425    0.38919087    0.43415641    0.42896586    0.26814357    0.35079263    0.42208155
    0.43998930    0.43998924    0.42208101    0.35079149    0.26814199    0.38918991    0.42208065    0.44878541
    0.46314463    0.44878593    0.42207915    0.38918847    0.35078928    0.43415496    0.43998734    0.46314644
    0.46314701    0.43998631    0.43415387    0.42207818    0.42207914    0.42896412    0.43998787    0.44878877
    0.43998689    0.42896302
 
 Eigenvalues /eV
  -22.51716757  -22.46055871  -22.31905339  -22.15539884  -22.02401127  -22.46055890  -22.36167702  -22.21186465
  -22.07135276  -22.07135100  -22.21186342  -22.36167638  -22.46055872  -22.31905400  -22.21186495  -22.09316378
  -22.01659741  -22.09316121  -22.21186347  -22.31905337  -22.36167686  -22.15539947  -22.07135259  -22.01659624
  -22.01659165  -22.07135028  -22.15539855  -22.21186397  -22.21186422  -22.02400904  -22.07135120  -22.09316170
  -22.07135064  -22.02400376
  -21.52446953  -21.58267461  -21.72368464  -21.87812797  -22.00235500  -21.58267443  -21.68169710  -21.82336147
  -21.95054821  -21.95055008  -21.82336297  -21.68169799  -21.58267471  -21.72368416  -21.82336131  -21.92422551
  -21.99012828  -21.92422838  -21.82336320  -21.72368506  -21.68169753  -21.87812766  -21.95054866  -21.99012955
  -21.99013429  -21.95055134  -21.87812893  -21.82336270  -21.82336231  -22.00235765  -21.95055016  -21.92422796
  -21.95055097  -22.00236328
   -9.43766090   -9.35077447   -9.14744243   -9.10289886   -9.17928145   -9.35077528   -9.18165496   -9.00608611
   -9.09799534   -9.09799531   -9.00608588   -9.18165728   -9.35077557   -9.14744607   -9.00608918   -8.96660993
   -9.03577892   -8.96661092   -9.00609091   -9.14744764   -9.18165873   -9.10289861   -9.09799284   -9.03577707
   -9.03577813   -9.09799419   -9.10289995   -9.00609128   -9.00608933   -9.17927764   -9.09799244   -8.96661017
   -9.09799382   -9.17927868
   -9.43765961   -9.33820516   -9.07301979   -8.72404986   -8.45982449   -9.33820622   -9.16827227   -8.87014985
   -8.56984869   -8.56984791   -8.87015155   -9.16827149   -9.33820663   -9.07302153   -8.87014793   -8.66938693
   -8.56964350   -8.66938854   -8.87014883   -9.07302209   -9.16827466   -8.72405127   -8.56984509   -8.56963924
   -8.56963922   -8.56984459   -8.72405217   -8.87015299   -8.87015378   -8.45982077   -8.56984880   -8.66938764
   -8.56984908   -8.45982100
   -8.00530224   -8.06812455   -8.32232274   -8.37885984   -8.25132403   -8.06812394   -8.25777968   -8.50448827
   -8.43250354   -8.43250318   -8.50448578   -8.25777766   -8.06812296   -8.32231840   -8.50448710   -8.57199638
   -8.52451572   -8.57199220   -8.50448400   -8.32231591   -8.25777609   -8.37885959   -8.43251050   -8.52452298
   -8.52452158   -8.43250961   -8.37885805   -8.50448350   -8.50448410   -8.25132882   -8.43250790   -8.57199750
   -8.43250736   -8.25132743
   -7.39560610   -7.46392657   -7.65769614   -7.93887240   -8.17574002   -7.46393288   -7.59785260   -7.76450844
   -7.91384376   -7.91384664   -7.76451294   -7.59785633   -7.46393861   -7.65770310   -7.76451337   -7.74114234
   -7.67019147   -7.74115004   -7.76452003   -7.65770847   -7.59785976   -7.93888094   -7.91385235   -7.67019757
   -7.67020135   -7.91385821   -7.93888590   -7.76451990   -7.76451774   -8.17575419   -7.91385502   -7.74115373
   -7.91385799   -8.17575982
   -7.39559231   -7.44676417   -7.37810992   -7.21545592   -7.16646462   -7.44675857   -7.41604577   -7.29085305
   -7.16839050   -7.16838833   -7.29084942   -7.41604087   -7.44675086   -7.37810552   -7.29085059   -7.21689639
   -7.13861294   -7.21689041   -7.29084568   -7.37810099   -7.41603697   -7.21545269   -7.16838623   -7.13860989
   -7.13861556   -7.16838648   -7.21545168   -7.29084537   -7.29084665   -7.16645985   -7.16838534   -7.21689019
   -7.16838777   -7.16646308
   -7.38820989   -7.31336559   -7.15484857   -7.05027625   -7.02110715   -7.31336371   -7.18704638   -7.05773624
   -7.04197438   -7.04197521   -7.05773710   -7.18704842   -7.31336601   -7.15484581   -7.05773482   -7.03607969
   -7.13016005   -7.03608053   -7.05773458   -7.15484573   -7.18704633   -7.05027280   -7.04197225   -7.13015769
   -7.13014923   -7.04196752   -7.05026920   -7.05773198   -7.05773308   -7.02110455   -7.04197071   -7.03607562
   -7.04196516   -7.02109717
   -4.27466392   -4.26323362   -4.26431686   -4.30990021   -4.37021588   -4.26323375   -4.26334535   -4.28862952
   -4.34384727   -4.34384793   -4.28863030   -4.26334539   -4.26323367   -4.26431766   -4.28862993   -4.31592838
   -4.31514019   -4.31592988   -4.28863049   -4.26431790   -4.26334604   -4.30990004   -4.34384703   -4.31513992
   -4.31514014   -4.34384719   -4.30989925   -4.28863050   -4.28863073   -4.37021517   -4.34384746   -4.31592951
   -4.34384696   -4.37021463
   -4.25424528   -4.25583815   -4.24294300   -4.30533537   -4.33474585   -4.25583883   -4.24117148   -4.25946824
   -4.30165574   -4.30165595   -4.25946878   -4.24117133   -4.25583901   -4.24294326   -4.25946822   -4.27851583
   -4.28403477   -4.27851588   -4.25946900   -4.24294283   -4.24117125   -4.30533626   -4.30165607   -4.28403459
   -4.28403486   -4.30165696   -4.30533710   -4.25946903   -4.25946879   -4.33474653   -4.30165615   -4.27851552
   -4.30165683   -4.33474762
   -4.25424424   -4.23686750   -4.20002392   -4.24829402   -4.25458353   -4.23686701   -4.21293994   -4.22784116
   -4.25112889   -4.25112896   -4.22784122   -4.21294035   -4.23686689   -4.20002426   -4.22784154   -4.20507603
   -4.21359204   -4.20507600   -4.22784124   -4.20002426   -4.21294077   -4.24829417   -4.25112911   -4.21359201
   -4.21359178   -4.25112940   -4.24829464   -4.22784088   -4.22784125   -4.25458368   -4.25112883   -4.20507551
   -4.25112905   -4.25458407
   -4.11227763   -4.12910521   -4.19808129   -4.20903474   -4.20770955   -4.12910579   -4.18177882   -4.18953631
   -4.20682139   -4.20682106   -4.18953667   -4.18177875   -4.12910578   -4.19808207   -4.18953691   -4.19681982
   -4.21350870   -4.19681921   -4.18953706   -4.19808255   -4.18177932   -4.20903487   -4.20682130   -4.21350842
   -4.21350882   -4.20682087   -4.20903464   -4.18953717   -4.18953738   -4.20770947   -4.20682118   -4.19681867
   -4.20682108   -4.20770920
   -3.90376750   -3.98577627   -4.14350995   -4.16490791   -4.16059430   -3.98577640   -4.04820705   -4.15352992
   -4.15547876   -4.15547880   -4.15352981   -4.04820787   -3.98577457   -4.14350958   -4.15352982   -4.16853363
   -4.15200420   -4.16853494   -4.15352975   -4.14350877   -4.04820678   -4.16490796   -4.15547889   -4.15200504
   -4.15200541   -4.15547956   -4.16490857   -4.15352969   -4.15352965   -4.16059426   -4.15547919   -4.16853579
   -4.15547981   -4.16059511
   -3.90376479   -3.94411005   -3.98754594   -3.99133133   -3.98854823   -3.94410881   -4.03017171   -4.04796965
   -4.04280976   -4.04280987   -4.04796982   -4.03017241   -3.94411135   -3.98754380   -4.04796839   -4.11039020
   -4.13966176   -4.11039036   -4.04797059   -3.98754661   -4.03017149   -3.99132953   -4.04280872   -4.13966156
   -4.13966211   -4.04281110   -3.99133253   -4.04797048   -4.04796845   -3.98854665   -4.04280885   -4.11039121
   -4.04281111   -3.98854979
   -3.88567109   -3.88772551   -3.88933853   -3.87820725   -3.86407250   -3.88772475   -3.89211668   -3.90348029
   -3.90476673   -3.90476694   -3.90348081   -3.89211732   -3.88772514   -3.88933628   -3.90347867   -3.95634838
   -3.98808994   -3.95634926   -3.90348003   -3.88933741   -3.89211573   -3.87820408   -3.90476429   -3.98808854
   -3.98808920   -3.90476585   -3.87820581   -3.90347867   -3.90347783   -3.86406956   -3.90476407   -3.95634713
   -3.90476543   -3.86407137
   -1.24294049   -1.30105181   -1.40972026   -1.55699408   -1.63894956   -1.30105033   -1.37945097   -1.50870739
   -1.63114034   -1.63113975   -1.50870614   -1.37945006   -1.30105034   -1.40971834   -1.50870667   -1.62828405
   -1.68434707   -1.62828217   -1.50870435   -1.40971706   -1.37944826   -1.55699282   -1.63113892   -1.68434584
   -1.68434464   -1.63113612   -1.55699010   -1.50870271   -1.50870378   -1.63894834   -1.63113757   -1.62828012
   -1.63113537   -1.63894521
   -0.99570963   -1.01803946   -1.08003393   -1.14012444   -1.15955098   -1.01804113   -1.01715974   -1.02505023
   -1.04652544   -1.04652808   -1.02505633   -1.01716058   -1.01803202   -1.08003567   -1.02505032   -0.87829449
   -0.80223988   -0.87830489   -1.02505321   -1.08003057   -1.01716255   -1.14012465   -1.04652532   -0.80224027
   -0.80224541   -1.04652686   -1.14012239   -1.02505512   -1.02505832   -1.15955053   -1.04652870   -0.87830692
   -1.04652760   -1.15954900
   -0.99569508   -0.87028981   -0.58303442   -0.31599785   -0.21030465   -0.87028978   -0.70235182   -0.48112057
   -0.32028324   -0.32027917   -0.48111248   -0.70235129   -0.87029958   -0.58303533   -0.48112170   -0.47974624
   -0.49828957   -0.47973298   -0.48111757   -0.58304169   -0.70235122   -0.31599942   -0.32028473   -0.49828971
   -0.49828320   -0.32028117   -0.31600186   -0.48111654   -0.48111258   -0.21030639   -0.32028003   -0.47973170
   -0.32028055   -0.21030703
    2.32184585    2.34496128    2.34206694    2.38567581    2.58264370    2.34495477    2.30868598    2.33616394
    2.54140105    2.54140412    2.33617269    2.30869828    2.34496066    2.34205556    2.33615970    2.54105954
    2.92020959    2.54107038    2.33617708    2.34206941    2.30868388    2.38566228    2.54138974    2.92021120
    2.92021065    2.54140943    2.38568158    2.33616230    2.33615367    2.58261980    2.54138134    2.54104812
    2.54139796    2.58264553
    4.37529710    4.17246283    3.76707358    3.24556041    2.82866449    4.17242803    3.90824855    3.52025852
    3.02509152    3.02509396    3.52026567    3.90825846    4.17243451    3.76705660    3.52024808    3.27170202
    2.92712264    3.27171472    3.52026057    3.76706607    3.90823131    3.24555167    3.02508240    2.92708825
    2.92710627    3.02509241    3.24556223    3.52025311    3.52024777    2.82866854    3.02509012    3.27169943
    3.02509769    2.82867467
    4.37534369    4.25962844    4.20079041    4.18025138    4.17490547    4.25966902    4.21248443    4.06287316
    3.98102375    3.98102374    4.06287263    4.21248224    4.25966811    4.20083583    4.06289949    3.70282671
    3.50270220    3.70282222    4.06290052    4.20083840    4.21253545    4.18030052    3.98106609    3.50274601
    3.50274149    3.98106959    4.18030648    4.06293458    4.06293302    4.17495605    3.98107698    3.70287602
    3.98108050    4.17496349
    4.97696600    5.08871348    6.07404829    7.44711141    8.27505768    5.08872277    5.72773820    6.91665665
    8.05196526    8.05197220    6.91666392    5.72774085    5.08872202    6.07404090    6.91664948    7.92412629
    8.38196893    7.92413843    6.91665845    6.07404273    5.72773209    7.44710079    8.05195288    8.38196202
    8.38196856    8.05196759    7.44710849    6.91664940    6.91664770    8.27504989    8.05195812    7.92412697
    8.05196588    8.27506386
    5.02658826    5.94536644    7.70382795    9.09466548    9.57634204    5.94537086    7.77920124    9.85885053
   10.83015214   10.83013678    9.85883693    7.77921596    5.94541032    7.70382264    9.85885245   11.97329843
   12.48489724   11.97325605    9.85887441    7.70386494    7.77926804    9.09465396   10.83017035   12.48483960
   12.48481454   10.83018642    9.09469272    9.85890365    9.85886808    9.57632863   10.83014070   11.97317636
   10.83017212    9.57636415
    5.02665071    7.29657632   10.59042249   11.81399704   11.67275485    7.29655773    9.54555321   11.48542338
   11.97271792   11.97271640   11.48540872    9.54552210    7.29651488   10.59039632   11.48539880   12.21207232
   12.60280653   12.21208646   11.48535811   10.59035721    9.54546197   11.81395763   11.97266472   12.60285574
   12.60287138   11.97263657   11.81392788   11.48533170   11.48535774   11.67270753   11.97267915   12.21216369
   11.97265253   11.67267765
 
 Fillings
     1.00000     1.00000     1.00000     1.00000     1.00000     1.00000     1.00000     1.00000
     1.00000     1.00000     1.00000     1.00000     1.00000     1.00000     1.00000     1.00000
     1.00000     1.00000     1.00000     1.00000     1.00000     1.00000     1.00000     1.00000
     1.00000     1.00000     1.00000     1.00000     1.00000     1.00000     1.00000     1.00000
     1.00000     1.00000
     1.00000     1.00000     1.00000     1.00000     1.00000     1.00000     1.00000     1.00000
     1.00000     1.00000     1.00000     1.00000     1.00000     1.00000     1.00000     1.00000
     1.00000     1.00000     1.00000     1.00000     1.00000     1.00000     1.00000     1.00000
     1.00000     1.00000     1.00000     1.00000     1.00000     1.00000     1.00000     1.00000
     1.00000     1.00000
     1.00000     1.00000     1.00000     1.00000     1.00000     1.00000     1.00000     1.00000
     1.00000     1.00000     1.00000     1.00000     1.00000     1.00000     1.00000     1.00000
     1.00000     1.00000     1.00000     1.00000     1.00000     1.00000     1.00000     1.00000
     1.00000     1.00000     1.00000     1.00000     1.00000     1.00000     1.00000     1.00000
     1.00000     1.00000
     1.00000     1.00000     1.00000     1.00000     1.00000     1.00000     1.00000     1.00000
     1.00000     1.00000     1.00000     1.00000     1.00000     1.00000     1.00000     1.00000
     1.00000     1.00000     1.00000     1.00000     1.00000     1.00000     1.00000     1.00000
     1.00000     1.00000     1.00000     1.00000     1.00000     1.00000     1.00000     1.00000
     1.00000     1.00000
     1.00000     1.00000     1.00000     1.00000     1.00000     1.00000     1.00000     1.00000
     1.00000     1.00000     1.00000     1.00000     1.00000     1.00000     1.00000     1.00000
     1.00000     1.00000     1.00000     1.00000     1.00000     1.00000     1.00000     1.00000
     1.00000     1.00000     1.00000     1.00000     1.00000     1.00000     1.00000     1.00000
     1.00000     1.00000
     1.00000     1.00000     1.00000     1.00000     1.00000     1.00000     1.00000     1.00000
     1.00000     1.00000     1.00000     1.00000     1.00000     1.00000     1.00000     1.00000
     1.00000     1.00000     1.00000     1.00000     1.00000     1.00000     1.00000     1.00000
     1.00000     1.00000     1.00000     1.00000     1.00000     1.00000     1.00000     1.00000
     1.00000     1.00000
     1.00000     1.00000     1.00000     1.00000     1.00000     1.00000     1.00000     1.00000
     1.00000     1.00000     1.00000     1.00000     1.00000     1.00000     1.00000     1.00000
     1.00000     1.00000     1.00000     1.00000     1.00000     1.00000     1.00000     1.00000
     1.00000     1.00000     1.00000     1.00000     1.00000     1.00000     1.00000     1.00000
     1.00000     1.00000
     1.00000     1.00000     1.00000     1.00000     1.00000     1.00000     1.00000     1.00000
     1.00000     1.00000     1.00000     1.00000     1.00000     1.00000     1.00000     1.00000
     1.00000     1.00000     1.00000     1.00000     1.00000     1.00000     1.00000     1.00000
     1.00000     1.00000     1.00000     1.00000     1.00000     1.00000     1.00000     1.00000
     1.00000     1.00000
     0.00000     0.00000     0.00000     0.00000     0.00000     0.00000     0.00000     0.00000
     0.00000     0.00000     0.00000     0.00000     0.00000     0.00000     0.00000     0.00000
     0.00000     0.00000     0.00000     0.00000     0.00000     0.00000     0.00000     0.00000
     0.00000     0.00000     0.00000     0.00000     0.00000     0.00000     0.00000     0.00000
     0.00000     0.00000
     0.00000     0.00000     0.00000     0.00000     0.00000     0.00000     0.00000     0.00000
     0.00000     0.00000     0.00000     0.00000     0.00000     0.00000     0.00000     0.00000
     0.00000     0.00000     0.00000     0.00000     0.00000     0.00000     0.00000     0.00000
     0.00000     0.00000     0.00000     0.00000     0.00000     0.00000     0.00000     0.00000
     0.00000     0.00000
     0.00000     0.00000     0.00000     0.00000     0.00000     0.00000     0.00000     0.00000
     0.00000     0.00000     0.00000     0.00000     0.00000     0.00000     0.00000     0.00000
     0.00000     0.00000     0.00000     0.00000     0.00000     0.00000     0.00000     0.00000
     0.00000     0.00000     0.00000     0.00000     0.00000     0.00000     0.00000     0.00000
     0.00000     0.00000
     0.00000     0.00000     0.00000     0.00000     0.00000     0.00000     0.00000     0.00000
     0.00000     0.00000     0.00000     0.00000     0.00000     0.00000     0.00000     0.00000
     0.00000     0.00000     0.00000     0.00000     0.00000     0.00000     0.00000     0.00000
     0.00000     0.00000     0.00000     0.00000     0.00000     0.00000     0.00000     0.00000
     0.00000     0.00000
     0.00000     0.00000     0.00000     0.00000     0.00000     0.00000     0.00000     0.00000
     0.00000     0.00000     0.00000     0.00000     0.00000     0.00000     0.00000     0.00000
     0.00000     0.00000     0.00000     0.00000     0.00000     0.00000     0.00000     0.00000
     0.00000     0.00000     0.00000     0.00000     0.00000     0.00000     0.00000     0.00000
     0.00000     0.00000
     0.00000     0.00000     0.00000     0.00000     0.00000     0.00000     0.00000     0.00000
     0.00000     0.00000     0.00000     0.00000     0.00000     0.00000     0.00000     0.00000
     0.00000     0.00000     0.00000     0.00000     0.00000     0.00000     0.00000     0.00000
     0.00000     0.00000     0.00000     0.00000     0.00000     0.00000     0.00000     0.00000
     0.00000     0.00000
     0.00000     0.00000     0.00000     0.00000     0.00000     0.00000     0.00000     0.00000
     0.00000     0.00000     0.00000     0.00000     0.00000     0.00000     0.00000     0.00000
     0.00000     0.00000     0.00000     0.00000     0.00000     0.00000     0.00000     0.00000
     0.00000     0.00000     0.00000     0.00000     0.00000     0.00000     0.00000     0.00000
     0.00000     0.00000
     0.00000     0.00000     0.00000     0.00000     0.00000     0.00000     0.00000     0.00000
     0.00000     0.00000     0.00000     0.00000     0.00000     0.00000     0.00000     0.00000
     0.00000     0.00000     0.00000     0.00000     0.00000     0.00000     0.00000     0.00000
     0.00000     0.00000     0.00000     0.00000     0.00000     0.00000     0.00000     0.00000
     0.00000     0.00000
     0.00000     0.00000     0.00000     0.00000     0.00000     0.00000     0.00000     0.00000
     0.00000     0.00000     0.00000     0.00000     0.00000     0.00000     0.00000     0.00000
     0.00000     0.00000     0.00000     0.00000     0.00000     0.00000     0.00000     0.00000
     0.00000     0.00000     0.00000     0.00000     0.00000     0.00000     0.00000     0.00000
     0.00000     0.00000
     0.00000     0.00000     0.00000     0.00000     0.00000     0.00000     0.00000     0.00000
     0.00000     0.00000     0.00000     0.00000     0.00000     0.00000     0.00000     0.00000
     0.00000     0.00000     0.00000     0.00000     0.00000     0.00000     0.00000     0.00000
     0.00000     0.00000     0.00000     0.00000     0.00000     0.00000     0.00000     0.00000
     0.00000     0.00000
     0.00000     0.00000     0.00000     0.00000     0.00000     0.00000     0.00000     0.00000
     0.00000     0.00000     0.00000     0.00000     0.00000     0.00000     0.00000     0.00000
     0.00000     0.00000     0.00000     0.00000     0.00000     0.00000     0.00000     0.00000
     0.00000     0.00000     0.00000     0.00000     0.00000     0.00000     0.00000     0.00000
     0.00000     0.00000
     0.00000     0.00000     0.00000     0.00000     0.00000     0.00000     0.00000     0.00000
     0.00000     0.00000     0.00000     0.00000     0.00000     0.00000     0.00000     0.00000
     0.00000     0.00000     0.00000     0.00000     0.00000     0.00000     0.00000     0.00000
     0.00000     0.00000     0.00000     0.00000     0.00000     0.00000     0.00000     0.00000
     0.00000     0.00000
     0.00000     0.00000     0.00000     0.00000     0.00000     0.00000     0.00000     0.00000
     0.00000     0.00000     0.00000     0.00000     0.00000     0.00000     0.00000     0.00000
     0.00000     0.00000     0.00000     0.00000     0.00000     0.00000     0.00000     0.00000
     0.00000     0.00000     0.00000     0.00000     0.00000     0.00000     0.00000     0.00000
     0.00000     0.00000
     0.00000     0.00000     0.00000     0.00000     0.00000     0.00000     0.00000     0.00000
     0.00000     0.00000     0.00000     0.00000     0.00000     0.00000     0.00000     0.00000
     0.00000     0.00000     0.00000     0.00000     0.00000     0.00000     0.00000     0.00000
     0.00000     0.00000     0.00000     0.00000     0.00000     0.00000     0.00000     0.00000
     0.00000     0.00000
     0.00000     0.00000     0.00000     0.00000     0.00000     0.00000     0.00000     0.00000
     0.00000     0.00000     0.00000     0.00000     0.00000     0.00000     0.00000     0.00000
     0.00000     0.00000     0.00000     0.00000     0.00000     0.00000     0.00000     0.00000
     0.00000     0.00000     0.00000     0.00000     0.00000     0.00000     0.00000     0.00000
     0.00000     0.00000
     0.00000     0.00000     0.00000     0.00000     0.00000     0.00000     0.00000     0.00000
     0.00000     0.00000     0.00000     0.00000     0.00000     0.00000     0.00000     0.00000
     0.00000     0.00000     0.00000     0.00000     0.00000     0.00000     0.00000     0.00000
     0.00000     0.00000     0.00000     0.00000     0.00000     0.00000     0.00000     0.00000
     0.00000     0.00000
 
 Nr. of electrons (up):      8.00000000
 Atom populations (up)
  Atom       Population
     1       1.43394102
     2       3.28305560
     3       3.28300338
 
 l-shell populations (up)
  Atom Sh.   l       Population
     1   1   0       0.18184668
     1   2   1       0.33132487
     1   3   2       0.60596111
     1   4   3       0.31480836
     2   1   0       0.92089270
     2   2   1       2.36216290
     3   1   0       0.92088788
     3   2   1       2.36211550
 
 Orbital populations (up)
  Atom Sh.   l   m       Population
     1   1   0   0       0.18184668
     1   2   1  -1       0.11698699
     1   2   1   0       0.09735072
     1   2   1   1       0.11698717
     1   3   2  -2       0.15426899
     1   3   2  -1       0.11454368
     1   3   2   0       0.06833632
     1   3   2   1       0.11454285
     1   3   2   2       0.15426929
     1   4   3  -3       0.13654885
     1   4   3  -2       0.03834306
     1   4   3  -1       0.02269691
     1   4   3   0       0.03321352
     1   4   3   1       0.02269648
     1   4   3   2       0.03834299
     1   4   3   3       0.02296655
     2   1   0   0       0.92089270
     2   2   1  -1       0.75969330
     2   2   1   0       0.84277584
     2   2   1   1       0.75969375
     3   1   0   0       0.92088788
     3   2   1  -1       0.75967813
     3   2   1   0       0.84275880
     3   2   1   1       0.75967858
 
 Block populations (up)
 Atom           1
  0.1818  0.0000  0.0000  0.0000  0.0000  0.0000  0.0529  0.0000  0.0000  0.0000  0.0000  0.0000  0.0000  0.0000  0.0000  0.0000
  0.0000  0.1170  0.0000  0.0000  0.0000  0.0000  0.0000  0.0000  0.0000  0.0000  0.0000  0.0199  0.0000  0.0000  0.0428  0.0000
  0.0000  0.0000  0.0974  0.0000  0.0000  0.0000  0.0000  0.0000  0.0000  0.0262  0.0000  0.0000  0.0362  0.0000  0.0000  0.0000
  0.0000  0.0000  0.0000  0.1170  0.0000  0.0000  0.0000  0.0000  0.0000  0.0000  0.0428  0.0000  0.0000  0.0199  0.0000  0.0000
  0.0000  0.0000  0.0000  0.0000  0.1543  0.0000  0.0000 -0.0609  0.0000  0.0000  0.0000  0.0000  0.0000  0.0000  0.0000  0.0000
  0.0000  0.0000  0.0000  0.0000  0.0000  0.1145  0.0000  0.0000 -0.0609  0.0000  0.0000  0.0000  0.0000  0.0000  0.0000  0.0000
  0.0529  0.0000  0.0000  0.0000  0.0000  0.0000  0.0683  0.0000  0.0000  0.0000  0.0000  0.0000  0.0000  0.0000  0.0000  0.0000
  0.0000  0.0000  0.0000  0.0000 -0.0609  0.0000  0.0000  0.1145  0.0000  0.0000  0.0000  0.0000  0.0000  0.0000  0.0000  0.0000
  0.0000  0.0000  0.0000  0.0000  0.0000 -0.0609  0.0000  0.0000  0.1543  0.0000  0.0000  0.0000  0.0000  0.0000  0.0000  0.0000
  0.0000  0.0000  0.0262  0.0000  0.0000  0.0000  0.0000  0.0000  0.0000  0.1365  0.0000  0.0000  0.0599  0.0000  0.0000  0.0000
  0.0000  0.0000  0.0000  0.0428  0.0000  0.0000  0.0000  0.0000  0.0000  0.0000  0.0383  0.0000  0.0000 -0.0016  0.0000  0.0000
  0.0000  0.0199  0.0000  0.0000  0.0000  0.0000  0.0000  0.0000  0.0000  0.0000  0.0000  0.0227  0.0000  0.0000 -0.0016  0.0000
  0.0000  0.0000  0.0362  0.0000  0.0000  0.0000  0.0000  0.0000  0.0000  0.0599  0.0000  0.0000  0.0332  0.0000  0.0000  0.0000
  0.0000  0.0000  0.0000  0.0199  0.0000  0.0000  0.0000  0.0000  0.0000  0.0000 -0.0016  0.0000  0.0000  0.0227  0.0000  0.0000
  0.0000  0.0428  0.0000  0.0000  0.0000  0.0000  0.0000  0.0000  0.0000  0.0000  0.0000 -0.0016  0.0000  0.0000  0.0383  0.0000
  0.0000  0.0000  0.0000  0.0000  0.0000  0.0000  0.0000  0.0000  0.0000  0.0000  0.0000  0.0000  0.0000  0.0000  0.0000  0.0230
 Atom           2
  0.9209  0.0000 -0.0384  0.0000
  0.0000  0.7597  0.0000  0.0000
 -0.0384  0.0000  0.8428  0.0000
  0.0000  0.0000  0.0000  0.7597
 Atom           3
  0.9209  0.0000  0.0384  0.0000
  0.0000  0.7597  0.0000  0.0000
  0.0384  0.0000  0.8428  0.0000
  0.0000  0.0000  0.0000  0.7597
 
 Nr. of electrons (down):      8.00000000
 Atom populations (down)
  Atom       Population
     1       1.43394102
     2       3.28305560
     3       3.28300338
 
 l-shell populations (down)
  Atom Sh.   l       Population
     1   1   0       0.18184668
     1   2   1       0.33132487
     1   3   2       0.60596111
     1   4   3       0.31480836
     2   1   0       0.92089270
     2   2   1       2.36216290
     3   1   0       0.92088788
     3   2   1       2.36211550
 
 Orbital populations (down)
  Atom Sh.   l   m       Population
     1   1   0   0       0.18184668
     1   2   1  -1       0.11698699
     1   2   1   0       0.09735072
     1   2   1   1       0.11698717
     1   3   2  -2       0.15426899
     1   3   2  -1       0.11454368
     1   3   2   0       0.06833632
     1   3   2   1       0.11454285
     1   3   2   2       0.15426929
     1   4   3  -3       0.13654885
     1   4   3  -2       0.03834306
     1   4   3  -1       0.02269691
     1   4   3   0       0.03321352
     1   4   3   1       0.02269648
     1   4   3   2       0.03834299
     1   4   3   3       0.02296655
     2   1   0   0       0.92089270
     2   2   1  -1       0.75969330
     2   2   1   0       0.84277584
     2   2   1   1       0.75969375
     3   1   0   0       0.92088788
     3   2   1  -1       0.75967813
     3   2   1   0       0.84275880
     3   2   1   1       0.75967858
 
 Block populations (down)
 Atom           1
  0.1818  0.0000  0.0000  0.0000  0.0000  0.0000  0.0529  0.0000  0.0000  0.0000  0.0000  0.0000  0.0000  0.0000  0.0000  0.0000
  0.0000  0.1170  0.0000  0.0000  0.0000  0.0000  0.0000  0.0000  0.0000  0.0000  0.0000  0.0199  0.0000  0.0000  0.0428  0.0000
  0.0000  0.0000  0.0974  0.0000  0.0000  0.0000  0.0000  0.0000  0.0000  0.0262  0.0000  0.0000  0.0362  0.0000  0.0000  0.0000
  0.0000  0.0000  0.0000  0.1170  0.0000  0.0000  0.0000  0.0000  0.0000  0.0000  0.0428  0.0000  0.0000  0.0199  0.0000  0.0000
  0.0000  0.0000  0.0000  0.0000  0.1543  0.0000  0.0000 -0.0609  0.0000  0.0000  0.0000  0.0000  0.0000  0.0000  0.0000  0.0000
  0.0000  0.0000  0.0000  0.0000  0.0000  0.1145  0.0000  0.0000 -0.0609  0.0000  0.0000  0.0000  0.0000  0.0000  0.0000  0.0000
  0.0529  0.0000  0.0000  0.0000  0.0000  0.0000  0.0683  0.0000  0.0000  0.0000  0.0000  0.0000  0.0000  0.0000  0.0000  0.0000
  0.0000  0.0000  0.0000  0.0000 -0.0609  0.0000  0.0000  0.1145  0.0000  0.0000  0.0000  0.0000  0.0000  0.0000  0.0000  0.0000
  0.0000  0.0000  0.0000  0.0000  0.0000 -0.0609  0.0000  0.0000  0.1543  0.0000  0.0000  0.0000  0.0000  0.0000  0.0000  0.0000
  0.0000  0.0000  0.0262  0.0000  0.0000  0.0000  0.0000  0.0000  0.0000  0.1365  0.0000  0.0000  0.0599  0.0000  0.0000  0.0000
  0.0000  0.0000  0.0000  0.0428  0.0000  0.0000  0.0000  0.0000  0.0000  0.0000  0.0383  0.0000  0.0000 -0.0016  0.0000  0.0000
  0.0000  0.0199  0.0000  0.0000  0.0000  0.0000  0.0000  0.0000  0.0000  0.0000  0.0000  0.0227  0.0000  0.0000 -0.0016  0.0000
  0.0000  0.0000  0.0362  0.0000  0.0000  0.0000  0.0000  0.0000  0.0000  0.0599  0.0000  0.0000  0.0332  0.0000  0.0000  0.0000
  0.0000  0.0000  0.0000  0.0199  0.0000  0.0000  0.0000  0.0000  0.0000  0.0000 -0.0016  0.0000  0.0000  0.0227  0.0000  0.0000
  0.0000  0.0428  0.0000  0.0000  0.0000  0.0000  0.0000  0.0000  0.0000  0.0000  0.0000 -0.0016  0.0000  0.0000  0.0383  0.0000
  0.0000  0.0000  0.0000  0.0000  0.0000  0.0000  0.0000  0.0000  0.0000  0.0000  0.0000  0.0000  0.0000  0.0000  0.0000  0.0230
 Atom           2
  0.9209  0.0000 -0.0384  0.0000
  0.0000  0.7597  0.0000  0.0000
 -0.0384  0.0000  0.8428  0.0000
  0.0000  0.0000  0.0000  0.7597
 Atom           3
  0.9209  0.0000  0.0384  0.0000
  0.0000  0.7597  0.0000  0.0000
  0.0384  0.0000  0.8428  0.0000
  0.0000  0.0000  0.0000  0.7597
 
 Spin up
 Fermi energy:                      -0.1821718441 H           -4.9571 eV
 Band energy:                       -3.3990817845 H          -92.4937 eV
 TS:                                 0.0000000000 H            0.0000 eV
 Band free energy (E-TS):           -3.3990817845 H          -92.4937 eV
 Extrapolated E(0K):                -3.3990817845 H          -92.4937 eV
 Input/Output electrons (up):      8.00000000      8.00000000
 
 Spin down
 Fermi energy:                      -0.1821718441 H           -4.9571 eV
 Band energy:                       -3.3990817845 H          -92.4937 eV
 TS:                                 0.0000000000 H            0.0000 eV
 Band free energy (E-TS):           -3.3990817845 H          -92.4937 eV
 Extrapolated E(0K):                -3.3990817845 H          -92.4937 eV
 Input/Output electrons (down):      8.00000000      8.00000000
 
 Energy H0:                         -7.9056675457 H         -215.1242 eV
 Energy SCC:                         0.0699141241 H            1.9025 eV
 Energy SPIN:                        0.0000000000 H            0.0000 eV
 Energy DFTB+U:                      0.0731298786 H            1.9900 eV
 Total Electronic energy:           -7.7626235430 H         -211.2317 eV
 Repulsive energy:                   0.3123647265 H            8.4999 eV
 Total energy:                      -7.4502588165 H         -202.7319 eV
 Total Mermin free energy:          -7.4502588165 H         -202.7319 eV
 
 SCC converged
 
 Full geometry written in test.{xyz|gen}
 
 Total Forces
 -1.198353730100409E-006 -2.398957335377014E-010  1.371464882458928E-006
  2.653620646190939E-007 -1.492171540562430E-006  2.336336460545420E-002
  9.329916654790661E-007  1.492411436287243E-006 -2.336473607033659E-002
 
 Total stress tensor
     -0.000025708450     -0.000000000340     -0.000000000343
     -0.000000000340     -0.000025707942      0.000000000807
     -0.000000000343     -0.000000001532      0.000023989689
 
 Total lattice derivs
      0.010221583428      0.005901393794     -0.000000049018
      0.000000155977      0.011802549136     -0.000000370559
      0.000000014668      0.000000065574     -0.001026660767
 
 Maximal derivative component:       0.233647E-01 au
 Max force for moved atoms::         0.233647E-01 au
 
 Volume:                             0.279496E+04 au^3
 Pressure:                          -0.914223E-05 au    -0.268974E+09 Pa
 
 Geometry converged
 
