# Reference      Predicted      Error          #atoms         
-1.38948        -0.43568        0.95380         16.00000       
-1.52465        -0.43568        1.08897         16.00000       
-1.71431        -0.43568        1.27863         16.00000       
-1.95406        -0.43568        1.51838         16.00000       
-2.17830        -0.43568        1.74262         16.00000       
-2.08571        -0.27433        1.81137         16.00000       
-0.48602        1.54763         2.03365         16.00000       
-1.00496        -0.43568        0.56928         16.00000       
-1.09645        -0.43568        0.66077         16.00000       
-1.22947        -0.43568        0.79379         16.00000       
-1.41346        -0.43568        0.97778         16.00000       
-1.64747        -0.43568        1.21179         16.00000       
-1.88089        -0.43568        1.44521         16.00000       
-1.87060        -0.34311        1.52749         16.00000       
-0.74354        -0.43568        0.30786         16.00000       
-0.80472        -0.43568        0.36904         16.00000       
-0.89487        -0.43568        0.45919         16.00000       
-1.02311        -0.43568        0.58743         16.00000       
-1.19906        -0.43568        0.76338         16.00000       
-1.42444        -0.43568        0.98876         16.00000       
-1.66076        -0.43568        1.22508         16.00000       
-0.56472        -0.43568        0.12904         16.00000       
-0.60558        -0.43568        0.16990         16.00000       
-0.66627        -0.43568        0.23059         16.00000       
-0.75338        -0.43568        0.31770         16.00000       
-0.87566        -0.43568        0.43998         16.00000       
-1.04276        -0.43568        0.60708         16.00000       
-1.25842        -0.43568        0.82274         16.00000       
-0.44100        -0.43568        0.00532         16.00000       
-0.46830        -0.43568        0.03262         16.00000       
-0.50928        -0.43568        0.07360         16.00000       
-0.56832        -0.43568        0.13264         16.00000       
-0.65168        -0.43568        0.21600         16.00000       
-0.76771        -0.43568        0.33203         16.00000       
-0.92596        -0.43568        0.49028         16.00000       
-0.35423        -0.43568        0.08145         16.00000       
-0.37244        -0.43568        0.06324         16.00000       
-0.40027        -0.43568        0.03541         16.00000       
-0.44057        -0.43568        0.00489         16.00000       
-0.49749        -0.43568        0.06181         16.00000       
-0.57692        -0.43568        0.14124         16.00000       
-0.68684        -0.43568        0.25116         16.00000       
-0.29251        -0.43568        0.14317         16.00000       
-0.30456        -0.43568        0.13112         16.00000       
-0.32356        -0.43568        0.11212         16.00000       
-0.35134        -0.43568        0.08434         16.00000       
-0.39060        -0.43568        0.04508         16.00000       
-0.44526        -0.43568        0.00957         16.00000       
-0.52087        -0.43568        0.08519         16.00000       
-0.24801        -0.43568        0.18767         16.00000       
-0.25581        -0.43568        0.17987         16.00000       
-0.26882        -0.43568        0.16686         16.00000       
-0.28818        -0.43568        0.14750         16.00000       
-0.31563        -0.43568        0.12005         16.00000       
-0.35373        -0.43568        0.08195         16.00000       
-0.40615        -0.43568        0.02953         16.00000       
-0.21548        -0.43568        0.22020         16.00000       
-0.22034        -0.43568        0.21534         16.00000       
-0.22921        -0.43568        0.20647         16.00000       
-0.24284        -0.43568        0.19284         16.00000       
-0.26233        -0.43568        0.17335         16.00000       
-0.28933        -0.43568        0.14635         16.00000       
-0.32625        -0.43568        0.10943         16.00000       
-0.19142        -0.43568        0.24426         16.00000       
-0.19419        -0.43568        0.24149         16.00000       
-0.20018        -0.43568        0.23550         16.00000       
-0.20985        -0.43568        0.22583         16.00000       
-0.22390        -0.43568        0.21178         16.00000       
-0.24341        -0.43568        0.19227         16.00000       
-0.26992        -0.43568        0.16576         16.00000       
-0.17340        -0.43568        0.26228         16.00000       
-0.17468        -0.43568        0.26100         16.00000       
-0.17864        -0.43568        0.25704         16.00000       
-0.18554        -0.43568        0.25015         16.00000       
-0.19583        -0.43568        0.23985         16.00000       
-0.21020        -0.43568        0.22548         16.00000       
-0.22966        -0.43568        0.20602         16.00000       
-0.15976        -0.43568        0.27592         16.00000       
-0.15996        -0.43568        0.27572         16.00000       
-0.16246        -0.43568        0.27322         16.00000       
-0.16739        -0.43568        0.26829         16.00000       
-0.17505        -0.43568        0.26063         16.00000       
-0.18585        -0.43568        0.24983         16.00000       
-0.20048        -0.43568        0.23520         16.00000       
-0.14932        -0.43568        0.28636         16.00000       
-0.14874        -0.43568        0.28694         16.00000       
-0.15017        -0.43568        0.28551         16.00000       
-0.15370        -0.43568        0.28198         16.00000       
-0.15948        -0.43568        0.27620         16.00000       
-0.16778        -0.43568        0.26790         16.00000       
-0.17904        -0.43568        0.25664         16.00000       
-0.14127        -0.43568        0.29442         16.00000       
-0.14009        -0.43568        0.29559         16.00000       
-0.14075        -0.43568        0.29493         16.00000       
-0.14326        -0.43568        0.29242         16.00000       
-0.14769        -0.43568        0.28799         16.00000       
-0.15421        -0.43568        0.28147         16.00000       
-0.16309        -0.43568        0.27259         16.00000       
-0.13499        -0.43568        0.30070         16.00000       
-0.13337        -0.43568        0.30231         16.00000       
-0.13346        -0.43568        0.30222         16.00000       
-0.13521        -0.43568        0.30047         16.00000       
-0.13891        -0.43568        0.29677         16.00000       
-0.14447        -0.43568        0.29122         16.00000       
-0.15196        -0.43568        0.28373         16.00000       
-0.13005        -0.43568        0.30563         16.00000       
-0.12843        -0.43568        0.30725         16.00000       
-0.12839        -0.43568        0.30729         16.00000       
-0.12986        -0.43568        0.30582         16.00000       
-0.13286        -0.43568        0.30282         16.00000       
-0.13740        -0.43568        0.29828         16.00000       
-0.14362        -0.43568        0.29206         16.00000       
-0.13005        -0.43568        0.30563         16.00000       
-0.12689        -0.43568        0.30879         16.00000       
-0.12593        -0.43568        0.30975         16.00000       
-0.12671        -0.43568        0.30897         16.00000       
-0.12912        -0.43568        0.30657         16.00000       
-0.13293        -0.43568        0.30275         16.00000       
-0.13820        -0.43568        0.29748         16.00000       
-0.13005        -0.43568        0.30563         16.00000       
-0.12689        -0.43568        0.30879         16.00000       
-0.12501        -0.43568        0.31067         16.00000       
-0.12505        -0.43568        0.31063         16.00000       
-0.12663        -0.43568        0.30905         16.00000       
-0.12947        -0.43568        0.30621         16.00000       
-0.13403        -0.43568        0.30165         16.00000       
-0.13005        -0.43568        0.30563         16.00000       
-0.12689        -0.43568        0.30879         16.00000       
-0.12501        -0.43568        0.31067         16.00000       
-0.12428        -0.43568        0.31140         16.00000       
-0.12523        -0.43568        0.31045         16.00000       
-0.12773        -0.43568        0.30795         16.00000       
-0.13142        -0.43568        0.30426         16.00000       
-0.13005        -0.43568        0.30563         16.00000       
-0.12689        -0.43568        0.30879         16.00000       
-0.12501        -0.43568        0.31067         16.00000       
-0.12428        -0.43568        0.31140         16.00000       
-0.12460        -0.43568        0.31108         16.00000       
-0.12637        -0.43568        0.30931         16.00000       
-0.12973        -0.43568        0.30595         16.00000       
-0.13005        -0.43568        0.30563         16.00000       
-0.12689        -0.43568        0.30879         16.00000       
-0.12501        -0.43568        0.31067         16.00000       
-0.12428        -0.43568        0.31140         16.00000       
-0.12460        -0.43568        0.31108         16.00000       
-0.12589        -0.43568        0.30979         16.00000       
-0.12840        -0.43568        0.30728         16.00000       
# MSE = 2.57912E-01
# Maxerror = 2.03365E+00
