# Reference      Predicted      Error          #atoms         
-21.09414       -21.21880       0.12466         8.00000        
-35.85786       -35.88859       0.03073         8.00000        
-31.86992       -32.00169       0.13177         8.00000        
-35.73328       -35.77664       0.04336         8.00000        
-35.82884       -35.87540       0.04656         8.00000        
-32.64646       -32.70327       0.05681         8.00000        
-32.35750       -32.42596       0.06847         8.00000        
-31.64489       -31.68453       0.03964         8.00000        
-35.11329       -35.03102       0.08227         8.00000        
-34.47745       -34.37021       0.10724         8.00000        
-34.81439       -34.71703       0.09736         8.00000        
-33.48307       -33.52122       0.03816         8.00000        
-35.57815       -35.59629       0.01813         8.00000        
-31.36689       -31.56966       0.20277         8.00000        
-35.46841       -35.45523       0.01318         8.00000        
-35.81232       -35.81506       0.00273         8.00000        
-34.17020       -34.16694       0.00326         8.00000        
-25.62378       -25.59199       0.03179         8.00000        
-35.15063       -35.12237       0.02826         8.00000        
-34.10659       -34.00477       0.10182         8.00000        
-33.70567       -33.62705       0.07862         8.00000        
-29.07680       -29.04393       0.03287         8.00000        
-27.47247       -27.41802       0.05445         8.00000        
-32.82798       -32.83557       0.00759         8.00000        
-33.27817       -33.23601       0.04215         8.00000        
-23.50683       -23.65171       0.14487         8.00000        
-34.72201       -34.69423       0.02778         8.00000        
-35.68580       -35.67423       0.01157         8.00000        
-35.36956       -35.33817       0.03140         8.00000        
-30.46110       -30.46759       0.00649         8.00000        
-11.02388       -10.92051       0.10337         4.00000        
-18.20424       -18.14010       0.06414         4.00000        
-16.23381       -16.30656       0.07275         4.00000        
-16.92996       -16.91635       0.01361         4.00000        
-18.14202       -18.04386       0.09815         4.00000        
-18.18948       -18.10331       0.08617         4.00000        
-16.64147       -16.86978       0.22830         4.00000        
-16.47513       -16.52806       0.05293         4.00000        
-16.15373       -16.39034       0.23661         4.00000        
-15.57742       -15.80765       0.23023         4.00000        
-17.83670       -17.73911       0.09759         4.00000        
-17.52206       -17.41897       0.10309         4.00000        
-17.68861       -17.57939       0.10923         4.00000        
-17.04891       -17.26874       0.21984         4.00000        
-18.06546       -17.96542       0.10003         4.00000        
-15.98498       -16.07623       0.09126         4.00000        
-18.01608       -18.07713       0.06105         4.00000        
-18.18313       -18.15295       0.03019         4.00000        
-17.38338       -17.59306       0.20968         4.00000        
-13.22443       -13.32713       0.10270         4.00000        
-17.86108       -17.98055       0.11947         4.00000        
-17.33871       -17.25873       0.07999         4.00000        
-17.14084       -17.09134       0.04951         4.00000        
-14.90429       -15.11033       0.20604         4.00000        
-14.12371       -14.28647       0.16277         4.00000        
-16.70757       -16.73224       0.02467         4.00000        
-12.19559       -12.23789       0.04230         4.00000        
-17.65215       -17.82490       0.17275         4.00000        
-18.12184       -18.13416       0.01232         4.00000        
-17.96286       -17.86858       0.09428         4.00000        
-34.31729       -34.42923       0.11195         8.00000        
-36.21548       -36.22402       0.00854         8.00000        
-35.34914       -35.44403       0.09488         8.00000        
-35.19891       -35.29082       0.09191         8.00000        
-35.73815       -35.81724       0.07909         8.00000        
-36.17802       -36.20539       0.02737         8.00000        
-35.98301       -36.05349       0.07048         8.00000        
-35.29571       -35.18363       0.11208         8.00000        
-36.02246       -36.08539       0.06293         8.00000        
-36.13193       -36.17417       0.04224         8.00000        
-35.48934       -35.57913       0.08979         8.00000        
-33.91295       -34.01832       0.10537         8.00000        
-35.03941       -35.13361       0.09420         8.00000        
-35.75759       -35.83569       0.07810         8.00000        
-34.11839       -34.22576       0.10737         8.00000        
-35.46285       -35.41940       0.04345         8.00000        
-36.14518       -36.18270       0.03753         8.00000        
-34.50983       -34.61602       0.10619         8.00000        
-36.06702       -36.12317       0.05615         8.00000        
-34.87101       -34.96181       0.09080         8.00000        
-35.87949       -35.96457       0.08508         8.00000        
-36.20820       -36.21821       0.01000         8.00000        
-35.84542       -35.92131       0.07588         8.00000        
-34.69440       -34.79181       0.09741         8.00000        
-35.61936       -35.70266       0.08330         8.00000        
-35.94048       -36.00859       0.06811         8.00000        
-36.09093       -36.14442       0.05349         8.00000        
-36.18452       -36.20505       0.02054         8.00000        
-36.20567       -36.21316       0.00750         8.00000        
-35.61832       -35.63427       0.01595         8.00000        
-4.05921        -4.05789        0.00132         2.00000        
-7.67660        -7.49972        0.17688         2.00000        
-6.72968        -6.55391        0.17577         2.00000        
-7.64671        -7.44232        0.20439         2.00000        
-7.66961        -7.47674        0.19287         2.00000        
-6.90115        -6.79834        0.10282         2.00000        
-6.84493        -6.68576        0.15917         2.00000        
-6.65729        -6.62630        0.03099         2.00000        
-7.49849        -7.27848        0.22002         2.00000        
-7.34664        -7.14979        0.19685         2.00000        
-7.42714        -7.21408        0.21305         2.00000        
-7.10451        -6.94098        0.16353         2.00000        
-7.60965        -7.39794        0.21172         2.00000        
-6.61092        -6.41297        0.19795         2.00000        
-7.58415        -7.39644        0.18771         2.00000        
-7.66632        -7.50276        0.16356         2.00000        
-7.27108        -7.07219        0.19889         2.00000        
-5.18013        -5.18014        0.00001         2.00000        
-7.50784        -7.31223        0.19560         2.00000        
-7.25884        -7.07767        0.18116         2.00000        
-7.16387        -6.99399        0.16988         2.00000        
-6.02935        -6.04324        0.01389         2.00000        
-5.63541        -5.64249        0.00708         2.00000        
-6.95628        -6.79855        0.15773         2.00000        
-7.06267        -6.90109        0.16158         2.00000        
-4.65692        -4.65212        0.00481         2.00000        
-7.40429        -7.19748        0.20682         2.00000        
-7.63636        -7.46374        0.17262         2.00000        
-7.55990        -7.34251        0.21740         2.00000        
-6.36815        -6.37983        0.01168         2.00000        
-22.05170       -21.96175       0.08995         8.00000        
-36.35384       -36.27692       0.07692         8.00000        
-32.40061       -32.39757       0.00304         8.00000        
-33.79372       -33.65202       0.14170         8.00000        
-36.22522       -36.16518       0.06005         8.00000        
-36.32226       -36.25404       0.06821         8.00000        
-33.25198       -33.06346       0.18853         8.00000        
-32.88303       -32.84637       0.03666         8.00000        
-32.28070       -32.11858       0.16212         8.00000        
-31.13312       -30.99602       0.13710         8.00000        
-35.60781       -35.55886       0.04895         8.00000        
-34.97960       -34.81480       0.16480         8.00000        
-35.31239       -35.20066       0.11173         8.00000        
-34.06288       -33.88688       0.17599         8.00000        
-36.06827       -36.01986       0.04841         8.00000        
-31.90310       -31.93440       0.03130         8.00000        
-35.98404       -35.88939       0.09464         8.00000        
-36.31314       -36.23352       0.07962         8.00000        
-34.72872       -34.60283       0.12589         8.00000        
-26.44203       -26.37087       0.07115         8.00000        
-35.67786       -35.57358       0.10429         8.00000        
-34.61311       -34.42807       0.18504         8.00000        
-34.21643       -34.04048       0.17595         8.00000        
-29.79092       -29.67966       0.11125         8.00000        
-28.23430       -28.14366       0.09064         8.00000        
-33.34759       -33.26251       0.08508         8.00000        
-24.39003       -24.38210       0.00793         8.00000        
-35.26291       -35.15050       0.11241         8.00000        
-36.19234       -36.10937       0.08298         8.00000        
-35.86142       -35.82553       0.03589         8.00000        
-19.77363       -19.86722       0.09360         8.00000        
-35.23592       -35.23177       0.00416         8.00000        
-31.11343       -31.32141       0.20798         8.00000        
-35.10330       -35.13922       0.03592         8.00000        
-35.20388       -35.20931       0.00543         8.00000        
-31.90953       -31.98565       0.07612         8.00000        
-31.61341       -31.74029       0.12688         8.00000        
-30.86416       -30.96051       0.09635         8.00000        
-34.45644       -34.51183       0.05540         8.00000        
-33.79849       -33.80034       0.00184         8.00000        
-34.14734       -34.16109       0.01375         8.00000        
-32.78154       -32.84297       0.06143         8.00000        
-35.23592       -35.23177       0.00416         8.00000        
-34.94085       -35.02010       0.07925         8.00000        
-30.59900       -30.95875       0.35975         8.00000        
-34.83916       -34.91022       0.07106         8.00000        
-35.19155       -35.20140       0.00984         8.00000        
-33.49562       -33.56214       0.06652         8.00000        
-24.54982       -24.59885       0.04903         8.00000        
-34.51114       -34.58685       0.07571         8.00000        
-33.41482       -33.41563       0.00081         8.00000        
-33.00077       -33.00552       0.00475         8.00000        
-28.17687       -28.12687       0.05000         8.00000        
-26.49307       -26.45279       0.04028         8.00000        
-32.09648       -32.16462       0.06814         8.00000        
-32.55959       -32.58637       0.02678         8.00000        
-22.31976       -22.37429       0.05454         8.00000        
-34.06756       -34.14029       0.07273         8.00000        
-35.06278       -35.10677       0.04398         8.00000        
-34.72331       -34.80442       0.08111         8.00000        
-29.62684       -29.64588       0.01904         8.00000        
-71.03275       -70.89230       0.14045         16.00000       
-66.13735       -66.08683       0.05053         16.00000       
-70.78834       -70.60873       0.17960         16.00000       
-64.96235       -64.87708       0.08527         16.00000       
-60.90497       -60.89298       0.01199         16.00000       
-69.03306       -69.18710       0.15404         16.00000       
-67.85746       -68.07967       0.22221         16.00000       
-69.70405       -69.66612       0.03793         16.00000       
-67.68812       -67.80626       0.11814         16.00000       
-70.71373       -70.60562       0.10810         16.00000       
-70.09325       -70.01328       0.07997         16.00000       
# MSE = 1.26221E-02
# Maxerror = 3.59745E-01
