# Reference      Predicted      Error          #atoms         
-194.90633      -195.28565      0.37933         64.00000       
-195.84503      -195.44612      0.39891         64.00000       
-194.17008      -194.24027      0.07018         64.00000       
-194.28434      -194.41117      0.12683         64.00000       
-195.63336      -195.55906      0.07430         64.00000       
-195.69816      -195.28409      0.41407         64.00000       
-195.27205      -195.28262      0.01058         64.00000       
-197.25076      -197.28868      0.03792         64.00000       
-195.39847      -195.06447      0.33400         64.00000       
-194.45658      -194.60611      0.14954         64.00000       
-195.31988      -195.63880      0.31892         64.00000       
-195.85749      -195.70847      0.14902         64.00000       
-194.45204      -194.38297      0.06907         64.00000       
-194.08694      -193.50575      0.58119         64.00000       
-196.41030      -196.02437      0.38593         64.00000       
-194.29812      -194.25447      0.04364         64.00000       
-196.47268      -196.20640      0.26628         64.00000       
-193.16369      -193.22785      0.06417         64.00000       
-196.10320      -196.04125      0.06194         64.00000       
-194.91505      -195.66762      0.75257         64.00000       
-193.89507      -194.22351      0.32844         64.00000       
-195.59165      -195.55160      0.04005         64.00000       
-195.59831      -195.63873      0.04041         64.00000       
-196.31302      -196.12321      0.18981         64.00000       
-194.95242      -194.87632      0.07609         64.00000       
-196.26056      -196.40892      0.14836         64.00000       
-195.71532      -195.51293      0.20239         64.00000       
-195.17204      -194.85268      0.31936         64.00000       
-195.39717      -195.34115      0.05602         64.00000       
-194.43792      -194.00755      0.43037         64.00000       
-194.69453      -194.65900      0.03553         64.00000       
-194.09550      -194.25087      0.15537         64.00000       
-192.34620      -192.61873      0.27253         64.00000       
-195.07975      -195.04452      0.03524         64.00000       
-194.40238      -194.56115      0.15877         64.00000       
-196.46367      -196.05206      0.41161         64.00000       
-194.00148      -194.62313      0.62166         64.00000       
-193.56256      -193.41869      0.14387         64.00000       
-196.23898      -196.18781      0.05117         64.00000       
-192.46195      -192.27763      0.18432         64.00000       
-196.47132      -196.65236      0.18103         64.00000       
-193.96957      -194.38582      0.41626         64.00000       
-195.18417      -195.79343      0.60926         64.00000       
-193.27204      -193.35777      0.08573         64.00000       
-194.58768      -194.53360      0.05408         64.00000       
-195.10432      -195.41688      0.31257         64.00000       
-195.36321      -195.47289      0.10968         64.00000       
-191.33387      -192.17872      0.84485         64.00000       
-195.01709      -195.10571      0.08862         64.00000       
-194.90391      -194.94820      0.04429         64.00000       
-196.22916      -196.37777      0.14861         64.00000       
-195.41449      -195.30898      0.10551         64.00000       
-194.58448      -194.62959      0.04510         64.00000       
-193.54434      -193.44267      0.10167         64.00000       
-195.38058      -195.18943      0.19115         64.00000       
-195.46636      -195.44839      0.01796         64.00000       
-194.73748      -195.12155      0.38407         64.00000       
-195.76964      -195.84090      0.07126         64.00000       
-194.67456      -195.03739      0.36283         64.00000       
-194.03270      -193.43004      0.60265         64.00000       
-193.09822      -193.42839      0.33017         64.00000       
-195.40237      -195.19133      0.21104         64.00000       
-195.07180      -194.78002      0.29178         64.00000       
-195.72111      -195.60853      0.11258         64.00000       
-196.18896      -196.17926      0.00970         64.00000       
-196.93628      -196.95994      0.02366         64.00000       
-196.03346      -195.45385      0.57961         64.00000       
-195.43052      -195.93195      0.50143         64.00000       
-196.34934      -196.06217      0.28717         64.00000       
-196.30210      -196.13544      0.16666         64.00000       
-195.47063      -195.36470      0.10594         64.00000       
-197.19290      -196.77677      0.41613         64.00000       
-196.11230      -195.92644      0.18586         64.00000       
-195.19530      -195.52832      0.33303         64.00000       
-194.25412      -194.31523      0.06111         64.00000       
-195.34339      -195.29757      0.04582         64.00000       
-195.63346      -195.57436      0.05910         64.00000       
-195.50443      -195.51366      0.00922         64.00000       
-194.20969      -194.69617      0.48648         64.00000       
-195.75824      -195.42067      0.33757         64.00000       
-196.74686      -196.49313      0.25372         64.00000       
-195.99040      -195.91827      0.07213         64.00000       
-195.31642      -195.09020      0.22622         64.00000       
-193.49802      -193.39109      0.10692         64.00000       
-197.48804      -197.50677      0.01872         64.00000       
-197.95519      -197.62649      0.32870         64.00000       
-194.51269      -194.40690      0.10579         64.00000       
-197.43749      -197.71825      0.28076         64.00000       
-195.36078      -195.26065      0.10013         64.00000       
-193.28009      -193.74437      0.46428         64.00000       
-196.72126      -196.53177      0.18949         64.00000       
-193.54712      -193.60115      0.05403         64.00000       
-194.36610      -194.84594      0.47984         64.00000       
-193.74800      -193.83617      0.08816         64.00000       
-196.72348      -197.05092      0.32744         64.00000       
-193.62707      -194.04150      0.41442         64.00000       
-194.50606      -194.26512      0.24094         64.00000       
-196.75234      -197.01683      0.26449         64.00000       
-194.56896      -194.57410      0.00513         64.00000       
-196.25255      -196.00973      0.24282         64.00000       
-195.10992      -195.02767      0.08224         64.00000       
-194.97407      -195.03899      0.06492         64.00000       
-194.37291      -194.65468      0.28177         64.00000       
-195.28795      -195.42788      0.13993         64.00000       
-195.21035      -195.25889      0.04854         64.00000       
-196.54553      -196.56186      0.01633         64.00000       
-194.49019      -194.28455      0.20564         64.00000       
-193.39106      -193.82871      0.43765         64.00000       
-195.10365      -195.51985      0.41620         64.00000       
-196.65821      -196.28569      0.37252         64.00000       
-195.46469      -195.30250      0.16218         64.00000       
-194.64520      -194.90313      0.25792         64.00000       
-194.64892      -194.96461      0.31570         64.00000       
-198.47920      -198.46595      0.01325         64.00000       
-194.55172      -194.10715      0.44457         64.00000       
-196.00472      -196.00342      0.00130         64.00000       
-196.40171      -196.36328      0.03843         64.00000       
-196.24235      -195.98073      0.26162         64.00000       
-195.27140      -195.70739      0.43598         64.00000       
-194.70728      -194.48868      0.21860         64.00000       
-196.58168      -196.98677      0.40510         64.00000       
-197.12188      -196.75973      0.36215         64.00000       
-194.16407      -194.21575      0.05167         64.00000       
-194.34151      -194.77422      0.43271         64.00000       
-194.68988      -194.59430      0.09558         64.00000       
-194.68901      -194.45459      0.23442         64.00000       
-194.67293      -194.44500      0.22794         64.00000       
-194.94235      -195.01244      0.07009         64.00000       
-194.97423      -195.02276      0.04853         64.00000       
-197.13229      -196.84954      0.28275         64.00000       
-196.82068      -196.04692      0.77376         64.00000       
-196.24584      -195.96983      0.27601         64.00000       
-195.96976      -195.49118      0.47858         64.00000       
-194.70031      -195.50179      0.80148         64.00000       
-194.99341      -195.05735      0.06393         64.00000       
-196.77758      -196.59318      0.18440         64.00000       
-194.08236      -194.03660      0.04576         64.00000       
-194.29863      -194.65615      0.35752         64.00000       
-195.77020      -196.06882      0.29863         64.00000       
-195.14824      -195.45364      0.30541         64.00000       
-195.13995      -195.09384      0.04612         64.00000       
-193.68472      -193.57130      0.11341         64.00000       
-196.22341      -196.56781      0.34441         64.00000       
-197.21659      -196.89635      0.32024         64.00000       
-192.88404      -192.90455      0.02051         64.00000       
-195.76302      -195.60961      0.15341         64.00000       
-193.48329      -193.94062      0.45734         64.00000       
-196.59108      -196.43921      0.15187         64.00000       
-195.83079      -196.18379      0.35300         64.00000       
-197.21964      -196.72824      0.49139         64.00000       
-194.89227      -195.02009      0.12781         64.00000       
-194.62218      -194.29219      0.32999         64.00000       
-196.47107      -196.13085      0.34022         64.00000       
-197.37355      -197.01307      0.36048         64.00000       
-194.53626      -194.78187      0.24561         64.00000       
-197.61188      -197.42887      0.18301         64.00000       
-193.26416      -193.24783      0.01634         64.00000       
-194.78586      -194.62244      0.16342         64.00000       
-195.70523      -195.71364      0.00841         64.00000       
-195.89639      -195.63815      0.25824         64.00000       
-197.39050      -197.27151      0.11899         64.00000       
-195.71346      -195.78120      0.06774         64.00000       
-195.31717      -195.04813      0.26903         64.00000       
-197.35114      -196.74451      0.60663         64.00000       
-194.36471      -194.65981      0.29510         64.00000       
-195.77927      -195.57441      0.20486         64.00000       
-194.72305      -194.50915      0.21390         64.00000       
-192.76653      -192.60957      0.15697         64.00000       
-193.61918      -193.73702      0.11784         64.00000       
-195.16453      -194.82545      0.33908         64.00000       
-196.20669      -196.16275      0.04394         64.00000       
-193.63202      -193.39168      0.24034         64.00000       
-193.89658      -193.93959      0.04301         64.00000       
-192.98007      -193.13144      0.15137         64.00000       
-194.41476      -194.59567      0.18091         64.00000       
-195.36624      -195.33266      0.03358         64.00000       
-194.80572      -194.32504      0.48069         64.00000       
-196.40381      -196.15631      0.24750         64.00000       
-195.66689      -195.75120      0.08431         64.00000       
-193.15311      -193.52053      0.36742         64.00000       
-194.41818      -194.87349      0.45531         64.00000       
-196.09670      -196.02293      0.07376         64.00000       
-196.73647      -196.88772      0.15125         64.00000       
-193.47050      -193.21681      0.25369         64.00000       
-195.39163      -195.25694      0.13470         64.00000       
-195.14695      -194.83509      0.31185         64.00000       
-195.09921      -194.92867      0.17054         64.00000       
-195.89789      -195.80294      0.09495         64.00000       
-192.64185      -192.57656      0.06528         64.00000       
-195.06730      -195.00465      0.06265         64.00000       
-197.86909      -197.48491      0.38418         64.00000       
-194.39876      -194.03828      0.36047         64.00000       
-194.78148      -194.66687      0.11461         64.00000       
-196.15513      -196.06333      0.09180         64.00000       
-196.95364      -196.55842      0.39522         64.00000       
-194.77897      -194.14115      0.63782         64.00000       
-196.32303      -196.29485      0.02818         64.00000       
-197.13917      -197.51162      0.37245         64.00000       
-194.71653      -194.82177      0.10524         64.00000       
-194.95534      -194.78764      0.16770         64.00000       
-206.02106      -206.02316      0.00210         64.00000       
-207.45369      -206.97553      0.47816         64.00000       
-205.61307      -205.65109      0.03802         64.00000       
-198.82534      -198.53697      0.28837         64.00000       
-209.77764      -209.92424      0.14661         64.00000       
-208.01876      -207.95550      0.06326         64.00000       
-207.25536      -207.46830      0.21293         64.00000       
-210.35477      -210.13031      0.22446         64.00000       
-206.35299      -206.31715      0.03584         64.00000       
-201.59134      -201.26565      0.32569         64.00000       
-206.26690      -206.17772      0.08918         64.00000       
-204.96302      -204.91525      0.04777         64.00000       
-208.11417      -208.05568      0.05849         64.00000       
-207.34459      -207.13725      0.20734         64.00000       
-205.11285      -205.01833      0.09452         64.00000       
-210.36852      -210.44206      0.07355         64.00000       
-208.63312      -208.73698      0.10386         64.00000       
-197.51237      -197.31549      0.19688         64.00000       
-209.59922      -209.59038      0.00884         64.00000       
-206.63228      -206.30957      0.32271         64.00000       
-206.23133      -206.13121      0.10012         64.00000       
-205.72285      -205.43061      0.29224         64.00000       
-207.38918      -207.53278      0.14359         64.00000       
-200.50072      -200.44217      0.05855         64.00000       
-206.52875      -206.68360      0.15485         64.00000       
-206.63725      -207.17148      0.53424         64.00000       
-204.43214      -204.60289      0.17074         64.00000       
-200.76203      -200.42469      0.33734         64.00000       
-206.98236      -207.03084      0.04848         64.00000       
-202.42511      -202.79419      0.36907         64.00000       
-205.22322      -204.66613      0.55709         64.00000       
-210.63167      -210.49758      0.13409         64.00000       
-204.74845      -205.25645      0.50801         64.00000       
-209.03655      -209.12553      0.08899         64.00000       
-203.52840      -203.70823      0.17983         64.00000       
-209.28117      -209.21161      0.06956         64.00000       
-204.34128      -204.05202      0.28927         64.00000       
-203.80784      -203.96207      0.15424         64.00000       
-206.06066      -205.82111      0.23955         64.00000       
-201.80032      -201.26587      0.53445         64.00000       
-199.74987      -199.16424      0.58562         64.00000       
-207.96084      -207.92468      0.03616         64.00000       
-208.98266      -209.10596      0.12329         64.00000       
-201.46483      -201.52741      0.06258         64.00000       
-201.40482      -201.44842      0.04360         64.00000       
-210.16667      -209.88738      0.27929         64.00000       
-202.17813      -202.67742      0.49929         64.00000       
-206.66829      -206.74476      0.07647         64.00000       
-209.90901      -209.86345      0.04556         64.00000       
-208.02003      -208.13969      0.11966         64.00000       
-205.01849      -204.78292      0.23557         64.00000       
-208.53778      -208.73093      0.19315         64.00000       
-208.19484      -208.25817      0.06333         64.00000       
-207.52792      -207.62848      0.10056         64.00000       
-206.91312      -206.61167      0.30145         64.00000       
-209.61186      -209.63853      0.02667         64.00000       
-208.80419      -208.99531      0.19112         64.00000       
-201.02995      -201.29475      0.26480         64.00000       
-207.89744      -207.70141      0.19603         64.00000       
-198.89380      -198.52710      0.36670         64.00000       
-207.68966      -207.80471      0.11505         64.00000       
-209.59643      -209.78671      0.19028         64.00000       
-203.20438      -203.24703      0.04265         64.00000       
-209.66305      -209.54682      0.11623         64.00000       
-208.55149      -208.17278      0.37871         64.00000       
-208.27531      -208.11409      0.16121         64.00000       
-205.99713      -206.22859      0.23145         64.00000       
-208.32575      -208.51225      0.18651         64.00000       
-207.23223      -206.86541      0.36682         64.00000       
-196.89780      -197.27296      0.37517         64.00000       
-210.39368      -210.30886      0.08482         64.00000       
-197.24657      -198.07675      0.83018         64.00000       
-206.54252      -206.63304      0.09052         64.00000       
-205.50822      -204.96679      0.54142         64.00000       
-206.27446      -206.64332      0.36886         64.00000       
-203.57021      -203.37765      0.19256         64.00000       
-208.03330      -208.24697      0.21367         64.00000       
-201.27515      -201.15416      0.12099         64.00000       
-209.73547      -209.52591      0.20957         64.00000       
-206.50666      -206.45878      0.04787         64.00000       
-209.83202      -209.86703      0.03502         64.00000       
-200.75303      -200.82275      0.06972         64.00000       
-207.08871      -206.87937      0.20934         64.00000       
-206.77606      -206.54115      0.23491         64.00000       
-207.43735      -207.31407      0.12328         64.00000       
-202.51199      -202.63161      0.11962         64.00000       
-203.20828      -203.36551      0.15724         64.00000       
-209.54208      -209.82275      0.28066         64.00000       
-208.02352      -207.84294      0.18058         64.00000       
-209.32113      -209.42024      0.09911         64.00000       
-209.55511      -209.57517      0.02006         64.00000       
-208.13280      -208.37365      0.24085         64.00000       
-207.91443      -208.29872      0.38429         64.00000       
-208.62093      -208.64812      0.02719         64.00000       
-208.19342      -208.01208      0.18134         64.00000       
-206.12547      -206.43124      0.30577         64.00000       
-209.27758      -209.33899      0.06141         64.00000       
-208.48074      -208.51216      0.03142         64.00000       
-203.62512      -203.39802      0.22711         64.00000       
-200.61686      -200.13582      0.48104         64.00000       
-209.76544      -209.48688      0.27855         64.00000       
-208.06259      -208.26545      0.20286         64.00000       
-207.75974      -208.00378      0.24404         64.00000       
-209.39722      -209.29654      0.10068         64.00000       
-201.37010      -201.59999      0.22990         64.00000       
-203.42214      -203.13197      0.29016         64.00000       
-202.09973      -201.85861      0.24112         64.00000       
-201.27617      -201.35688      0.08071         64.00000       
-207.70097      -207.68175      0.01922         64.00000       
-207.15412      -207.28304      0.12892         64.00000       
-206.26232      -206.43634      0.17403         64.00000       
-205.54786      -205.63559      0.08773         64.00000       
-206.36624      -206.64132      0.27508         64.00000       
-205.65832      -205.42019      0.23813         64.00000       
-209.31316      -209.28511      0.02805         64.00000       
-206.99713      -207.19301      0.19589         64.00000       
-209.35059      -209.39666      0.04607         64.00000       
-206.38679      -206.27790      0.10889         64.00000       
-204.95354      -204.70058      0.25296         64.00000       
-204.21059      -204.36763      0.15704         64.00000       
-206.06149      -205.79612      0.26537         64.00000       
-209.56706      -209.58541      0.01835         64.00000       
-201.98806      -201.68776      0.30030         64.00000       
-197.55883      -197.74629      0.18747         64.00000       
-204.29647      -204.24578      0.05069         64.00000       
-205.67252      -205.42057      0.25195         64.00000       
-206.34358      -206.01046      0.33312         64.00000       
-208.17399      -208.33922      0.16523         64.00000       
-201.96601      -202.36653      0.40052         64.00000       
-206.62440      -206.31512      0.30928         64.00000       
-209.48050      -209.45953      0.02097         64.00000       
-205.06687      -204.62642      0.44045         64.00000       
-204.71632      -204.61144      0.10488         64.00000       
-202.98250      -203.00778      0.02529         64.00000       
-208.93997      -208.84029      0.09968         64.00000       
-209.82403      -209.77894      0.04509         64.00000       
-208.78976      -208.64653      0.14323         64.00000       
-210.98833      -210.92087      0.06746         64.00000       
-203.27532      -203.16613      0.10920         64.00000       
-210.39102      -210.38195      0.00908         64.00000       
-209.73118      -209.72405      0.00713         64.00000       
-207.42188      -207.59234      0.17045         64.00000       
-209.22835      -209.13934      0.08900         64.00000       
-210.03232      -210.19555      0.16323         64.00000       
-206.62150      -206.78411      0.16261         64.00000       
-209.03027      -209.19397      0.16370         64.00000       
-203.91420      -204.08762      0.17342         64.00000       
-203.22793      -202.98397      0.24396         64.00000       
-209.66712      -209.52128      0.14584         64.00000       
-205.06346      -205.09120      0.02774         64.00000       
-207.69051      -207.44039      0.25012         64.00000       
-204.68834      -204.77907      0.09073         64.00000       
-207.32524      -207.72226      0.39702         64.00000       
-208.16257      -208.28212      0.11954         64.00000       
-210.10489      -209.94236      0.16253         64.00000       
-209.26129      -209.13965      0.12164         64.00000       
-205.50820      -205.24004      0.26816         64.00000       
-208.43400      -208.72482      0.29082         64.00000       
-200.81658      -201.43509      0.61850         64.00000       
-205.47688      -205.52652      0.04964         64.00000       
-207.44106      -207.52435      0.08328         64.00000       
-207.03324      -206.52221      0.51103         64.00000       
-208.23264      -208.31616      0.08352         64.00000       
-207.62176      -207.50233      0.11944         64.00000       
-209.85174      -209.73370      0.11804         64.00000       
-210.12539      -209.88464      0.24075         64.00000       
-209.12897      -209.28727      0.15830         64.00000       
-207.86962      -207.84758      0.02204         64.00000       
-208.99361      -209.14195      0.14834         64.00000       
-207.35486      -206.84900      0.50586         64.00000       
-200.61591      -200.10313      0.51277         64.00000       
-208.67890      -208.73166      0.05275         64.00000       
-208.54304      -208.31927      0.22377         64.00000       
-207.85963      -207.76520      0.09443         64.00000       
-202.77778      -202.67931      0.09847         64.00000       
-208.31155      -208.35371      0.04217         64.00000       
-208.35353      -208.15575      0.19777         64.00000       
-209.19187      -209.13687      0.05499         64.00000       
-204.82415      -205.32448      0.50034         64.00000       
-204.28296      -203.76146      0.52150         64.00000       
-206.59045      -206.58887      0.00158         64.00000       
-209.64977      -209.76223      0.11246         64.00000       
-202.34979      -202.51043      0.16063         64.00000       
-206.07619      -205.86463      0.21156         64.00000       
-204.66828      -203.99557      0.67271         64.00000       
-207.60532      -207.87406      0.26874         64.00000       
-206.67268      -206.49547      0.17721         64.00000       
-205.61066      -205.37092      0.23974         64.00000       
-208.32868      -208.37296      0.04428         64.00000       
-208.22939      -208.33669      0.10730         64.00000       
-207.95086      -207.76501      0.18585         64.00000       
-208.53130      -208.41417      0.11713         64.00000       
-209.27935      -209.42786      0.14851         64.00000       
-208.04675      -208.24376      0.19700         64.00000       
-209.16782      -209.10031      0.06751         64.00000       
-208.99886      -209.02019      0.02133         64.00000       
-205.21619      -205.20224      0.01395         64.00000       
-210.64483      -210.61265      0.03218         64.00000       
-209.60549      -209.43764      0.16785         64.00000       
-208.55909      -208.67676      0.11767         64.00000       
-204.40698      -204.35701      0.04997         64.00000       
-209.66884      -209.51912      0.14972         64.00000       
-201.82750      -202.33225      0.50475         64.00000       
-208.35874      -208.44824      0.08950         64.00000       
-209.40999      -209.46746      0.05747         64.00000       
-207.78164      -207.65634      0.12530         64.00000       
-197.19189      -197.86527      0.67338         64.00000       
-204.56070      -203.95578      0.60492         64.00000       
-204.70607      -204.61555      0.09052         64.00000       
-207.58816      -207.26915      0.31901         64.00000       
-206.36368      -206.34255      0.02112         64.00000       
-205.13242      -204.98895      0.14347         64.00000       
-206.43742      -206.23243      0.20500         64.00000       
-209.39577      -209.52255      0.12677         64.00000       
-208.45184      -208.65595      0.20411         64.00000       
-208.57591      -208.50086      0.07506         64.00000       
-209.57844      -209.48934      0.08909         64.00000       
-209.02695      -208.99063      0.03632         64.00000       
-206.18879      -206.14489      0.04390         64.00000       
-209.01090      -209.01087      0.00003         64.00000       
-205.82876      -205.86097      0.03221         64.00000       
-208.32525      -208.38753      0.06228         64.00000       
-204.40704      -204.07889      0.32816         64.00000       
-210.62472      -210.44406      0.18066         64.00000       
-209.71013      -209.71495      0.00482         64.00000       
-207.07753      -207.43377      0.35624         64.00000       
-206.82122      -206.43726      0.38396         64.00000       
-208.30747      -208.49190      0.18443         64.00000       
-205.85983      -205.54852      0.31131         64.00000       
-204.11657      -205.08515      0.96857         64.00000       
-207.35564      -207.05783      0.29781         64.00000       
-208.28337      -208.49776      0.21439         64.00000       
-201.69158      -201.87350      0.18192         64.00000       
-209.07498      -209.27796      0.20299         64.00000       
-204.16623      -204.17260      0.00636         64.00000       
-208.71137      -208.76057      0.04920         64.00000       
-209.13224      -208.87967      0.25257         64.00000       
-208.54626      -208.63002      0.08376         64.00000       
-202.76830      -202.42933      0.33897         64.00000       
-210.58057      -210.55968      0.02089         64.00000       
-206.73953      -206.54975      0.18978         64.00000       
-208.64248      -208.94481      0.30234         64.00000       
-208.48201      -208.51245      0.03044         64.00000       
-207.57670      -207.66425      0.08754         64.00000       
-206.37501      -206.10293      0.27209         64.00000       
-210.17624      -210.23699      0.06074         64.00000       
-208.75916      -208.57582      0.18333         64.00000       
-206.32195      -206.31333      0.00862         64.00000       
-201.05489      -200.65588      0.39901         64.00000       
-203.00627      -202.83781      0.16846         64.00000       
-203.62368      -203.48621      0.13747         64.00000       
-207.26191      -207.47686      0.21496         64.00000       
-209.41385      -209.32933      0.08451         64.00000       
-209.90902      -209.95097      0.04195         64.00000       
-202.97318      -203.43372      0.46054         64.00000       
-206.63545      -206.98323      0.34778         64.00000       
-207.72971      -207.48024      0.24947         64.00000       
-207.79212      -207.69802      0.09410         64.00000       
-210.20146      -210.31174      0.11027         64.00000       
-208.07433      -208.03338      0.04095         64.00000       
-208.79155      -208.83648      0.04493         64.00000       
-209.00853      -209.09338      0.08485         64.00000       
-203.40489      -203.44360      0.03871         64.00000       
-201.76126      -201.43024      0.33102         64.00000       
-208.50863      -208.58826      0.07963         64.00000       
-209.46585      -209.40265      0.06320         64.00000       
-208.16525      -208.00813      0.15711         64.00000       
-207.61844      -207.74039      0.12195         64.00000       
-208.87934      -209.12665      0.24731         64.00000       
-208.51878      -208.60184      0.08306         64.00000       
-206.08862      -206.14118      0.05256         64.00000       
-207.42154      -207.81245      0.39091         64.00000       
-210.13523      -210.15426      0.01902         64.00000       
-208.32849      -208.15614      0.17235         64.00000       
-202.12637      -201.63295      0.49342         64.00000       
-208.52198      -208.77172      0.24973         64.00000       
-207.21014      -207.04901      0.16113         64.00000       
-210.19181      -210.25825      0.06644         64.00000       
-205.92392      -205.72452      0.19941         64.00000       
-199.86297      -199.86353      0.00056         64.00000       
-209.46441      -209.69124      0.22683         64.00000       
-210.17888      -210.21447      0.03559         64.00000       
-206.71695      -206.77381      0.05686         64.00000       
-204.36523      -204.55202      0.18680         64.00000       
-209.93102      -210.12095      0.18993         64.00000       
-209.11775      -209.13076      0.01302         64.00000       
-199.12768      -199.00619      0.12149         64.00000       
-204.49858      -204.48746      0.01112         64.00000       
-207.72442      -207.67754      0.04687         64.00000       
-196.11411      -196.40033      0.28622         64.00000       
-209.96135      -209.78338      0.17797         64.00000       
-207.12576      -207.15916      0.03340         64.00000       
-207.78258      -207.83511      0.05253         64.00000       
-209.19831      -209.31093      0.11261         64.00000       
-201.87881      -203.50378      1.62497         64.00000       
-208.82972      -208.70983      0.11989         64.00000       
-209.81285      -209.94907      0.13622         64.00000       
-209.52106      -209.55903      0.03796         64.00000       
-208.63944      -208.64136      0.00192         64.00000       
-197.60212      -198.24445      0.64233         64.00000       
-208.65506      -208.85690      0.20184         64.00000       
-209.37601      -209.38387      0.00786         64.00000       
-207.18610      -207.35612      0.17002         64.00000       
-210.12558      -209.87013      0.25545         64.00000       
-208.06169      -207.83320      0.22850         64.00000       
-210.15989      -210.07326      0.08663         64.00000       
-192.96164      -193.13098      0.16934         64.00000       
-209.19920      -209.16162      0.03758         64.00000       
-205.79797      -205.76444      0.03353         64.00000       
-209.06586      -209.19738      0.13152         64.00000       
-209.29959      -209.30689      0.00731         64.00000       
-208.29415      -208.51702      0.22287         64.00000       
-203.27548      -203.75441      0.47893         64.00000       
-209.76499      -209.84920      0.08420         64.00000       
-196.57744      -196.30186      0.27558         64.00000       
-210.62873      -210.64239      0.01366         64.00000       
-201.98985      -202.26228      0.27243         64.00000       
-203.00737      -202.81143      0.19593         64.00000       
-202.57730      -202.51555      0.06176         64.00000       
-205.86140      -205.85639      0.00501         64.00000       
-207.06781      -207.24348      0.17567         64.00000       
-207.18076      -207.12982      0.05094         64.00000       
-208.11008      -208.30483      0.19475         64.00000       
-205.36374      -205.33482      0.02891         64.00000       
-205.69688      -206.30975      0.61287         64.00000       
-209.47054      -209.55793      0.08739         64.00000       
-204.63180      -204.37718      0.25462         64.00000       
-210.68497      -210.79300      0.10803         64.00000       
-201.26877      -201.06468      0.20410         64.00000       
-199.95646      -200.03135      0.07489         64.00000       
-200.50269      -200.15921      0.34348         64.00000       
-207.51050      -207.43230      0.07820         64.00000       
-205.42699      -205.56437      0.13737         64.00000       
-208.97390      -209.06876      0.09486         64.00000       
-207.91174      -207.98741      0.07567         64.00000       
-201.64059      -202.13184      0.49126         64.00000       
-203.38448      -203.33861      0.04587         64.00000       
-210.10479      -210.21491      0.11012         64.00000       
-205.29686      -205.04353      0.25333         64.00000       
-206.28802      -206.56928      0.28126         64.00000       
-200.27472      -200.17948      0.09524         64.00000       
-207.26882      -207.38374      0.11492         64.00000       
-208.67889      -208.97590      0.29701         64.00000       
-208.86292      -208.81462      0.04830         64.00000       
-209.35402      -209.46980      0.11579         64.00000       
-208.72243      -208.90854      0.18611         64.00000       
-204.40386      -204.63130      0.22745         64.00000       
-209.19546      -209.23046      0.03500         64.00000       
-206.88730      -206.37872      0.50858         64.00000       
-203.42188      -203.93504      0.51316         64.00000       
-210.04864      -209.90848      0.14016         64.00000       
-205.00123      -204.95247      0.04876         64.00000       
-209.06547      -209.03823      0.02724         64.00000       
-208.22382      -208.17858      0.04524         64.00000       
-207.90459      -207.63953      0.26506         64.00000       
-208.36614      -208.47592      0.10978         64.00000       
-200.25502      -200.04557      0.20945         64.00000       
-211.24449      -211.12203      0.12245         64.00000       
-208.00055      -208.19796      0.19741         64.00000       
-207.98141      -208.13117      0.14975         64.00000       
-209.64589      -209.71029      0.06440         64.00000       
-209.76747      -209.87628      0.10881         64.00000       
-206.97639      -206.86635      0.11004         64.00000       
-209.89763      -209.83544      0.06219         64.00000       
-207.07918      -206.64850      0.43068         64.00000       
-198.96283      -198.69073      0.27210         64.00000       
-200.06683      -200.37438      0.30754         64.00000       
-207.04056      -206.60199      0.43857         64.00000       
-207.70699      -207.89669      0.18970         64.00000       
-208.74315      -208.61007      0.13309         64.00000       
-201.51356      -201.16804      0.34552         64.00000       
-203.91927      -203.34179      0.57748         64.00000       
-210.10932      -209.93629      0.17303         64.00000       
-207.69045      -207.85149      0.16103         64.00000       
-199.63348      -199.83599      0.20251         64.00000       
-206.99370      -206.88196      0.11173         64.00000       
-202.89968      -202.69879      0.20089         64.00000       
-204.07164      -204.16538      0.09374         64.00000       
-203.51630      -203.68454      0.16824         64.00000       
-202.86405      -202.85657      0.00748         64.00000       
-207.00173      -207.02476      0.02303         64.00000       
-204.75624      -204.81111      0.05488         64.00000       
-206.71740      -206.96056      0.24316         64.00000       
-208.42019      -208.19903      0.22116         64.00000       
-206.70158      -206.89695      0.19537         64.00000       
-209.83992      -209.72036      0.11956         64.00000       
-205.75894      -205.26297      0.49596         64.00000       
-206.40093      -206.31195      0.08898         64.00000       
-204.18646      -204.34490      0.15844         64.00000       
-200.37972      -200.60423      0.22451         64.00000       
-209.42826      -209.28691      0.14136         64.00000       
-208.10013      -208.03610      0.06403         64.00000       
-209.76439      -209.61152      0.15287         64.00000       
-209.17950      -209.23627      0.05676         64.00000       
-206.27146      -206.19223      0.07924         64.00000       
-205.17206      -204.80072      0.37134         64.00000       
-210.20435      -210.25991      0.05556         64.00000       
-201.94150      -201.41854      0.52296         64.00000       
-203.76299      -203.66441      0.09858         64.00000       
-205.90432      -205.73108      0.17324         64.00000       
-195.22237      -195.55729      0.33492         64.00000       
-194.99660      -195.20783      0.21123         64.00000       
-193.79382      -193.82819      0.03437         64.00000       
-193.41793      -193.43532      0.01739         64.00000       
-194.69308      -194.36379      0.32929         64.00000       
-193.82419      -194.59338      0.76919         64.00000       
-192.68033      -193.10328      0.42295         64.00000       
-193.45858      -193.65653      0.19795         64.00000       
-194.10226      -193.48689      0.61537         64.00000       
-194.21868      -194.26721      0.04853         64.00000       
-193.59193      -193.42441      0.16752         64.00000       
-192.27881      -191.84750      0.43131         64.00000       
-193.81575      -193.95217      0.13643         64.00000       
-192.72942      -193.16882      0.43940         64.00000       
-195.12946      -194.66814      0.46132         64.00000       
-195.58568      -195.02098      0.56470         64.00000       
-193.77154      -193.72117      0.05037         64.00000       
-193.61201      -193.70280      0.09078         64.00000       
-192.86672      -193.31964      0.45291         64.00000       
-193.04059      -193.33808      0.29749         64.00000       
-194.11866      -194.02536      0.09330         64.00000       
-189.66910      -190.35267      0.68357         64.00000       
-193.53661      -193.14127      0.39534         64.00000       
-191.78303      -192.15042      0.36739         64.00000       
-195.79322      -195.34153      0.45169         64.00000       
-193.72365      -193.21572      0.50793         64.00000       
-193.93881      -193.78799      0.15082         64.00000       
-192.73024      -193.08344      0.35320         64.00000       
-192.33930      -191.93367      0.40563         64.00000       
-193.97846      -194.26519      0.28673         64.00000       
-193.16339      -193.26830      0.10490         64.00000       
-192.94631      -192.79783      0.14848         64.00000       
-193.16175      -192.91940      0.24235         64.00000       
-193.36528      -193.21740      0.14789         64.00000       
-192.30804      -192.63427      0.32623         64.00000       
-192.36791      -192.69986      0.33195         64.00000       
-193.06359      -193.30770      0.24411         64.00000       
-193.83259      -193.76532      0.06727         64.00000       
-190.81607      -190.99808      0.18201         64.00000       
-194.71581      -194.52001      0.19580         64.00000       
-192.48885      -191.83163      0.65723         64.00000       
-192.99994      -193.19356      0.19362         64.00000       
-193.05039      -193.28037      0.22998         64.00000       
-193.77814      -194.10880      0.33066         64.00000       
-191.26079      -192.07280      0.81201         64.00000       
-192.06330      -191.94318      0.12012         64.00000       
-192.74529      -193.45366      0.70838         64.00000       
-192.63049      -192.40402      0.22646         64.00000       
-191.77107      -192.38261      0.61154         64.00000       
-193.83003      -193.82568      0.00435         64.00000       
-190.46871      -190.85459      0.38588         64.00000       
-193.54366      -193.74128      0.19763         64.00000       
-192.30842      -192.38818      0.07975         64.00000       
-193.86476      -194.11274      0.24798         64.00000       
-195.36387      -195.49031      0.12644         64.00000       
-192.37334      -192.27915      0.09419         64.00000       
-192.26647      -192.50831      0.24185         64.00000       
-192.76504      -193.18550      0.42046         64.00000       
-195.00023      -194.72716      0.27307         64.00000       
-193.48366      -193.09171      0.39195         64.00000       
-194.82324      -194.70303      0.12021         64.00000       
-192.11652      -192.40550      0.28898         64.00000       
-192.00700      -191.98476      0.02224         64.00000       
-191.39466      -191.85221      0.45755         64.00000       
-192.86853      -193.00389      0.13536         64.00000       
-195.13587      -194.35426      0.78161         64.00000       
-192.32379      -192.16101      0.16278         64.00000       
-189.92429      -190.29685      0.37256         64.00000       
-195.40659      -195.17865      0.22794         64.00000       
-195.09892      -194.58420      0.51472         64.00000       
-194.24940      -194.09179      0.15762         64.00000       
-193.92769      -194.26727      0.33957         64.00000       
-191.48317      -191.78162      0.29845         64.00000       
-194.09301      -193.51290      0.58010         64.00000       
-193.35530      -193.31784      0.03746         64.00000       
-192.49176      -192.44708      0.04468         64.00000       
-193.14253      -193.40066      0.25813         64.00000       
-193.54050      -193.60417      0.06367         64.00000       
-194.84150      -194.72404      0.11746         64.00000       
-194.27106      -194.24032      0.03074         64.00000       
-193.43604      -193.45315      0.01711         64.00000       
-194.75537      -194.99414      0.23877         64.00000       
-190.38331      -190.89409      0.51079         64.00000       
-191.74065      -192.78714      1.04650         64.00000       
-194.36759      -194.28133      0.08627         64.00000       
-194.33525      -194.78001      0.44476         64.00000       
-194.68366      -194.71536      0.03170         64.00000       
-191.84804      -191.91793      0.06990         64.00000       
-192.62121      -193.17822      0.55701         64.00000       
-193.90327      -193.77179      0.13148         64.00000       
-192.80691      -193.41097      0.60405         64.00000       
-192.02795      -192.44227      0.41433         64.00000       
-193.53396      -193.55821      0.02426         64.00000       
-193.69493      -193.74850      0.05357         64.00000       
-189.62705      -189.80260      0.17555         64.00000       
-194.86647      -194.57854      0.28794         64.00000       
-194.58510      -194.38295      0.20215         64.00000       
-194.02720      -193.97841      0.04879         64.00000       
-192.74234      -193.23976      0.49742         64.00000       
# MSE = 7.76577E-02
# Maxerror = 1.62497E+00
