# Reference      Predicted      Error          #atoms         
-194.90633      -195.23458      0.32825         64.00000       
-195.84503      -195.43958      0.40545         64.00000       
-194.17008      -194.26276      0.09268         64.00000       
-194.28434      -194.46075      0.17641         64.00000       
-195.63336      -195.41092      0.22244         64.00000       
-195.69816      -195.25902      0.43914         64.00000       
-195.27205      -195.30239      0.03034         64.00000       
-197.25076      -197.03601      0.21474         64.00000       
-195.39847      -195.25658      0.14189         64.00000       
-194.45658      -194.36025      0.09632         64.00000       
-195.31988      -195.46760      0.14772         64.00000       
-195.85749      -195.62060      0.23689         64.00000       
-194.45204      -194.34303      0.10902         64.00000       
-194.08694      -193.70487      0.38207         64.00000       
-196.41030      -196.21532      0.19498         64.00000       
-194.29812      -194.08197      0.21615         64.00000       
-196.47268      -196.16362      0.30906         64.00000       
-193.16369      -193.37005      0.20637         64.00000       
-196.10320      -196.05563      0.04757         64.00000       
-194.91505      -195.30839      0.39334         64.00000       
-193.89507      -194.10038      0.20531         64.00000       
-195.59165      -195.35127      0.24038         64.00000       
-195.59831      -195.65141      0.05310         64.00000       
-196.31302      -195.92603      0.38699         64.00000       
-194.95242      -195.06041      0.10799         64.00000       
-196.26056      -196.33806      0.07750         64.00000       
-195.71532      -195.57161      0.14371         64.00000       
-195.17204      -194.89988      0.27216         64.00000       
-195.39717      -195.16724      0.22993         64.00000       
-194.43792      -194.26191      0.17601         64.00000       
-194.69453      -194.83939      0.14486         64.00000       
-194.09550      -194.00177      0.09373         64.00000       
-192.34620      -192.50632      0.16013         64.00000       
-195.07975      -195.31997      0.24022         64.00000       
-194.40238      -194.42233      0.01995         64.00000       
-196.46367      -196.11534      0.34833         64.00000       
-194.00148      -194.35978      0.35831         64.00000       
-193.56256      -193.59147      0.02891         64.00000       
-196.23898      -196.08952      0.14945         64.00000       
-192.46195      -192.53518      0.07324         64.00000       
-196.47132      -196.46203      0.00929         64.00000       
-193.96957      -194.21266      0.24310         64.00000       
-195.18417      -195.45856      0.27439         64.00000       
-193.27204      -193.27927      0.00724         64.00000       
-194.58768      -194.61679      0.02911         64.00000       
-195.10432      -194.99879      0.10553         64.00000       
-195.36321      -195.42452      0.06131         64.00000       
-191.33387      -192.27616      0.94229         64.00000       
-195.01709      -194.93157      0.08551         64.00000       
-194.90391      -194.78030      0.12362         64.00000       
-196.22916      -196.27524      0.04608         64.00000       
-195.41449      -195.23402      0.18047         64.00000       
-194.58448      -194.35700      0.22748         64.00000       
-193.54434      -193.51321      0.03113         64.00000       
-195.38058      -195.06304      0.31754         64.00000       
-195.46636      -195.20199      0.26436         64.00000       
-194.73748      -194.95240      0.21492         64.00000       
-195.76964      -195.78499      0.01535         64.00000       
-194.67456      -194.90807      0.23351         64.00000       
-194.03270      -193.55724      0.47546         64.00000       
-193.09822      -193.45959      0.36137         64.00000       
-195.40237      -195.12071      0.28166         64.00000       
-195.07180      -195.10261      0.03081         64.00000       
-195.72111      -195.76381      0.04270         64.00000       
-196.18896      -196.29123      0.10227         64.00000       
-196.93628      -196.86859      0.06769         64.00000       
-196.03346      -195.64918      0.38428         64.00000       
-195.43052      -195.58423      0.15370         64.00000       
-196.34934      -196.15483      0.19451         64.00000       
-196.30210      -196.27580      0.02630         64.00000       
-195.47063      -195.52561      0.05498         64.00000       
-197.19290      -196.88679      0.30610         64.00000       
-196.11230      -195.99668      0.11562         64.00000       
-195.19530      -195.06605      0.12924         64.00000       
-194.25412      -194.35614      0.10202         64.00000       
-195.34339      -195.42457      0.08118         64.00000       
-195.63346      -195.34573      0.28773         64.00000       
-195.50443      -195.20814      0.29630         64.00000       
-194.20969      -194.76323      0.55354         64.00000       
-195.75824      -195.28480      0.47344         64.00000       
-196.74686      -196.45459      0.29227         64.00000       
-195.99040      -196.04673      0.05633         64.00000       
-195.31642      -195.00634      0.31008         64.00000       
-193.49802      -193.45279      0.04523         64.00000       
-197.48804      -197.43011      0.05793         64.00000       
-197.95519      -197.22453      0.73065         64.00000       
-194.51269      -194.34276      0.16992         64.00000       
-197.43749      -197.57166      0.13417         64.00000       
-195.36078      -195.23076      0.13002         64.00000       
-193.28009      -193.37113      0.09104         64.00000       
-196.72126      -196.55169      0.16958         64.00000       
-193.54712      -193.68112      0.13400         64.00000       
-194.36610      -194.47853      0.11243         64.00000       
-193.74800      -194.02238      0.27438         64.00000       
-196.72348      -196.90143      0.17795         64.00000       
-193.62707      -193.97384      0.34676         64.00000       
-194.50606      -194.15780      0.34826         64.00000       
-196.75234      -196.85913      0.10679         64.00000       
-194.56896      -194.64994      0.08097         64.00000       
-196.25255      -196.25615      0.00360         64.00000       
-195.10992      -195.34965      0.23974         64.00000       
-194.97407      -195.04701      0.07294         64.00000       
-194.37291      -194.75111      0.37820         64.00000       
-195.28795      -195.42103      0.13309         64.00000       
-195.21035      -195.03525      0.17511         64.00000       
-196.54553      -196.49821      0.04732         64.00000       
-194.49019      -194.59564      0.10545         64.00000       
-193.39106      -193.61103      0.21997         64.00000       
-195.10365      -195.28721      0.18356         64.00000       
-196.65821      -196.41444      0.24377         64.00000       
-195.46469      -195.32609      0.13859         64.00000       
-194.64520      -195.08840      0.44320         64.00000       
-194.64892      -194.92381      0.27489         64.00000       
-198.47920      -198.45724      0.02196         64.00000       
-194.55172      -194.05070      0.50102         64.00000       
-196.00472      -196.34590      0.34118         64.00000       
-196.40171      -196.20944      0.19227         64.00000       
-196.24235      -195.92124      0.32111         64.00000       
-195.27140      -195.30395      0.03255         64.00000       
-194.70728      -194.82666      0.11938         64.00000       
-196.58168      -196.81926      0.23759         64.00000       
-197.12188      -196.79787      0.32401         64.00000       
-194.16407      -194.11788      0.04620         64.00000       
-194.34151      -194.42493      0.08341         64.00000       
-194.68988      -194.64525      0.04463         64.00000       
-194.68901      -194.78899      0.09998         64.00000       
-194.67293      -194.84425      0.17131         64.00000       
-194.94235      -194.99694      0.05460         64.00000       
-194.97423      -194.88872      0.08550         64.00000       
-197.13229      -196.86375      0.26854         64.00000       
-196.82068      -196.28160      0.53907         64.00000       
-196.24584      -195.87161      0.37423         64.00000       
-195.96976      -195.58372      0.38604         64.00000       
-194.70031      -195.06399      0.36368         64.00000       
-194.99341      -195.12351      0.13010         64.00000       
-196.77758      -196.23049      0.54709         64.00000       
-194.08236      -194.14624      0.06388         64.00000       
-194.29863      -194.80725      0.50862         64.00000       
-195.77020      -195.87823      0.10804         64.00000       
-195.14824      -195.39885      0.25061         64.00000       
-195.13995      -195.21603      0.07608         64.00000       
-193.68472      -193.62003      0.06468         64.00000       
-196.22341      -196.17883      0.04458         64.00000       
-197.21659      -196.89856      0.31803         64.00000       
-192.88404      -193.00039      0.11635         64.00000       
-195.76302      -195.80789      0.04487         64.00000       
-193.48329      -193.87861      0.39532         64.00000       
-196.59108      -196.33016      0.26092         64.00000       
-195.83079      -195.86973      0.03894         64.00000       
-197.21964      -196.78092      0.43871         64.00000       
-194.89227      -195.12447      0.23220         64.00000       
-194.62218      -194.33153      0.29065         64.00000       
-196.47107      -196.30468      0.16639         64.00000       
-197.37355      -197.15242      0.22114         64.00000       
-194.53626      -194.53668      0.00042         64.00000       
-197.61188      -197.57139      0.04049         64.00000       
-193.26416      -193.19321      0.07096         64.00000       
-194.78586      -194.73947      0.04639         64.00000       
-195.70523      -195.93733      0.23211         64.00000       
-195.89639      -195.65920      0.23719         64.00000       
-197.39050      -197.02363      0.36687         64.00000       
-195.71346      -195.85926      0.14580         64.00000       
-195.31717      -195.38125      0.06408         64.00000       
-197.35114      -196.86584      0.48530         64.00000       
-194.36471      -194.87493      0.51023         64.00000       
-195.77927      -195.59696      0.18231         64.00000       
-194.72305      -194.60677      0.11628         64.00000       
-192.76653      -192.93068      0.16415         64.00000       
-193.61918      -193.68070      0.06152         64.00000       
-195.16453      -194.77961      0.38492         64.00000       
-196.20669      -196.10969      0.09700         64.00000       
-193.63202      -193.84713      0.21511         64.00000       
-193.89658      -194.27680      0.38022         64.00000       
-192.98007      -193.29589      0.31582         64.00000       
-194.41476      -194.68686      0.27210         64.00000       
-195.36624      -195.25486      0.11138         64.00000       
-194.80572      -194.53215      0.27357         64.00000       
-196.40381      -196.23660      0.16721         64.00000       
-195.66689      -195.50075      0.16614         64.00000       
-193.15311      -193.38719      0.23408         64.00000       
-194.41818      -194.53193      0.11375         64.00000       
-196.09670      -196.08311      0.01359         64.00000       
-196.73647      -196.72493      0.01154         64.00000       
-193.47050      -193.38150      0.08900         64.00000       
-195.39163      -195.42809      0.03645         64.00000       
-195.14695      -195.00544      0.14150         64.00000       
-195.09921      -195.17389      0.07467         64.00000       
-195.89789      -195.90188      0.00400         64.00000       
-192.64185      -192.87118      0.22933         64.00000       
-195.06730      -194.99408      0.07322         64.00000       
-197.86909      -197.55885      0.31023         64.00000       
-194.39876      -194.40882      0.01007         64.00000       
-194.78148      -194.73687      0.04460         64.00000       
-196.15513      -196.33255      0.17742         64.00000       
-196.95364      -196.77191      0.18173         64.00000       
-194.77897      -194.57274      0.20623         64.00000       
-196.32303      -196.27817      0.04485         64.00000       
-197.13917      -197.36192      0.22275         64.00000       
-194.71653      -194.81189      0.09537         64.00000       
-194.95534      -194.94413      0.01122         64.00000       
-206.02106      -206.18000      0.15895         64.00000       
-207.45369      -207.19559      0.25810         64.00000       
-205.61307      -205.51902      0.09405         64.00000       
-198.82534      -198.89502      0.06967         64.00000       
-209.77764      -209.63450      0.14313         64.00000       
-208.01876      -207.97424      0.04452         64.00000       
-207.25536      -207.15046      0.10490         64.00000       
-210.35477      -210.16629      0.18848         64.00000       
-206.35299      -206.31077      0.04222         64.00000       
-201.59134      -201.76964      0.17831         64.00000       
-206.26690      -206.31096      0.04406         64.00000       
-204.96302      -204.98355      0.02054         64.00000       
-208.11417      -208.14702      0.03285         64.00000       
-207.34459      -207.26139      0.08319         64.00000       
-205.11285      -205.21158      0.09872         64.00000       
-210.36852      -210.16989      0.19862         64.00000       
-208.63312      -208.52082      0.11230         64.00000       
-197.51237      -197.58348      0.07111         64.00000       
-209.59922      -209.44552      0.15370         64.00000       
-206.63228      -206.53352      0.09876         64.00000       
-206.23133      -206.13956      0.09176         64.00000       
-205.72285      -205.75822      0.03537         64.00000       
-207.38918      -207.31796      0.07122         64.00000       
-200.50072      -200.60515      0.10443         64.00000       
-206.52875      -206.60058      0.07184         64.00000       
-206.63725      -206.71937      0.08212         64.00000       
-204.43214      -204.52243      0.09028         64.00000       
-200.76203      -200.75276      0.00928         64.00000       
-206.98236      -207.06171      0.07935         64.00000       
-202.42511      -202.79771      0.37260         64.00000       
-205.22322      -205.16449      0.05873         64.00000       
-210.63167      -210.36730      0.26438         64.00000       
-204.74845      -205.04119      0.29274         64.00000       
-209.03655      -209.17122      0.13467         64.00000       
-203.52840      -203.46553      0.06287         64.00000       
-209.28117      -209.04350      0.23767         64.00000       
-204.34128      -204.35291      0.01163         64.00000       
-203.80784      -203.98032      0.17248         64.00000       
-206.06066      -205.98326      0.07739         64.00000       
-201.80032      -201.85883      0.05850         64.00000       
-199.74987      -199.63442      0.11544         64.00000       
-207.96084      -207.87714      0.08371         64.00000       
-208.98266      -208.89887      0.08379         64.00000       
-201.46483      -201.66675      0.20192         64.00000       
-201.40482      -201.36243      0.04239         64.00000       
-210.16667      -210.04729      0.11938         64.00000       
-202.17813      -202.48381      0.30568         64.00000       
-206.66829      -206.75024      0.08195         64.00000       
-209.90901      -209.77052      0.13849         64.00000       
-208.02003      -208.00879      0.01124         64.00000       
-205.01849      -205.07690      0.05841         64.00000       
-208.53778      -208.62735      0.08957         64.00000       
-208.19484      -208.18107      0.01378         64.00000       
-207.52792      -207.43803      0.08989         64.00000       
-206.91312      -206.79080      0.12232         64.00000       
-209.61186      -209.43736      0.17450         64.00000       
-208.80419      -208.73573      0.06846         64.00000       
-201.02995      -201.34590      0.31595         64.00000       
-207.89744      -207.80856      0.08889         64.00000       
-198.89380      -198.88917      0.00463         64.00000       
-207.68966      -207.59767      0.09199         64.00000       
-209.59643      -209.52011      0.07632         64.00000       
-203.20438      -203.30319      0.09881         64.00000       
-209.66305      -209.44301      0.22004         64.00000       
-208.55149      -208.26281      0.28868         64.00000       
-208.27531      -208.11363      0.16167         64.00000       
-205.99713      -206.01781      0.02067         64.00000       
-208.32575      -208.26974      0.05601         64.00000       
-207.23223      -207.10694      0.12530         64.00000       
-196.89780      -197.39127      0.49348         64.00000       
-210.39368      -210.14661      0.24707         64.00000       
-197.24657      -197.85525      0.60868         64.00000       
-206.54252      -206.70642      0.16391         64.00000       
-205.50822      -205.47071      0.03751         64.00000       
-206.27446      -206.39595      0.12149         64.00000       
-203.57021      -203.68572      0.11550         64.00000       
-208.03330      -207.89699      0.13631         64.00000       
-201.27515      -201.43581      0.16067         64.00000       
-209.73547      -209.48459      0.25089         64.00000       
-206.50666      -206.36941      0.13725         64.00000       
-209.83202      -209.74719      0.08482         64.00000       
-200.75303      -200.75961      0.00658         64.00000       
-207.08871      -206.84310      0.24561         64.00000       
-206.77606      -206.60896      0.16710         64.00000       
-207.43735      -207.37894      0.05841         64.00000       
-202.51199      -202.38245      0.12954         64.00000       
-203.20828      -203.26763      0.05936         64.00000       
-209.54208      -209.43699      0.10509         64.00000       
-208.02352      -207.95335      0.07017         64.00000       
-209.32113      -209.27632      0.04482         64.00000       
-209.55511      -209.38832      0.16679         64.00000       
-208.13280      -208.08200      0.05081         64.00000       
-207.91443      -208.02625      0.11182         64.00000       
-208.62093      -208.58437      0.03656         64.00000       
-208.19342      -208.02975      0.16366         64.00000       
-206.12547      -206.27372      0.14824         64.00000       
-209.27758      -209.24075      0.03683         64.00000       
-208.48074      -208.44634      0.03440         64.00000       
-203.62512      -203.76708      0.14196         64.00000       
-200.61686      -200.33820      0.27866         64.00000       
-209.76544      -209.65119      0.11425         64.00000       
-208.06259      -208.15779      0.09520         64.00000       
-207.75974      -207.87576      0.11602         64.00000       
-209.39722      -209.26537      0.13184         64.00000       
-201.37010      -201.71167      0.34157         64.00000       
-203.42214      -203.31370      0.10844         64.00000       
-202.09973      -202.06897      0.03076         64.00000       
-201.27617      -201.40195      0.12578         64.00000       
-207.70097      -207.72160      0.02063         64.00000       
-207.15412      -207.22482      0.07069         64.00000       
-206.26232      -206.23201      0.03031         64.00000       
-205.54786      -205.59602      0.04816         64.00000       
-206.36624      -206.35098      0.01526         64.00000       
-205.65832      -205.68763      0.02931         64.00000       
-209.31316      -209.42765      0.11448         64.00000       
-206.99713      -206.99426      0.00286         64.00000       
-209.35059      -209.32012      0.03047         64.00000       
-206.38679      -206.50093      0.11414         64.00000       
-204.95354      -205.05729      0.10374         64.00000       
-204.21059      -204.09819      0.11240         64.00000       
-206.06149      -205.98043      0.08106         64.00000       
-209.56706      -209.44248      0.12458         64.00000       
-201.98806      -202.10016      0.11210         64.00000       
-197.55883      -197.75688      0.19805         64.00000       
-204.29647      -204.45627      0.15981         64.00000       
-205.67252      -205.60237      0.07014         64.00000       
-206.34358      -206.32547      0.01811         64.00000       
-208.17399      -208.44602      0.27204         64.00000       
-201.96601      -202.28374      0.31772         64.00000       
-206.62440      -206.61631      0.00809         64.00000       
-209.48050      -209.34126      0.13924         64.00000       
-205.06687      -205.08935      0.02248         64.00000       
-204.71632      -204.82211      0.10579         64.00000       
-202.98250      -202.90765      0.07485         64.00000       
-208.93997      -208.95006      0.01009         64.00000       
-209.82403      -209.73006      0.09398         64.00000       
-208.78976      -208.63587      0.15389         64.00000       
-210.98833      -210.81107      0.17725         64.00000       
-203.27532      -203.21021      0.06511         64.00000       
-210.39102      -210.37546      0.01556         64.00000       
-209.73118      -209.68364      0.04754         64.00000       
-207.42188      -207.46727      0.04539         64.00000       
-209.22835      -209.10433      0.12402         64.00000       
-210.03232      -209.99548      0.03685         64.00000       
-206.62150      -206.61990      0.00160         64.00000       
-209.03027      -208.94106      0.08921         64.00000       
-203.91420      -204.07577      0.16157         64.00000       
-203.22793      -202.96652      0.26141         64.00000       
-209.66712      -209.60095      0.06617         64.00000       
-205.06346      -205.29300      0.22954         64.00000       
-207.69051      -207.62149      0.06902         64.00000       
-204.68834      -204.83767      0.14933         64.00000       
-207.32524      -207.32870      0.00346         64.00000       
-208.16257      -208.18366      0.02109         64.00000       
-210.10489      -209.90168      0.20321         64.00000       
-209.26129      -209.20699      0.05431         64.00000       
-205.50820      -205.48787      0.02033         64.00000       
-208.43400      -208.48106      0.04705         64.00000       
-200.81658      -201.18026      0.36368         64.00000       
-205.47688      -205.47758      0.00070         64.00000       
-207.44106      -207.53360      0.09254         64.00000       
-207.03324      -206.92443      0.10881         64.00000       
-208.23264      -208.15740      0.07524         64.00000       
-207.62176      -207.70907      0.08731         64.00000       
-209.85174      -209.64226      0.20948         64.00000       
-210.12539      -209.96626      0.15913         64.00000       
-209.12897      -209.17476      0.04579         64.00000       
-207.86962      -207.86095      0.00867         64.00000       
-208.99361      -208.84934      0.14427         64.00000       
-207.35486      -207.20125      0.15361         64.00000       
-200.61591      -200.78160      0.16569         64.00000       
-208.67890      -208.77007      0.09117         64.00000       
-208.54304      -208.33685      0.20618         64.00000       
-207.85963      -207.70593      0.15371         64.00000       
-202.77778      -202.77113      0.00665         64.00000       
-208.31155      -208.19891      0.11263         64.00000       
-208.35353      -208.21141      0.14212         64.00000       
-209.19187      -209.17477      0.01710         64.00000       
-204.82415      -205.02691      0.20277         64.00000       
-204.28296      -204.26175      0.02121         64.00000       
-206.59045      -206.39649      0.19395         64.00000       
-209.64977      -209.50714      0.14263         64.00000       
-202.34979      -202.52749      0.17769         64.00000       
-206.07619      -206.01624      0.05994         64.00000       
-204.66828      -204.56300      0.10528         64.00000       
-207.60532      -207.66463      0.05931         64.00000       
-206.67268      -206.57960      0.09309         64.00000       
-205.61066      -205.64663      0.03596         64.00000       
-208.32868      -208.24484      0.08384         64.00000       
-208.22939      -208.23889      0.00949         64.00000       
-207.95086      -207.62776      0.32310         64.00000       
-208.53130      -208.34927      0.18203         64.00000       
-209.27935      -209.25686      0.02249         64.00000       
-208.04675      -207.91888      0.12788         64.00000       
-209.16782      -209.00161      0.16621         64.00000       
-208.99886      -208.85788      0.14098         64.00000       
-205.21619      -205.10499      0.11120         64.00000       
-210.64483      -210.57063      0.07420         64.00000       
-209.60549      -209.46571      0.13978         64.00000       
-208.55909      -208.46676      0.09233         64.00000       
-204.40698      -204.37469      0.03229         64.00000       
-209.66884      -209.52151      0.14733         64.00000       
-201.82750      -201.99998      0.17249         64.00000       
-208.35874      -208.31897      0.03978         64.00000       
-209.40999      -209.26858      0.14141         64.00000       
-207.78164      -207.81721      0.03557         64.00000       
-197.19189      -197.73687      0.54498         64.00000       
-204.56070      -204.45825      0.10245         64.00000       
-204.70607      -204.65821      0.04786         64.00000       
-207.58816      -207.43393      0.15423         64.00000       
-206.36368      -206.39159      0.02791         64.00000       
-205.13242      -205.11883      0.01360         64.00000       
-206.43742      -206.45266      0.01524         64.00000       
-209.39577      -209.32564      0.07013         64.00000       
-208.45184      -208.41433      0.03750         64.00000       
-208.57591      -208.58353      0.00762         64.00000       
-209.57844      -209.47417      0.10426         64.00000       
-209.02695      -208.83703      0.18992         64.00000       
-206.18879      -206.19576      0.00697         64.00000       
-209.01090      -209.03368      0.02278         64.00000       
-205.82876      -205.85771      0.02894         64.00000       
-208.32525      -208.12347      0.20178         64.00000       
-204.40704      -204.31357      0.09348         64.00000       
-210.62472      -210.42452      0.20020         64.00000       
-209.71013      -209.58093      0.12920         64.00000       
-207.07753      -207.30289      0.22536         64.00000       
-206.82122      -206.76082      0.06040         64.00000       
-208.30747      -208.48675      0.17929         64.00000       
-205.85983      -205.78248      0.07735         64.00000       
-204.11657      -204.71524      0.59867         64.00000       
-207.35564      -207.22941      0.12623         64.00000       
-208.28337      -208.46606      0.18269         64.00000       
-201.69158      -201.74208      0.05050         64.00000       
-209.07498      -208.90907      0.16590         64.00000       
-204.16623      -204.15697      0.00927         64.00000       
-208.71137      -208.77512      0.06375         64.00000       
-209.13224      -209.02991      0.10233         64.00000       
-208.54626      -208.49251      0.05375         64.00000       
-202.76830      -202.75804      0.01026         64.00000       
-210.58057      -210.37269      0.20789         64.00000       
-206.73953      -206.66369      0.07584         64.00000       
-208.64248      -208.51533      0.12715         64.00000       
-208.48201      -208.24420      0.23780         64.00000       
-207.57670      -207.43696      0.13974         64.00000       
-206.37501      -206.22229      0.15273         64.00000       
-210.17624      -210.11777      0.05848         64.00000       
-208.75916      -208.61863      0.14053         64.00000       
-206.32195      -206.38350      0.06155         64.00000       
-201.05489      -200.94278      0.11211         64.00000       
-203.00627      -203.00302      0.00325         64.00000       
-203.62368      -203.56115      0.06253         64.00000       
-207.26191      -207.50681      0.24490         64.00000       
-209.41385      -209.30532      0.10852         64.00000       
-209.90902      -209.79404      0.11498         64.00000       
-202.97318      -203.19991      0.22672         64.00000       
-206.63545      -206.81111      0.17566         64.00000       
-207.72971      -207.49185      0.23786         64.00000       
-207.79212      -207.73173      0.06038         64.00000       
-210.20146      -210.09771      0.10376         64.00000       
-208.07433      -207.87906      0.19527         64.00000       
-208.79155      -208.72577      0.06579         64.00000       
-209.00853      -209.00452      0.00401         64.00000       
-203.40489      -203.61437      0.20948         64.00000       
-201.76126      -201.81236      0.05110         64.00000       
-208.50863      -208.35341      0.15522         64.00000       
-209.46585      -209.25493      0.21093         64.00000       
-208.16525      -207.97983      0.18542         64.00000       
-207.61844      -207.68157      0.06312         64.00000       
-208.87934      -208.67056      0.20878         64.00000       
-208.51878      -208.46279      0.05599         64.00000       
-206.08862      -206.03698      0.05164         64.00000       
-207.42154      -207.55283      0.13129         64.00000       
-210.13523      -209.96294      0.17229         64.00000       
-208.32849      -208.31296      0.01552         64.00000       
-202.12637      -202.18222      0.05586         64.00000       
-208.52198      -208.54670      0.02472         64.00000       
-207.21014      -207.12579      0.08435         64.00000       
-210.19181      -210.01318      0.17863         64.00000       
-205.92392      -205.87378      0.05014         64.00000       
-199.86297      -199.93740      0.07443         64.00000       
-209.46441      -209.44491      0.01950         64.00000       
-210.17888      -210.04340      0.13549         64.00000       
-206.71695      -206.63794      0.07901         64.00000       
-204.36523      -204.57468      0.20946         64.00000       
-209.93102      -209.81260      0.11842         64.00000       
-209.11775      -209.02406      0.09368         64.00000       
-199.12768      -199.16511      0.03742         64.00000       
-204.49858      -204.61476      0.11618         64.00000       
-207.72442      -207.53685      0.18757         64.00000       
-196.11411      -196.44831      0.33421         64.00000       
-209.96135      -209.77628      0.18507         64.00000       
-207.12576      -206.99580      0.12996         64.00000       
-207.78258      -207.61149      0.17109         64.00000       
-209.19831      -209.15319      0.04512         64.00000       
-201.87881      -203.31220      1.43339         64.00000       
-208.82972      -208.69220      0.13752         64.00000       
-209.81285      -209.64899      0.16386         64.00000       
-209.52106      -209.50735      0.01371         64.00000       
-208.63944      -208.56892      0.07052         64.00000       
-197.60212      -198.06982      0.46770         64.00000       
-208.65506      -208.71012      0.05507         64.00000       
-209.37601      -209.29709      0.07892         64.00000       
-207.18610      -207.12262      0.06348         64.00000       
-210.12558      -209.77816      0.34742         64.00000       
-208.06169      -207.94225      0.11944         64.00000       
-210.15989      -210.05748      0.10242         64.00000       
-192.96164      -193.18198      0.22034         64.00000       
-209.19920      -209.10373      0.09547         64.00000       
-205.79797      -205.71228      0.08569         64.00000       
-209.06586      -208.93613      0.12973         64.00000       
-209.29959      -209.25622      0.04337         64.00000       
-208.29415      -208.09702      0.19714         64.00000       
-203.27548      -203.58922      0.31374         64.00000       
-209.76499      -209.63017      0.13482         64.00000       
-196.57744      -196.33994      0.23750         64.00000       
-210.62873      -210.57495      0.05378         64.00000       
-201.98985      -202.17062      0.18077         64.00000       
-203.00737      -202.91738      0.08998         64.00000       
-202.57730      -202.45267      0.12464         64.00000       
-205.86140      -205.93671      0.07531         64.00000       
-207.06781      -206.96663      0.10118         64.00000       
-207.18076      -207.05778      0.12298         64.00000       
-208.11008      -208.12516      0.01507         64.00000       
-205.36374      -205.44892      0.08518         64.00000       
-205.69688      -205.81068      0.11380         64.00000       
-209.47054      -209.41658      0.05396         64.00000       
-204.63180      -204.38711      0.24468         64.00000       
-210.68497      -210.45086      0.23411         64.00000       
-201.26877      -201.34813      0.07935         64.00000       
-199.95646      -200.10947      0.15300         64.00000       
-200.50269      -200.27652      0.22617         64.00000       
-207.51050      -207.44520      0.06530         64.00000       
-205.42699      -205.45021      0.02321         64.00000       
-208.97390      -208.86369      0.11021         64.00000       
-207.91174      -207.90767      0.00408         64.00000       
-201.64059      -201.96644      0.32586         64.00000       
-203.38448      -203.53744      0.15296         64.00000       
-210.10479      -210.00063      0.10417         64.00000       
-205.29686      -205.19396      0.10289         64.00000       
-206.28802      -206.40206      0.11403         64.00000       
-200.27472      -200.29267      0.01795         64.00000       
-207.26882      -207.19554      0.07328         64.00000       
-208.67889      -208.76327      0.08438         64.00000       
-208.86292      -208.66469      0.19823         64.00000       
-209.35402      -209.24897      0.10504         64.00000       
-208.72243      -208.59271      0.12972         64.00000       
-204.40386      -204.62816      0.22431         64.00000       
-209.19546      -209.00750      0.18796         64.00000       
-206.88730      -206.76046      0.12684         64.00000       
-203.42188      -203.69536      0.27348         64.00000       
-210.04864      -209.83773      0.21092         64.00000       
-205.00123      -205.07269      0.07146         64.00000       
-209.06547      -208.94097      0.12450         64.00000       
-208.22382      -208.02657      0.19724         64.00000       
-207.90459      -207.71832      0.18627         64.00000       
-208.36614      -208.25510      0.11103         64.00000       
-200.25502      -200.28895      0.03393         64.00000       
-211.24449      -210.94536      0.29912         64.00000       
-208.00055      -208.11838      0.11783         64.00000       
-207.98141      -208.02089      0.03947         64.00000       
-209.64589      -209.48656      0.15933         64.00000       
-209.76747      -209.71081      0.05665         64.00000       
-206.97639      -206.97570      0.00069         64.00000       
-209.89763      -209.78720      0.11043         64.00000       
-207.07918      -207.05728      0.02189         64.00000       
-198.96283      -198.86390      0.09893         64.00000       
-200.06683      -200.37700      0.31017         64.00000       
-207.04056      -206.96169      0.07887         64.00000       
-207.70699      -207.72464      0.01765         64.00000       
-208.74315      -208.65271      0.09044         64.00000       
-201.51356      -201.58654      0.07298         64.00000       
-203.91927      -203.82121      0.09807         64.00000       
-210.10932      -209.82060      0.28871         64.00000       
-207.69045      -207.76040      0.06994         64.00000       
-199.63348      -199.90972      0.27624         64.00000       
-206.99370      -207.05452      0.06083         64.00000       
-202.89968      -202.91467      0.01500         64.00000       
-204.07164      -204.04631      0.02533         64.00000       
-203.51630      -203.88986      0.37356         64.00000       
-202.86405      -202.85563      0.00842         64.00000       
-207.00173      -207.06898      0.06724         64.00000       
-204.75624      -204.75900      0.00276         64.00000       
-206.71740      -206.90525      0.18785         64.00000       
-208.42019      -208.22706      0.19313         64.00000       
-206.70158      -206.93207      0.23049         64.00000       
-209.83992      -209.68614      0.15378         64.00000       
-205.75894      -205.46837      0.29057         64.00000       
-206.40093      -206.41037      0.00944         64.00000       
-204.18646      -204.28485      0.09839         64.00000       
-200.37972      -200.67264      0.29292         64.00000       
-209.42826      -209.22978      0.19848         64.00000       
-208.10013      -208.03911      0.06102         64.00000       
-209.76439      -209.62267      0.14172         64.00000       
-209.17950      -209.14622      0.03328         64.00000       
-206.27146      -206.23977      0.03169         64.00000       
-205.17206      -204.94108      0.23098         64.00000       
-210.20435      -210.03431      0.17004         64.00000       
-201.94150      -202.14833      0.20684         64.00000       
-203.76299      -203.65868      0.10432         64.00000       
-205.90432      -205.76905      0.13527         64.00000       
-195.22237      -195.26314      0.04077         64.00000       
-194.99660      -195.14042      0.14382         64.00000       
-193.79382      -193.65739      0.13644         64.00000       
-193.41793      -193.48098      0.06305         64.00000       
-194.69308      -194.48451      0.20857         64.00000       
-193.82419      -194.37054      0.54635         64.00000       
-192.68033      -193.16034      0.48001         64.00000       
-193.45858      -193.60579      0.14721         64.00000       
-194.10226      -193.50945      0.59281         64.00000       
-194.21868      -194.57267      0.35399         64.00000       
-193.59193      -193.71182      0.11989         64.00000       
-192.27881      -192.57224      0.29344         64.00000       
-193.81575      -194.12029      0.30454         64.00000       
-192.72942      -193.54115      0.81173         64.00000       
-195.12946      -195.04904      0.08042         64.00000       
-195.58568      -195.29038      0.29529         64.00000       
-193.77154      -193.75862      0.01291         64.00000       
-193.61201      -193.70264      0.09063         64.00000       
-192.86672      -193.39312      0.52639         64.00000       
-193.04059      -193.58343      0.54285         64.00000       
-194.11866      -193.85111      0.26754         64.00000       
-189.66910      -190.30476      0.63566         64.00000       
-193.53661      -193.43947      0.09714         64.00000       
-191.78303      -192.42040      0.63737         64.00000       
-195.79322      -195.63243      0.16079         64.00000       
-193.72365      -193.34316      0.38049         64.00000       
-193.93881      -193.77905      0.15976         64.00000       
-192.73024      -193.34005      0.60981         64.00000       
-192.33930      -192.48520      0.14590         64.00000       
-193.97846      -194.37773      0.39927         64.00000       
-193.16339      -193.37288      0.20948         64.00000       
-192.94631      -193.10710      0.16079         64.00000       
-193.16175      -193.17989      0.01814         64.00000       
-193.36528      -193.42949      0.06420         64.00000       
-192.30804      -192.73551      0.42747         64.00000       
-192.36791      -192.60343      0.23552         64.00000       
-193.06359      -193.19676      0.13317         64.00000       
-193.83259      -193.71323      0.11936         64.00000       
-190.81607      -191.30343      0.48736         64.00000       
-194.71581      -194.58629      0.12952         64.00000       
-192.48885      -192.18403      0.30482         64.00000       
-192.99994      -193.35341      0.35347         64.00000       
-193.05039      -193.38829      0.33790         64.00000       
-193.77814      -194.15976      0.38162         64.00000       
-191.26079      -191.92542      0.66463         64.00000       
-192.06330      -192.01091      0.05238         64.00000       
-192.74529      -193.27951      0.53423         64.00000       
-192.63049      -192.79295      0.16247         64.00000       
-191.77107      -192.08756      0.31649         64.00000       
-193.83003      -194.19070      0.36067         64.00000       
-190.46871      -190.99223      0.52352         64.00000       
-193.54366      -193.62565      0.08199         64.00000       
-192.30842      -192.24311      0.06532         64.00000       
-193.86476      -194.08853      0.22377         64.00000       
-195.36387      -195.53338      0.16951         64.00000       
-192.37334      -192.22532      0.14802         64.00000       
-192.26647      -192.42308      0.15661         64.00000       
-192.76504      -193.05417      0.28913         64.00000       
-195.00023      -194.72446      0.27577         64.00000       
-193.48366      -193.63420      0.15054         64.00000       
-194.82324      -194.64774      0.17550         64.00000       
-192.11652      -192.81326      0.69674         64.00000       
-192.00700      -191.69377      0.31323         64.00000       
-191.39466      -191.17091      0.22375         64.00000       
-192.86853      -193.09939      0.23086         64.00000       
-195.13587      -194.60648      0.52939         64.00000       
-192.32379      -192.33143      0.00764         64.00000       
-189.92429      -190.48473      0.56045         64.00000       
-195.40659      -195.15952      0.24707         64.00000       
-195.09892      -194.58371      0.51521         64.00000       
-194.24940      -194.01460      0.23480         64.00000       
-193.92769      -194.24814      0.32045         64.00000       
-191.48317      -191.48644      0.00327         64.00000       
-194.09301      -193.81675      0.27626         64.00000       
-193.35530      -193.47986      0.12457         64.00000       
-192.49176      -192.48573      0.00603         64.00000       
-193.14253      -193.15881      0.01628         64.00000       
-193.54050      -193.31216      0.22834         64.00000       
-194.84150      -194.95258      0.11108         64.00000       
-194.27106      -194.37480      0.10374         64.00000       
-193.43604      -193.46149      0.02545         64.00000       
-194.75537      -194.81797      0.06260         64.00000       
-190.38331      -191.02384      0.64053         64.00000       
-191.74065      -192.13077      0.39012         64.00000       
-194.36759      -194.42606      0.05847         64.00000       
-194.33525      -194.53562      0.20037         64.00000       
-194.68366      -194.56873      0.11493         64.00000       
-191.84804      -191.90724      0.05920         64.00000       
-192.62121      -192.77216      0.15095         64.00000       
-193.90327      -193.91679      0.01352         64.00000       
-192.80691      -193.17332      0.36641         64.00000       
-192.02795      -192.81840      0.79045         64.00000       
-193.53396      -193.61317      0.07921         64.00000       
-193.69493      -193.58719      0.10774         64.00000       
-189.62705      -189.95422      0.32717         64.00000       
-194.86647      -194.73994      0.12653         64.00000       
-194.58510      -194.63416      0.04906         64.00000       
-194.02720      -193.78662      0.24058         64.00000       
-192.74234      -193.12799      0.38565         64.00000       
# MSE = 4.84106E-02
# Maxerror = 1.43339E+00
