# Reference      Predicted      Error          #atoms         
-194.90633      -195.23456      0.32823         64.00000       
-195.84503      -195.43930      0.40573         64.00000       
-194.17008      -194.26351      0.09342         64.00000       
-194.28434      -194.46110      0.17676         64.00000       
-195.63336      -195.41216      0.22120         64.00000       
-195.69816      -195.25913      0.43903         64.00000       
-195.27205      -195.30344      0.03140         64.00000       
-197.25076      -197.03466      0.21610         64.00000       
-195.39847      -195.25727      0.14120         64.00000       
-194.45658      -194.35903      0.09755         64.00000       
-195.31988      -195.46748      0.14761         64.00000       
-195.85749      -195.62057      0.23692         64.00000       
-194.45204      -194.34439      0.10766         64.00000       
-194.08694      -193.70621      0.38073         64.00000       
-196.41030      -196.21518      0.19512         64.00000       
-194.29812      -194.08170      0.21642         64.00000       
-196.47268      -196.16325      0.30943         64.00000       
-193.16369      -193.37118      0.20749         64.00000       
-196.10320      -196.05545      0.04775         64.00000       
-194.91505      -195.30766      0.39261         64.00000       
-193.89507      -194.09996      0.20489         64.00000       
-195.59165      -195.35243      0.23923         64.00000       
-195.59831      -195.65214      0.05382         64.00000       
-196.31302      -195.92479      0.38823         64.00000       
-194.95242      -195.06059      0.10817         64.00000       
-196.26056      -196.33775      0.07719         64.00000       
-195.71532      -195.57208      0.14324         64.00000       
-195.17204      -194.90007      0.27196         64.00000       
-195.39717      -195.16728      0.22989         64.00000       
-194.43792      -194.26341      0.17451         64.00000       
-194.69453      -194.84017      0.14564         64.00000       
-194.09550      -194.00159      0.09391         64.00000       
-192.34620      -192.50384      0.15764         64.00000       
-195.07975      -195.32012      0.24037         64.00000       
-194.40238      -194.42155      0.01917         64.00000       
-196.46367      -196.11493      0.34875         64.00000       
-194.00148      -194.35763      0.35615         64.00000       
-193.56256      -193.59180      0.02924         64.00000       
-196.23898      -196.08902      0.14996         64.00000       
-192.46195      -192.53478      0.07283         64.00000       
-196.47132      -196.46130      0.01002         64.00000       
-193.96957      -194.21243      0.24286         64.00000       
-195.18417      -195.45728      0.27311         64.00000       
-193.27204      -193.28091      0.00887         64.00000       
-194.58768      -194.61687      0.02920         64.00000       
-195.10432      -194.99756      0.10676         64.00000       
-195.36321      -195.42456      0.06135         64.00000       
-191.33387      -192.27729      0.94342         64.00000       
-195.01709      -194.93061      0.08648         64.00000       
-194.90391      -194.78053      0.12339         64.00000       
-196.22916      -196.27425      0.04509         64.00000       
-195.41449      -195.23344      0.18105         64.00000       
-194.58448      -194.35645      0.22803         64.00000       
-193.54434      -193.51382      0.03052         64.00000       
-195.38058      -195.06147      0.31911         64.00000       
-195.46636      -195.20089      0.26547         64.00000       
-194.73748      -194.95144      0.21396         64.00000       
-195.76964      -195.78458      0.01494         64.00000       
-194.67456      -194.90742      0.23286         64.00000       
-194.03270      -193.55791      0.47479         64.00000       
-193.09822      -193.45944      0.36123         64.00000       
-195.40237      -195.12075      0.28162         64.00000       
-195.07180      -195.10315      0.03136         64.00000       
-195.72111      -195.76342      0.04231         64.00000       
-196.18896      -196.29183      0.10287         64.00000       
-196.93628      -196.86817      0.06811         64.00000       
-196.03346      -195.65006      0.38340         64.00000       
-195.43052      -195.58285      0.15233         64.00000       
-196.34934      -196.15549      0.19385         64.00000       
-196.30210      -196.27646      0.02564         64.00000       
-195.47063      -195.52572      0.05508         64.00000       
-197.19290      -196.88736      0.30554         64.00000       
-196.11230      -195.99674      0.11557         64.00000       
-195.19530      -195.06453      0.13077         64.00000       
-194.25412      -194.35600      0.10189         64.00000       
-195.34339      -195.42506      0.08166         64.00000       
-195.63346      -195.34480      0.28867         64.00000       
-195.50443      -195.20815      0.29628         64.00000       
-194.20969      -194.76354      0.55385         64.00000       
-195.75824      -195.28417      0.47407         64.00000       
-196.74686      -196.45389      0.29297         64.00000       
-195.99040      -196.04679      0.05639         64.00000       
-195.31642      -195.00555      0.31087         64.00000       
-193.49802      -193.45281      0.04521         64.00000       
-197.48804      -197.43006      0.05798         64.00000       
-197.95519      -197.22228      0.73291         64.00000       
-194.51269      -194.34251      0.17018         64.00000       
-197.43749      -197.57021      0.13273         64.00000       
-195.36078      -195.23076      0.13002         64.00000       
-193.28009      -193.37250      0.09241         64.00000       
-196.72126      -196.55136      0.16990         64.00000       
-193.54712      -193.68179      0.13467         64.00000       
-194.36610      -194.47751      0.11141         64.00000       
-193.74800      -194.02433      0.27633         64.00000       
-196.72348      -196.90092      0.17745         64.00000       
-193.62707      -193.97387      0.34679         64.00000       
-194.50606      -194.15727      0.34879         64.00000       
-196.75234      -196.85801      0.10568         64.00000       
-194.56896      -194.65044      0.08147         64.00000       
-196.25255      -196.25653      0.00398         64.00000       
-195.10992      -195.35129      0.24138         64.00000       
-194.97407      -195.04929      0.07522         64.00000       
-194.37291      -194.75086      0.37795         64.00000       
-195.28795      -195.42138      0.13343         64.00000       
-195.21035      -195.03560      0.17475         64.00000       
-196.54553      -196.49796      0.04757         64.00000       
-194.49019      -194.59653      0.10635         64.00000       
-193.39106      -193.61191      0.22086         64.00000       
-195.10365      -195.28728      0.18364         64.00000       
-196.65821      -196.41450      0.24370         64.00000       
-195.46469      -195.32521      0.13947         64.00000       
-194.64520      -195.08904      0.44384         64.00000       
-194.64892      -194.92569      0.27677         64.00000       
-198.47920      -198.45629      0.02292         64.00000       
-194.55172      -194.05104      0.50068         64.00000       
-196.00472      -196.34703      0.34231         64.00000       
-196.40171      -196.20864      0.19306         64.00000       
-196.24235      -195.92139      0.32096         64.00000       
-195.27140      -195.30269      0.03128         64.00000       
-194.70728      -194.82865      0.12137         64.00000       
-196.58168      -196.81829      0.23661         64.00000       
-197.12188      -196.79756      0.32433         64.00000       
-194.16407      -194.11716      0.04692         64.00000       
-194.34151      -194.42424      0.08273         64.00000       
-194.68988      -194.64471      0.04517         64.00000       
-194.68901      -194.78970      0.10069         64.00000       
-194.67293      -194.84567      0.17274         64.00000       
-194.94235      -194.99706      0.05471         64.00000       
-194.97423      -194.88845      0.08577         64.00000       
-197.13229      -196.86328      0.26901         64.00000       
-196.82068      -196.28199      0.53869         64.00000       
-196.24584      -195.86878      0.37706         64.00000       
-195.96976      -195.58388      0.38588         64.00000       
-194.70031      -195.06285      0.36254         64.00000       
-194.99341      -195.12454      0.13113         64.00000       
-196.77758      -196.22878      0.54880         64.00000       
-194.08236      -194.14698      0.06462         64.00000       
-194.29863      -194.80794      0.50932         64.00000       
-195.77020      -195.87747      0.10728         64.00000       
-195.14824      -195.39784      0.24960         64.00000       
-195.13995      -195.21647      0.07652         64.00000       
-193.68472      -193.62073      0.06399         64.00000       
-196.22341      -196.17692      0.04649         64.00000       
-197.21659      -196.89797      0.31862         64.00000       
-192.88404      -193.00086      0.11682         64.00000       
-195.76302      -195.80746      0.04444         64.00000       
-193.48329      -193.87892      0.39564         64.00000       
-196.59108      -196.32948      0.26160         64.00000       
-195.83079      -195.86829      0.03750         64.00000       
-197.21964      -196.78078      0.43885         64.00000       
-194.89227      -195.12449      0.23222         64.00000       
-194.62218      -194.33189      0.29029         64.00000       
-196.47107      -196.30496      0.16611         64.00000       
-197.37355      -197.15229      0.22126         64.00000       
-194.53626      -194.53769      0.00144         64.00000       
-197.61188      -197.57095      0.04093         64.00000       
-193.26416      -193.19433      0.06983         64.00000       
-194.78586      -194.73955      0.04631         64.00000       
-195.70523      -195.93813      0.23291         64.00000       
-195.89639      -195.65933      0.23706         64.00000       
-197.39050      -197.02256      0.36794         64.00000       
-195.71346      -195.85928      0.14582         64.00000       
-195.31717      -195.38222      0.06506         64.00000       
-197.35114      -196.86579      0.48535         64.00000       
-194.36471      -194.87516      0.51045         64.00000       
-195.77927      -195.59692      0.18235         64.00000       
-194.72305      -194.60719      0.11585         64.00000       
-192.76653      -192.93215      0.16562         64.00000       
-193.61918      -193.68071      0.06153         64.00000       
-195.16453      -194.77951      0.38502         64.00000       
-196.20669      -196.10904      0.09765         64.00000       
-193.63202      -193.84885      0.21683         64.00000       
-193.89658      -194.27861      0.38203         64.00000       
-192.98007      -193.29627      0.31620         64.00000       
-194.41476      -194.68649      0.27173         64.00000       
-195.36624      -195.25483      0.11141         64.00000       
-194.80572      -194.53215      0.27357         64.00000       
-196.40381      -196.23631      0.16750         64.00000       
-195.66689      -195.49966      0.16722         64.00000       
-193.15311      -193.38688      0.23377         64.00000       
-194.41818      -194.53132      0.11315         64.00000       
-196.09670      -196.08349      0.01320         64.00000       
-196.73647      -196.72481      0.01166         64.00000       
-193.47050      -193.38246      0.08805         64.00000       
-195.39163      -195.42862      0.03699         64.00000       
-195.14695      -195.00586      0.14109         64.00000       
-195.09921      -195.17473      0.07552         64.00000       
-195.89789      -195.90171      0.00383         64.00000       
-192.64185      -192.87237      0.23052         64.00000       
-195.06730      -194.99389      0.07341         64.00000       
-197.86909      -197.55852      0.31056         64.00000       
-194.39876      -194.40986      0.01111         64.00000       
-194.78148      -194.73694      0.04453         64.00000       
-196.15513      -196.33280      0.17767         64.00000       
-196.95364      -196.77248      0.18116         64.00000       
-194.77897      -194.57364      0.20533         64.00000       
-196.32303      -196.27745      0.04557         64.00000       
-197.13917      -197.36199      0.22283         64.00000       
-194.71653      -194.81152      0.09499         64.00000       
-194.95534      -194.94401      0.01134         64.00000       
-206.02106      -206.17977      0.15872         64.00000       
-207.45369      -207.19560      0.25809         64.00000       
-205.61307      -205.51931      0.09376         64.00000       
-198.82534      -198.89526      0.06992         64.00000       
-209.77764      -209.63424      0.14340         64.00000       
-208.01876      -207.97411      0.04466         64.00000       
-207.25536      -207.15005      0.10532         64.00000       
-210.35477      -210.16658      0.18818         64.00000       
-206.35299      -206.31084      0.04214         64.00000       
-201.59134      -201.77120      0.17986         64.00000       
-206.26690      -206.31142      0.04451         64.00000       
-204.96302      -204.98347      0.02046         64.00000       
-208.11417      -208.14762      0.03345         64.00000       
-207.34459      -207.26175      0.08284         64.00000       
-205.11285      -205.21129      0.09844         64.00000       
-210.36852      -210.16948      0.19904         64.00000       
-208.63312      -208.52047      0.11264         64.00000       
-197.51237      -197.58448      0.07211         64.00000       
-209.59922      -209.44543      0.15379         64.00000       
-206.63228      -206.53276      0.09952         64.00000       
-206.23133      -206.13894      0.09239         64.00000       
-205.72285      -205.75883      0.03597         64.00000       
-207.38918      -207.31810      0.07108         64.00000       
-200.50072      -200.60340      0.10268         64.00000       
-206.52875      -206.60028      0.07154         64.00000       
-206.63725      -206.71892      0.08167         64.00000       
-204.43214      -204.52358      0.09143         64.00000       
-200.76203      -200.75390      0.00813         64.00000       
-206.98236      -207.06210      0.07974         64.00000       
-202.42511      -202.79851      0.37340         64.00000       
-205.22322      -205.16482      0.05840         64.00000       
-210.63167      -210.36699      0.26468         64.00000       
-204.74845      -205.04097      0.29253         64.00000       
-209.03655      -209.17145      0.13491         64.00000       
-203.52840      -203.46567      0.06273         64.00000       
-209.28117      -209.04343      0.23774         64.00000       
-204.34128      -204.35352      0.01223         64.00000       
-203.80784      -203.98037      0.17253         64.00000       
-206.06066      -205.98344      0.07722         64.00000       
-201.80032      -201.85988      0.05956         64.00000       
-199.74987      -199.63486      0.11501         64.00000       
-207.96084      -207.87770      0.08314         64.00000       
-208.98266      -208.89831      0.08436         64.00000       
-201.46483      -201.66786      0.20303         64.00000       
-201.40482      -201.36273      0.04208         64.00000       
-210.16667      -210.04772      0.11895         64.00000       
-202.17813      -202.48355      0.30542         64.00000       
-206.66829      -206.75061      0.08232         64.00000       
-209.90901      -209.76986      0.13915         64.00000       
-208.02003      -208.00896      0.01107         64.00000       
-205.01849      -205.07617      0.05768         64.00000       
-208.53778      -208.62711      0.08933         64.00000       
-208.19484      -208.18068      0.01416         64.00000       
-207.52792      -207.43713      0.09079         64.00000       
-206.91312      -206.79123      0.12189         64.00000       
-209.61186      -209.43686      0.17499         64.00000       
-208.80419      -208.73534      0.06885         64.00000       
-201.02995      -201.34697      0.31702         64.00000       
-207.89744      -207.80787      0.08957         64.00000       
-198.89380      -198.88878      0.00503         64.00000       
-207.68966      -207.59720      0.09246         64.00000       
-209.59643      -209.51945      0.07699         64.00000       
-203.20438      -203.30362      0.09924         64.00000       
-209.66305      -209.44283      0.22022         64.00000       
-208.55149      -208.26223      0.28926         64.00000       
-208.27531      -208.11322      0.16209         64.00000       
-205.99713      -206.01707      0.01993         64.00000       
-208.32575      -208.26930      0.05645         64.00000       
-207.23223      -207.10763      0.12460         64.00000       
-196.89780      -197.39019      0.49240         64.00000       
-210.39368      -210.14614      0.24753         64.00000       
-197.24657      -197.85463      0.60807         64.00000       
-206.54252      -206.70636      0.16385         64.00000       
-205.50822      -205.47078      0.03744         64.00000       
-206.27446      -206.39505      0.12059         64.00000       
-203.57021      -203.68642      0.11621         64.00000       
-208.03330      -207.89638      0.13692         64.00000       
-201.27515      -201.43643      0.16128         64.00000       
-209.73547      -209.48447      0.25101         64.00000       
-206.50666      -206.36975      0.13691         64.00000       
-209.83202      -209.74676      0.08525         64.00000       
-200.75303      -200.75967      0.00664         64.00000       
-207.08871      -206.84242      0.24630         64.00000       
-206.77606      -206.60877      0.16729         64.00000       
-207.43735      -207.37892      0.05843         64.00000       
-202.51199      -202.38296      0.12903         64.00000       
-203.20828      -203.26580      0.05752         64.00000       
-209.54208      -209.43646      0.10562         64.00000       
-208.02352      -207.95304      0.07047         64.00000       
-209.32113      -209.27590      0.04523         64.00000       
-209.55511      -209.38827      0.16684         64.00000       
-208.13280      -208.08156      0.05125         64.00000       
-207.91443      -208.02547      0.11104         64.00000       
-208.62093      -208.58435      0.03658         64.00000       
-208.19342      -208.03009      0.16333         64.00000       
-206.12547      -206.27368      0.14820         64.00000       
-209.27758      -209.24034      0.03724         64.00000       
-208.48074      -208.44583      0.03491         64.00000       
-203.62512      -203.76891      0.14379         64.00000       
-200.61686      -200.34040      0.27646         64.00000       
-209.76544      -209.65139      0.11405         64.00000       
-208.06259      -208.15723      0.09463         64.00000       
-207.75974      -207.87599      0.11625         64.00000       
-209.39722      -209.26458      0.13263         64.00000       
-201.37010      -201.71182      0.34173         64.00000       
-203.42214      -203.31180      0.11034         64.00000       
-202.09973      -202.06874      0.03098         64.00000       
-201.27617      -201.40298      0.12680         64.00000       
-207.70097      -207.72160      0.02063         64.00000       
-207.15412      -207.22428      0.07016         64.00000       
-206.26232      -206.23229      0.03003         64.00000       
-205.54786      -205.59554      0.04768         64.00000       
-206.36624      -206.35131      0.01493         64.00000       
-205.65832      -205.68875      0.03043         64.00000       
-209.31316      -209.42824      0.11508         64.00000       
-206.99713      -206.99405      0.00307         64.00000       
-209.35059      -209.32025      0.03034         64.00000       
-206.38679      -206.50212      0.11533         64.00000       
-204.95354      -205.05708      0.10354         64.00000       
-204.21059      -204.09822      0.11237         64.00000       
-206.06149      -205.98145      0.08004         64.00000       
-209.56706      -209.44209      0.12497         64.00000       
-201.98806      -202.10096      0.11290         64.00000       
-197.55883      -197.75565      0.19683         64.00000       
-204.29647      -204.45648      0.16001         64.00000       
-205.67252      -205.60189      0.07063         64.00000       
-206.34358      -206.32553      0.01805         64.00000       
-208.17399      -208.44628      0.27229         64.00000       
-201.96601      -202.28290      0.31688         64.00000       
-206.62440      -206.61541      0.00899         64.00000       
-209.48050      -209.34120      0.13929         64.00000       
-205.06687      -205.09163      0.02476         64.00000       
-204.71632      -204.82280      0.10648         64.00000       
-202.98250      -202.90826      0.07423         64.00000       
-208.93997      -208.95010      0.01013         64.00000       
-209.82403      -209.72965      0.09438         64.00000       
-208.78976      -208.63597      0.15379         64.00000       
-210.98833      -210.81031      0.17802         64.00000       
-203.27532      -203.21079      0.06453         64.00000       
-210.39102      -210.37542      0.01561         64.00000       
-209.73118      -209.68345      0.04773         64.00000       
-207.42188      -207.46731      0.04543         64.00000       
-209.22835      -209.10484      0.12350         64.00000       
-210.03232      -209.99493      0.03739         64.00000       
-206.62150      -206.61987      0.00164         64.00000       
-209.03027      -208.94011      0.09016         64.00000       
-203.91420      -204.07598      0.16178         64.00000       
-203.22793      -202.96713      0.26079         64.00000       
-209.66712      -209.60116      0.06596         64.00000       
-205.06346      -205.29167      0.22821         64.00000       
-207.69051      -207.62117      0.06934         64.00000       
-204.68834      -204.83746      0.14912         64.00000       
-207.32524      -207.32756      0.00231         64.00000       
-208.16257      -208.18353      0.02096         64.00000       
-210.10489      -209.90194      0.20295         64.00000       
-209.26129      -209.20764      0.05365         64.00000       
-205.50820      -205.48884      0.01936         64.00000       
-208.43400      -208.48036      0.04636         64.00000       
-200.81658      -201.17965      0.36307         64.00000       
-205.47688      -205.47827      0.00139         64.00000       
-207.44106      -207.53313      0.09206         64.00000       
-207.03324      -206.92528      0.10797         64.00000       
-208.23264      -208.15751      0.07513         64.00000       
-207.62176      -207.70941      0.08764         64.00000       
-209.85174      -209.64232      0.20942         64.00000       
-210.12539      -209.96598      0.15941         64.00000       
-209.12897      -209.17467      0.04570         64.00000       
-207.86962      -207.86206      0.00756         64.00000       
-208.99361      -208.84834      0.14527         64.00000       
-207.35486      -207.20245      0.15241         64.00000       
-200.61591      -200.78345      0.16754         64.00000       
-208.67890      -208.76988      0.09097         64.00000       
-208.54304      -208.33689      0.20615         64.00000       
-207.85963      -207.70549      0.15414         64.00000       
-202.77778      -202.76783      0.00995         64.00000       
-208.31155      -208.19881      0.11274         64.00000       
-208.35353      -208.21141      0.14212         64.00000       
-209.19187      -209.17461      0.01725         64.00000       
-204.82415      -205.02687      0.20272         64.00000       
-204.28296      -204.25964      0.02332         64.00000       
-206.59045      -206.39655      0.19390         64.00000       
-209.64977      -209.50665      0.14311         64.00000       
-202.34979      -202.52581      0.17602         64.00000       
-206.07619      -206.01459      0.06159         64.00000       
-204.66828      -204.56532      0.10296         64.00000       
-207.60532      -207.66437      0.05905         64.00000       
-206.67268      -206.57933      0.09335         64.00000       
-205.61066      -205.64647      0.03580         64.00000       
-208.32868      -208.24422      0.08446         64.00000       
-208.22939      -208.23827      0.00888         64.00000       
-207.95086      -207.62697      0.32389         64.00000       
-208.53130      -208.34932      0.18199         64.00000       
-209.27935      -209.25697      0.02238         64.00000       
-208.04675      -207.91836      0.12839         64.00000       
-209.16782      -209.00161      0.16621         64.00000       
-208.99886      -208.85789      0.14097         64.00000       
-205.21619      -205.10501      0.11118         64.00000       
-210.64483      -210.57070      0.07413         64.00000       
-209.60549      -209.46588      0.13961         64.00000       
-208.55909      -208.46669      0.09240         64.00000       
-204.40698      -204.37497      0.03201         64.00000       
-209.66884      -209.52157      0.14727         64.00000       
-201.82750      -202.00024      0.17274         64.00000       
-208.35874      -208.31844      0.04031         64.00000       
-209.40999      -209.26790      0.14209         64.00000       
-207.78164      -207.81696      0.03532         64.00000       
-197.19189      -197.73583      0.54394         64.00000       
-204.56070      -204.45918      0.10153         64.00000       
-204.70607      -204.65998      0.04609         64.00000       
-207.58816      -207.43419      0.15397         64.00000       
-206.36368      -206.39138      0.02771         64.00000       
-205.13242      -205.11896      0.01346         64.00000       
-206.43742      -206.45319      0.01577         64.00000       
-209.39577      -209.32566      0.07012         64.00000       
-208.45184      -208.41363      0.03821         64.00000       
-208.57591      -208.58395      0.00804         64.00000       
-209.57844      -209.47357      0.10486         64.00000       
-209.02695      -208.83691      0.19004         64.00000       
-206.18879      -206.19587      0.00708         64.00000       
-209.01090      -209.03397      0.02307         64.00000       
-205.82876      -205.85780      0.02903         64.00000       
-208.32525      -208.12316      0.20209         64.00000       
-204.40704      -204.31365      0.09339         64.00000       
-210.62472      -210.42471      0.20001         64.00000       
-209.71013      -209.58051      0.12963         64.00000       
-207.07753      -207.30243      0.22490         64.00000       
-206.82122      -206.76191      0.05931         64.00000       
-208.30747      -208.48668      0.17921         64.00000       
-205.85983      -205.78370      0.07613         64.00000       
-204.11657      -204.71457      0.59800         64.00000       
-207.35564      -207.23074      0.12491         64.00000       
-208.28337      -208.46603      0.18266         64.00000       
-201.69158      -201.74276      0.05119         64.00000       
-209.07498      -208.90846      0.16651         64.00000       
-204.16623      -204.15721      0.00902         64.00000       
-208.71137      -208.77555      0.06418         64.00000       
-209.13224      -209.03046      0.10178         64.00000       
-208.54626      -208.49223      0.05403         64.00000       
-202.76830      -202.75873      0.00957         64.00000       
-210.58057      -210.37179      0.20878         64.00000       
-206.73953      -206.66418      0.07535         64.00000       
-208.64248      -208.51412      0.12835         64.00000       
-208.48201      -208.24321      0.23880         64.00000       
-207.57670      -207.43627      0.14043         64.00000       
-206.37501      -206.22140      0.15361         64.00000       
-210.17624      -210.11737      0.05887         64.00000       
-208.75916      -208.61831      0.14085         64.00000       
-206.32195      -206.38298      0.06103         64.00000       
-201.05489      -200.94403      0.11086         64.00000       
-203.00627      -203.00303      0.00324         64.00000       
-203.62368      -203.56265      0.06103         64.00000       
-207.26191      -207.50680      0.24490         64.00000       
-209.41385      -209.30544      0.10840         64.00000       
-209.90902      -209.79428      0.11474         64.00000       
-202.97318      -203.19963      0.22645         64.00000       
-206.63545      -206.81145      0.17599         64.00000       
-207.72971      -207.49208      0.23762         64.00000       
-207.79212      -207.73244      0.05967         64.00000       
-210.20146      -210.09711      0.10435         64.00000       
-208.07433      -207.87881      0.19552         64.00000       
-208.79155      -208.72526      0.06630         64.00000       
-209.00853      -209.00414      0.00439         64.00000       
-203.40489      -203.61527      0.21038         64.00000       
-201.76126      -201.81438      0.05312         64.00000       
-208.50863      -208.35344      0.15519         64.00000       
-209.46585      -209.25434      0.21151         64.00000       
-208.16525      -207.97985      0.18539         64.00000       
-207.61844      -207.68153      0.06309         64.00000       
-208.87934      -208.66959      0.20976         64.00000       
-208.51878      -208.46249      0.05629         64.00000       
-206.08862      -206.03701      0.05161         64.00000       
-207.42154      -207.55204      0.13051         64.00000       
-210.13523      -209.96248      0.17276         64.00000       
-208.32849      -208.31246      0.01602         64.00000       
-202.12637      -202.18260      0.05624         64.00000       
-208.52198      -208.54603      0.02405         64.00000       
-207.21014      -207.12588      0.08426         64.00000       
-210.19181      -210.01233      0.17948         64.00000       
-205.92392      -205.87434      0.04958         64.00000       
-199.86297      -199.93786      0.07488         64.00000       
-209.46441      -209.44430      0.02011         64.00000       
-210.17888      -210.04255      0.13634         64.00000       
-206.71695      -206.63809      0.07886         64.00000       
-204.36523      -204.57458      0.20935         64.00000       
-209.93102      -209.81199      0.11903         64.00000       
-209.11775      -209.02359      0.09415         64.00000       
-199.12768      -199.16582      0.03814         64.00000       
-204.49858      -204.61495      0.11637         64.00000       
-207.72442      -207.53624      0.18818         64.00000       
-196.11411      -196.44753      0.33342         64.00000       
-209.96135      -209.77640      0.18495         64.00000       
-207.12576      -206.99599      0.12977         64.00000       
-207.78258      -207.61103      0.17155         64.00000       
-209.19831      -209.15324      0.04508         64.00000       
-201.87881      -203.31227      1.43345         64.00000       
-208.82972      -208.69193      0.13779         64.00000       
-209.81285      -209.64828      0.16457         64.00000       
-209.52106      -209.50695      0.01411         64.00000       
-208.63944      -208.56902      0.07042         64.00000       
-197.60212      -198.07019      0.46807         64.00000       
-208.65506      -208.70963      0.05457         64.00000       
-209.37601      -209.29637      0.07964         64.00000       
-207.18610      -207.12209      0.06401         64.00000       
-210.12558      -209.77788      0.34770         64.00000       
-208.06169      -207.94151      0.12018         64.00000       
-210.15989      -210.05750      0.10239         64.00000       
-192.96164      -193.18266      0.22102         64.00000       
-209.19920      -209.10356      0.09564         64.00000       
-205.79797      -205.71234      0.08564         64.00000       
-209.06586      -208.93567      0.13019         64.00000       
-209.29959      -209.25609      0.04350         64.00000       
-208.29415      -208.09610      0.19805         64.00000       
-203.27548      -203.58882      0.31334         64.00000       
-209.76499      -209.62945      0.13555         64.00000       
-196.57744      -196.33909      0.23835         64.00000       
-210.62873      -210.57478      0.05395         64.00000       
-201.98985      -202.17091      0.18106         64.00000       
-203.00737      -202.91720      0.09017         64.00000       
-202.57730      -202.45259      0.12471         64.00000       
-205.86140      -205.93774      0.07633         64.00000       
-207.06781      -206.96682      0.10099         64.00000       
-207.18076      -207.05793      0.12283         64.00000       
-208.11008      -208.12542      0.01534         64.00000       
-205.36374      -205.44888      0.08514         64.00000       
-205.69688      -205.81001      0.11312         64.00000       
-209.47054      -209.41623      0.05431         64.00000       
-204.63180      -204.38787      0.24392         64.00000       
-210.68497      -210.44972      0.23525         64.00000       
-201.26877      -201.34946      0.08069         64.00000       
-199.95646      -200.11031      0.15385         64.00000       
-200.50269      -200.27668      0.22600         64.00000       
-207.51050      -207.44533      0.06516         64.00000       
-205.42699      -205.45102      0.02402         64.00000       
-208.97390      -208.86289      0.11100         64.00000       
-207.91174      -207.90719      0.00455         64.00000       
-201.64059      -201.96603      0.32545         64.00000       
-203.38448      -203.53800      0.15352         64.00000       
-210.10479      -209.99987      0.10493         64.00000       
-205.29686      -205.19395      0.10291         64.00000       
-206.28802      -206.40197      0.11395         64.00000       
-200.27472      -200.29344      0.01872         64.00000       
-207.26882      -207.19539      0.07343         64.00000       
-208.67889      -208.76322      0.08433         64.00000       
-208.86292      -208.66440      0.19852         64.00000       
-209.35402      -209.24849      0.10552         64.00000       
-208.72243      -208.59224      0.13019         64.00000       
-204.40386      -204.62851      0.22465         64.00000       
-209.19546      -209.00690      0.18856         64.00000       
-206.88730      -206.76091      0.12639         64.00000       
-203.42188      -203.69490      0.27302         64.00000       
-210.04864      -209.83752      0.21112         64.00000       
-205.00123      -205.07205      0.07082         64.00000       
-209.06547      -208.94093      0.12454         64.00000       
-208.22382      -208.02593      0.19788         64.00000       
-207.90459      -207.71834      0.18625         64.00000       
-208.36614      -208.25509      0.11104         64.00000       
-200.25502      -200.28804      0.03302         64.00000       
-211.24449      -210.94516      0.29932         64.00000       
-208.00055      -208.11806      0.11751         64.00000       
-207.98141      -208.02061      0.03920         64.00000       
-209.64589      -209.48585      0.16005         64.00000       
-209.76747      -209.71032      0.05715         64.00000       
-206.97639      -206.97658      0.00019         64.00000       
-209.89763      -209.78708      0.11055         64.00000       
-207.07918      -207.05728      0.02190         64.00000       
-198.96283      -198.86421      0.09861         64.00000       
-200.06683      -200.37623      0.30940         64.00000       
-207.04056      -206.96238      0.07818         64.00000       
-207.70699      -207.72458      0.01759         64.00000       
-208.74315      -208.65296      0.09019         64.00000       
-201.51356      -201.58699      0.07343         64.00000       
-203.91927      -203.82216      0.09712         64.00000       
-210.10932      -209.82015      0.28916         64.00000       
-207.69045      -207.76032      0.06986         64.00000       
-199.63348      -199.90906      0.27558         64.00000       
-206.99370      -207.05498      0.06128         64.00000       
-202.89968      -202.91673      0.01705         64.00000       
-204.07164      -204.04606      0.02558         64.00000       
-203.51630      -203.88951      0.37321         64.00000       
-202.86405      -202.85497      0.00908         64.00000       
-207.00173      -207.06920      0.06747         64.00000       
-204.75624      -204.75862      0.00238         64.00000       
-206.71740      -206.90573      0.18833         64.00000       
-208.42019      -208.22677      0.19342         64.00000       
-206.70158      -206.93286      0.23128         64.00000       
-209.83992      -209.68571      0.15421         64.00000       
-205.75894      -205.46655      0.29239         64.00000       
-206.40093      -206.41046      0.00953         64.00000       
-204.18646      -204.28325      0.09679         64.00000       
-200.37972      -200.67271      0.29298         64.00000       
-209.42826      -209.22961      0.19865         64.00000       
-208.10013      -208.03943      0.06070         64.00000       
-209.76439      -209.62262      0.14176         64.00000       
-209.17950      -209.14597      0.03353         64.00000       
-206.27146      -206.23982      0.03164         64.00000       
-205.17206      -204.94154      0.23052         64.00000       
-210.20435      -210.03363      0.17073         64.00000       
-201.94150      -202.14873      0.20723         64.00000       
-203.76299      -203.65757      0.10542         64.00000       
-205.90432      -205.76902      0.13530         64.00000       
-195.22237      -195.26242      0.04005         64.00000       
-194.99660      -195.14059      0.14400         64.00000       
-193.79382      -193.65722      0.13661         64.00000       
-193.41793      -193.48262      0.06469         64.00000       
-194.69308      -194.48484      0.20823         64.00000       
-193.82419      -194.37012      0.54593         64.00000       
-192.68033      -193.16383      0.48350         64.00000       
-193.45858      -193.60768      0.14910         64.00000       
-194.10226      -193.50970      0.59256         64.00000       
-194.21868      -194.57388      0.35520         64.00000       
-193.59193      -193.71444      0.12252         64.00000       
-192.27881      -192.57545      0.29664         64.00000       
-193.81575      -194.12161      0.30587         64.00000       
-192.72942      -193.54526      0.81584         64.00000       
-195.12946      -195.05002      0.07944         64.00000       
-195.58568      -195.29113      0.29455         64.00000       
-193.77154      -193.75842      0.01311         64.00000       
-193.61201      -193.70494      0.09293         64.00000       
-192.86672      -193.39344      0.52671         64.00000       
-193.04059      -193.58464      0.54405         64.00000       
-194.11866      -193.85063      0.26803         64.00000       
-189.66910      -190.29907      0.62997         64.00000       
-193.53661      -193.44226      0.09436         64.00000       
-191.78303      -192.42577      0.64275         64.00000       
-195.79322      -195.63260      0.16061         64.00000       
-193.72365      -193.34422      0.37943         64.00000       
-193.93881      -193.77937      0.15944         64.00000       
-192.73024      -193.34182      0.61158         64.00000       
-192.33930      -192.48723      0.14793         64.00000       
-193.97846      -194.37744      0.39898         64.00000       
-193.16339      -193.37413      0.21073         64.00000       
-192.94631      -193.10882      0.16251         64.00000       
-193.16175      -193.18108      0.01934         64.00000       
-193.36528      -193.43087      0.06558         64.00000       
-192.30804      -192.73631      0.42827         64.00000       
-192.36791      -192.60375      0.23584         64.00000       
-193.06359      -193.19689      0.13330         64.00000       
-193.83259      -193.71592      0.11668         64.00000       
-190.81607      -191.30682      0.49076         64.00000       
-194.71581      -194.58788      0.12793         64.00000       
-192.48885      -192.18617      0.30268         64.00000       
-192.99994      -193.35420      0.35426         64.00000       
-193.05039      -193.39114      0.34075         64.00000       
-193.77814      -194.16031      0.38217         64.00000       
-191.26079      -191.92735      0.66656         64.00000       
-192.06330      -192.01213      0.05117         64.00000       
-192.74529      -193.27932      0.53403         64.00000       
-192.63049      -192.79435      0.16387         64.00000       
-191.77107      -192.08799      0.31692         64.00000       
-193.83003      -194.19255      0.36252         64.00000       
-190.46871      -190.99472      0.52602         64.00000       
-193.54366      -193.62408      0.08042         64.00000       
-192.30842      -192.24313      0.06529         64.00000       
-193.86476      -194.08870      0.22394         64.00000       
-195.36387      -195.53348      0.16962         64.00000       
-192.37334      -192.22560      0.14774         64.00000       
-192.26647      -192.42444      0.15798         64.00000       
-192.76504      -193.05430      0.28925         64.00000       
-195.00023      -194.72435      0.27587         64.00000       
-193.48366      -193.63654      0.15288         64.00000       
-194.82324      -194.64785      0.17539         64.00000       
-192.11652      -192.81627      0.69975         64.00000       
-192.00700      -191.69352      0.31348         64.00000       
-191.39466      -191.16897      0.22569         64.00000       
-192.86853      -193.10023      0.23170         64.00000       
-195.13587      -194.60749      0.52838         64.00000       
-192.32379      -192.33291      0.00912         64.00000       
-189.92429      -190.48766      0.56338         64.00000       
-195.40659      -195.15995      0.24664         64.00000       
-195.09892      -194.58450      0.51443         64.00000       
-194.24940      -194.01394      0.23547         64.00000       
-193.92769      -194.24903      0.32134         64.00000       
-191.48317      -191.48689      0.00372         64.00000       
-194.09301      -193.81840      0.27461         64.00000       
-193.35530      -193.48122      0.12592         64.00000       
-192.49176      -192.48757      0.00419         64.00000       
-193.14253      -193.15928      0.01676         64.00000       
-193.54050      -193.31438      0.22612         64.00000       
-194.84150      -194.95384      0.11234         64.00000       
-194.27106      -194.37524      0.10418         64.00000       
-193.43604      -193.46312      0.02708         64.00000       
-194.75537      -194.81861      0.06324         64.00000       
-190.38331      -191.02469      0.64138         64.00000       
-191.74065      -192.12989      0.38925         64.00000       
-194.36759      -194.42741      0.05982         64.00000       
-194.33525      -194.53489      0.19964         64.00000       
-194.68366      -194.56970      0.11396         64.00000       
-191.84804      -191.90748      0.05944         64.00000       
-192.62121      -192.77192      0.15071         64.00000       
-193.90327      -193.91767      0.01440         64.00000       
-192.80691      -193.17027      0.36336         64.00000       
-192.02795      -192.82045      0.79251         64.00000       
-193.53396      -193.61523      0.08127         64.00000       
-193.69493      -193.58741      0.10752         64.00000       
-189.62705      -189.89725      0.27020         64.00000       
-194.86647      -194.74120      0.12527         64.00000       
-194.58510      -194.63545      0.05035         64.00000       
-194.02720      -193.78597      0.24123         64.00000       
-192.74234      -193.12770      0.38536         64.00000       
# MSE = 4.84553E-02
# Maxerror = 1.43345E+00
