2022-01-12 13:13:02,899 - root - INFO -       Started
2022-01-12 13:13:02,911 - ccs.fitting.main - INFO -       
 The atom pair is : O-O
2022-01-12 13:13:02,913 - ccs.fitting.main - INFO -       
The minimum distance for atom pair O-O is 5.138915000000001 
2022-01-12 13:13:02,975 - ccs.fitting.main - INFO -       
 The atom pair is : O-Zn
2022-01-12 13:13:02,976 - ccs.fitting.main - INFO -       
The minimum distance for atom pair O-Zn is 3.117969 
2022-01-12 13:13:03,025 - ccs.fitting.main - INFO -       
 The atom pair is : Zn-Zn
2022-01-12 13:13:03,026 - ccs.fitting.main - INFO -       
The minimum distance for atom pair Zn-Zn is 5.074927000000001 
2022-01-12 13:13:03,044 - ccs.fitting.objective - INFO -       positive definite:False
2022-01-12 13:13:31,907 - root - INFO -       Started
2022-01-12 13:13:31,921 - ccs.fitting.main - INFO -       
 The atom pair is : Zn-Zn
2022-01-12 13:13:31,921 - ccs.fitting.main - INFO -       
The minimum distance for atom pair Zn-Zn is 5.074927000000001 
2022-01-12 13:13:31,966 - ccs.fitting.main - INFO -       
 The atom pair is : O-Zn
2022-01-12 13:13:31,967 - ccs.fitting.main - INFO -       
The minimum distance for atom pair O-Zn is 3.117969 
2022-01-12 13:13:32,035 - ccs.fitting.main - INFO -       
 The atom pair is : O-O
2022-01-12 13:13:32,035 - ccs.fitting.main - INFO -       
The minimum distance for atom pair O-O is 5.138915000000001 
2022-01-12 13:13:32,059 - ccs.fitting.objective - INFO -       positive definite:False
2022-01-12 13:14:29,919 - root - INFO -       Started
2022-01-12 13:14:29,933 - ccs.fitting.main - INFO -       
 The atom pair is : O-O
2022-01-12 13:14:29,934 - ccs.fitting.main - INFO -       
The minimum distance for atom pair O-O is 5.138915000000001 
2022-01-12 13:14:29,981 - ccs.fitting.main - INFO -       
 The atom pair is : O-Zn
2022-01-12 13:14:29,982 - ccs.fitting.main - INFO -       
The minimum distance for atom pair O-Zn is 3.117969 
2022-01-12 13:14:30,044 - ccs.fitting.main - INFO -       
 The atom pair is : Zn-Zn
2022-01-12 13:14:30,044 - ccs.fitting.main - INFO -       
The minimum distance for atom pair Zn-Zn is 5.074927000000001 
2022-01-12 13:14:30,066 - ccs.fitting.objective - INFO -       positive definite:False
2022-01-12 13:15:07,976 - ccs.fitting.objective - INFO -       
 The best switch is : (14, 10, 1) and mse : 8.1942e-17
2022-01-12 13:15:09,130 - ccs.fitting.objective - INFO -       3.1105430968207427e-07 2.141608164900993e-05
2022-01-12 13:15:09,130 - ccs.fitting.objective - INFO -       0.00452593964804742 0.3007539868330449
2022-01-12 13:15:09,130 - ccs.fitting.objective - INFO -       0.1210269679698425 7.433862827548426
2022-01-12 13:15:09,130 - ccs.fitting.objective - INFO -       0.6187308335899231 34.511981872483744
2022-01-12 13:15:09,130 - ccs.fitting.objective - INFO -       1.7845303535114774 86.09950039369396
2022-01-12 13:15:09,131 - ccs.fitting.objective - INFO -       3.9357074299998187 176.1659304404521
2022-01-12 13:15:09,131 - ccs.fitting.objective - INFO -       7.359969972749816 303.9447344871819
2022-01-12 13:15:09,131 - ccs.fitting.objective - INFO -       12.335516080752651 455.7317101173796
2022-01-12 13:15:09,131 - ccs.fitting.objective - INFO -       19.14122127973813 603.4729385106253
2022-01-12 13:15:09,131 - ccs.fitting.objective - INFO -       28.05592525637091 760.1458799967054
2022-01-12 13:15:09,131 - ccs.fitting.objective - INFO -       39.35841202551829 867.5996839535412
2022-01-12 13:15:09,131 - ccs.fitting.objective - INFO -       53.327549982925014 994.0765148231976
2022-01-12 13:15:09,131 - ccs.fitting.objective - INFO -       70.27812099688916 1065.2041149357613
2022-01-12 13:15:09,131 - ccs.fitting.objective - INFO -       90.79415393116491 1025.8032246750167
2022-01-12 13:15:09,131 - ccs.fitting.objective - INFO -       115.10220295002708 720.2975415531624
2022-01-12 13:15:09,132 - ccs.fitting.objective - INFO -       143.2371034446377 -545.5135103480249
2022-01-12 13:15:09,132 - ccs.fitting.objective - INFO -       175.3314723989268 -473.9173156532217
2022-01-12 13:15:09,132 - ccs.fitting.objective - INFO -       212.32540046802364 -364.0358118048075
2022-01-12 13:15:09,132 - ccs.fitting.objective - INFO -       254.96478651891294 -311.2067655079486
2022-01-12 13:15:09,132 - ccs.fitting.objective - INFO -       303.54572339454035 -191.69226071075073
2022-01-12 13:15:09,132 - ccs.fitting.objective - INFO -       84.81925159290282 -21.481525120276338
2022-01-12 13:15:09,132 - ccs.fitting.objective - INFO -       0.00027424626889399075 0.016710029902865027
2022-01-12 13:15:09,132 - ccs.fitting.objective - INFO -       0.17018661605502983 9.904695725881213
2022-01-12 13:15:09,132 - ccs.fitting.objective - INFO -       2.415088055594763 134.9533251959968
2022-01-12 13:15:09,132 - ccs.fitting.objective - INFO -       10.938897558769494 574.1607091816456
2022-01-12 13:15:09,133 - ccs.fitting.objective - INFO -       29.103100837164344 1146.1185647141353
2022-01-12 13:15:09,133 - ccs.fitting.objective - INFO -       61.12622054264352 2305.6772820047067
2022-01-12 13:15:09,133 - ccs.fitting.objective - INFO -       111.37202760939823 3975.002859150528
2022-01-12 13:15:09,133 - ccs.fitting.objective - INFO -       179.48973466637463 6030.788880457605
2022-01-12 13:15:09,133 - ccs.fitting.objective - INFO -       265.33138701716376 8223.753573626494
2022-01-12 13:15:09,133 - ccs.fitting.objective - INFO -       369.2492154765998 -2974.035998813473
2022-01-12 13:15:09,133 - ccs.fitting.objective - INFO -       493.70438700184195 -4416.515995420337
2022-01-12 13:15:09,133 - ccs.fitting.objective - INFO -       641.0293251583264 -5833.212188822374
2022-01-12 13:15:09,133 - ccs.fitting.objective - INFO -       812.6185787442446 -6684.360698478198
2022-01-12 13:15:09,133 - ccs.fitting.objective - INFO -       1020.6261876058704 -7751.343667988198
2022-01-12 13:15:09,133 - ccs.fitting.objective - INFO -       1302.762654709382 -9010.08767792333
2022-01-12 13:15:09,134 - ccs.fitting.objective - INFO -       1685.3968822410643 -8102.512436442063
2022-01-12 13:15:09,134 - ccs.fitting.objective - INFO -       2187.7993000369424 -9883.685601668623
2022-01-12 13:15:09,134 - ccs.fitting.objective - INFO -       2827.9573587309733 -8489.527727550269
2022-01-12 13:15:09,134 - ccs.fitting.objective - INFO -       3630.2487801592147 -3747.4537788530006
2022-01-12 13:15:09,134 - ccs.fitting.objective - INFO -       4675.9732266690025 -1627.1973402708772
2022-01-12 13:15:09,134 - ccs.fitting.objective - INFO -       1382.7002982581403 -109.01024778069404
2022-01-12 13:15:09,134 - ccs.fitting.objective - INFO -       6.661937148980822e-07 -3.176532976103601e-05
2022-01-12 13:15:09,134 - ccs.fitting.objective - INFO -       0.004191892266101797 -0.21005639479411076
2022-01-12 13:15:09,134 - ccs.fitting.objective - INFO -       0.09648785150081304 -5.045466297941309
2022-01-12 13:15:09,134 - ccs.fitting.objective - INFO -       0.5392285215440582 -27.482943866974274
2022-01-12 13:15:09,134 - ccs.fitting.objective - INFO -       1.64706572356197 -81.23610218505796
2022-01-12 13:15:09,135 - ccs.fitting.objective - INFO -       3.7661497238266017 -178.11481585877178
2022-01-12 13:15:09,135 - ccs.fitting.objective - INFO -       7.419218229815643 -327.54336660020783
2022-01-12 13:15:09,135 - ccs.fitting.objective - INFO -       12.898853463156591 -543.1763228287839
2022-01-12 13:15:09,135 - ccs.fitting.objective - INFO -       20.465106074737285 -803.733205554927
2022-01-12 13:15:09,135 - ccs.fitting.objective - INFO -       30.4293295215041 -1117.8057733987102
2022-01-12 13:15:09,135 - ccs.fitting.objective - INFO -       43.10302901193825 -1359.2906099998672
2022-01-12 13:15:09,135 - ccs.fitting.objective - INFO -       58.7976332874764 -1614.226619286691
2022-01-12 13:15:09,135 - ccs.fitting.objective - INFO -       77.82453260670334 -1907.0569880522803
2022-01-12 13:15:09,135 - ccs.fitting.objective - INFO -       100.49525018445274 -2062.671366911246
2022-01-12 13:15:09,135 - ccs.fitting.objective - INFO -       127.11819007797757 -2020.4832153615685
2022-01-12 13:15:09,135 - ccs.fitting.objective - INFO -       157.90889283426472 -1559.3362545287168
2022-01-12 13:15:09,136 - ccs.fitting.objective - INFO -       192.9874076587426 -1201.2309230424594
2022-01-12 13:15:09,136 - ccs.fitting.objective - INFO -       233.30107802922006 -767.7129953740456
2022-01-12 13:15:09,136 - ccs.fitting.objective - INFO -       279.75089894303187 -668.8579228560177
2022-01-12 13:15:09,136 - ccs.fitting.objective - INFO -       332.6786505437781 -392.85241753502214
2022-01-12 13:15:09,136 - ccs.fitting.objective - INFO -       92.90312044286313 -38.262241470902495
2022-01-12 13:15:09,136 - ccs.fitting.objective - INFO -       184.0 12082.98766104483
2022-01-12 13:15:09,142 - ccs.fitting.main - INFO -       
 The atom pair is : O-O
2022-01-12 13:15:09,143 - ccs.fitting.main - INFO -       
The minimum distance for atom pair O-O is 5.138915000000001 
2022-01-12 13:15:09,180 - ccs.fitting.main - INFO -       
 The atom pair is : O-Zn
2022-01-12 13:15:09,181 - ccs.fitting.main - INFO -       
The minimum distance for atom pair O-Zn is 3.117969 
2022-01-12 13:15:09,256 - ccs.fitting.main - INFO -       
 The atom pair is : Zn-Zn
2022-01-12 13:15:09,256 - ccs.fitting.main - INFO -       
The minimum distance for atom pair Zn-Zn is 5.074927000000001 
2022-01-12 13:15:09,297 - root - INFO -       Ended
2022-01-12 14:49:17,573 - root - INFO -       Started
2022-01-12 14:49:17,584 - ccs.fitting.main - INFO -       
 The atom pair is : Zn-Zn
2022-01-12 14:49:17,585 - ccs.fitting.main - INFO -       
The minimum distance for atom pair Zn-Zn is 5.074927000000001 
2022-01-12 14:49:17,640 - ccs.fitting.main - INFO -       
 The atom pair is : O-Zn
2022-01-12 14:49:17,641 - ccs.fitting.main - INFO -       
The minimum distance for atom pair O-Zn is 3.117969 
2022-01-12 14:49:17,696 - ccs.fitting.main - INFO -       
 The atom pair is : O-O
2022-01-12 14:49:17,697 - ccs.fitting.main - INFO -       
The minimum distance for atom pair O-O is 5.138915000000001 
2022-01-12 14:49:17,718 - ccs.fitting.objective - INFO -       positive definite:False
2022-01-12 14:49:42,798 - ccs.fitting.objective - INFO -       
 The best switch is : (1, 10, 14) and mse : 1.2644e-16
2022-01-12 14:49:43,533 - ccs.fitting.objective - INFO -       6.661937148980822e-07 -2.7689092212338333e-05
2022-01-12 14:49:43,533 - ccs.fitting.objective - INFO -       0.004191892266101797 -0.1841495708559449
2022-01-12 14:49:43,533 - ccs.fitting.objective - INFO -       0.09648785150081304 -4.439454456015637
2022-01-12 14:49:43,533 - ccs.fitting.objective - INFO -       0.5392285215440582 -24.2845399730964
2022-01-12 14:49:43,533 - ccs.fitting.objective - INFO -       1.64706572356197 -70.87003832848555
2022-01-12 14:49:43,533 - ccs.fitting.objective - INFO -       3.7661497238266017 -153.76894548437195
2022-01-12 14:49:43,533 - ccs.fitting.objective - INFO -       7.419218229815643 -281.1845015985076
2022-01-12 14:49:43,533 - ccs.fitting.objective - INFO -       12.898853463156591 -463.93534595303225
2022-01-12 14:49:43,533 - ccs.fitting.objective - INFO -       20.465106074737285 -681.4291744197915
2022-01-12 14:49:43,533 - ccs.fitting.objective - INFO -       30.4293295215041 -941.5367838219647
2022-01-12 14:49:43,533 - ccs.fitting.objective - INFO -       43.10302901193825 -1120.7588009319188
2022-01-12 14:49:43,533 - ccs.fitting.objective - INFO -       58.7976332874764 -1319.0670954621528
2022-01-12 14:49:43,533 - ccs.fitting.objective - INFO -       77.82453260670334 -1565.0375392427268
2022-01-12 14:49:43,534 - ccs.fitting.objective - INFO -       100.49525018445274 -1688.9192564058803
2022-01-12 14:49:43,534 - ccs.fitting.objective - INFO -       127.11819007797757 -1639.1569203679596
2022-01-12 14:49:43,534 - ccs.fitting.objective - INFO -       157.90889283426472 -1312.0289858447202
2022-01-12 14:49:43,534 - ccs.fitting.objective - INFO -       192.9874076587426 -1062.7224517876703
2022-01-12 14:49:43,534 - ccs.fitting.objective - INFO -       233.30107802922006 -683.9013189274733
2022-01-12 14:49:43,534 - ccs.fitting.objective - INFO -       279.75089894303187 -598.215249059291
2022-01-12 14:49:43,534 - ccs.fitting.objective - INFO -       332.6786505437781 -350.3433079476739
2022-01-12 14:49:43,534 - ccs.fitting.objective - INFO -       92.90312044286313 -38.88918971063468
2022-01-12 14:49:43,534 - ccs.fitting.objective - INFO -       0.00027424626889399075 0.013659742604343463
2022-01-12 14:49:43,534 - ccs.fitting.objective - INFO -       0.17018661605502983 8.007307433999088
2022-01-12 14:49:43,534 - ccs.fitting.objective - INFO -       2.415088055594763 108.34589133384888
2022-01-12 14:49:43,534 - ccs.fitting.objective - INFO -       10.938897558769494 454.1523110590009
2022-01-12 14:49:43,534 - ccs.fitting.objective - INFO -       29.103100837164344 832.4975215628546
2022-01-12 14:49:43,534 - ccs.fitting.objective - INFO -       61.12622054264352 1653.7041127279772
2022-01-12 14:49:43,534 - ccs.fitting.objective - INFO -       111.37202760939823 2779.1197641857084
2022-01-12 14:49:43,534 - ccs.fitting.objective - INFO -       179.48973466637463 4072.9522791228783
2022-01-12 14:49:43,535 - ccs.fitting.objective - INFO -       265.33138701716376 5285.172575826833
2022-01-12 14:49:43,535 - ccs.fitting.objective - INFO -       369.2492154765998 6049.04762564488
2022-01-12 14:49:43,535 - ccs.fitting.objective - INFO -       493.70438700184195 3026.3115138075414
2022-01-12 14:49:43,535 - ccs.fitting.objective - INFO -       641.0293251583264 -7466.3228225324265
2022-01-12 14:49:43,535 - ccs.fitting.objective - INFO -       812.6185787442446 -8682.23003656698
2022-01-12 14:49:43,535 - ccs.fitting.objective - INFO -       1020.6261876058704 -9797.367785625569
2022-01-12 14:49:43,535 - ccs.fitting.objective - INFO -       1302.762654709382 -10939.559243868533
2022-01-12 14:49:43,535 - ccs.fitting.objective - INFO -       1685.3968822410643 -8443.93157893886
2022-01-12 14:49:43,535 - ccs.fitting.objective - INFO -       2187.7993000369424 -10027.65717308613
2022-01-12 14:49:43,535 - ccs.fitting.objective - INFO -       2827.9573587309733 -8645.617508066374
2022-01-12 14:49:43,535 - ccs.fitting.objective - INFO -       3630.2487801592147 -3910.566920204185
2022-01-12 14:49:43,535 - ccs.fitting.objective - INFO -       4675.9732266690025 -1582.9971991041575
2022-01-12 14:49:43,535 - ccs.fitting.objective - INFO -       1382.7002982581403 -119.84645589716985
2022-01-12 14:49:43,535 - ccs.fitting.objective - INFO -       3.1105430968207427e-07 2.0294469949462546e-05
2022-01-12 14:49:43,535 - ccs.fitting.objective - INFO -       0.00452593964804742 0.28470376053995095
2022-01-12 14:49:43,535 - ccs.fitting.objective - INFO -       0.1210269679698425 7.066258193815057
2022-01-12 14:49:43,536 - ccs.fitting.objective - INFO -       0.6187308335899231 33.00218906230332
2022-01-12 14:49:43,536 - ccs.fitting.objective - INFO -       1.7845303535114774 81.06492905584903
2022-01-12 14:49:43,536 - ccs.fitting.objective - INFO -       3.9357074299998187 164.67230453507528
2022-01-12 14:49:43,536 - ccs.fitting.objective - INFO -       7.359969972749816 282.4364932486029
2022-01-12 14:49:43,536 - ccs.fitting.objective - INFO -       12.335516080752651 420.466326619022
2022-01-12 14:49:43,536 - ccs.fitting.objective - INFO -       19.14122127973813 550.7757737330876
2022-01-12 14:49:43,536 - ccs.fitting.objective - INFO -       28.05592525637091 685.619010038675
2022-01-12 14:49:43,536 - ccs.fitting.objective - INFO -       39.35841202551829 766.9724856677783
2022-01-12 14:49:43,536 - ccs.fitting.objective - INFO -       53.327549982925014 879.0068128682524
2022-01-12 14:49:43,536 - ccs.fitting.objective - INFO -       70.27812099688916 954.5657475617602
2022-01-12 14:49:43,536 - ccs.fitting.objective - INFO -       90.79415393116491 941.4378801653017
2022-01-12 14:49:43,536 - ccs.fitting.objective - INFO -       115.10220295002708 694.0708320452771
2022-01-12 14:49:43,536 - ccs.fitting.objective - INFO -       143.2371034446377 -528.7515338972282
2022-01-12 14:49:43,536 - ccs.fitting.objective - INFO -       175.3314723989268 -469.5895221953972
2022-01-12 14:49:43,536 - ccs.fitting.objective - INFO -       212.32540046802364 -374.1313216434433
2022-01-12 14:49:43,537 - ccs.fitting.objective - INFO -       254.96478651891294 -324.17827258265606
2022-01-12 14:49:43,537 - ccs.fitting.objective - INFO -       303.54572339454035 -200.42055162631738
2022-01-12 14:49:43,537 - ccs.fitting.objective - INFO -       84.81925159290282 -24.34274978705778
2022-01-12 14:49:43,537 - ccs.fitting.objective - INFO -       184.0 10173.375558493479
2022-01-12 14:49:43,543 - ccs.fitting.main - INFO -       
 The atom pair is : Zn-Zn
2022-01-12 14:49:43,543 - ccs.fitting.main - INFO -       
The minimum distance for atom pair Zn-Zn is 5.074927000000001 
2022-01-12 14:49:43,561 - ccs.fitting.main - INFO -       
 The atom pair is : O-Zn
2022-01-12 14:49:43,562 - ccs.fitting.main - INFO -       
The minimum distance for atom pair O-Zn is 3.117969 
2022-01-12 14:49:43,597 - ccs.fitting.main - INFO -       
 The atom pair is : O-O
2022-01-12 14:49:43,597 - ccs.fitting.main - INFO -       
The minimum distance for atom pair O-O is 5.138915000000001 
2022-01-12 14:49:43,616 - root - INFO -       Ended
2022-01-12 14:50:24,101 - root - INFO -       Started
2022-01-12 14:50:24,106 - ccs.fitting.main - INFO -       
 The atom pair is : O-Zn
2022-01-12 14:50:24,111 - ccs.fitting.main - INFO -       
The minimum distance for atom pair O-Zn is 3.117969 
2022-01-12 14:50:24,186 - ccs.fitting.objective - INFO -       positive definite:False
2022-01-12 14:50:24,279 - ccs.fitting.objective - INFO -       
 The best switch is : (5,) and mse : 2.3e-07
2022-01-12 14:50:24,710 - ccs.fitting.objective - INFO -       0.00027424626889399075 0.004822037468373588
2022-01-12 14:50:24,710 - ccs.fitting.objective - INFO -       0.17018661605502983 1.6913017703803481
2022-01-12 14:50:24,710 - ccs.fitting.objective - INFO -       2.415088055594763 12.90040847359937
2022-01-12 14:50:24,710 - ccs.fitting.objective - INFO -       10.938897558769494 28.911521135541662
2022-01-12 14:50:24,710 - ccs.fitting.objective - INFO -       29.103100837164344 36.60566626082569
2022-01-12 14:50:24,710 - ccs.fitting.objective - INFO -       61.12622054264352 30.756193452551727
2022-01-12 14:50:24,710 - ccs.fitting.objective - INFO -       111.37202760939823 -255.3034195911644
2022-01-12 14:50:24,710 - ccs.fitting.objective - INFO -       179.48973466637463 -43.21258666590854
2022-01-12 14:50:24,710 - ccs.fitting.objective - INFO -       265.33138701716376 -55.11307750663269
2022-01-12 14:50:24,710 - ccs.fitting.objective - INFO -       369.2492154765998 -72.76215407935999
2022-01-12 14:50:24,710 - ccs.fitting.objective - INFO -       493.70438700184195 -95.7147401409074
2022-01-12 14:50:24,710 - ccs.fitting.objective - INFO -       641.0293251583264 -122.99465601543424
2022-01-12 14:50:24,711 - ccs.fitting.objective - INFO -       812.6185787442446 -154.47242061582034
2022-01-12 14:50:24,711 - ccs.fitting.objective - INFO -       1020.6261876058704 -51.42690448871183
2022-01-12 14:50:24,711 - ccs.fitting.objective - INFO -       1302.762654709382 -65.37554862521202
2022-01-12 14:50:24,711 - ccs.fitting.objective - INFO -       1685.3968822410643 -83.77784619958796
2022-01-12 14:50:24,711 - ccs.fitting.objective - INFO -       2187.7993000369424 -33.20059384009618
2022-01-12 14:50:24,711 - ccs.fitting.objective - INFO -       2827.9573587309733 -42.199495683419336
2022-01-12 14:50:24,711 - ccs.fitting.objective - INFO -       3630.2487801592147 -1.443745786740812
2022-01-12 14:50:24,711 - ccs.fitting.objective - INFO -       4675.9732266690025 -0.8322186870143213
2022-01-12 14:50:24,711 - ccs.fitting.objective - INFO -       1382.7002982581403 -0.11113025636984958
2022-01-12 14:50:24,711 - ccs.fitting.objective - INFO -       184.0 -1053.1729987034178
2022-01-12 14:50:24,711 - ccs.fitting.main - INFO -       
 The atom pair is : O-Zn
2022-01-12 14:50:24,711 - ccs.fitting.main - INFO -       
The minimum distance for atom pair O-Zn is 3.117969 
2022-01-12 14:50:24,745 - root - INFO -       Ended
2022-01-12 14:50:35,093 - root - INFO -       Started
2022-01-12 14:50:35,108 - ccs.fitting.main - INFO -       
 The atom pair is : O-Zn
2022-01-12 14:50:35,108 - ccs.fitting.main - INFO -       
The minimum distance for atom pair O-Zn is 3.117969 
2022-01-12 14:50:35,204 - ccs.fitting.objective - INFO -       positive definite:False
2022-01-12 14:50:35,382 - ccs.fitting.objective - INFO -       
 The best switch is : (5,) and mse : 2.3e-07
2022-01-12 14:50:35,839 - ccs.fitting.objective - INFO -       0.00027424626889399075 0.004822037468373588
2022-01-12 14:50:35,839 - ccs.fitting.objective - INFO -       0.17018661605502983 1.6913017703803481
2022-01-12 14:50:35,839 - ccs.fitting.objective - INFO -       2.415088055594763 12.90040847359937
2022-01-12 14:50:35,840 - ccs.fitting.objective - INFO -       10.938897558769494 28.911521135541662
2022-01-12 14:50:35,840 - ccs.fitting.objective - INFO -       29.103100837164344 36.60566626082569
2022-01-12 14:50:35,840 - ccs.fitting.objective - INFO -       61.12622054264352 30.756193452551727
2022-01-12 14:50:35,840 - ccs.fitting.objective - INFO -       111.37202760939823 -255.3034195911644
2022-01-12 14:50:35,840 - ccs.fitting.objective - INFO -       179.48973466637463 -43.21258666590854
2022-01-12 14:50:35,840 - ccs.fitting.objective - INFO -       265.33138701716376 -55.11307750663269
2022-01-12 14:50:35,840 - ccs.fitting.objective - INFO -       369.2492154765998 -72.76215407935999
2022-01-12 14:50:35,840 - ccs.fitting.objective - INFO -       493.70438700184195 -95.7147401409074
2022-01-12 14:50:35,840 - ccs.fitting.objective - INFO -       641.0293251583264 -122.99465601543424
2022-01-12 14:50:35,840 - ccs.fitting.objective - INFO -       812.6185787442446 -154.47242061582034
2022-01-12 14:50:35,840 - ccs.fitting.objective - INFO -       1020.6261876058704 -51.42690448871183
2022-01-12 14:50:35,840 - ccs.fitting.objective - INFO -       1302.762654709382 -65.37554862521202
2022-01-12 14:50:35,840 - ccs.fitting.objective - INFO -       1685.3968822410643 -83.77784619958796
2022-01-12 14:50:35,840 - ccs.fitting.objective - INFO -       2187.7993000369424 -33.20059384009618
2022-01-12 14:50:35,840 - ccs.fitting.objective - INFO -       2827.9573587309733 -42.199495683419336
2022-01-12 14:50:35,841 - ccs.fitting.objective - INFO -       3630.2487801592147 -1.443745786740812
2022-01-12 14:50:35,841 - ccs.fitting.objective - INFO -       4675.9732266690025 -0.8322186870143213
2022-01-12 14:50:35,841 - ccs.fitting.objective - INFO -       1382.7002982581403 -0.11113025636984958
2022-01-12 14:50:35,841 - ccs.fitting.objective - INFO -       184.0 -1053.1729987034178
2022-01-12 14:50:35,841 - ccs.fitting.main - INFO -       
 The atom pair is : O-Zn
2022-01-12 14:50:35,841 - ccs.fitting.main - INFO -       
The minimum distance for atom pair O-Zn is 3.117969 
2022-01-12 14:50:35,877 - root - INFO -       Ended
