 Fermi distribution function
 
 Calculation with static geometry
 

********************************************************************************
  iSCC Total electronic   Diff electronic      SCC error    
   17   -0.77177651E+01    0.88399421E-08    0.27943862E-03
********************************************************************************
 
 Coordinates of moved atoms (au):
    1      0.00000000      0.00000000      0.00000000
    2      0.00000000      4.14312974      1.46482299
    3      3.58806053      2.07157432     65.20461729
 

 Net atomic charges (e)
  Atom       Net charge
     1       1.16317997
     2      -0.58201403
     3      -0.58116593
 
 COMPONENT = up
  
 Eigenvalues /H
   -0.82354189   -0.82164538   -0.81693655   -0.81146373   -0.80727169   -0.82164540   -0.81835797   -0.81338232
   -0.80866996   -0.80866991   -0.81338228   -0.81835795   -0.82164539   -0.81693660   -0.81338234   -0.80942466
   -0.80684778   -0.80942457   -0.81338229   -0.81693658   -0.81835799   -0.81146378   -0.80866997   -0.80684783
   -0.80684768   -0.80866988   -0.81146374   -0.81338235   -0.81338236   -0.80727170   -0.80866998   -0.80942466
   -0.80866994   -0.80727153
   -0.79049932   -0.79232793   -0.79683087   -0.80188484   -0.80580329   -0.79232792   -0.79548798   -0.80010222
   -0.80433403   -0.80433408   -0.80010226   -0.79548801   -0.79232792   -0.79683083   -0.80010220   -0.80349950
   -0.80573778   -0.80349959   -0.80010226   -0.79683085   -0.79548797   -0.80188480   -0.80433403   -0.80573773
   -0.80573789   -0.80433414   -0.80188485   -0.80010221   -0.80010219   -0.80580330   -0.80433403   -0.80349951
   -0.80433407   -0.80580349
   -0.34008437   -0.33750761   -0.33119516   -0.32987050   -0.33243372   -0.33750763   -0.33226129   -0.32663155
   -0.32991599   -0.32991599   -0.32663155   -0.33226136   -0.33750764   -0.33119532   -0.32663166   -0.32613300
   -0.32850325   -0.32613302   -0.32663171   -0.33119537   -0.33226136   -0.32987045   -0.32991581   -0.32850313
   -0.32850316   -0.32991583   -0.32987048   -0.32663175   -0.32663169   -0.33243347   -0.32991579   -0.32613296
   -0.32991582   -0.33243348
   -0.34008429   -0.33691822   -0.32836463   -0.31701986   -0.30885937   -0.33691828   -0.33141876   -0.32178999
   -0.31176368   -0.31176367   -0.32179005   -0.33141874   -0.33691830   -0.32836471   -0.32178991   -0.31445851
   -0.31079097   -0.31445857   -0.32178995   -0.32836473   -0.33141896   -0.31701990   -0.31176347   -0.31079071
   -0.31079072   -0.31176347   -0.31701993   -0.32179011   -0.32179014   -0.30885917   -0.31176368   -0.31445846
   -0.31176368   -0.30885919
   -0.29018586   -0.29313090   -0.30272368   -0.30487794   -0.30063491   -0.29313087   -0.30045681   -0.30892897
   -0.30629687   -0.30629684   -0.30892887   -0.30045673   -0.29313083   -0.30272347   -0.30892892   -0.31061166
   -0.30895670   -0.31061152   -0.30892880   -0.30272338   -0.30045667   -0.30487795   -0.30629727   -0.30895715
   -0.30895710   -0.30629723   -0.30487789   -0.30892884   -0.30892886   -0.30063521   -0.30629717   -0.31061193
   -0.30629716   -0.30063516
   -0.27171860   -0.27395183   -0.28034159   -0.28961875   -0.29694490   -0.27395205   -0.27805731   -0.28363700
   -0.28876776   -0.28876787   -0.28363716   -0.27805747   -0.27395225   -0.28034188   -0.28363723   -0.28307101
   -0.28095944   -0.28307127   -0.28363746   -0.28034206   -0.27805757   -0.28961914   -0.28876818   -0.28095966
   -0.28095979   -0.28876838   -0.28961932   -0.28363734   -0.28363727   -0.29694556   -0.28876819   -0.28307127
   -0.28876829   -0.29694575
   -0.27171812   -0.27250536   -0.26925742   -0.26377196   -0.26211700   -0.27250520   -0.27076893   -0.26624231
   -0.26217709   -0.26217702   -0.26624219   -0.27076877   -0.27250498   -0.26925730   -0.26624221   -0.26369018
   -0.26113054   -0.26368998   -0.26624206   -0.26925716   -0.27076869   -0.26377181   -0.26217680   -0.26113026
   -0.26113039   -0.26217681   -0.26377178   -0.26624213   -0.26624217   -0.26211665   -0.26217685   -0.26369012
   -0.26217693   -0.26211676
   -0.26923772   -0.26683601   -0.26158026   -0.25824347   -0.25745737   -0.26683589   -0.26272049   -0.25849478
   -0.25808837   -0.25808840   -0.25849481   -0.26272054   -0.26683594   -0.26158012   -0.25849474   -0.25786868
   -0.26090686   -0.25786872   -0.25849473   -0.26158011   -0.26272038   -0.25824338   -0.25808840   -0.26090693
   -0.26090672   -0.25808826   -0.25824326   -0.25849457   -0.25849460   -0.25745742   -0.25808828   -0.25786843
   -0.25808811   -0.25745718
   -0.16683679   -0.16639845   -0.16658873   -0.16812891   -0.17013511   -0.16639845   -0.16653098   -0.16739869
   -0.16923693   -0.16923695   -0.16739872   -0.16653098   -0.16639845   -0.16658877   -0.16739873   -0.16828075
   -0.16823042   -0.16828080   -0.16739875   -0.16658878   -0.16653101   -0.16812892   -0.16923693   -0.16823041
   -0.16823042   -0.16923693   -0.16812889   -0.16739872   -0.16739873   -0.17013508   -0.16923692   -0.16828074
   -0.16923690   -0.17013507
   -0.16626601   -0.16632081   -0.16564984   -0.16790220   -0.16887599   -0.16632084   -0.16566659   -0.16645516
   -0.16780753   -0.16780754   -0.16645518   -0.16566659   -0.16632085   -0.16564986   -0.16645514   -0.16708268
   -0.16718357   -0.16708268   -0.16645517   -0.16564985   -0.16566659   -0.16790222   -0.16780753   -0.16718354
   -0.16718355   -0.16780755   -0.16790225   -0.16645516   -0.16645515   -0.16887599   -0.16780752   -0.16708265
   -0.16780754   -0.16887603
   -0.16626596   -0.16569810   -0.16451414   -0.16608594   -0.16628924   -0.16569807   -0.16489005   -0.16524895
   -0.16615941   -0.16615941   -0.16524896   -0.16489007   -0.16569807   -0.16451415   -0.16524899   -0.16462245
   -0.16504578   -0.16462245   -0.16524898   -0.16451415   -0.16489008   -0.16608594   -0.16615941   -0.16504577
   -0.16504577   -0.16615942   -0.16608595   -0.16524896   -0.16524897   -0.16628925   -0.16615939   -0.16462240
   -0.16615940   -0.16628926
   -0.16182125   -0.16231184   -0.16444148   -0.16473470   -0.16483313   -0.16231186   -0.16392111   -0.16410195
   -0.16472683   -0.16472681   -0.16410196   -0.16392111   -0.16231187   -0.16444151   -0.16410198   -0.16438063
   -0.16486583   -0.16438062   -0.16410198   -0.16444152   -0.16392114   -0.16473470   -0.16472681   -0.16486582
   -0.16486583   -0.16472680   -0.16473469   -0.16410198   -0.16410199   -0.16483310   -0.16472682   -0.16438063
   -0.16472682   -0.16483310
   -0.15634959   -0.15760787   -0.16278984   -0.16348356   -0.16333009   -0.15760794   -0.15970946   -0.16303561
   -0.16314840   -0.16314840   -0.16303561   -0.15970948   -0.15760788   -0.16278984   -0.16303560   -0.16332035
   -0.16295587   -0.16332039   -0.16303560   -0.16278981   -0.15970941   -0.16348354   -0.16314838   -0.16295589
   -0.16295590   -0.16314840   -0.16348356   -0.16303560   -0.16303560   -0.16333006   -0.16314839   -0.16332040
   -0.16314841   -0.16333008
   -0.15484967   -0.15630828   -0.15768114   -0.15782059   -0.15772417   -0.15630821   -0.15902568   -0.15965318
   -0.15945556   -0.15945557   -0.15965319   -0.15902570   -0.15630823   -0.15768096   -0.15965307   -0.16168093
   -0.16257642   -0.16168093   -0.15965314   -0.15768105   -0.15902565   -0.15782042   -0.15945546   -0.16257640
   -0.16257642   -0.15945553   -0.15782052   -0.15965313   -0.15965307   -0.15772402   -0.15945546   -0.16168097
   -0.15945553   -0.15772412
   -0.15484958   -0.15618308   -0.15605193   -0.15515376   -0.15444514   -0.15618296   -0.15624736   -0.15624351
   -0.15584344   -0.15584345   -0.15624352   -0.15624738   -0.15618303   -0.15605178   -0.15624340   -0.15773785
   -0.15857990   -0.15773788   -0.15624345   -0.15605182   -0.15624727   -0.15515357   -0.15584330   -0.15857982
   -0.15857984   -0.15584335   -0.15515362   -0.15624337   -0.15624334   -0.15444497   -0.15584328   -0.15773776
   -0.15584333   -0.15444502
   -0.05435542   -0.05594786   -0.05917213   -0.06350836   -0.06590360   -0.05594779   -0.05826061   -0.06215790
   -0.06580453   -0.06580451   -0.06215786   -0.05826058   -0.05594779   -0.05917205   -0.06215788   -0.06582254
   -0.06753575   -0.06582248   -0.06215781   -0.05917201   -0.05826051   -0.06350834   -0.06580449   -0.06753571
   -0.06753568   -0.06580441   -0.06350826   -0.06215776   -0.06215779   -0.06590359   -0.06580445   -0.06582242
   -0.06580439   -0.06590349
   -0.04538753   -0.04620732   -0.04839268   -0.05047912   -0.05114209   -0.04620763   -0.04636202   -0.04668374
   -0.04732516   -0.04732525   -0.04668394   -0.04636204   -0.04620733   -0.04839292   -0.04668384   -0.04177494
   -0.03914441   -0.04177527   -0.04668393   -0.04839275   -0.04636212   -0.05047922   -0.04732520   -0.03914431
   -0.03914447   -0.04732525   -0.05047914   -0.04668387   -0.04668398   -0.05114214   -0.04732526   -0.04177512
   -0.04732522   -0.05114209
   -0.04538708   -0.04128180   -0.03185683   -0.02303460   -0.01952513   -0.04128155   -0.03574221   -0.02843353
   -0.02312852   -0.02312839   -0.02843327   -0.03574220   -0.04128187   -0.03185672   -0.02843348   -0.02833193
   -0.02900226   -0.02833150   -0.02843335   -0.03185693   -0.03574221   -0.02303462   -0.02312858   -0.02900243
   -0.02900222   -0.02312847   -0.02303470   -0.02843351   -0.02843338   -0.01952520   -0.02312852   -0.02833177
   -0.02312854   -0.01952522
    0.06870009    0.06876409    0.06600676    0.06286353    0.06325058    0.06876359    0.06642867    0.06438629
    0.06589600    0.06589614    0.06438663    0.06642909    0.06876379    0.06600566    0.06438572    0.06948590
    0.07661622    0.06948642    0.06438639    0.06600619    0.06642794    0.06286209    0.06589465    0.07661409
    0.07661466    0.06589543    0.06286283    0.06438522    0.06438488    0.06324891    0.06589417    0.06948442
    0.06589481    0.06324972
    0.12768333    0.12213689    0.11110912    0.09872910    0.09134938    0.12213538    0.11569543    0.10559694
    0.09448959    0.09448962    0.10559707    0.11569568    0.12213561    0.11110843    0.10559635    0.10057754
    0.09250781    0.10057777    0.10559660    0.11110867    0.11569424    0.09872883    0.09448942    0.09250889
    0.09250867    0.09448956    0.09872906    0.10559660    0.10559648    0.09134941    0.09448974    0.10057732
    0.09448987    0.09134963
    0.12768607    0.12531421    0.12274878    0.12148082    0.12110578    0.12531641    0.12194763    0.11700448
    0.11439598    0.11439599    0.11700450    0.12194759    0.12531631    0.12275109    0.11700594    0.10384883
    0.09947933    0.10384869    0.11700600    0.12275115    0.12195064    0.12148322    0.11439807    0.09948067
    0.09948074    0.11439821    0.12148341    0.11700754    0.11700750    0.12110822    0.11439855    0.10385161
    0.11439867    0.12110846
    0.14067112    0.14957774    0.18314699    0.23042056    0.25917739    0.14957750    0.17194936    0.21303609
    0.25282137    0.25282159    0.21303630    0.17194940    0.14957748    0.18314621    0.21303565    0.24842457
    0.26466547    0.24842497    0.21303592    0.18314626    0.17194853    0.23041958    0.25282053    0.26466493
    0.26466515    0.25282101    0.23041983    0.21303509    0.21303504    0.25917641    0.25282040    0.24842397
    0.25282066    0.25917689
    0.19912439    0.22608077    0.27944058    0.32031926    0.33413373    0.22608051    0.28074243    0.34057903
    0.36720947    0.36720876    0.34057863    0.28074295    0.22608179    0.27943986    0.34057878    0.39133305
    0.40508041    0.39133162    0.34057939    0.27944110    0.28074565    0.32031836    0.36721037    0.40507787
    0.40507706    0.36721054    0.32031940    0.34058102    0.34058001    0.33413282    0.36720843    0.39132845
    0.36720932    0.33413373
    0.19912613    0.26309769    0.35759803    0.38561580    0.37650370    0.26309749    0.32871009    0.38045369
    0.38850696    0.38850714    0.38045323    0.32870912    0.26309615    0.35759719    0.38045263    0.40532222
    0.41438466    0.40532271    0.38045140    0.35759606    0.32870645    0.38561422    0.38850434    0.41438708
    0.41438752    0.38850363    0.38561331    0.38045068    0.38045144    0.37650181    0.38850630    0.40532655
    0.38850540    0.37650084
 
 Eigenvalues /eV
  -22.40971500  -22.35810844  -22.22997468  -22.08105143  -21.96698031  -22.35810888  -22.26865345  -22.13325911
  -22.00502926  -22.00502780  -22.13325801  -22.26865286  -22.35810870  -22.22997601  -22.13325971  -22.02556560
  -21.95544521  -22.02556329  -22.13325831  -22.22997539  -22.26865402  -22.08105297  -22.00502948  -21.95544658
  -21.95544253  -22.00502699  -22.08105189  -22.13325988  -22.13326018  -21.96698070  -22.00502967  -22.02556572
  -22.00502864  -21.96697600
  -21.51058094  -21.56033994  -21.68287107  -21.82039661  -21.92702328  -21.56033956  -21.64632939  -21.77188906
  -21.88704246  -21.88704400  -21.77189033  -21.64633013  -21.56033979  -21.68286997  -21.77188868  -21.86433385
  -21.92524048  -21.86433637  -21.77189035  -21.68287076  -21.64632903  -21.82039557  -21.88704267  -21.92523925
  -21.92524341  -21.88704542  -21.82039689  -21.77188875  -21.77188835  -21.92702356  -21.88704254  -21.86433399
  -21.88704374  -21.92702849
   -9.25416664   -9.18404925   -9.01227876   -8.97623304   -9.04598165   -9.18405001   -9.04128961   -8.88809671
   -8.97747075   -8.97747073   -8.88809663   -9.04129161   -9.18405017   -9.01228326   -8.88809968   -8.87453037
   -8.93902836   -8.87453105   -8.88810097   -9.01228445   -9.04129166   -8.97623163   -8.97746586   -8.93902508
   -8.93902572   -8.97746662   -8.97623241   -8.88810201   -8.88810063   -9.04597492   -8.97746538   -8.87452938
   -8.97746616   -9.04597536
   -9.25416447   -9.16801114   -8.93525612   -8.62654936   -8.40449103   -9.16801290   -9.01836335   -8.75635113
   -8.48352127   -8.48352115   -8.75635288   -9.01836278   -9.16801333   -8.93525845   -8.75634898   -8.55685137
   -8.45705249   -8.55685293   -8.75635011   -8.93525903   -9.01836885   -8.62655048   -8.48351556   -8.45704545
   -8.45704574   -8.48351562   -8.62655133   -8.75635452   -8.75635515   -8.40448564   -8.48352126   -8.55685005
   -8.48352145   -8.40448606
   -7.89635905   -7.97649766   -8.23753046   -8.29615081   -8.18069222   -7.97649680   -8.17584583   -8.40638506
   -8.33476202   -8.33476097   -8.40638218   -8.17584352   -7.97649564   -8.23752461   -8.40638355   -8.45217329
   -8.40713943   -8.45216940   -8.40638028   -8.23752219   -8.17584191   -8.29615107   -8.33477292   -8.40715170
   -8.40715031   -8.33477162   -8.29614962   -8.40638152   -8.40638190   -8.18070022   -8.33477012   -8.45218057
   -8.33476988   -8.18069891
   -7.39383930   -7.45460845   -7.62848291   -7.88092712   -8.08028180   -7.45461465   -7.56632434   -7.71815535
   -7.85777064   -7.85777342   -7.71815986   -7.56632867   -7.45462007   -7.62849059   -7.71816163   -7.70275416
   -7.64529522   -7.70276114   -7.71816808   -7.62849565   -7.56633134   -7.88093786   -7.85778186   -7.64530143
   -7.64530474   -7.85778738   -7.88094255   -7.71816480   -7.71816286   -8.08029979   -7.85778230   -7.70276123
   -7.85778504   -8.08030489
   -7.39382635   -7.41524809   -7.32686732   -7.17760025   -7.13256647   -7.41524388   -7.36799746   -7.24482196
   -7.13420172   -7.13419963   -7.24481870   -7.36799314   -7.41523775   -7.32686392   -7.24481923   -7.17537485
   -7.10572355   -7.17536952   -7.24481493   -7.32686014   -7.36799095   -7.17759611   -7.13419376   -7.10571596
   -7.10571933   -7.13419390   -7.17759527   -7.24481704   -7.24481808   -7.13255704   -7.13419509   -7.17537337
   -7.13419732   -7.13256006
   -7.32633102   -7.26097729   -7.11796090   -7.02716224   -7.00577137   -7.26097397   -7.14898831   -7.03400091
   -7.02294191   -7.02294280   -7.03400162   -7.14898961   -7.26097528   -7.11795715   -7.03399969   -7.01696387
   -7.09963675   -7.01696485   -7.03399945   -7.11795695   -7.14898537   -7.02715979   -7.02294271   -7.09963869
   -7.09963308   -7.02293884   -7.02715677   -7.03399505   -7.03399600   -7.00577279   -7.02293952   -7.01695709
   -7.02293477   -7.00576642
   -4.53985993   -4.52793212   -4.53311000   -4.57502039   -4.62961188   -4.52793232   -4.53153857   -4.55515019
   -4.60517109   -4.60517168   -4.55515092   -4.53153864   -4.52793227   -4.53311115   -4.55515114   -4.57915223
   -4.57778277   -4.57915362   -4.55515164   -4.53311134   -4.53153948   -4.57502061   -4.60517113   -4.57778227
   -4.57778252   -4.60517131   -4.57501996   -4.55515087   -4.55515110   -4.62961109   -4.60517078   -4.57915196
   -4.60517036   -4.62961068
   -4.52432836   -4.52581944   -4.50756141   -4.56885126   -4.59534937   -4.52582044   -4.50801736   -4.52947535
   -4.56627525   -4.56627550   -4.52947584   -4.50801721   -4.52582059   -4.50756205   -4.52947494   -4.54655101
   -4.54929632   -4.54655115   -4.52947567   -4.50756170   -4.50801731   -4.56885200   -4.56627509   -4.54929565
   -4.54929587   -4.56627589   -4.56885269   -4.52947532   -4.52947508   -4.59534956   -4.56627503   -4.54655021
   -4.56627557   -4.59535046
   -4.52432693   -4.50887459   -4.47665748   -4.51942839   -4.52496058   -4.50887387   -4.48688665   -4.49665284
   -4.52142747   -4.52142754   -4.49665295   -4.48688700   -4.50887376   -4.47665781   -4.49665372   -4.47960479
   -4.49112430   -4.47960472   -4.49665348   -4.47665779   -4.48688725   -4.51942833   -4.52142772   -4.49112404
   -4.49112393   -4.52142799   -4.51942874   -4.49665292   -4.49665327   -4.52496062   -4.52142712   -4.47960338
   -4.52142732   -4.52496096
   -4.40338022   -4.41672980   -4.47468041   -4.48265924   -4.48533758   -4.41673057   -4.46052039   -4.46544120
   -4.48244501   -4.48244466   -4.46544149   -4.46052036   -4.41673057   -4.47468114   -4.46544208   -4.47302464
   -4.48622758   -4.47302414   -4.46544218   -4.47468156   -4.46052109   -4.48265922   -4.48244447   -4.48622711
   -4.48622738   -4.48244420   -4.48265912   -4.46544210   -4.46544229   -4.48533683   -4.48244479   -4.47302443
   -4.48244485   -4.48533688
   -4.25448893   -4.28872837   -4.42973680   -4.44861407   -4.44443776   -4.28873030   -4.34591548   -4.43642475
   -4.43949383   -4.43949387   -4.43642464   -4.34591618   -4.28872854   -4.42973683   -4.43642446   -4.44417272
   -4.43425472   -4.44417384   -4.43642443   -4.42973614   -4.34591417   -4.44861343   -4.43949332   -4.43425534
   -4.43425567   -4.43949387   -4.44861395   -4.43642447   -4.43642440   -4.44443704   -4.43949366   -4.44417422
   -4.43949418   -4.44443766
   -4.21367383   -4.25336479   -4.29072207   -4.29451664   -4.29189313   -4.25336284   -4.32730896   -4.34438417
   -4.33900663   -4.33900676   -4.34438435   -4.32730958   -4.25336340   -4.29071729   -4.34438109   -4.39956193
   -4.42392941   -4.39956206   -4.34438302   -4.29071967   -4.32730803   -4.29451223   -4.33900379   -4.42392890
   -4.42392940   -4.33900585   -4.29451479   -4.34438273   -4.34438099   -4.29188895   -4.33900382   -4.39956317
   -4.33900576   -4.29189164
   -4.21367140   -4.24995774   -4.24638896   -4.22194854   -4.20266599   -4.24995444   -4.25170685   -4.25160211
   -4.24071581   -4.24071598   -4.25160253   -4.25170746   -4.24995658   -4.24638491   -4.25159932   -4.29226538
   -4.31517855   -4.29226614   -4.25160054   -4.24638601   -4.25170453   -4.22194337   -4.24071202   -4.31517657
   -4.31517713   -4.24071339   -4.22194493   -4.25159838   -4.25159758   -4.20266133   -4.24071154   -4.29226277
   -4.24071274   -4.20266293
   -1.47908613   -1.52241866   -1.61015559   -1.72815044   -1.79332817   -1.52241675   -1.58535176   -1.69140251
   -1.79063229   -1.79063181   -1.69140149   -1.58535104   -1.52241676   -1.61015334   -1.69140191   -1.79112247
   -1.83774124   -1.79112093   -1.69140004   -1.61015236   -1.58534912   -1.72814978   -1.79063141   -1.83774026
   -1.83773926   -1.79062909   -1.72814755   -1.69139860   -1.69139945   -1.79332791   -1.79063029   -1.79111928
   -1.79062845   -1.79332528
   -1.23505752   -1.25736515   -1.31683189   -1.37360679   -1.39164715   -1.25737359   -1.26157471   -1.27032932
   -1.28778314   -1.28778547   -1.27033457   -1.26157518   -1.25736549   -1.31683825   -1.27033203   -1.13675407
   -1.06517371   -1.13676298   -1.27033439   -1.31683367   -1.26157747   -1.37360945   -1.28778432   -1.06517097
   -1.06517529   -1.28778552   -1.37360736   -1.27033283   -1.27033572   -1.39164844   -1.28778583   -1.13675878
   -1.28778469   -1.39164698
   -1.23504533   -1.12333493   -0.86686848   -0.62680345   -0.53130582   -1.12332825   -0.97259490   -0.77371567
   -0.62935913   -0.62935551   -0.77370861   -0.97259464   -1.12333697   -0.86686543   -0.77371448   -0.77095093
   -0.78919165   -0.77093938   -0.77371092   -0.86687109   -0.97259493   -0.62680396   -0.62936077   -0.78919624
   -0.78919064   -0.62935766   -0.62680612   -0.77371514   -0.77371164   -0.53130778   -0.62935916   -0.77094677
   -0.62935967   -0.53130833
    1.86942451    1.87116615    1.79613529    1.71060380    1.72113594    1.87115251    1.80761603    1.75204015
    1.79312143    1.79312516    1.75204926    1.80762761    1.87115804    1.79610541    1.75202449    1.89080757
    2.08483336    1.89082172    1.75204274    1.79611968    1.80759624    1.71056457    1.79308463    2.08477538
    2.08479086    1.79310582    1.71058466    1.75201097    1.75200183    1.72109030    1.79307148    1.89076731
    1.79308894    1.72111256
    3.47444031    3.32351386    3.02343309    2.68655542    2.48574324    3.32347267    3.14823292    2.87343881
    2.57119265    2.57119330    2.87344245    3.14823967    3.32347910    3.02341434    2.87342275    2.73685421
    2.51726547    2.73686043    2.87342969    3.02342062    3.14820032    2.68654823    2.57118782    2.51729500
    2.51728889    2.57119188    2.68655437    2.87342974    2.87342644    2.48574402    2.57119673    2.73684806
    2.57120013    2.48574980
    3.47451477    3.40997307    3.34016427    3.30566127    3.29545601    3.41003315    3.31836375    3.18385391
    3.11287298    3.11287337    3.18385450    3.31836274    3.41003021    3.34022723    3.18389364    2.82587037
    2.70697017    2.82586658    3.18389528    3.34022871    3.31844567    3.30572661    3.11292980    2.70700677
    2.70700871    3.11293355    3.30573166    3.18393718    3.18393613    3.29552227    3.11294283    2.82594607
    3.11294619    3.29552875
    3.82785606    4.07021749    4.98368329    6.27006245    7.05257566    4.07021090    4.67898010    5.79700698
    6.87961958    6.87962548    5.79701266    4.67898128    4.07021036    4.98366189    5.79699507    6.75997640
    7.20191388    6.75998729    5.79700225    4.98366333    4.67895743    6.27003571    6.87959668    7.20189912
    7.20190526    6.87960974    6.27004262    5.79697982    5.79697831    7.05254895    6.87959313    6.75996022
    6.87960028    7.05256198
    5.41845032    6.15197063    7.60396516    8.71633066    9.09224150    6.15196360    7.63939031    9.26762700
    9.99227803    9.99225871    9.26761604    7.63940428    6.15199857    7.60394552    9.26762025   10.64871412
   11.02279867   10.64867512    9.26763666    7.60397932    7.63947776    8.71630605    9.99230249   11.02272980
   11.02270764    9.99230732    8.71633438    9.26768095    9.26765359    9.09221664    9.99224991   10.64858882
    9.99227406    9.09224146
    5.41849770    7.15925233    9.73073740   10.49313978   10.24518689    7.15924694    8.94465671   10.35267175
   10.57181223   10.57181721   10.35265917    8.94463029    7.15921061    9.73071469   10.35264268   11.02937879
   11.27598037   11.02939202   10.35260923    9.73068388    8.94455749   10.49309672   10.57174107   11.27604628
   11.27605827   10.57172152   10.49307202   10.35258968   10.35261055   10.24513555   10.57179437   11.02949672
   10.57176984   10.24510907
 
 Fillings
     1.00000     1.00000     1.00000     1.00000     1.00000     1.00000     1.00000     1.00000
     1.00000     1.00000     1.00000     1.00000     1.00000     1.00000     1.00000     1.00000
     1.00000     1.00000     1.00000     1.00000     1.00000     1.00000     1.00000     1.00000
     1.00000     1.00000     1.00000     1.00000     1.00000     1.00000     1.00000     1.00000
     1.00000     1.00000
     1.00000     1.00000     1.00000     1.00000     1.00000     1.00000     1.00000     1.00000
     1.00000     1.00000     1.00000     1.00000     1.00000     1.00000     1.00000     1.00000
     1.00000     1.00000     1.00000     1.00000     1.00000     1.00000     1.00000     1.00000
     1.00000     1.00000     1.00000     1.00000     1.00000     1.00000     1.00000     1.00000
     1.00000     1.00000
     1.00000     1.00000     1.00000     1.00000     1.00000     1.00000     1.00000     1.00000
     1.00000     1.00000     1.00000     1.00000     1.00000     1.00000     1.00000     1.00000
     1.00000     1.00000     1.00000     1.00000     1.00000     1.00000     1.00000     1.00000
     1.00000     1.00000     1.00000     1.00000     1.00000     1.00000     1.00000     1.00000
     1.00000     1.00000
     1.00000     1.00000     1.00000     1.00000     1.00000     1.00000     1.00000     1.00000
     1.00000     1.00000     1.00000     1.00000     1.00000     1.00000     1.00000     1.00000
     1.00000     1.00000     1.00000     1.00000     1.00000     1.00000     1.00000     1.00000
     1.00000     1.00000     1.00000     1.00000     1.00000     1.00000     1.00000     1.00000
     1.00000     1.00000
     1.00000     1.00000     1.00000     1.00000     1.00000     1.00000     1.00000     1.00000
     1.00000     1.00000     1.00000     1.00000     1.00000     1.00000     1.00000     1.00000
     1.00000     1.00000     1.00000     1.00000     1.00000     1.00000     1.00000     1.00000
     1.00000     1.00000     1.00000     1.00000     1.00000     1.00000     1.00000     1.00000
     1.00000     1.00000
     1.00000     1.00000     1.00000     1.00000     1.00000     1.00000     1.00000     1.00000
     1.00000     1.00000     1.00000     1.00000     1.00000     1.00000     1.00000     1.00000
     1.00000     1.00000     1.00000     1.00000     1.00000     1.00000     1.00000     1.00000
     1.00000     1.00000     1.00000     1.00000     1.00000     1.00000     1.00000     1.00000
     1.00000     1.00000
     1.00000     1.00000     1.00000     1.00000     1.00000     1.00000     1.00000     1.00000
     1.00000     1.00000     1.00000     1.00000     1.00000     1.00000     1.00000     1.00000
     1.00000     1.00000     1.00000     1.00000     1.00000     1.00000     1.00000     1.00000
     1.00000     1.00000     1.00000     1.00000     1.00000     1.00000     1.00000     1.00000
     1.00000     1.00000
     1.00000     1.00000     1.00000     1.00000     1.00000     1.00000     1.00000     1.00000
     1.00000     1.00000     1.00000     1.00000     1.00000     1.00000     1.00000     1.00000
     1.00000     1.00000     1.00000     1.00000     1.00000     1.00000     1.00000     1.00000
     1.00000     1.00000     1.00000     1.00000     1.00000     1.00000     1.00000     1.00000
     1.00000     1.00000
     0.00000     0.00000     0.00000     0.00000     0.00000     0.00000     0.00000     0.00000
     0.00000     0.00000     0.00000     0.00000     0.00000     0.00000     0.00000     0.00000
     0.00000     0.00000     0.00000     0.00000     0.00000     0.00000     0.00000     0.00000
     0.00000     0.00000     0.00000     0.00000     0.00000     0.00000     0.00000     0.00000
     0.00000     0.00000
     0.00000     0.00000     0.00000     0.00000     0.00000     0.00000     0.00000     0.00000
     0.00000     0.00000     0.00000     0.00000     0.00000     0.00000     0.00000     0.00000
     0.00000     0.00000     0.00000     0.00000     0.00000     0.00000     0.00000     0.00000
     0.00000     0.00000     0.00000     0.00000     0.00000     0.00000     0.00000     0.00000
     0.00000     0.00000
     0.00000     0.00000     0.00000     0.00000     0.00000     0.00000     0.00000     0.00000
     0.00000     0.00000     0.00000     0.00000     0.00000     0.00000     0.00000     0.00000
     0.00000     0.00000     0.00000     0.00000     0.00000     0.00000     0.00000     0.00000
     0.00000     0.00000     0.00000     0.00000     0.00000     0.00000     0.00000     0.00000
     0.00000     0.00000
     0.00000     0.00000     0.00000     0.00000     0.00000     0.00000     0.00000     0.00000
     0.00000     0.00000     0.00000     0.00000     0.00000     0.00000     0.00000     0.00000
     0.00000     0.00000     0.00000     0.00000     0.00000     0.00000     0.00000     0.00000
     0.00000     0.00000     0.00000     0.00000     0.00000     0.00000     0.00000     0.00000
     0.00000     0.00000
     0.00000     0.00000     0.00000     0.00000     0.00000     0.00000     0.00000     0.00000
     0.00000     0.00000     0.00000     0.00000     0.00000     0.00000     0.00000     0.00000
     0.00000     0.00000     0.00000     0.00000     0.00000     0.00000     0.00000     0.00000
     0.00000     0.00000     0.00000     0.00000     0.00000     0.00000     0.00000     0.00000
     0.00000     0.00000
     0.00000     0.00000     0.00000     0.00000     0.00000     0.00000     0.00000     0.00000
     0.00000     0.00000     0.00000     0.00000     0.00000     0.00000     0.00000     0.00000
     0.00000     0.00000     0.00000     0.00000     0.00000     0.00000     0.00000     0.00000
     0.00000     0.00000     0.00000     0.00000     0.00000     0.00000     0.00000     0.00000
     0.00000     0.00000
     0.00000     0.00000     0.00000     0.00000     0.00000     0.00000     0.00000     0.00000
     0.00000     0.00000     0.00000     0.00000     0.00000     0.00000     0.00000     0.00000
     0.00000     0.00000     0.00000     0.00000     0.00000     0.00000     0.00000     0.00000
     0.00000     0.00000     0.00000     0.00000     0.00000     0.00000     0.00000     0.00000
     0.00000     0.00000
     0.00000     0.00000     0.00000     0.00000     0.00000     0.00000     0.00000     0.00000
     0.00000     0.00000     0.00000     0.00000     0.00000     0.00000     0.00000     0.00000
     0.00000     0.00000     0.00000     0.00000     0.00000     0.00000     0.00000     0.00000
     0.00000     0.00000     0.00000     0.00000     0.00000     0.00000     0.00000     0.00000
     0.00000     0.00000
     0.00000     0.00000     0.00000     0.00000     0.00000     0.00000     0.00000     0.00000
     0.00000     0.00000     0.00000     0.00000     0.00000     0.00000     0.00000     0.00000
     0.00000     0.00000     0.00000     0.00000     0.00000     0.00000     0.00000     0.00000
     0.00000     0.00000     0.00000     0.00000     0.00000     0.00000     0.00000     0.00000
     0.00000     0.00000
     0.00000     0.00000     0.00000     0.00000     0.00000     0.00000     0.00000     0.00000
     0.00000     0.00000     0.00000     0.00000     0.00000     0.00000     0.00000     0.00000
     0.00000     0.00000     0.00000     0.00000     0.00000     0.00000     0.00000     0.00000
     0.00000     0.00000     0.00000     0.00000     0.00000     0.00000     0.00000     0.00000
     0.00000     0.00000
     0.00000     0.00000     0.00000     0.00000     0.00000     0.00000     0.00000     0.00000
     0.00000     0.00000     0.00000     0.00000     0.00000     0.00000     0.00000     0.00000
     0.00000     0.00000     0.00000     0.00000     0.00000     0.00000     0.00000     0.00000
     0.00000     0.00000     0.00000     0.00000     0.00000     0.00000     0.00000     0.00000
     0.00000     0.00000
     0.00000     0.00000     0.00000     0.00000     0.00000     0.00000     0.00000     0.00000
     0.00000     0.00000     0.00000     0.00000     0.00000     0.00000     0.00000     0.00000
     0.00000     0.00000     0.00000     0.00000     0.00000     0.00000     0.00000     0.00000
     0.00000     0.00000     0.00000     0.00000     0.00000     0.00000     0.00000     0.00000
     0.00000     0.00000
     0.00000     0.00000     0.00000     0.00000     0.00000     0.00000     0.00000     0.00000
     0.00000     0.00000     0.00000     0.00000     0.00000     0.00000     0.00000     0.00000
     0.00000     0.00000     0.00000     0.00000     0.00000     0.00000     0.00000     0.00000
     0.00000     0.00000     0.00000     0.00000     0.00000     0.00000     0.00000     0.00000
     0.00000     0.00000
     0.00000     0.00000     0.00000     0.00000     0.00000     0.00000     0.00000     0.00000
     0.00000     0.00000     0.00000     0.00000     0.00000     0.00000     0.00000     0.00000
     0.00000     0.00000     0.00000     0.00000     0.00000     0.00000     0.00000     0.00000
     0.00000     0.00000     0.00000     0.00000     0.00000     0.00000     0.00000     0.00000
     0.00000     0.00000
     0.00000     0.00000     0.00000     0.00000     0.00000     0.00000     0.00000     0.00000
     0.00000     0.00000     0.00000     0.00000     0.00000     0.00000     0.00000     0.00000
     0.00000     0.00000     0.00000     0.00000     0.00000     0.00000     0.00000     0.00000
     0.00000     0.00000     0.00000     0.00000     0.00000     0.00000     0.00000     0.00000
     0.00000     0.00000
     0.00000     0.00000     0.00000     0.00000     0.00000     0.00000     0.00000     0.00000
     0.00000     0.00000     0.00000     0.00000     0.00000     0.00000     0.00000     0.00000
     0.00000     0.00000     0.00000     0.00000     0.00000     0.00000     0.00000     0.00000
     0.00000     0.00000     0.00000     0.00000     0.00000     0.00000     0.00000     0.00000
     0.00000     0.00000
 
 COMPONENT = down
  
 Eigenvalues /H
   -0.82354189   -0.82164538   -0.81693655   -0.81146373   -0.80727169   -0.82164540   -0.81835797   -0.81338232
   -0.80866996   -0.80866991   -0.81338228   -0.81835795   -0.82164539   -0.81693660   -0.81338234   -0.80942466
   -0.80684778   -0.80942457   -0.81338229   -0.81693658   -0.81835799   -0.81146378   -0.80866997   -0.80684783
   -0.80684768   -0.80866988   -0.81146374   -0.81338235   -0.81338236   -0.80727170   -0.80866998   -0.80942466
   -0.80866994   -0.80727153
   -0.79049932   -0.79232793   -0.79683087   -0.80188484   -0.80580329   -0.79232792   -0.79548798   -0.80010222
   -0.80433403   -0.80433408   -0.80010226   -0.79548801   -0.79232792   -0.79683083   -0.80010220   -0.80349950
   -0.80573778   -0.80349959   -0.80010226   -0.79683085   -0.79548797   -0.80188480   -0.80433403   -0.80573773
   -0.80573789   -0.80433414   -0.80188485   -0.80010221   -0.80010219   -0.80580330   -0.80433403   -0.80349951
   -0.80433407   -0.80580349
   -0.34008437   -0.33750761   -0.33119516   -0.32987050   -0.33243372   -0.33750763   -0.33226129   -0.32663155
   -0.32991599   -0.32991599   -0.32663155   -0.33226136   -0.33750764   -0.33119532   -0.32663166   -0.32613300
   -0.32850325   -0.32613302   -0.32663171   -0.33119537   -0.33226136   -0.32987045   -0.32991581   -0.32850313
   -0.32850316   -0.32991583   -0.32987048   -0.32663175   -0.32663169   -0.33243347   -0.32991579   -0.32613296
   -0.32991582   -0.33243348
   -0.34008429   -0.33691822   -0.32836463   -0.31701986   -0.30885937   -0.33691828   -0.33141876   -0.32178999
   -0.31176368   -0.31176367   -0.32179005   -0.33141874   -0.33691830   -0.32836471   -0.32178991   -0.31445851
   -0.31079097   -0.31445857   -0.32178995   -0.32836473   -0.33141896   -0.31701990   -0.31176347   -0.31079071
   -0.31079072   -0.31176347   -0.31701993   -0.32179011   -0.32179014   -0.30885917   -0.31176368   -0.31445846
   -0.31176368   -0.30885919
   -0.29018586   -0.29313090   -0.30272368   -0.30487794   -0.30063491   -0.29313087   -0.30045681   -0.30892897
   -0.30629687   -0.30629684   -0.30892887   -0.30045673   -0.29313083   -0.30272347   -0.30892892   -0.31061166
   -0.30895670   -0.31061152   -0.30892880   -0.30272338   -0.30045667   -0.30487795   -0.30629727   -0.30895715
   -0.30895710   -0.30629723   -0.30487789   -0.30892884   -0.30892886   -0.30063521   -0.30629717   -0.31061193
   -0.30629716   -0.30063516
   -0.27171860   -0.27395183   -0.28034159   -0.28961875   -0.29694490   -0.27395205   -0.27805731   -0.28363700
   -0.28876776   -0.28876787   -0.28363716   -0.27805747   -0.27395225   -0.28034188   -0.28363723   -0.28307101
   -0.28095944   -0.28307127   -0.28363746   -0.28034206   -0.27805757   -0.28961914   -0.28876818   -0.28095966
   -0.28095979   -0.28876838   -0.28961932   -0.28363734   -0.28363727   -0.29694556   -0.28876819   -0.28307127
   -0.28876829   -0.29694575
   -0.27171812   -0.27250536   -0.26925742   -0.26377196   -0.26211700   -0.27250520   -0.27076893   -0.26624231
   -0.26217709   -0.26217702   -0.26624219   -0.27076877   -0.27250498   -0.26925730   -0.26624221   -0.26369018
   -0.26113054   -0.26368998   -0.26624206   -0.26925716   -0.27076869   -0.26377181   -0.26217680   -0.26113026
   -0.26113039   -0.26217681   -0.26377178   -0.26624213   -0.26624217   -0.26211665   -0.26217685   -0.26369012
   -0.26217693   -0.26211676
   -0.26923772   -0.26683601   -0.26158026   -0.25824347   -0.25745737   -0.26683589   -0.26272049   -0.25849478
   -0.25808837   -0.25808840   -0.25849481   -0.26272054   -0.26683594   -0.26158012   -0.25849474   -0.25786868
   -0.26090686   -0.25786872   -0.25849473   -0.26158011   -0.26272038   -0.25824338   -0.25808840   -0.26090693
   -0.26090672   -0.25808826   -0.25824326   -0.25849457   -0.25849460   -0.25745742   -0.25808828   -0.25786843
   -0.25808811   -0.25745718
   -0.16683679   -0.16639845   -0.16658873   -0.16812891   -0.17013511   -0.16639845   -0.16653098   -0.16739869
   -0.16923693   -0.16923695   -0.16739872   -0.16653098   -0.16639845   -0.16658877   -0.16739873   -0.16828075
   -0.16823042   -0.16828080   -0.16739875   -0.16658878   -0.16653101   -0.16812892   -0.16923693   -0.16823041
   -0.16823042   -0.16923693   -0.16812889   -0.16739872   -0.16739873   -0.17013508   -0.16923692   -0.16828074
   -0.16923690   -0.17013507
   -0.16626601   -0.16632081   -0.16564984   -0.16790220   -0.16887599   -0.16632084   -0.16566659   -0.16645516
   -0.16780753   -0.16780754   -0.16645518   -0.16566659   -0.16632085   -0.16564986   -0.16645514   -0.16708268
   -0.16718357   -0.16708268   -0.16645517   -0.16564985   -0.16566659   -0.16790222   -0.16780753   -0.16718354
   -0.16718355   -0.16780755   -0.16790225   -0.16645516   -0.16645515   -0.16887599   -0.16780752   -0.16708265
   -0.16780754   -0.16887603
   -0.16626596   -0.16569810   -0.16451414   -0.16608594   -0.16628924   -0.16569807   -0.16489005   -0.16524895
   -0.16615941   -0.16615941   -0.16524896   -0.16489007   -0.16569807   -0.16451415   -0.16524899   -0.16462245
   -0.16504578   -0.16462245   -0.16524898   -0.16451415   -0.16489008   -0.16608594   -0.16615941   -0.16504577
   -0.16504577   -0.16615942   -0.16608595   -0.16524896   -0.16524897   -0.16628925   -0.16615939   -0.16462240
   -0.16615940   -0.16628926
   -0.16182125   -0.16231184   -0.16444148   -0.16473470   -0.16483313   -0.16231186   -0.16392111   -0.16410195
   -0.16472683   -0.16472681   -0.16410196   -0.16392111   -0.16231187   -0.16444151   -0.16410198   -0.16438063
   -0.16486583   -0.16438062   -0.16410198   -0.16444152   -0.16392114   -0.16473470   -0.16472681   -0.16486582
   -0.16486583   -0.16472680   -0.16473469   -0.16410198   -0.16410199   -0.16483310   -0.16472682   -0.16438063
   -0.16472682   -0.16483310
   -0.15634959   -0.15760787   -0.16278984   -0.16348356   -0.16333009   -0.15760794   -0.15970946   -0.16303561
   -0.16314840   -0.16314840   -0.16303561   -0.15970948   -0.15760788   -0.16278984   -0.16303560   -0.16332035
   -0.16295587   -0.16332039   -0.16303560   -0.16278981   -0.15970941   -0.16348354   -0.16314838   -0.16295589
   -0.16295590   -0.16314840   -0.16348356   -0.16303560   -0.16303560   -0.16333006   -0.16314839   -0.16332040
   -0.16314841   -0.16333008
   -0.15484967   -0.15630828   -0.15768114   -0.15782059   -0.15772417   -0.15630821   -0.15902568   -0.15965318
   -0.15945556   -0.15945557   -0.15965319   -0.15902570   -0.15630823   -0.15768096   -0.15965307   -0.16168093
   -0.16257642   -0.16168093   -0.15965314   -0.15768105   -0.15902565   -0.15782042   -0.15945546   -0.16257640
   -0.16257642   -0.15945553   -0.15782052   -0.15965313   -0.15965307   -0.15772402   -0.15945546   -0.16168097
   -0.15945553   -0.15772412
   -0.15484958   -0.15618308   -0.15605193   -0.15515376   -0.15444514   -0.15618296   -0.15624736   -0.15624351
   -0.15584344   -0.15584345   -0.15624352   -0.15624738   -0.15618303   -0.15605178   -0.15624340   -0.15773785
   -0.15857990   -0.15773788   -0.15624345   -0.15605182   -0.15624727   -0.15515357   -0.15584330   -0.15857982
   -0.15857984   -0.15584335   -0.15515362   -0.15624337   -0.15624334   -0.15444497   -0.15584328   -0.15773776
   -0.15584333   -0.15444502
   -0.05435542   -0.05594786   -0.05917213   -0.06350836   -0.06590360   -0.05594779   -0.05826061   -0.06215790
   -0.06580453   -0.06580451   -0.06215786   -0.05826058   -0.05594779   -0.05917205   -0.06215788   -0.06582254
   -0.06753575   -0.06582248   -0.06215781   -0.05917201   -0.05826051   -0.06350834   -0.06580449   -0.06753571
   -0.06753568   -0.06580441   -0.06350826   -0.06215776   -0.06215779   -0.06590359   -0.06580445   -0.06582242
   -0.06580439   -0.06590349
   -0.04538753   -0.04620732   -0.04839268   -0.05047912   -0.05114209   -0.04620763   -0.04636202   -0.04668374
   -0.04732516   -0.04732525   -0.04668394   -0.04636204   -0.04620733   -0.04839292   -0.04668384   -0.04177494
   -0.03914441   -0.04177527   -0.04668393   -0.04839275   -0.04636212   -0.05047922   -0.04732520   -0.03914431
   -0.03914447   -0.04732525   -0.05047914   -0.04668387   -0.04668398   -0.05114214   -0.04732526   -0.04177512
   -0.04732522   -0.05114209
   -0.04538708   -0.04128180   -0.03185683   -0.02303460   -0.01952513   -0.04128155   -0.03574221   -0.02843353
   -0.02312852   -0.02312839   -0.02843327   -0.03574220   -0.04128187   -0.03185672   -0.02843348   -0.02833193
   -0.02900226   -0.02833150   -0.02843335   -0.03185693   -0.03574221   -0.02303462   -0.02312858   -0.02900243
   -0.02900222   -0.02312847   -0.02303470   -0.02843351   -0.02843338   -0.01952520   -0.02312852   -0.02833177
   -0.02312854   -0.01952522
    0.06870009    0.06876409    0.06600676    0.06286353    0.06325058    0.06876359    0.06642867    0.06438629
    0.06589600    0.06589614    0.06438663    0.06642909    0.06876379    0.06600566    0.06438572    0.06948590
    0.07661622    0.06948642    0.06438639    0.06600619    0.06642794    0.06286209    0.06589465    0.07661409
    0.07661466    0.06589543    0.06286283    0.06438522    0.06438488    0.06324891    0.06589417    0.06948442
    0.06589481    0.06324972
    0.12768333    0.12213689    0.11110912    0.09872910    0.09134938    0.12213538    0.11569543    0.10559694
    0.09448959    0.09448962    0.10559707    0.11569568    0.12213561    0.11110843    0.10559635    0.10057754
    0.09250781    0.10057777    0.10559660    0.11110867    0.11569424    0.09872883    0.09448942    0.09250889
    0.09250867    0.09448956    0.09872906    0.10559660    0.10559648    0.09134941    0.09448974    0.10057732
    0.09448987    0.09134963
    0.12768607    0.12531421    0.12274878    0.12148082    0.12110578    0.12531641    0.12194763    0.11700448
    0.11439598    0.11439599    0.11700450    0.12194759    0.12531631    0.12275109    0.11700594    0.10384883
    0.09947933    0.10384869    0.11700600    0.12275115    0.12195064    0.12148322    0.11439807    0.09948067
    0.09948074    0.11439821    0.12148341    0.11700754    0.11700750    0.12110822    0.11439855    0.10385161
    0.11439867    0.12110846
    0.14067112    0.14957774    0.18314699    0.23042056    0.25917739    0.14957750    0.17194936    0.21303609
    0.25282137    0.25282159    0.21303630    0.17194940    0.14957748    0.18314621    0.21303565    0.24842457
    0.26466547    0.24842497    0.21303592    0.18314626    0.17194853    0.23041958    0.25282053    0.26466493
    0.26466515    0.25282101    0.23041983    0.21303509    0.21303504    0.25917641    0.25282040    0.24842397
    0.25282066    0.25917689
    0.19912439    0.22608077    0.27944058    0.32031926    0.33413373    0.22608051    0.28074243    0.34057903
    0.36720947    0.36720876    0.34057863    0.28074295    0.22608179    0.27943986    0.34057878    0.39133305
    0.40508041    0.39133162    0.34057939    0.27944110    0.28074565    0.32031836    0.36721037    0.40507787
    0.40507706    0.36721054    0.32031940    0.34058102    0.34058001    0.33413282    0.36720843    0.39132845
    0.36720932    0.33413373
    0.19912613    0.26309769    0.35759803    0.38561580    0.37650370    0.26309749    0.32871009    0.38045369
    0.38850696    0.38850714    0.38045323    0.32870912    0.26309615    0.35759719    0.38045263    0.40532222
    0.41438466    0.40532271    0.38045140    0.35759606    0.32870645    0.38561422    0.38850434    0.41438708
    0.41438752    0.38850363    0.38561331    0.38045068    0.38045144    0.37650181    0.38850630    0.40532655
    0.38850540    0.37650084
 
 Eigenvalues /eV
  -22.40971500  -22.35810844  -22.22997468  -22.08105143  -21.96698031  -22.35810888  -22.26865345  -22.13325911
  -22.00502926  -22.00502780  -22.13325801  -22.26865286  -22.35810870  -22.22997601  -22.13325971  -22.02556560
  -21.95544521  -22.02556329  -22.13325831  -22.22997539  -22.26865402  -22.08105297  -22.00502948  -21.95544658
  -21.95544253  -22.00502699  -22.08105189  -22.13325988  -22.13326018  -21.96698070  -22.00502967  -22.02556572
  -22.00502864  -21.96697600
  -21.51058094  -21.56033994  -21.68287107  -21.82039661  -21.92702328  -21.56033956  -21.64632939  -21.77188906
  -21.88704246  -21.88704400  -21.77189033  -21.64633013  -21.56033979  -21.68286997  -21.77188868  -21.86433385
  -21.92524048  -21.86433637  -21.77189035  -21.68287076  -21.64632903  -21.82039557  -21.88704267  -21.92523925
  -21.92524341  -21.88704542  -21.82039689  -21.77188875  -21.77188835  -21.92702356  -21.88704254  -21.86433399
  -21.88704374  -21.92702849
   -9.25416664   -9.18404925   -9.01227876   -8.97623304   -9.04598165   -9.18405001   -9.04128961   -8.88809671
   -8.97747075   -8.97747073   -8.88809663   -9.04129161   -9.18405017   -9.01228326   -8.88809968   -8.87453037
   -8.93902836   -8.87453105   -8.88810097   -9.01228445   -9.04129166   -8.97623163   -8.97746586   -8.93902508
   -8.93902572   -8.97746662   -8.97623241   -8.88810201   -8.88810063   -9.04597492   -8.97746538   -8.87452938
   -8.97746616   -9.04597536
   -9.25416447   -9.16801114   -8.93525612   -8.62654936   -8.40449103   -9.16801290   -9.01836335   -8.75635113
   -8.48352127   -8.48352115   -8.75635288   -9.01836278   -9.16801333   -8.93525845   -8.75634898   -8.55685137
   -8.45705249   -8.55685293   -8.75635011   -8.93525903   -9.01836885   -8.62655048   -8.48351556   -8.45704545
   -8.45704574   -8.48351562   -8.62655133   -8.75635452   -8.75635515   -8.40448564   -8.48352126   -8.55685005
   -8.48352145   -8.40448606
   -7.89635905   -7.97649766   -8.23753046   -8.29615081   -8.18069222   -7.97649680   -8.17584583   -8.40638506
   -8.33476202   -8.33476097   -8.40638218   -8.17584352   -7.97649564   -8.23752461   -8.40638355   -8.45217329
   -8.40713943   -8.45216940   -8.40638028   -8.23752219   -8.17584191   -8.29615107   -8.33477292   -8.40715170
   -8.40715031   -8.33477162   -8.29614962   -8.40638152   -8.40638190   -8.18070022   -8.33477012   -8.45218057
   -8.33476988   -8.18069891
   -7.39383930   -7.45460845   -7.62848291   -7.88092712   -8.08028180   -7.45461465   -7.56632434   -7.71815535
   -7.85777064   -7.85777342   -7.71815986   -7.56632867   -7.45462007   -7.62849059   -7.71816163   -7.70275416
   -7.64529522   -7.70276114   -7.71816808   -7.62849565   -7.56633134   -7.88093786   -7.85778186   -7.64530143
   -7.64530474   -7.85778738   -7.88094255   -7.71816480   -7.71816286   -8.08029979   -7.85778230   -7.70276123
   -7.85778504   -8.08030489
   -7.39382635   -7.41524809   -7.32686732   -7.17760025   -7.13256647   -7.41524388   -7.36799746   -7.24482196
   -7.13420172   -7.13419963   -7.24481870   -7.36799314   -7.41523775   -7.32686392   -7.24481923   -7.17537485
   -7.10572355   -7.17536952   -7.24481493   -7.32686014   -7.36799095   -7.17759611   -7.13419376   -7.10571596
   -7.10571933   -7.13419390   -7.17759527   -7.24481704   -7.24481808   -7.13255704   -7.13419509   -7.17537337
   -7.13419732   -7.13256006
   -7.32633102   -7.26097729   -7.11796090   -7.02716224   -7.00577137   -7.26097397   -7.14898831   -7.03400091
   -7.02294191   -7.02294280   -7.03400162   -7.14898961   -7.26097528   -7.11795715   -7.03399969   -7.01696387
   -7.09963675   -7.01696485   -7.03399945   -7.11795695   -7.14898537   -7.02715979   -7.02294271   -7.09963869
   -7.09963308   -7.02293884   -7.02715677   -7.03399505   -7.03399600   -7.00577279   -7.02293952   -7.01695709
   -7.02293477   -7.00576642
   -4.53985993   -4.52793212   -4.53311000   -4.57502039   -4.62961188   -4.52793232   -4.53153857   -4.55515019
   -4.60517109   -4.60517168   -4.55515092   -4.53153864   -4.52793227   -4.53311115   -4.55515114   -4.57915223
   -4.57778277   -4.57915362   -4.55515164   -4.53311134   -4.53153948   -4.57502061   -4.60517113   -4.57778227
   -4.57778252   -4.60517131   -4.57501996   -4.55515087   -4.55515110   -4.62961109   -4.60517078   -4.57915196
   -4.60517036   -4.62961068
   -4.52432836   -4.52581944   -4.50756141   -4.56885126   -4.59534937   -4.52582044   -4.50801736   -4.52947535
   -4.56627525   -4.56627550   -4.52947584   -4.50801721   -4.52582059   -4.50756205   -4.52947494   -4.54655101
   -4.54929632   -4.54655115   -4.52947567   -4.50756170   -4.50801731   -4.56885200   -4.56627509   -4.54929565
   -4.54929587   -4.56627589   -4.56885269   -4.52947532   -4.52947508   -4.59534956   -4.56627503   -4.54655021
   -4.56627557   -4.59535046
   -4.52432693   -4.50887459   -4.47665748   -4.51942839   -4.52496058   -4.50887387   -4.48688665   -4.49665284
   -4.52142747   -4.52142754   -4.49665295   -4.48688700   -4.50887376   -4.47665781   -4.49665372   -4.47960479
   -4.49112430   -4.47960472   -4.49665348   -4.47665779   -4.48688725   -4.51942833   -4.52142772   -4.49112404
   -4.49112393   -4.52142799   -4.51942874   -4.49665292   -4.49665327   -4.52496062   -4.52142712   -4.47960338
   -4.52142732   -4.52496096
   -4.40338022   -4.41672980   -4.47468041   -4.48265924   -4.48533758   -4.41673057   -4.46052039   -4.46544120
   -4.48244501   -4.48244466   -4.46544149   -4.46052036   -4.41673057   -4.47468114   -4.46544208   -4.47302464
   -4.48622758   -4.47302414   -4.46544218   -4.47468156   -4.46052109   -4.48265922   -4.48244447   -4.48622711
   -4.48622738   -4.48244420   -4.48265912   -4.46544210   -4.46544229   -4.48533683   -4.48244479   -4.47302443
   -4.48244485   -4.48533688
   -4.25448893   -4.28872837   -4.42973680   -4.44861407   -4.44443776   -4.28873030   -4.34591548   -4.43642475
   -4.43949383   -4.43949387   -4.43642464   -4.34591618   -4.28872854   -4.42973683   -4.43642446   -4.44417272
   -4.43425472   -4.44417384   -4.43642443   -4.42973614   -4.34591417   -4.44861343   -4.43949332   -4.43425534
   -4.43425567   -4.43949387   -4.44861395   -4.43642447   -4.43642440   -4.44443704   -4.43949366   -4.44417422
   -4.43949418   -4.44443766
   -4.21367383   -4.25336479   -4.29072207   -4.29451664   -4.29189313   -4.25336284   -4.32730896   -4.34438417
   -4.33900663   -4.33900676   -4.34438435   -4.32730958   -4.25336340   -4.29071729   -4.34438109   -4.39956193
   -4.42392941   -4.39956206   -4.34438302   -4.29071967   -4.32730803   -4.29451223   -4.33900379   -4.42392890
   -4.42392940   -4.33900585   -4.29451479   -4.34438273   -4.34438099   -4.29188895   -4.33900382   -4.39956317
   -4.33900576   -4.29189164
   -4.21367140   -4.24995774   -4.24638896   -4.22194854   -4.20266599   -4.24995444   -4.25170685   -4.25160211
   -4.24071581   -4.24071598   -4.25160253   -4.25170746   -4.24995658   -4.24638491   -4.25159932   -4.29226538
   -4.31517855   -4.29226614   -4.25160054   -4.24638601   -4.25170453   -4.22194337   -4.24071202   -4.31517657
   -4.31517713   -4.24071339   -4.22194493   -4.25159838   -4.25159758   -4.20266133   -4.24071154   -4.29226277
   -4.24071274   -4.20266293
   -1.47908613   -1.52241866   -1.61015559   -1.72815044   -1.79332817   -1.52241675   -1.58535176   -1.69140251
   -1.79063229   -1.79063181   -1.69140149   -1.58535104   -1.52241676   -1.61015334   -1.69140191   -1.79112247
   -1.83774124   -1.79112093   -1.69140004   -1.61015236   -1.58534912   -1.72814978   -1.79063141   -1.83774026
   -1.83773926   -1.79062909   -1.72814755   -1.69139860   -1.69139945   -1.79332791   -1.79063029   -1.79111928
   -1.79062845   -1.79332528
   -1.23505752   -1.25736515   -1.31683189   -1.37360679   -1.39164715   -1.25737359   -1.26157471   -1.27032932
   -1.28778314   -1.28778547   -1.27033457   -1.26157518   -1.25736549   -1.31683825   -1.27033203   -1.13675407
   -1.06517371   -1.13676298   -1.27033439   -1.31683367   -1.26157747   -1.37360945   -1.28778432   -1.06517097
   -1.06517529   -1.28778552   -1.37360736   -1.27033283   -1.27033572   -1.39164844   -1.28778583   -1.13675878
   -1.28778469   -1.39164698
   -1.23504533   -1.12333493   -0.86686848   -0.62680345   -0.53130582   -1.12332825   -0.97259490   -0.77371567
   -0.62935913   -0.62935551   -0.77370861   -0.97259464   -1.12333697   -0.86686543   -0.77371448   -0.77095093
   -0.78919165   -0.77093938   -0.77371092   -0.86687109   -0.97259493   -0.62680396   -0.62936077   -0.78919624
   -0.78919064   -0.62935766   -0.62680612   -0.77371514   -0.77371164   -0.53130778   -0.62935916   -0.77094677
   -0.62935967   -0.53130833
    1.86942451    1.87116615    1.79613529    1.71060380    1.72113594    1.87115251    1.80761603    1.75204015
    1.79312143    1.79312516    1.75204926    1.80762761    1.87115804    1.79610541    1.75202449    1.89080757
    2.08483336    1.89082172    1.75204274    1.79611968    1.80759624    1.71056457    1.79308463    2.08477538
    2.08479086    1.79310582    1.71058466    1.75201097    1.75200183    1.72109030    1.79307148    1.89076731
    1.79308894    1.72111256
    3.47444031    3.32351386    3.02343309    2.68655542    2.48574324    3.32347267    3.14823292    2.87343881
    2.57119265    2.57119330    2.87344245    3.14823967    3.32347910    3.02341434    2.87342275    2.73685421
    2.51726547    2.73686043    2.87342969    3.02342062    3.14820032    2.68654823    2.57118782    2.51729500
    2.51728889    2.57119188    2.68655437    2.87342974    2.87342644    2.48574402    2.57119673    2.73684806
    2.57120013    2.48574980
    3.47451477    3.40997307    3.34016427    3.30566127    3.29545601    3.41003315    3.31836375    3.18385391
    3.11287298    3.11287337    3.18385450    3.31836274    3.41003021    3.34022723    3.18389364    2.82587037
    2.70697017    2.82586658    3.18389528    3.34022871    3.31844567    3.30572661    3.11292980    2.70700677
    2.70700871    3.11293355    3.30573166    3.18393718    3.18393613    3.29552227    3.11294283    2.82594607
    3.11294619    3.29552875
    3.82785606    4.07021749    4.98368329    6.27006245    7.05257566    4.07021090    4.67898010    5.79700698
    6.87961958    6.87962548    5.79701266    4.67898128    4.07021036    4.98366189    5.79699507    6.75997640
    7.20191388    6.75998729    5.79700225    4.98366333    4.67895743    6.27003571    6.87959668    7.20189912
    7.20190526    6.87960974    6.27004262    5.79697982    5.79697831    7.05254895    6.87959313    6.75996022
    6.87960028    7.05256198
    5.41845032    6.15197063    7.60396516    8.71633066    9.09224150    6.15196360    7.63939031    9.26762700
    9.99227803    9.99225871    9.26761604    7.63940428    6.15199857    7.60394552    9.26762025   10.64871412
   11.02279867   10.64867512    9.26763666    7.60397932    7.63947776    8.71630605    9.99230249   11.02272980
   11.02270764    9.99230732    8.71633438    9.26768095    9.26765359    9.09221664    9.99224991   10.64858882
    9.99227406    9.09224146
    5.41849770    7.15925233    9.73073740   10.49313978   10.24518689    7.15924694    8.94465671   10.35267175
   10.57181223   10.57181721   10.35265917    8.94463029    7.15921061    9.73071469   10.35264268   11.02937879
   11.27598037   11.02939202   10.35260923    9.73068388    8.94455749   10.49309672   10.57174107   11.27604628
   11.27605827   10.57172152   10.49307202   10.35258968   10.35261055   10.24513555   10.57179437   11.02949672
   10.57176984   10.24510907
 
 Fillings
     1.00000     1.00000     1.00000     1.00000     1.00000     1.00000     1.00000     1.00000
     1.00000     1.00000     1.00000     1.00000     1.00000     1.00000     1.00000     1.00000
     1.00000     1.00000     1.00000     1.00000     1.00000     1.00000     1.00000     1.00000
     1.00000     1.00000     1.00000     1.00000     1.00000     1.00000     1.00000     1.00000
     1.00000     1.00000
     1.00000     1.00000     1.00000     1.00000     1.00000     1.00000     1.00000     1.00000
     1.00000     1.00000     1.00000     1.00000     1.00000     1.00000     1.00000     1.00000
     1.00000     1.00000     1.00000     1.00000     1.00000     1.00000     1.00000     1.00000
     1.00000     1.00000     1.00000     1.00000     1.00000     1.00000     1.00000     1.00000
     1.00000     1.00000
     1.00000     1.00000     1.00000     1.00000     1.00000     1.00000     1.00000     1.00000
     1.00000     1.00000     1.00000     1.00000     1.00000     1.00000     1.00000     1.00000
     1.00000     1.00000     1.00000     1.00000     1.00000     1.00000     1.00000     1.00000
     1.00000     1.00000     1.00000     1.00000     1.00000     1.00000     1.00000     1.00000
     1.00000     1.00000
     1.00000     1.00000     1.00000     1.00000     1.00000     1.00000     1.00000     1.00000
     1.00000     1.00000     1.00000     1.00000     1.00000     1.00000     1.00000     1.00000
     1.00000     1.00000     1.00000     1.00000     1.00000     1.00000     1.00000     1.00000
     1.00000     1.00000     1.00000     1.00000     1.00000     1.00000     1.00000     1.00000
     1.00000     1.00000
     1.00000     1.00000     1.00000     1.00000     1.00000     1.00000     1.00000     1.00000
     1.00000     1.00000     1.00000     1.00000     1.00000     1.00000     1.00000     1.00000
     1.00000     1.00000     1.00000     1.00000     1.00000     1.00000     1.00000     1.00000
     1.00000     1.00000     1.00000     1.00000     1.00000     1.00000     1.00000     1.00000
     1.00000     1.00000
     1.00000     1.00000     1.00000     1.00000     1.00000     1.00000     1.00000     1.00000
     1.00000     1.00000     1.00000     1.00000     1.00000     1.00000     1.00000     1.00000
     1.00000     1.00000     1.00000     1.00000     1.00000     1.00000     1.00000     1.00000
     1.00000     1.00000     1.00000     1.00000     1.00000     1.00000     1.00000     1.00000
     1.00000     1.00000
     1.00000     1.00000     1.00000     1.00000     1.00000     1.00000     1.00000     1.00000
     1.00000     1.00000     1.00000     1.00000     1.00000     1.00000     1.00000     1.00000
     1.00000     1.00000     1.00000     1.00000     1.00000     1.00000     1.00000     1.00000
     1.00000     1.00000     1.00000     1.00000     1.00000     1.00000     1.00000     1.00000
     1.00000     1.00000
     1.00000     1.00000     1.00000     1.00000     1.00000     1.00000     1.00000     1.00000
     1.00000     1.00000     1.00000     1.00000     1.00000     1.00000     1.00000     1.00000
     1.00000     1.00000     1.00000     1.00000     1.00000     1.00000     1.00000     1.00000
     1.00000     1.00000     1.00000     1.00000     1.00000     1.00000     1.00000     1.00000
     1.00000     1.00000
     0.00000     0.00000     0.00000     0.00000     0.00000     0.00000     0.00000     0.00000
     0.00000     0.00000     0.00000     0.00000     0.00000     0.00000     0.00000     0.00000
     0.00000     0.00000     0.00000     0.00000     0.00000     0.00000     0.00000     0.00000
     0.00000     0.00000     0.00000     0.00000     0.00000     0.00000     0.00000     0.00000
     0.00000     0.00000
     0.00000     0.00000     0.00000     0.00000     0.00000     0.00000     0.00000     0.00000
     0.00000     0.00000     0.00000     0.00000     0.00000     0.00000     0.00000     0.00000
     0.00000     0.00000     0.00000     0.00000     0.00000     0.00000     0.00000     0.00000
     0.00000     0.00000     0.00000     0.00000     0.00000     0.00000     0.00000     0.00000
     0.00000     0.00000
     0.00000     0.00000     0.00000     0.00000     0.00000     0.00000     0.00000     0.00000
     0.00000     0.00000     0.00000     0.00000     0.00000     0.00000     0.00000     0.00000
     0.00000     0.00000     0.00000     0.00000     0.00000     0.00000     0.00000     0.00000
     0.00000     0.00000     0.00000     0.00000     0.00000     0.00000     0.00000     0.00000
     0.00000     0.00000
     0.00000     0.00000     0.00000     0.00000     0.00000     0.00000     0.00000     0.00000
     0.00000     0.00000     0.00000     0.00000     0.00000     0.00000     0.00000     0.00000
     0.00000     0.00000     0.00000     0.00000     0.00000     0.00000     0.00000     0.00000
     0.00000     0.00000     0.00000     0.00000     0.00000     0.00000     0.00000     0.00000
     0.00000     0.00000
     0.00000     0.00000     0.00000     0.00000     0.00000     0.00000     0.00000     0.00000
     0.00000     0.00000     0.00000     0.00000     0.00000     0.00000     0.00000     0.00000
     0.00000     0.00000     0.00000     0.00000     0.00000     0.00000     0.00000     0.00000
     0.00000     0.00000     0.00000     0.00000     0.00000     0.00000     0.00000     0.00000
     0.00000     0.00000
     0.00000     0.00000     0.00000     0.00000     0.00000     0.00000     0.00000     0.00000
     0.00000     0.00000     0.00000     0.00000     0.00000     0.00000     0.00000     0.00000
     0.00000     0.00000     0.00000     0.00000     0.00000     0.00000     0.00000     0.00000
     0.00000     0.00000     0.00000     0.00000     0.00000     0.00000     0.00000     0.00000
     0.00000     0.00000
     0.00000     0.00000     0.00000     0.00000     0.00000     0.00000     0.00000     0.00000
     0.00000     0.00000     0.00000     0.00000     0.00000     0.00000     0.00000     0.00000
     0.00000     0.00000     0.00000     0.00000     0.00000     0.00000     0.00000     0.00000
     0.00000     0.00000     0.00000     0.00000     0.00000     0.00000     0.00000     0.00000
     0.00000     0.00000
     0.00000     0.00000     0.00000     0.00000     0.00000     0.00000     0.00000     0.00000
     0.00000     0.00000     0.00000     0.00000     0.00000     0.00000     0.00000     0.00000
     0.00000     0.00000     0.00000     0.00000     0.00000     0.00000     0.00000     0.00000
     0.00000     0.00000     0.00000     0.00000     0.00000     0.00000     0.00000     0.00000
     0.00000     0.00000
     0.00000     0.00000     0.00000     0.00000     0.00000     0.00000     0.00000     0.00000
     0.00000     0.00000     0.00000     0.00000     0.00000     0.00000     0.00000     0.00000
     0.00000     0.00000     0.00000     0.00000     0.00000     0.00000     0.00000     0.00000
     0.00000     0.00000     0.00000     0.00000     0.00000     0.00000     0.00000     0.00000
     0.00000     0.00000
     0.00000     0.00000     0.00000     0.00000     0.00000     0.00000     0.00000     0.00000
     0.00000     0.00000     0.00000     0.00000     0.00000     0.00000     0.00000     0.00000
     0.00000     0.00000     0.00000     0.00000     0.00000     0.00000     0.00000     0.00000
     0.00000     0.00000     0.00000     0.00000     0.00000     0.00000     0.00000     0.00000
     0.00000     0.00000
     0.00000     0.00000     0.00000     0.00000     0.00000     0.00000     0.00000     0.00000
     0.00000     0.00000     0.00000     0.00000     0.00000     0.00000     0.00000     0.00000
     0.00000     0.00000     0.00000     0.00000     0.00000     0.00000     0.00000     0.00000
     0.00000     0.00000     0.00000     0.00000     0.00000     0.00000     0.00000     0.00000
     0.00000     0.00000
     0.00000     0.00000     0.00000     0.00000     0.00000     0.00000     0.00000     0.00000
     0.00000     0.00000     0.00000     0.00000     0.00000     0.00000     0.00000     0.00000
     0.00000     0.00000     0.00000     0.00000     0.00000     0.00000     0.00000     0.00000
     0.00000     0.00000     0.00000     0.00000     0.00000     0.00000     0.00000     0.00000
     0.00000     0.00000
     0.00000     0.00000     0.00000     0.00000     0.00000     0.00000     0.00000     0.00000
     0.00000     0.00000     0.00000     0.00000     0.00000     0.00000     0.00000     0.00000
     0.00000     0.00000     0.00000     0.00000     0.00000     0.00000     0.00000     0.00000
     0.00000     0.00000     0.00000     0.00000     0.00000     0.00000     0.00000     0.00000
     0.00000     0.00000
     0.00000     0.00000     0.00000     0.00000     0.00000     0.00000     0.00000     0.00000
     0.00000     0.00000     0.00000     0.00000     0.00000     0.00000     0.00000     0.00000
     0.00000     0.00000     0.00000     0.00000     0.00000     0.00000     0.00000     0.00000
     0.00000     0.00000     0.00000     0.00000     0.00000     0.00000     0.00000     0.00000
     0.00000     0.00000
     0.00000     0.00000     0.00000     0.00000     0.00000     0.00000     0.00000     0.00000
     0.00000     0.00000     0.00000     0.00000     0.00000     0.00000     0.00000     0.00000
     0.00000     0.00000     0.00000     0.00000     0.00000     0.00000     0.00000     0.00000
     0.00000     0.00000     0.00000     0.00000     0.00000     0.00000     0.00000     0.00000
     0.00000     0.00000
     0.00000     0.00000     0.00000     0.00000     0.00000     0.00000     0.00000     0.00000
     0.00000     0.00000     0.00000     0.00000     0.00000     0.00000     0.00000     0.00000
     0.00000     0.00000     0.00000     0.00000     0.00000     0.00000     0.00000     0.00000
     0.00000     0.00000     0.00000     0.00000     0.00000     0.00000     0.00000     0.00000
     0.00000     0.00000
 
 Nr. of electrons (up):      8.00000000
 Atom populations (up)
  Atom       Population
     1       1.41841002
     2       3.29100702
     3       3.29058297
 
 l-shell populations (up)
  Atom Sh.   l       Population
     1   1   0       0.18574503
     1   2   1       0.33866091
     1   3   2       0.57805835
     1   4   3       0.31594573
     2   1   0       0.92514815
     2   2   1       2.36585887
     3   1   0       0.92512229
     3   2   1       2.36546068
 
 Orbital populations (up)
  Atom Sh.   l   m       Population
     1   1   0   0       0.18574503
     1   2   1  -1       0.12165737
     1   2   1   0       0.09534573
     1   2   1   1       0.12165780
     1   3   2  -2       0.14979305
     1   3   2  -1       0.10760898
     1   3   2   0       0.06325433
     1   3   2   1       0.10760799
     1   3   2   2       0.14979400
     1   4   3  -3       0.14100135
     1   4   3  -2       0.03715085
     1   4   3  -1       0.02252605
     1   4   3   0       0.03362314
     1   4   3   1       0.02252534
     1   4   3   2       0.03715108
     1   4   3   3       0.02196791
     2   1   0   0       0.92514815
     2   2   1  -1       0.76005242
     2   2   1   0       0.84575359
     2   2   1   1       0.76005286
     3   1   0   0       0.92512229
     3   2   1  -1       0.75993136
     3   2   1   0       0.84559751
     3   2   1   1       0.75993180
 
 Block populations (up)
 Atom           1
  0.1857  0.0000  0.0000  0.0000  0.0000  0.0000  0.0550  0.0000  0.0000  0.0000  0.0000  0.0000  0.0000  0.0000  0.0000  0.0000
  0.0000  0.1217  0.0000  0.0000  0.0000  0.0000  0.0000  0.0000  0.0000  0.0000  0.0000  0.0208  0.0000  0.0000  0.0424  0.0000
  0.0000  0.0000  0.0953  0.0000  0.0000  0.0000  0.0000  0.0000  0.0000  0.0275  0.0000  0.0000  0.0360  0.0000  0.0000  0.0000
  0.0000  0.0000  0.0000  0.1217  0.0000  0.0000  0.0000  0.0000  0.0000  0.0000  0.0424  0.0000  0.0000  0.0208  0.0000  0.0000
  0.0000  0.0000  0.0000  0.0000  0.1498  0.0000  0.0000 -0.0608  0.0000  0.0000  0.0000  0.0000  0.0000  0.0000  0.0000  0.0000
  0.0000  0.0000  0.0000  0.0000  0.0000  0.1076  0.0000  0.0000 -0.0608  0.0000  0.0000  0.0000  0.0000  0.0000  0.0000  0.0000
  0.0550  0.0000  0.0000  0.0000  0.0000  0.0000  0.0633  0.0000  0.0000  0.0000  0.0000  0.0000  0.0000  0.0000  0.0000  0.0000
  0.0000  0.0000  0.0000  0.0000 -0.0608  0.0000  0.0000  0.1076  0.0000  0.0000  0.0000  0.0000  0.0000  0.0000  0.0000  0.0000
  0.0000  0.0000  0.0000  0.0000  0.0000 -0.0608  0.0000  0.0000  0.1498  0.0000  0.0000  0.0000  0.0000  0.0000  0.0000  0.0000
  0.0000  0.0000  0.0275  0.0000  0.0000  0.0000  0.0000  0.0000  0.0000  0.1410  0.0000  0.0000  0.0616  0.0000  0.0000  0.0000
  0.0000  0.0000  0.0000  0.0424  0.0000  0.0000  0.0000  0.0000  0.0000  0.0000  0.0372  0.0000  0.0000 -0.0014  0.0000  0.0000
  0.0000  0.0208  0.0000  0.0000  0.0000  0.0000  0.0000  0.0000  0.0000  0.0000  0.0000  0.0225  0.0000  0.0000 -0.0014  0.0000
  0.0000  0.0000  0.0360  0.0000  0.0000  0.0000  0.0000  0.0000  0.0000  0.0616  0.0000  0.0000  0.0336  0.0000  0.0000  0.0000
  0.0000  0.0000  0.0000  0.0208  0.0000  0.0000  0.0000  0.0000  0.0000  0.0000 -0.0014  0.0000  0.0000  0.0225  0.0000  0.0000
  0.0000  0.0424  0.0000  0.0000  0.0000  0.0000  0.0000  0.0000  0.0000  0.0000  0.0000 -0.0014  0.0000  0.0000  0.0372  0.0000
  0.0000  0.0000  0.0000  0.0000  0.0000  0.0000  0.0000  0.0000  0.0000  0.0000  0.0000  0.0000  0.0000  0.0000  0.0000  0.0220
 Atom           2
  0.9251  0.0000 -0.0400  0.0000
  0.0000  0.7601  0.0000  0.0000
 -0.0400  0.0000  0.8458  0.0000
  0.0000  0.0000  0.0000  0.7601
 Atom           3
  0.9251  0.0000  0.0401  0.0000
  0.0000  0.7599  0.0000  0.0000
  0.0401  0.0000  0.8456  0.0000
  0.0000  0.0000  0.0000  0.7599
 
 Nr. of electrons (down):      8.00000000
 Atom populations (down)
  Atom       Population
     1       1.41841002
     2       3.29100702
     3       3.29058297
 
 l-shell populations (down)
  Atom Sh.   l       Population
     1   1   0       0.18574503
     1   2   1       0.33866091
     1   3   2       0.57805835
     1   4   3       0.31594573
     2   1   0       0.92514815
     2   2   1       2.36585887
     3   1   0       0.92512229
     3   2   1       2.36546068
 
 Orbital populations (down)
  Atom Sh.   l   m       Population
     1   1   0   0       0.18574503
     1   2   1  -1       0.12165737
     1   2   1   0       0.09534573
     1   2   1   1       0.12165780
     1   3   2  -2       0.14979305
     1   3   2  -1       0.10760898
     1   3   2   0       0.06325433
     1   3   2   1       0.10760799
     1   3   2   2       0.14979400
     1   4   3  -3       0.14100135
     1   4   3  -2       0.03715085
     1   4   3  -1       0.02252605
     1   4   3   0       0.03362314
     1   4   3   1       0.02252534
     1   4   3   2       0.03715108
     1   4   3   3       0.02196791
     2   1   0   0       0.92514815
     2   2   1  -1       0.76005242
     2   2   1   0       0.84575359
     2   2   1   1       0.76005286
     3   1   0   0       0.92512229
     3   2   1  -1       0.75993136
     3   2   1   0       0.84559751
     3   2   1   1       0.75993180
 
 Block populations (down)
 Atom           1
  0.1857  0.0000  0.0000  0.0000  0.0000  0.0000  0.0550  0.0000  0.0000  0.0000  0.0000  0.0000  0.0000  0.0000  0.0000  0.0000
  0.0000  0.1217  0.0000  0.0000  0.0000  0.0000  0.0000  0.0000  0.0000  0.0000  0.0000  0.0208  0.0000  0.0000  0.0424  0.0000
  0.0000  0.0000  0.0953  0.0000  0.0000  0.0000  0.0000  0.0000  0.0000  0.0275  0.0000  0.0000  0.0360  0.0000  0.0000  0.0000
  0.0000  0.0000  0.0000  0.1217  0.0000  0.0000  0.0000  0.0000  0.0000  0.0000  0.0424  0.0000  0.0000  0.0208  0.0000  0.0000
  0.0000  0.0000  0.0000  0.0000  0.1498  0.0000  0.0000 -0.0608  0.0000  0.0000  0.0000  0.0000  0.0000  0.0000  0.0000  0.0000
  0.0000  0.0000  0.0000  0.0000  0.0000  0.1076  0.0000  0.0000 -0.0608  0.0000  0.0000  0.0000  0.0000  0.0000  0.0000  0.0000
  0.0550  0.0000  0.0000  0.0000  0.0000  0.0000  0.0633  0.0000  0.0000  0.0000  0.0000  0.0000  0.0000  0.0000  0.0000  0.0000
  0.0000  0.0000  0.0000  0.0000 -0.0608  0.0000  0.0000  0.1076  0.0000  0.0000  0.0000  0.0000  0.0000  0.0000  0.0000  0.0000
  0.0000  0.0000  0.0000  0.0000  0.0000 -0.0608  0.0000  0.0000  0.1498  0.0000  0.0000  0.0000  0.0000  0.0000  0.0000  0.0000
  0.0000  0.0000  0.0275  0.0000  0.0000  0.0000  0.0000  0.0000  0.0000  0.1410  0.0000  0.0000  0.0616  0.0000  0.0000  0.0000
  0.0000  0.0000  0.0000  0.0424  0.0000  0.0000  0.0000  0.0000  0.0000  0.0000  0.0372  0.0000  0.0000 -0.0014  0.0000  0.0000
  0.0000  0.0208  0.0000  0.0000  0.0000  0.0000  0.0000  0.0000  0.0000  0.0000  0.0000  0.0225  0.0000  0.0000 -0.0014  0.0000
  0.0000  0.0000  0.0360  0.0000  0.0000  0.0000  0.0000  0.0000  0.0000  0.0616  0.0000  0.0000  0.0336  0.0000  0.0000  0.0000
  0.0000  0.0000  0.0000  0.0208  0.0000  0.0000  0.0000  0.0000  0.0000  0.0000 -0.0014  0.0000  0.0000  0.0225  0.0000  0.0000
  0.0000  0.0424  0.0000  0.0000  0.0000  0.0000  0.0000  0.0000  0.0000  0.0000  0.0000 -0.0014  0.0000  0.0000  0.0372  0.0000
  0.0000  0.0000  0.0000  0.0000  0.0000  0.0000  0.0000  0.0000  0.0000  0.0000  0.0000  0.0000  0.0000  0.0000  0.0000  0.0220
 Atom           2
  0.9251  0.0000 -0.0400  0.0000
  0.0000  0.7601  0.0000  0.0000
 -0.0400  0.0000  0.8458  0.0000
  0.0000  0.0000  0.0000  0.7601
 Atom           3
  0.9251  0.0000  0.0401  0.0000
  0.0000  0.7599  0.0000  0.0000
  0.0401  0.0000  0.8456  0.0000
  0.0000  0.0000  0.0000  0.7599
 
 Spin up
 Fermi energy:                      -0.2045771822 H           -5.5668 eV
 Band energy:                       -3.3779353751 H          -91.9183 eV
 TS:                                 0.0000000000 H            0.0000 eV
 Band free energy (E-TS):           -3.3779353751 H          -91.9183 eV
 Extrapolated E(0K):                -3.3779353751 H          -91.9183 eV
 Input/Output electrons (up):      8.00000000      8.00000000
 
 Spin down
 Fermi energy:                      -0.2045771822 H           -5.5668 eV
 Band energy:                       -3.3779353751 H          -91.9183 eV
 TS:                                 0.0000000000 H            0.0000 eV
 Band free energy (E-TS):           -3.3779353751 H          -91.9183 eV
 Extrapolated E(0K):                -3.3779353751 H          -91.9183 eV
 Input/Output electrons (down):      8.00000000      8.00000000
 
 Energy H0:                         -7.8650401614 H         -214.0186 eV
 Energy SCC:                         0.0761367621 H            2.0718 eV
 Energy SPIN:                        0.0000000000 H            0.0000 eV
 Energy DFTB+U:                      0.0711383288 H            1.9358 eV
 Total Electronic energy:           -7.7177650705 H         -210.0111 eV
 Repulsive energy:                   0.2718553819 H            7.3976 eV
 Total energy:                      -7.4459096887 H         -202.6135 eV
 Total Mermin free energy:          -7.4459096887 H         -202.6135 eV
 
 SCC converged
 
 Full geometry written in test.{xyz|gen}
 
 Total Forces
 -7.982921734133027E-007 -1.948886928938828E-009 -2.171849816605571E-005
  8.618935522834584E-008 -1.472756569776306E-006  1.071511117981672E-002
  7.121028181836262E-007  1.474705456699675E-006 -1.069339268165070E-002
 
 Total stress tensor
     -0.000062670999     -0.000000000382     -0.000000000308
     -0.000000000382     -0.000062669941      0.000000000551
     -0.000000000308     -0.000000001452      0.000010547424
 
 Total lattice derivs
      0.025966655281      0.014991705485     -0.000000004154
      0.000000182533      0.029983173754     -0.000000263842
      0.000000013753      0.000000064762     -0.000470389663
 
 Maximal derivative component:       0.107151E-01 au
 Max force for moved atoms::         0.107151E-01 au
 
 Volume:                             0.297330E+04 au^3
 Pressure:                          -0.382645E-04 au    -0.112578E+10 Pa
 
 Geometry converged
 
