 Fermi distribution function
 
 Calculation with static geometry
 

********************************************************************************
  iSCC Total electronic   Diff electronic      SCC error    
   15   -0.78085628E+01   -0.42151518E-05    0.17051696E-03
********************************************************************************
 
 Coordinates of moved atoms (au):
    1      0.00000000      0.00000000      0.00000000
    2      0.00000000      3.97403706      1.40503395
    3      3.44160676      1.98700908     62.54331618
 

 Net atomic charges (e)
  Atom       Net charge
     1       1.09304383
     2      -0.54647758
     3      -0.54656624
 
 COMPONENT = up
  
 Eigenvalues /H
   -0.83081235   -0.82855281   -0.82283054   -0.81621667   -0.81069466   -0.82855282   -0.82455750   -0.81847023
   -0.81281551   -0.81281543   -0.81847018   -0.82455747   -0.82855281   -0.82283057   -0.81847024   -0.81365901
   -0.81058071   -0.81365890   -0.81847018   -0.82283054   -0.82455750   -0.81621670   -0.81281551   -0.81058104
   -0.81058085   -0.81281543   -0.81621667   -0.81847025   -0.81847026   -0.81069506   -0.81281555   -0.81365906
   -0.81281555   -0.81069484
   -0.79048584   -0.79297073   -0.79890321   -0.80525640   -0.81051896   -0.79297071   -0.79714173   -0.80300699
   -0.80816086   -0.80816094   -0.80300706   -0.79714177   -0.79297072   -0.79890316   -0.80300698   -0.80708312
   -0.80972326   -0.80708324   -0.80300705   -0.79890320   -0.79714171   -0.80525634   -0.80816084   -0.80972292
   -0.80972312   -0.80816093   -0.80525638   -0.80300696   -0.80300695   -0.81051853   -0.80816080   -0.80708306
   -0.80816081   -0.81051876
   -0.35282223   -0.34900031   -0.34038852   -0.33860890   -0.34174546   -0.34900027   -0.34183681   -0.33463090
   -0.33824876   -0.33824876   -0.33463089   -0.34183691   -0.34900028   -0.34038833   -0.33463068   -0.33208215
   -0.33488409   -0.33208220   -0.33463076   -0.34038841   -0.34183672   -0.33860879   -0.33824868   -0.33488403
   -0.33488409   -0.33824876   -0.33860886   -0.33463078   -0.33463068   -0.34174543   -0.33824869   -0.33208214
   -0.33824877   -0.34174549
   -0.35282220   -0.34869340   -0.33775841   -0.32341954   -0.31195581   -0.34869336   -0.34171079   -0.32947931
   -0.31741098   -0.31741092   -0.32947937   -0.34171075   -0.34869338   -0.33775834   -0.32947941   -0.32226157
   -0.31849882   -0.32226164   -0.32947943   -0.33775836   -0.34171076   -0.32341944   -0.31741101   -0.31849893
   -0.31849891   -0.31741097   -0.32341948   -0.32947925   -0.32947929   -0.31195589   -0.31741095   -0.32226155
   -0.31741097   -0.31195590
   -0.29780154   -0.29948519   -0.30838442   -0.31029249   -0.30515990   -0.29948524   -0.30592012   -0.31545534
   -0.31274035   -0.31274038   -0.31545527   -0.30592006   -0.29948521   -0.30838464   -0.31545542   -0.31882778
   -0.31704444   -0.31882761   -0.31545531   -0.30838455   -0.30592018   -0.31029258   -0.31274029   -0.31704438
   -0.31704433   -0.31274028   -0.31029253   -0.31545543   -0.31545546   -0.30515988   -0.31274032   -0.31882778
   -0.31274028   -0.30515983
   -0.27307322   -0.27393522   -0.28144832   -0.29286803   -0.30314421   -0.27393590   -0.27950091   -0.28612514
   -0.29199815   -0.29199826   -0.28612530   -0.27950101   -0.27393554   -0.28144786   -0.28612490   -0.28495216
   -0.28189194   -0.28495247   -0.28612515   -0.28144807   -0.27950079   -0.29286757   -0.29199778   -0.28189155
   -0.28189171   -0.29199801   -0.29286776   -0.28612491   -0.28612482   -0.30314356   -0.29199773   -0.28495190
   -0.29199785   -0.30314379
   -0.27075282   -0.27355977   -0.27223399   -0.26566115   -0.26358809   -0.27355929   -0.27339535   -0.26881114
   -0.26374527   -0.26374518   -0.26881099   -0.27339515   -0.27355952   -0.27223441   -0.26881129   -0.26591997
   -0.26260403   -0.26591972   -0.26881108   -0.27223421   -0.27339556   -0.26566130   -0.26374522   -0.26260371
   -0.26260395   -0.26374522   -0.26566124   -0.26881132   -0.26881138   -0.26358800   -0.26374524   -0.26592013
   -0.26374533   -0.26358812
   -0.27075227   -0.26976560   -0.26344421   -0.25909704   -0.25775353   -0.26976543   -0.26461856   -0.25934667
   -0.25861106   -0.25861109   -0.25934671   -0.26461867   -0.26976557   -0.26344425   -0.25934677   -0.25833363
   -0.26226715   -0.25833366   -0.25934677   -0.26344426   -0.26461853   -0.25909736   -0.25861147   -0.26226778
   -0.26226742   -0.25861128   -0.25909721   -0.25934675   -0.25934680   -0.25775408   -0.25861151   -0.25833372
   -0.25861128   -0.25775377
   -0.14610464   -0.14566818   -0.14541658   -0.14732517   -0.14981588   -0.14566818   -0.14547531   -0.14642421
   -0.14872517   -0.14872520   -0.14642424   -0.14547531   -0.14566818   -0.14541654   -0.14642422   -0.14754280
   -0.14759359   -0.14754286   -0.14642424   -0.14541656   -0.14547530   -0.14732523   -0.14872521   -0.14759359
   -0.14759360   -0.14872522   -0.14732519   -0.14642419   -0.14642420   -0.14981594   -0.14872520   -0.14754277
   -0.14872518   -0.14981591
   -0.14501238   -0.14506735   -0.14485700   -0.14712969   -0.14833010   -0.14506732   -0.14467224   -0.14522493
   -0.14696887   -0.14696888   -0.14522495   -0.14467224   -0.14506733   -0.14485702   -0.14522491   -0.14609111
   -0.14631288   -0.14609111   -0.14522495   -0.14485700   -0.14467224   -0.14712961   -0.14696881   -0.14631286
   -0.14631287   -0.14696885   -0.14712965   -0.14522491   -0.14522490   -0.14833000   -0.14696881   -0.14609112
   -0.14696884   -0.14833005
   -0.14501235   -0.14428955   -0.14279704   -0.14473553   -0.14499775   -0.14428956   -0.14332028   -0.14409355
   -0.14489156   -0.14489156   -0.14409355   -0.14332030   -0.14428956   -0.14279703   -0.14409357   -0.14310199
   -0.14338192   -0.14310199   -0.14409356   -0.14279703   -0.14332026   -0.14473550   -0.14489154   -0.14338190
   -0.14338192   -0.14489155   -0.14473552   -0.14409356   -0.14409358   -0.14499772   -0.14489154   -0.14310200
   -0.14489155   -0.14499774
   -0.13886509   -0.13964001   -0.14265246   -0.14324960   -0.14309506   -0.13964000   -0.14195616   -0.14242228
   -0.14310764   -0.14310763   -0.14242229   -0.14195616   -0.13964000   -0.14265241   -0.14242228   -0.14251113
   -0.14331170   -0.14251111   -0.14242228   -0.14265243   -0.14195615   -0.14324961   -0.14310765   -0.14331171
   -0.14331170   -0.14310763   -0.14324960   -0.14242225   -0.14242226   -0.14309508   -0.14310765   -0.14251117
   -0.14310765   -0.14309506
   -0.13040995   -0.13372314   -0.14020516   -0.14117640   -0.14098211   -0.13372326   -0.13620232   -0.14072348
   -0.14080180   -0.14080181   -0.14072348   -0.13620235   -0.13372319   -0.14020523   -0.14072349   -0.14162667
   -0.14071033   -0.14162673   -0.14072348   -0.14020519   -0.13620232   -0.14117635   -0.14080175   -0.14071029
   -0.14071030   -0.14080178   -0.14117638   -0.14072349   -0.14072349   -0.14098205   -0.14080175   -0.14162662
   -0.14080177   -0.14098209
   -0.13040979   -0.13204859   -0.13374514   -0.13388490   -0.13377634   -0.13204844   -0.13562371   -0.13626194
   -0.13608212   -0.13608212   -0.13626195   -0.13562373   -0.13204855   -0.13374499   -0.13626183   -0.13885738
   -0.14014940   -0.13885739   -0.13626192   -0.13374511   -0.13562371   -0.13388473   -0.13608199   -0.14014937
   -0.14014939   -0.13608209   -0.13388486   -0.13626192   -0.13626183   -0.13377616   -0.13608199   -0.13885736
   -0.13608208   -0.13377629
   -0.12739054   -0.12761445   -0.12810650   -0.12821862   -0.12787560   -0.12761444   -0.12807771   -0.12903091
   -0.12953261   -0.12953262   -0.12903094   -0.12807773   -0.12761446   -0.12810648   -0.12903090   -0.13155556
   -0.13307219   -0.13155559   -0.12903095   -0.12810653   -0.12807772   -0.12821859   -0.12953258   -0.13307218
   -0.13307221   -0.12953265   -0.12821866   -0.12903095   -0.12903092   -0.12787555   -0.12953259   -0.13155558
   -0.12953264   -0.12787563
   -0.03556306   -0.03835373   -0.04317155   -0.04985261   -0.05361318   -0.03835377   -0.04183629   -0.04755288
   -0.05307495   -0.05307493   -0.04755282   -0.04183625   -0.03835377   -0.04317169   -0.04755297   -0.05279235
   -0.05525935   -0.05279226   -0.04755286   -0.04317163   -0.04183636   -0.04985282   -0.05307513   -0.05525947
   -0.05525941   -0.05307501   -0.04985270   -0.04755299   -0.04755304   -0.05361341   -0.05307516   -0.05279244
   -0.05307507   -0.05361328
   -0.02626817   -0.02705390   -0.02933885   -0.03161227   -0.03236879   -0.02705446   -0.02673511   -0.02692163
   -0.02786142   -0.02786153   -0.02692189   -0.02673516   -0.02705408   -0.02933916   -0.02692184   -0.02099690
   -0.01804990   -0.02099735   -0.02692197   -0.02933895   -0.02673504   -0.03161242   -0.02786149   -0.01804953
   -0.01804976   -0.02786157   -0.03161233   -0.02692151   -0.02692164   -0.03236891   -0.02786141   -0.02099659
   -0.02786137   -0.03236885
   -0.02626732   -0.02111185   -0.00927409    0.00165944    0.00596233   -0.02111120   -0.01420836   -0.00514918
    0.00144149    0.00144166   -0.00514884   -0.01420833   -0.02111161   -0.00927366   -0.00514889   -0.00513920
   -0.00580875   -0.00513865   -0.00514871   -0.00927392   -0.01420839    0.00165963    0.00144156   -0.00580919
   -0.00580891    0.00144171    0.00165953   -0.00514928   -0.00514912    0.00596241    0.00144144   -0.00513957
    0.00144142    0.00596238
    0.10373868    0.10492763    0.10622584    0.10983289    0.11758914    0.10492739    0.10350772    0.10626552
    0.11521577    0.11521579    0.10626580    0.10350822    0.10492764    0.10622527    0.10626511    0.11374122
    0.12088830    0.11374144    0.10626568    0.10622575    0.10350773    0.10983214    0.11521524    0.12088825
    0.12088826    0.11521559    0.10983270    0.10626548    0.10626520    0.11758867    0.11521536    0.11374133
    0.11521569    0.11758890
    0.16193428    0.18204382    0.17215883    0.14906191    0.13210614    0.18204170    0.17613502    0.15989627
    0.13943545    0.13943568    0.15989670    0.17613553    0.18204270    0.17215859    0.15989608    0.14924147
    0.14347323    0.14924226    0.15989679    0.17215907    0.17613533    0.14906124    0.13943484    0.14347279
    0.14347356    0.13943576    0.14906192    0.15989642    0.15989613    0.13210499    0.13943474    0.14924162
    0.13943543    0.13210609
    0.16193751    0.18811253    0.18960565    0.19066292    0.19089561    0.18811352    0.19249874    0.18677705
    0.18349508    0.18349506    0.18677698    0.19249860    0.18811356    0.18960431    0.18677636    0.17342050
    0.16516895    0.17342031    0.18677639    0.18960454    0.19249779    0.19066142    0.18349392    0.16516834
    0.16516811    0.18349405    0.19066169    0.18677573    0.18677563    0.19089399    0.18349367    0.17341945
    0.18349382    0.19089431
    0.19895664    0.21329183    0.26604951    0.32132471    0.35381122    0.21329052    0.24969618    0.29812553
    0.34187159    0.34187188    0.29812586    0.24969632    0.21329118    0.26604940    0.29812558    0.33753164
    0.35507306    0.33753212    0.29812601    0.26604945    0.24969609    0.32132435    0.34187138    0.35507282
    0.35507307    0.34187201    0.32132465    0.29812556    0.29812547    0.35381044    0.34187119    0.33753157
    0.34187153    0.35381097
    0.19895738    0.21765701    0.28075263    0.34263661    0.36490490    0.21765667    0.28574359    0.38118770
    0.42829558    0.42829502    0.38118705    0.28574412    0.21765637    0.28075001    0.38118511    0.49286913
    0.51601069    0.49286746    0.38118611    0.28075184    0.28574233    0.34263405    0.42829291    0.51600851
    0.51600926    0.42829386    0.34263594    0.38118652    0.38118487    0.36490250    0.42829340    0.49287179
    0.42829491    0.36490431
    0.23044085    0.27908971    0.42013557    0.48638613    0.48687336    0.27909242    0.37183877    0.46542291
    0.49685736    0.49685719    0.46542233    0.37183746    0.27909104    0.42013887    0.46542524    0.49453423
    0.51829369    0.49453477    0.46542345    0.42013708    0.37184074    0.48638900    0.49686012    0.51829653
    0.51829549    0.49685886    0.48638768    0.46542503    0.46542623    0.48687629    0.49686007    0.49453232
    0.49685897    0.48687506
 
 Eigenvalues /eV
  -22.60755439  -22.54606920  -22.39035825  -22.21038571  -22.06012421  -22.54606941  -22.43735108  -22.27170815
  -22.11783532  -22.11783325  -22.27170676  -22.43735037  -22.54606921  -22.39035894  -22.27170828  -22.14078807
  -22.05702348  -22.14078519  -22.27170669  -22.39035829  -22.43735123  -22.21038651  -22.11783536  -22.05703242
  -22.05702724  -22.11783325  -22.21038575  -22.27170863  -22.27170883  -22.06013501  -22.11783638  -22.14078950
  -22.11783635  -22.06012909
  -21.51021402  -21.57783134  -21.73926242  -21.91214140  -22.05534298  -21.57783092  -21.69133002  -21.85093203
  -21.99117589  -21.99117810  -21.85093379  -21.69133108  -21.57783126  -21.73926113  -21.85093157  -21.96184900
  -22.03369106  -21.96185227  -21.85093370  -21.73926216  -21.69132969  -21.91213978  -21.99117524  -22.03368178
  -22.03368715  -21.99117780  -21.91214099  -21.85093122  -21.85093084  -22.05533132  -21.99117414  -21.96184733
  -21.99117448  -22.05533768
   -9.60078143   -9.49678165   -9.26244303   -9.21401696   -9.29936711   -9.49678041   -9.30185300   -9.10577008
   -9.20421704   -9.20421701   -9.10576970   -9.30185563   -9.49678083   -9.26243784   -9.10576405   -9.03641510
   -9.11265974   -9.03641648   -9.10576624   -9.26243981   -9.30185039   -9.21401386   -9.20421495   -9.11265811
   -9.11265976   -9.20421695   -9.21401579   -9.10576681   -9.10576423   -9.29936629   -9.20421519   -9.03641470
   -9.20421723   -9.29936796
   -9.60078054   -9.48843016   -9.19087394   -8.80069334   -8.48874951   -9.48842915   -9.29842369   -8.96558820
   -8.63719235   -8.63719052   -8.96558973   -9.29842269   -9.48842952   -9.19087215   -8.96559086   -8.76918357
   -8.66679386   -8.76918529   -8.96559143   -9.19087271   -9.29842287   -8.80069083   -8.63719309   -8.66679686
   -8.66679636   -8.63719185   -8.80069183   -8.96558656   -8.96558751   -8.48875180   -8.63719142   -8.76918292
   -8.63719202   -8.48875181
   -8.10359222   -8.14940665   -8.39156707   -8.44348829   -8.30382332   -8.14940804   -8.32451015   -8.58397654
   -8.51009795   -8.51009876   -8.58397462   -8.32450849   -8.14940723   -8.39157310   -8.58397860   -8.67574536
   -8.62721817   -8.67574081   -8.58397581   -8.39157055   -8.32451163   -8.44349083   -8.51009626   -8.62721651
   -8.62721511   -8.51009597   -8.44348921   -8.58397901   -8.58397988   -8.30382292   -8.51009723   -8.67574522
   -8.51009612   -8.30382148
   -7.43070046   -7.45415670   -7.65859853   -7.96934466   -8.24897374   -7.45417517   -7.60560668   -7.78586132
   -7.94567395   -7.94567685   -7.78586569   -7.60560942   -7.45416530   -7.65858591   -7.78585478   -7.75394282
   -7.67066993   -7.75395128   -7.78586160   -7.65859164   -7.60560347   -7.96933209   -7.94566396   -7.67065944
   -7.67066377   -7.94567017   -7.96933733   -7.78585482   -7.78585237   -8.24895607   -7.94566242   -7.75393567
   -7.94566573   -8.24896232
   -7.36755902   -7.44393999   -7.40786387   -7.22900756   -7.17259694   -7.44392710   -7.43946611   -7.31472318
   -7.17687390   -7.17687161   -7.31471910   -7.43946052   -7.44393317   -7.40787529   -7.31472726   -7.23605064
   -7.14581916   -7.23604383   -7.31472153   -7.40786976   -7.43947176   -7.22901173   -7.17687261   -7.14581062
   -7.14581718   -7.17687269   -7.22901028   -7.31472827   -7.31472993   -7.17259432   -7.17687319   -7.23605490
   -7.17687555   -7.17259766
   -7.36754402   -7.34069551   -7.16868159   -7.05038927   -7.01383037   -7.34069081   -7.20063731   -7.05718190
   -7.03716508   -7.03716588   -7.05718301   -7.20064047   -7.34069464   -7.16868290   -7.05718468   -7.02961584
   -7.13665216   -7.02961661   -7.05718459   -7.16868309   -7.20063649   -7.05039777   -7.03717627   -7.13666950
   -7.13665948   -7.03717086   -7.05039373   -7.05718423   -7.05718544   -7.01384535   -7.03717717   -7.02961820
   -7.03717095   -7.01383693
   -3.97570947   -3.96383285   -3.95698640   -4.00892174   -4.07669754   -3.96383295   -3.95858459   -3.98440557
   -4.04701780   -4.04701848   -3.98440636   -3.95858455   -3.96383283   -3.95698550   -3.98440580   -4.01484379
   -4.01622602   -4.01484540   -3.98440635   -3.95698581   -3.95858423   -4.00892342   -4.04701899   -4.01622599
   -4.01622615   -4.04701905   -4.00892243   -3.98440499   -3.98440523   -4.07669911   -4.04701866   -4.01484302
   -4.04701804   -4.07669840
   -3.94598752   -3.94748340   -3.94175940   -4.00360262   -4.03626726   -3.94748273   -3.93673194   -3.95177140
   -3.99922649   -3.99922675   -3.95177205   -3.93673186   -3.94748294   -3.94176007   -3.95177093   -3.97534147
   -3.98137602   -3.97534146   -3.95177182   -3.94175954   -3.93673208   -4.00360045   -3.99922489   -3.98137551
   -3.98137583   -3.99922597   -4.00360148   -3.95177077   -3.95177053   -4.03626473   -3.99922485   -3.97534161
   -3.99922568   -4.03626604
   -3.94598677   -3.92631834   -3.88570526   -3.93845417   -3.94558955   -3.92631877   -3.89994336   -3.92098510
   -3.94269982   -3.94269988   -3.92098512   -3.89994384   -3.92631864   -3.88570499   -3.92098548   -3.89400330
   -3.90162069   -3.89400318   -3.92098515   -3.88570499   -3.89994279   -3.93845324   -3.94269931   -3.90162007
   -3.90162058   -3.94269963   -3.93845377   -3.92098535   -3.92098569   -3.94558876   -3.94269946   -3.89400348
   -3.94269972   -3.94558922
   -3.77871133   -3.79979800   -3.88177089   -3.89801992   -3.89381463   -3.79979770   -3.86282372   -3.87550733
   -3.89415702   -3.89415669   -3.87550778   -3.86282361   -3.79979766   -3.88176951   -3.87550730   -3.87792525
   -3.89970975   -3.87792467   -3.87550752   -3.88177007   -3.86282340   -3.89802030   -3.89415733   -3.89971013
   -3.89970988   -3.89415678   -3.89801997   -3.87550673   -3.87550696   -3.89381531   -3.89415742   -3.87792611
   -3.89415720   -3.89381483
   -3.54863539   -3.63879179   -3.81517650   -3.84160523   -3.83631847   -3.63879512   -3.70625369   -3.82928084
   -3.83141201   -3.83141205   -3.82928072   -3.70625463   -3.63879301   -3.81517832   -3.82928090   -3.85385775
   -3.82892296   -3.85385928   -3.82928076   -3.81517733   -3.70625379   -3.84160400   -3.83141066   -3.82892168
   -3.82892209   -3.83141142   -3.84160468   -3.82928100   -3.82928102   -3.83631674   -3.83141048   -3.85385633
   -3.83141119   -3.83631776
   -3.54863087   -3.59322491   -3.63939030   -3.64319337   -3.64023932   -3.59322085   -3.69050882   -3.70787605
   -3.70298290   -3.70298300   -3.70787621   -3.69050960   -3.59322387   -3.63938628   -3.70787302   -3.77850168
   -3.81365913   -3.77850187   -3.70787555   -3.63938961   -3.69050894   -3.64318883   -3.70297932   -3.81365836
   -3.81365897   -3.70298207   -3.64319237   -3.70787538   -3.70787299   -3.64023440   -3.70297925   -3.77850105
   -3.70298190   -3.64023810
   -3.46647299   -3.47256586   -3.48595530   -3.48900629   -3.47967205   -3.47256569   -3.48517172   -3.51110982
   -3.52476171   -3.52476197   -3.51111042   -3.48517241   -3.47256605   -3.48595476   -3.51110941   -3.57980881
   -3.62107855   -3.57980978   -3.51111089   -3.48595594   -3.48517222   -3.48900534   -3.52476097   -3.62107831
   -3.62107905   -3.52476270   -3.48900721   -3.51111075   -3.51110987   -3.47967083   -3.52476110   -3.57980955
   -3.52476257   -3.47967281
   -0.96772010   -1.04365821   -1.17475776   -1.35655845   -1.45888878   -1.04365915   -1.13842343   -1.29397963
   -1.44424292   -1.44424219   -1.29397809   -1.13842230   -1.04365918   -1.17476138   -1.29398205   -1.43655285
   -1.50368354   -1.43655054   -1.29397921   -1.17475975   -1.13842521   -1.35656422   -1.44424782   -1.50368656
   -1.50368513   -1.44424448   -1.35656094   -1.29398266   -1.29398397   -1.45889519   -1.44424872   -1.43655546
   -1.44424612   -1.45889151
   -0.71479323   -0.73617400   -0.79835086   -0.86021364   -0.88079964   -0.73618929   -0.72749932   -0.73257472
   -0.75814795   -0.75815092   -0.73258179   -0.72750062   -0.73617906   -0.79835907   -0.73258051   -0.57135474
   -0.49116277   -0.57136688   -0.73258401   -0.79835338   -0.72749733   -0.86021771   -0.75814984   -0.49115282
   -0.49115892   -0.75815179   -0.86021526   -0.73257151   -0.73257508   -0.88080279   -0.75814760   -0.57134621
   -0.75814658   -0.88080117
   -0.71477019   -0.57448259   -0.25236095    0.04515554    0.16224315   -0.57446508   -0.38662925   -0.14011622
    0.03922507    0.03922964   -0.14010697   -0.38662837   -0.57447608   -0.25234903   -0.14010836   -0.13984488
   -0.15806411   -0.13982965   -0.14010359   -0.25235616   -0.38662990    0.04516089    0.03922677   -0.15807612
   -0.15806857    0.03923084    0.04515814   -0.14011908   -0.14011460    0.16224539    0.03922363   -0.13985489
    0.03922314    0.16224466
    2.82287323    2.85522600    2.89055219    2.98870504    3.19976329    2.85521959    2.81658849    2.89163188
    3.13518050    3.13518121    2.89163967    2.81660208    2.85522627    2.89053655    2.89162088    3.09505615
    3.28953797    3.09506192    2.89163639    2.89054982    2.81658874    2.98868447    3.13516620    3.28953676
    3.28953702    3.13517567    2.98869978    2.89163081    2.89162309    3.19975048    3.13516956    3.09505905
    3.13517831    3.19975687
    4.40645594    4.95366427    4.68468009    4.05618084    3.59479096    4.95360682    4.79287768    4.35099884
    3.79423170    3.79423781    4.35101064    4.79289154    4.95363398    4.68467363    4.35099359    4.06106714
    3.90410519    4.06108852    4.35101315    4.68468671    4.79288615    4.05616261    3.79421503    3.90409317
    3.90411418    3.79424006    4.05618125    4.35100287    4.35099510    3.59475978    3.79421220    4.06107101
    3.79423111    3.59478957
    4.40654382    5.11880252    5.15943217    5.18820209    5.19453372    5.11882940    5.23815736    5.08246212
    4.99315523    4.99315473    5.08246024    5.23815351    5.11883051    5.15939592    5.08244334    4.71901190
    4.49447591    4.71900663    5.08244406    5.15940205    5.23813135    5.18816121    4.99312359    4.49445933
    4.49445292    4.99312718    5.18816853    5.08242607    5.08242347    5.19448986    4.99311688    4.71898331
    4.99312097    5.19449846
    5.41388571    5.80396607    7.23957560    8.74369029    9.62769306    5.80393041    6.79457875    8.11240833
    9.30279918    9.30280711    8.11241736    6.79458262    5.80394823    7.23957244    8.11240990    9.18470316
    9.66202961    9.18471634    8.11242136    7.23957391    6.79457638    8.74368053    9.30279363    9.66202293
    9.66202979    9.30281069    8.74368870    8.11240924    8.11240680    9.62767199    9.30278843    9.18470130
    9.30279755    9.62768646
    5.41390570    5.92274861    7.63966778    9.32361664    9.92956748    5.92273929    7.77547871   10.37264496
   11.65451564   11.65450049   10.37262736    7.77549308    5.92273110    7.63959660   10.37257449   13.41165135
   14.04136531   13.41160606   10.37260185    7.63964628    7.77544433    9.32354675   11.65444297   14.04130592
   14.04132628   11.65446885    9.32359827   10.37261304   10.37256808    9.92950232   11.65445649   13.41172386
   11.65449752    9.92955158
    6.27061445    7.59441748   11.43247047   13.23524004   13.24849830    7.59449129   10.11824777   12.66480185
   13.52017661   13.52017213   12.66478586   10.11821201    7.59445360   11.43256046   12.66486509   13.45696104
   14.10348875   13.45697589   12.66481638   11.43251175   10.11830144   13.23531814   13.52025184   14.10356613
   14.10353791   13.52021745   13.23528224   12.66485942   12.66489214   13.24857806   13.52025032   13.45690911
   13.52022041   13.24854449
 
 Fillings
     1.00000     1.00000     1.00000     1.00000     1.00000     1.00000     1.00000     1.00000
     1.00000     1.00000     1.00000     1.00000     1.00000     1.00000     1.00000     1.00000
     1.00000     1.00000     1.00000     1.00000     1.00000     1.00000     1.00000     1.00000
     1.00000     1.00000     1.00000     1.00000     1.00000     1.00000     1.00000     1.00000
     1.00000     1.00000
     1.00000     1.00000     1.00000     1.00000     1.00000     1.00000     1.00000     1.00000
     1.00000     1.00000     1.00000     1.00000     1.00000     1.00000     1.00000     1.00000
     1.00000     1.00000     1.00000     1.00000     1.00000     1.00000     1.00000     1.00000
     1.00000     1.00000     1.00000     1.00000     1.00000     1.00000     1.00000     1.00000
     1.00000     1.00000
     1.00000     1.00000     1.00000     1.00000     1.00000     1.00000     1.00000     1.00000
     1.00000     1.00000     1.00000     1.00000     1.00000     1.00000     1.00000     1.00000
     1.00000     1.00000     1.00000     1.00000     1.00000     1.00000     1.00000     1.00000
     1.00000     1.00000     1.00000     1.00000     1.00000     1.00000     1.00000     1.00000
     1.00000     1.00000
     1.00000     1.00000     1.00000     1.00000     1.00000     1.00000     1.00000     1.00000
     1.00000     1.00000     1.00000     1.00000     1.00000     1.00000     1.00000     1.00000
     1.00000     1.00000     1.00000     1.00000     1.00000     1.00000     1.00000     1.00000
     1.00000     1.00000     1.00000     1.00000     1.00000     1.00000     1.00000     1.00000
     1.00000     1.00000
     1.00000     1.00000     1.00000     1.00000     1.00000     1.00000     1.00000     1.00000
     1.00000     1.00000     1.00000     1.00000     1.00000     1.00000     1.00000     1.00000
     1.00000     1.00000     1.00000     1.00000     1.00000     1.00000     1.00000     1.00000
     1.00000     1.00000     1.00000     1.00000     1.00000     1.00000     1.00000     1.00000
     1.00000     1.00000
     1.00000     1.00000     1.00000     1.00000     1.00000     1.00000     1.00000     1.00000
     1.00000     1.00000     1.00000     1.00000     1.00000     1.00000     1.00000     1.00000
     1.00000     1.00000     1.00000     1.00000     1.00000     1.00000     1.00000     1.00000
     1.00000     1.00000     1.00000     1.00000     1.00000     1.00000     1.00000     1.00000
     1.00000     1.00000
     1.00000     1.00000     1.00000     1.00000     1.00000     1.00000     1.00000     1.00000
     1.00000     1.00000     1.00000     1.00000     1.00000     1.00000     1.00000     1.00000
     1.00000     1.00000     1.00000     1.00000     1.00000     1.00000     1.00000     1.00000
     1.00000     1.00000     1.00000     1.00000     1.00000     1.00000     1.00000     1.00000
     1.00000     1.00000
     1.00000     1.00000     1.00000     1.00000     1.00000     1.00000     1.00000     1.00000
     1.00000     1.00000     1.00000     1.00000     1.00000     1.00000     1.00000     1.00000
     1.00000     1.00000     1.00000     1.00000     1.00000     1.00000     1.00000     1.00000
     1.00000     1.00000     1.00000     1.00000     1.00000     1.00000     1.00000     1.00000
     1.00000     1.00000
     0.00000     0.00000     0.00000     0.00000     0.00000     0.00000     0.00000     0.00000
     0.00000     0.00000     0.00000     0.00000     0.00000     0.00000     0.00000     0.00000
     0.00000     0.00000     0.00000     0.00000     0.00000     0.00000     0.00000     0.00000
     0.00000     0.00000     0.00000     0.00000     0.00000     0.00000     0.00000     0.00000
     0.00000     0.00000
     0.00000     0.00000     0.00000     0.00000     0.00000     0.00000     0.00000     0.00000
     0.00000     0.00000     0.00000     0.00000     0.00000     0.00000     0.00000     0.00000
     0.00000     0.00000     0.00000     0.00000     0.00000     0.00000     0.00000     0.00000
     0.00000     0.00000     0.00000     0.00000     0.00000     0.00000     0.00000     0.00000
     0.00000     0.00000
     0.00000     0.00000     0.00000     0.00000     0.00000     0.00000     0.00000     0.00000
     0.00000     0.00000     0.00000     0.00000     0.00000     0.00000     0.00000     0.00000
     0.00000     0.00000     0.00000     0.00000     0.00000     0.00000     0.00000     0.00000
     0.00000     0.00000     0.00000     0.00000     0.00000     0.00000     0.00000     0.00000
     0.00000     0.00000
     0.00000     0.00000     0.00000     0.00000     0.00000     0.00000     0.00000     0.00000
     0.00000     0.00000     0.00000     0.00000     0.00000     0.00000     0.00000     0.00000
     0.00000     0.00000     0.00000     0.00000     0.00000     0.00000     0.00000     0.00000
     0.00000     0.00000     0.00000     0.00000     0.00000     0.00000     0.00000     0.00000
     0.00000     0.00000
     0.00000     0.00000     0.00000     0.00000     0.00000     0.00000     0.00000     0.00000
     0.00000     0.00000     0.00000     0.00000     0.00000     0.00000     0.00000     0.00000
     0.00000     0.00000     0.00000     0.00000     0.00000     0.00000     0.00000     0.00000
     0.00000     0.00000     0.00000     0.00000     0.00000     0.00000     0.00000     0.00000
     0.00000     0.00000
     0.00000     0.00000     0.00000     0.00000     0.00000     0.00000     0.00000     0.00000
     0.00000     0.00000     0.00000     0.00000     0.00000     0.00000     0.00000     0.00000
     0.00000     0.00000     0.00000     0.00000     0.00000     0.00000     0.00000     0.00000
     0.00000     0.00000     0.00000     0.00000     0.00000     0.00000     0.00000     0.00000
     0.00000     0.00000
     0.00000     0.00000     0.00000     0.00000     0.00000     0.00000     0.00000     0.00000
     0.00000     0.00000     0.00000     0.00000     0.00000     0.00000     0.00000     0.00000
     0.00000     0.00000     0.00000     0.00000     0.00000     0.00000     0.00000     0.00000
     0.00000     0.00000     0.00000     0.00000     0.00000     0.00000     0.00000     0.00000
     0.00000     0.00000
     0.00000     0.00000     0.00000     0.00000     0.00000     0.00000     0.00000     0.00000
     0.00000     0.00000     0.00000     0.00000     0.00000     0.00000     0.00000     0.00000
     0.00000     0.00000     0.00000     0.00000     0.00000     0.00000     0.00000     0.00000
     0.00000     0.00000     0.00000     0.00000     0.00000     0.00000     0.00000     0.00000
     0.00000     0.00000
     0.00000     0.00000     0.00000     0.00000     0.00000     0.00000     0.00000     0.00000
     0.00000     0.00000     0.00000     0.00000     0.00000     0.00000     0.00000     0.00000
     0.00000     0.00000     0.00000     0.00000     0.00000     0.00000     0.00000     0.00000
     0.00000     0.00000     0.00000     0.00000     0.00000     0.00000     0.00000     0.00000
     0.00000     0.00000
     0.00000     0.00000     0.00000     0.00000     0.00000     0.00000     0.00000     0.00000
     0.00000     0.00000     0.00000     0.00000     0.00000     0.00000     0.00000     0.00000
     0.00000     0.00000     0.00000     0.00000     0.00000     0.00000     0.00000     0.00000
     0.00000     0.00000     0.00000     0.00000     0.00000     0.00000     0.00000     0.00000
     0.00000     0.00000
     0.00000     0.00000     0.00000     0.00000     0.00000     0.00000     0.00000     0.00000
     0.00000     0.00000     0.00000     0.00000     0.00000     0.00000     0.00000     0.00000
     0.00000     0.00000     0.00000     0.00000     0.00000     0.00000     0.00000     0.00000
     0.00000     0.00000     0.00000     0.00000     0.00000     0.00000     0.00000     0.00000
     0.00000     0.00000
     0.00000     0.00000     0.00000     0.00000     0.00000     0.00000     0.00000     0.00000
     0.00000     0.00000     0.00000     0.00000     0.00000     0.00000     0.00000     0.00000
     0.00000     0.00000     0.00000     0.00000     0.00000     0.00000     0.00000     0.00000
     0.00000     0.00000     0.00000     0.00000     0.00000     0.00000     0.00000     0.00000
     0.00000     0.00000
     0.00000     0.00000     0.00000     0.00000     0.00000     0.00000     0.00000     0.00000
     0.00000     0.00000     0.00000     0.00000     0.00000     0.00000     0.00000     0.00000
     0.00000     0.00000     0.00000     0.00000     0.00000     0.00000     0.00000     0.00000
     0.00000     0.00000     0.00000     0.00000     0.00000     0.00000     0.00000     0.00000
     0.00000     0.00000
     0.00000     0.00000     0.00000     0.00000     0.00000     0.00000     0.00000     0.00000
     0.00000     0.00000     0.00000     0.00000     0.00000     0.00000     0.00000     0.00000
     0.00000     0.00000     0.00000     0.00000     0.00000     0.00000     0.00000     0.00000
     0.00000     0.00000     0.00000     0.00000     0.00000     0.00000     0.00000     0.00000
     0.00000     0.00000
     0.00000     0.00000     0.00000     0.00000     0.00000     0.00000     0.00000     0.00000
     0.00000     0.00000     0.00000     0.00000     0.00000     0.00000     0.00000     0.00000
     0.00000     0.00000     0.00000     0.00000     0.00000     0.00000     0.00000     0.00000
     0.00000     0.00000     0.00000     0.00000     0.00000     0.00000     0.00000     0.00000
     0.00000     0.00000
     0.00000     0.00000     0.00000     0.00000     0.00000     0.00000     0.00000     0.00000
     0.00000     0.00000     0.00000     0.00000     0.00000     0.00000     0.00000     0.00000
     0.00000     0.00000     0.00000     0.00000     0.00000     0.00000     0.00000     0.00000
     0.00000     0.00000     0.00000     0.00000     0.00000     0.00000     0.00000     0.00000
     0.00000     0.00000
 
 COMPONENT = down
  
 Eigenvalues /H
   -0.83081235   -0.82855281   -0.82283054   -0.81621667   -0.81069466   -0.82855282   -0.82455750   -0.81847023
   -0.81281551   -0.81281543   -0.81847018   -0.82455747   -0.82855281   -0.82283057   -0.81847024   -0.81365901
   -0.81058071   -0.81365890   -0.81847018   -0.82283054   -0.82455750   -0.81621670   -0.81281551   -0.81058104
   -0.81058085   -0.81281543   -0.81621667   -0.81847025   -0.81847026   -0.81069506   -0.81281555   -0.81365906
   -0.81281555   -0.81069484
   -0.79048584   -0.79297073   -0.79890321   -0.80525640   -0.81051896   -0.79297071   -0.79714173   -0.80300699
   -0.80816086   -0.80816094   -0.80300706   -0.79714177   -0.79297072   -0.79890316   -0.80300698   -0.80708312
   -0.80972326   -0.80708324   -0.80300705   -0.79890320   -0.79714171   -0.80525634   -0.80816084   -0.80972292
   -0.80972312   -0.80816093   -0.80525638   -0.80300696   -0.80300695   -0.81051853   -0.80816080   -0.80708306
   -0.80816081   -0.81051876
   -0.35282223   -0.34900031   -0.34038852   -0.33860890   -0.34174546   -0.34900027   -0.34183681   -0.33463090
   -0.33824876   -0.33824876   -0.33463089   -0.34183691   -0.34900028   -0.34038833   -0.33463068   -0.33208215
   -0.33488409   -0.33208220   -0.33463076   -0.34038841   -0.34183672   -0.33860879   -0.33824868   -0.33488403
   -0.33488409   -0.33824876   -0.33860886   -0.33463078   -0.33463068   -0.34174543   -0.33824869   -0.33208214
   -0.33824877   -0.34174549
   -0.35282220   -0.34869340   -0.33775841   -0.32341954   -0.31195581   -0.34869336   -0.34171079   -0.32947931
   -0.31741098   -0.31741092   -0.32947937   -0.34171075   -0.34869338   -0.33775834   -0.32947941   -0.32226157
   -0.31849882   -0.32226164   -0.32947943   -0.33775836   -0.34171076   -0.32341944   -0.31741101   -0.31849893
   -0.31849891   -0.31741097   -0.32341948   -0.32947925   -0.32947929   -0.31195589   -0.31741095   -0.32226155
   -0.31741097   -0.31195590
   -0.29780154   -0.29948519   -0.30838442   -0.31029249   -0.30515990   -0.29948524   -0.30592012   -0.31545534
   -0.31274035   -0.31274038   -0.31545527   -0.30592006   -0.29948521   -0.30838464   -0.31545542   -0.31882778
   -0.31704444   -0.31882761   -0.31545531   -0.30838455   -0.30592018   -0.31029258   -0.31274029   -0.31704438
   -0.31704433   -0.31274028   -0.31029253   -0.31545543   -0.31545546   -0.30515988   -0.31274032   -0.31882778
   -0.31274028   -0.30515983
   -0.27307322   -0.27393522   -0.28144832   -0.29286803   -0.30314421   -0.27393590   -0.27950091   -0.28612514
   -0.29199815   -0.29199826   -0.28612530   -0.27950101   -0.27393554   -0.28144786   -0.28612490   -0.28495216
   -0.28189194   -0.28495247   -0.28612515   -0.28144807   -0.27950079   -0.29286757   -0.29199778   -0.28189155
   -0.28189171   -0.29199801   -0.29286776   -0.28612491   -0.28612482   -0.30314356   -0.29199773   -0.28495190
   -0.29199785   -0.30314379
   -0.27075282   -0.27355977   -0.27223399   -0.26566115   -0.26358809   -0.27355929   -0.27339535   -0.26881114
   -0.26374527   -0.26374518   -0.26881099   -0.27339515   -0.27355952   -0.27223441   -0.26881129   -0.26591997
   -0.26260403   -0.26591972   -0.26881108   -0.27223421   -0.27339556   -0.26566130   -0.26374522   -0.26260371
   -0.26260395   -0.26374522   -0.26566124   -0.26881132   -0.26881138   -0.26358800   -0.26374524   -0.26592013
   -0.26374533   -0.26358812
   -0.27075227   -0.26976560   -0.26344421   -0.25909704   -0.25775353   -0.26976543   -0.26461856   -0.25934667
   -0.25861106   -0.25861109   -0.25934671   -0.26461867   -0.26976557   -0.26344425   -0.25934677   -0.25833363
   -0.26226715   -0.25833366   -0.25934677   -0.26344426   -0.26461853   -0.25909736   -0.25861147   -0.26226778
   -0.26226742   -0.25861128   -0.25909721   -0.25934675   -0.25934680   -0.25775408   -0.25861151   -0.25833372
   -0.25861128   -0.25775377
   -0.14610464   -0.14566818   -0.14541658   -0.14732517   -0.14981588   -0.14566818   -0.14547531   -0.14642421
   -0.14872517   -0.14872520   -0.14642424   -0.14547531   -0.14566818   -0.14541654   -0.14642422   -0.14754280
   -0.14759359   -0.14754286   -0.14642424   -0.14541656   -0.14547530   -0.14732523   -0.14872521   -0.14759359
   -0.14759360   -0.14872522   -0.14732519   -0.14642419   -0.14642420   -0.14981594   -0.14872520   -0.14754277
   -0.14872518   -0.14981591
   -0.14501238   -0.14506735   -0.14485700   -0.14712969   -0.14833010   -0.14506732   -0.14467224   -0.14522493
   -0.14696887   -0.14696888   -0.14522495   -0.14467224   -0.14506733   -0.14485702   -0.14522491   -0.14609111
   -0.14631288   -0.14609111   -0.14522495   -0.14485700   -0.14467224   -0.14712961   -0.14696881   -0.14631286
   -0.14631287   -0.14696885   -0.14712965   -0.14522491   -0.14522490   -0.14833000   -0.14696881   -0.14609112
   -0.14696884   -0.14833005
   -0.14501235   -0.14428955   -0.14279704   -0.14473553   -0.14499775   -0.14428956   -0.14332028   -0.14409355
   -0.14489156   -0.14489156   -0.14409355   -0.14332030   -0.14428956   -0.14279703   -0.14409357   -0.14310199
   -0.14338192   -0.14310199   -0.14409356   -0.14279703   -0.14332026   -0.14473550   -0.14489154   -0.14338190
   -0.14338192   -0.14489155   -0.14473552   -0.14409356   -0.14409358   -0.14499772   -0.14489154   -0.14310200
   -0.14489155   -0.14499774
   -0.13886509   -0.13964001   -0.14265246   -0.14324960   -0.14309506   -0.13964000   -0.14195616   -0.14242228
   -0.14310764   -0.14310763   -0.14242229   -0.14195616   -0.13964000   -0.14265241   -0.14242228   -0.14251113
   -0.14331170   -0.14251111   -0.14242228   -0.14265243   -0.14195615   -0.14324961   -0.14310765   -0.14331171
   -0.14331170   -0.14310763   -0.14324960   -0.14242225   -0.14242226   -0.14309508   -0.14310765   -0.14251117
   -0.14310765   -0.14309506
   -0.13040995   -0.13372314   -0.14020516   -0.14117640   -0.14098211   -0.13372326   -0.13620232   -0.14072348
   -0.14080180   -0.14080181   -0.14072348   -0.13620235   -0.13372319   -0.14020523   -0.14072349   -0.14162667
   -0.14071033   -0.14162673   -0.14072348   -0.14020519   -0.13620232   -0.14117635   -0.14080175   -0.14071029
   -0.14071030   -0.14080178   -0.14117638   -0.14072349   -0.14072349   -0.14098205   -0.14080175   -0.14162662
   -0.14080177   -0.14098209
   -0.13040979   -0.13204859   -0.13374514   -0.13388490   -0.13377634   -0.13204844   -0.13562371   -0.13626194
   -0.13608212   -0.13608212   -0.13626195   -0.13562373   -0.13204855   -0.13374499   -0.13626183   -0.13885738
   -0.14014940   -0.13885739   -0.13626192   -0.13374511   -0.13562371   -0.13388473   -0.13608199   -0.14014937
   -0.14014939   -0.13608209   -0.13388486   -0.13626192   -0.13626183   -0.13377616   -0.13608199   -0.13885736
   -0.13608208   -0.13377629
   -0.12739054   -0.12761445   -0.12810650   -0.12821862   -0.12787560   -0.12761444   -0.12807771   -0.12903091
   -0.12953261   -0.12953262   -0.12903094   -0.12807773   -0.12761446   -0.12810648   -0.12903090   -0.13155556
   -0.13307219   -0.13155559   -0.12903095   -0.12810653   -0.12807772   -0.12821859   -0.12953258   -0.13307218
   -0.13307221   -0.12953265   -0.12821866   -0.12903095   -0.12903092   -0.12787555   -0.12953259   -0.13155558
   -0.12953264   -0.12787563
   -0.03556306   -0.03835373   -0.04317155   -0.04985261   -0.05361318   -0.03835377   -0.04183629   -0.04755288
   -0.05307495   -0.05307493   -0.04755282   -0.04183625   -0.03835377   -0.04317169   -0.04755297   -0.05279235
   -0.05525935   -0.05279226   -0.04755286   -0.04317163   -0.04183636   -0.04985282   -0.05307513   -0.05525947
   -0.05525941   -0.05307501   -0.04985270   -0.04755299   -0.04755304   -0.05361341   -0.05307516   -0.05279244
   -0.05307507   -0.05361328
   -0.02626817   -0.02705390   -0.02933885   -0.03161227   -0.03236879   -0.02705446   -0.02673511   -0.02692163
   -0.02786142   -0.02786153   -0.02692189   -0.02673516   -0.02705408   -0.02933916   -0.02692184   -0.02099690
   -0.01804990   -0.02099735   -0.02692197   -0.02933895   -0.02673504   -0.03161242   -0.02786149   -0.01804953
   -0.01804976   -0.02786157   -0.03161233   -0.02692151   -0.02692164   -0.03236891   -0.02786141   -0.02099659
   -0.02786137   -0.03236885
   -0.02626732   -0.02111185   -0.00927409    0.00165944    0.00596233   -0.02111120   -0.01420836   -0.00514918
    0.00144149    0.00144166   -0.00514884   -0.01420833   -0.02111161   -0.00927366   -0.00514889   -0.00513920
   -0.00580875   -0.00513865   -0.00514871   -0.00927392   -0.01420839    0.00165963    0.00144156   -0.00580919
   -0.00580891    0.00144171    0.00165953   -0.00514928   -0.00514912    0.00596241    0.00144144   -0.00513957
    0.00144142    0.00596238
    0.10373868    0.10492763    0.10622584    0.10983289    0.11758914    0.10492739    0.10350772    0.10626552
    0.11521577    0.11521579    0.10626580    0.10350822    0.10492764    0.10622527    0.10626511    0.11374122
    0.12088830    0.11374144    0.10626568    0.10622575    0.10350773    0.10983214    0.11521524    0.12088825
    0.12088826    0.11521559    0.10983270    0.10626548    0.10626520    0.11758867    0.11521536    0.11374133
    0.11521569    0.11758890
    0.16193428    0.18204382    0.17215883    0.14906191    0.13210614    0.18204170    0.17613502    0.15989627
    0.13943545    0.13943568    0.15989670    0.17613553    0.18204270    0.17215859    0.15989608    0.14924147
    0.14347323    0.14924226    0.15989679    0.17215907    0.17613533    0.14906124    0.13943484    0.14347279
    0.14347356    0.13943576    0.14906192    0.15989642    0.15989613    0.13210499    0.13943474    0.14924162
    0.13943543    0.13210609
    0.16193751    0.18811253    0.18960565    0.19066292    0.19089561    0.18811352    0.19249874    0.18677705
    0.18349508    0.18349506    0.18677698    0.19249860    0.18811356    0.18960431    0.18677636    0.17342050
    0.16516895    0.17342031    0.18677639    0.18960454    0.19249779    0.19066142    0.18349392    0.16516834
    0.16516811    0.18349405    0.19066169    0.18677573    0.18677563    0.19089399    0.18349367    0.17341945
    0.18349382    0.19089431
    0.19895664    0.21329183    0.26604951    0.32132471    0.35381122    0.21329052    0.24969618    0.29812553
    0.34187159    0.34187188    0.29812586    0.24969632    0.21329118    0.26604940    0.29812558    0.33753164
    0.35507306    0.33753212    0.29812601    0.26604945    0.24969609    0.32132435    0.34187138    0.35507282
    0.35507307    0.34187201    0.32132465    0.29812556    0.29812547    0.35381044    0.34187119    0.33753157
    0.34187153    0.35381097
    0.19895738    0.21765701    0.28075263    0.34263661    0.36490490    0.21765667    0.28574359    0.38118770
    0.42829558    0.42829502    0.38118705    0.28574412    0.21765637    0.28075001    0.38118511    0.49286913
    0.51601069    0.49286746    0.38118611    0.28075184    0.28574233    0.34263405    0.42829291    0.51600851
    0.51600926    0.42829386    0.34263594    0.38118652    0.38118487    0.36490250    0.42829340    0.49287179
    0.42829491    0.36490431
    0.23044085    0.27908971    0.42013557    0.48638613    0.48687336    0.27909242    0.37183877    0.46542291
    0.49685736    0.49685719    0.46542233    0.37183746    0.27909104    0.42013887    0.46542524    0.49453423
    0.51829369    0.49453477    0.46542345    0.42013708    0.37184074    0.48638900    0.49686012    0.51829653
    0.51829549    0.49685886    0.48638768    0.46542503    0.46542623    0.48687629    0.49686007    0.49453232
    0.49685897    0.48687506
 
 Eigenvalues /eV
  -22.60755439  -22.54606920  -22.39035825  -22.21038571  -22.06012421  -22.54606941  -22.43735108  -22.27170815
  -22.11783532  -22.11783325  -22.27170676  -22.43735037  -22.54606921  -22.39035894  -22.27170828  -22.14078807
  -22.05702348  -22.14078519  -22.27170669  -22.39035829  -22.43735123  -22.21038651  -22.11783536  -22.05703242
  -22.05702724  -22.11783325  -22.21038575  -22.27170863  -22.27170883  -22.06013501  -22.11783638  -22.14078950
  -22.11783635  -22.06012909
  -21.51021402  -21.57783134  -21.73926242  -21.91214140  -22.05534298  -21.57783092  -21.69133002  -21.85093203
  -21.99117589  -21.99117810  -21.85093379  -21.69133108  -21.57783126  -21.73926113  -21.85093157  -21.96184900
  -22.03369106  -21.96185227  -21.85093370  -21.73926216  -21.69132969  -21.91213978  -21.99117524  -22.03368178
  -22.03368715  -21.99117780  -21.91214099  -21.85093122  -21.85093084  -22.05533132  -21.99117414  -21.96184733
  -21.99117448  -22.05533768
   -9.60078143   -9.49678165   -9.26244303   -9.21401696   -9.29936711   -9.49678041   -9.30185300   -9.10577008
   -9.20421704   -9.20421701   -9.10576970   -9.30185563   -9.49678083   -9.26243784   -9.10576405   -9.03641510
   -9.11265974   -9.03641648   -9.10576624   -9.26243981   -9.30185039   -9.21401386   -9.20421495   -9.11265811
   -9.11265976   -9.20421695   -9.21401579   -9.10576681   -9.10576423   -9.29936629   -9.20421519   -9.03641470
   -9.20421723   -9.29936796
   -9.60078054   -9.48843016   -9.19087394   -8.80069334   -8.48874951   -9.48842915   -9.29842369   -8.96558820
   -8.63719235   -8.63719052   -8.96558973   -9.29842269   -9.48842952   -9.19087215   -8.96559086   -8.76918357
   -8.66679386   -8.76918529   -8.96559143   -9.19087271   -9.29842287   -8.80069083   -8.63719309   -8.66679686
   -8.66679636   -8.63719185   -8.80069183   -8.96558656   -8.96558751   -8.48875180   -8.63719142   -8.76918292
   -8.63719202   -8.48875181
   -8.10359222   -8.14940665   -8.39156707   -8.44348829   -8.30382332   -8.14940804   -8.32451015   -8.58397654
   -8.51009795   -8.51009876   -8.58397462   -8.32450849   -8.14940723   -8.39157310   -8.58397860   -8.67574536
   -8.62721817   -8.67574081   -8.58397581   -8.39157055   -8.32451163   -8.44349083   -8.51009626   -8.62721651
   -8.62721511   -8.51009597   -8.44348921   -8.58397901   -8.58397988   -8.30382292   -8.51009723   -8.67574522
   -8.51009612   -8.30382148
   -7.43070046   -7.45415670   -7.65859853   -7.96934466   -8.24897374   -7.45417517   -7.60560668   -7.78586132
   -7.94567395   -7.94567685   -7.78586569   -7.60560942   -7.45416530   -7.65858591   -7.78585478   -7.75394282
   -7.67066993   -7.75395128   -7.78586160   -7.65859164   -7.60560347   -7.96933209   -7.94566396   -7.67065944
   -7.67066377   -7.94567017   -7.96933733   -7.78585482   -7.78585237   -8.24895607   -7.94566242   -7.75393567
   -7.94566573   -8.24896232
   -7.36755902   -7.44393999   -7.40786387   -7.22900756   -7.17259694   -7.44392710   -7.43946611   -7.31472318
   -7.17687390   -7.17687161   -7.31471910   -7.43946052   -7.44393317   -7.40787529   -7.31472726   -7.23605064
   -7.14581916   -7.23604383   -7.31472153   -7.40786976   -7.43947176   -7.22901173   -7.17687261   -7.14581062
   -7.14581718   -7.17687269   -7.22901028   -7.31472827   -7.31472993   -7.17259432   -7.17687319   -7.23605490
   -7.17687555   -7.17259766
   -7.36754402   -7.34069551   -7.16868159   -7.05038927   -7.01383037   -7.34069081   -7.20063731   -7.05718190
   -7.03716508   -7.03716588   -7.05718301   -7.20064047   -7.34069464   -7.16868290   -7.05718468   -7.02961584
   -7.13665216   -7.02961661   -7.05718459   -7.16868309   -7.20063649   -7.05039777   -7.03717627   -7.13666950
   -7.13665948   -7.03717086   -7.05039373   -7.05718423   -7.05718544   -7.01384535   -7.03717717   -7.02961820
   -7.03717095   -7.01383693
   -3.97570947   -3.96383285   -3.95698640   -4.00892174   -4.07669754   -3.96383295   -3.95858459   -3.98440557
   -4.04701780   -4.04701848   -3.98440636   -3.95858455   -3.96383283   -3.95698550   -3.98440580   -4.01484379
   -4.01622602   -4.01484540   -3.98440635   -3.95698581   -3.95858423   -4.00892342   -4.04701899   -4.01622599
   -4.01622615   -4.04701905   -4.00892243   -3.98440499   -3.98440523   -4.07669911   -4.04701866   -4.01484302
   -4.04701804   -4.07669840
   -3.94598752   -3.94748340   -3.94175940   -4.00360262   -4.03626726   -3.94748273   -3.93673194   -3.95177140
   -3.99922649   -3.99922675   -3.95177205   -3.93673186   -3.94748294   -3.94176007   -3.95177093   -3.97534147
   -3.98137602   -3.97534146   -3.95177182   -3.94175954   -3.93673208   -4.00360045   -3.99922489   -3.98137551
   -3.98137583   -3.99922597   -4.00360148   -3.95177077   -3.95177053   -4.03626473   -3.99922485   -3.97534161
   -3.99922568   -4.03626604
   -3.94598677   -3.92631834   -3.88570526   -3.93845417   -3.94558955   -3.92631877   -3.89994336   -3.92098510
   -3.94269982   -3.94269988   -3.92098512   -3.89994384   -3.92631864   -3.88570499   -3.92098548   -3.89400330
   -3.90162069   -3.89400318   -3.92098515   -3.88570499   -3.89994279   -3.93845324   -3.94269931   -3.90162007
   -3.90162058   -3.94269963   -3.93845377   -3.92098535   -3.92098569   -3.94558876   -3.94269946   -3.89400348
   -3.94269972   -3.94558922
   -3.77871133   -3.79979800   -3.88177089   -3.89801992   -3.89381463   -3.79979770   -3.86282372   -3.87550733
   -3.89415702   -3.89415669   -3.87550778   -3.86282361   -3.79979766   -3.88176951   -3.87550730   -3.87792525
   -3.89970975   -3.87792467   -3.87550752   -3.88177007   -3.86282340   -3.89802030   -3.89415733   -3.89971013
   -3.89970988   -3.89415678   -3.89801997   -3.87550673   -3.87550696   -3.89381531   -3.89415742   -3.87792611
   -3.89415720   -3.89381483
   -3.54863539   -3.63879179   -3.81517650   -3.84160523   -3.83631847   -3.63879512   -3.70625369   -3.82928084
   -3.83141201   -3.83141205   -3.82928072   -3.70625463   -3.63879301   -3.81517832   -3.82928090   -3.85385775
   -3.82892296   -3.85385928   -3.82928076   -3.81517733   -3.70625379   -3.84160400   -3.83141066   -3.82892168
   -3.82892209   -3.83141142   -3.84160468   -3.82928100   -3.82928102   -3.83631674   -3.83141048   -3.85385633
   -3.83141119   -3.83631776
   -3.54863087   -3.59322491   -3.63939030   -3.64319337   -3.64023932   -3.59322085   -3.69050882   -3.70787605
   -3.70298290   -3.70298300   -3.70787621   -3.69050960   -3.59322387   -3.63938628   -3.70787302   -3.77850168
   -3.81365913   -3.77850187   -3.70787555   -3.63938961   -3.69050894   -3.64318883   -3.70297932   -3.81365836
   -3.81365897   -3.70298207   -3.64319237   -3.70787538   -3.70787299   -3.64023440   -3.70297925   -3.77850105
   -3.70298190   -3.64023810
   -3.46647299   -3.47256586   -3.48595530   -3.48900629   -3.47967205   -3.47256569   -3.48517172   -3.51110982
   -3.52476171   -3.52476197   -3.51111042   -3.48517241   -3.47256605   -3.48595476   -3.51110941   -3.57980881
   -3.62107855   -3.57980978   -3.51111089   -3.48595594   -3.48517222   -3.48900534   -3.52476097   -3.62107831
   -3.62107905   -3.52476270   -3.48900721   -3.51111075   -3.51110987   -3.47967083   -3.52476110   -3.57980955
   -3.52476257   -3.47967281
   -0.96772010   -1.04365821   -1.17475776   -1.35655845   -1.45888878   -1.04365915   -1.13842343   -1.29397963
   -1.44424292   -1.44424219   -1.29397809   -1.13842230   -1.04365918   -1.17476138   -1.29398205   -1.43655285
   -1.50368354   -1.43655054   -1.29397921   -1.17475975   -1.13842521   -1.35656422   -1.44424782   -1.50368656
   -1.50368513   -1.44424448   -1.35656094   -1.29398266   -1.29398397   -1.45889519   -1.44424872   -1.43655546
   -1.44424612   -1.45889151
   -0.71479323   -0.73617400   -0.79835086   -0.86021364   -0.88079964   -0.73618929   -0.72749932   -0.73257472
   -0.75814795   -0.75815092   -0.73258179   -0.72750062   -0.73617906   -0.79835907   -0.73258051   -0.57135474
   -0.49116277   -0.57136688   -0.73258401   -0.79835338   -0.72749733   -0.86021771   -0.75814984   -0.49115282
   -0.49115892   -0.75815179   -0.86021526   -0.73257151   -0.73257508   -0.88080279   -0.75814760   -0.57134621
   -0.75814658   -0.88080117
   -0.71477019   -0.57448259   -0.25236095    0.04515554    0.16224315   -0.57446508   -0.38662925   -0.14011622
    0.03922507    0.03922964   -0.14010697   -0.38662837   -0.57447608   -0.25234903   -0.14010836   -0.13984488
   -0.15806411   -0.13982965   -0.14010359   -0.25235616   -0.38662990    0.04516089    0.03922677   -0.15807612
   -0.15806857    0.03923084    0.04515814   -0.14011908   -0.14011460    0.16224539    0.03922363   -0.13985489
    0.03922314    0.16224466
    2.82287323    2.85522600    2.89055219    2.98870504    3.19976329    2.85521959    2.81658849    2.89163188
    3.13518050    3.13518121    2.89163967    2.81660208    2.85522627    2.89053655    2.89162088    3.09505615
    3.28953797    3.09506192    2.89163639    2.89054982    2.81658874    2.98868447    3.13516620    3.28953676
    3.28953702    3.13517567    2.98869978    2.89163081    2.89162309    3.19975048    3.13516956    3.09505905
    3.13517831    3.19975687
    4.40645594    4.95366427    4.68468009    4.05618084    3.59479096    4.95360682    4.79287768    4.35099884
    3.79423170    3.79423781    4.35101064    4.79289154    4.95363398    4.68467363    4.35099359    4.06106714
    3.90410519    4.06108852    4.35101315    4.68468671    4.79288615    4.05616261    3.79421503    3.90409317
    3.90411418    3.79424006    4.05618125    4.35100287    4.35099510    3.59475978    3.79421220    4.06107101
    3.79423111    3.59478957
    4.40654382    5.11880252    5.15943217    5.18820209    5.19453372    5.11882940    5.23815736    5.08246212
    4.99315523    4.99315473    5.08246024    5.23815351    5.11883051    5.15939592    5.08244334    4.71901190
    4.49447591    4.71900663    5.08244406    5.15940205    5.23813135    5.18816121    4.99312359    4.49445933
    4.49445292    4.99312718    5.18816853    5.08242607    5.08242347    5.19448986    4.99311688    4.71898331
    4.99312097    5.19449846
    5.41388571    5.80396607    7.23957560    8.74369029    9.62769306    5.80393041    6.79457875    8.11240833
    9.30279918    9.30280711    8.11241736    6.79458262    5.80394823    7.23957244    8.11240990    9.18470316
    9.66202961    9.18471634    8.11242136    7.23957391    6.79457638    8.74368053    9.30279363    9.66202293
    9.66202979    9.30281069    8.74368870    8.11240924    8.11240680    9.62767199    9.30278843    9.18470130
    9.30279755    9.62768646
    5.41390570    5.92274861    7.63966778    9.32361664    9.92956748    5.92273929    7.77547871   10.37264496
   11.65451564   11.65450049   10.37262736    7.77549308    5.92273110    7.63959660   10.37257449   13.41165135
   14.04136531   13.41160606   10.37260185    7.63964628    7.77544433    9.32354675   11.65444297   14.04130592
   14.04132628   11.65446885    9.32359827   10.37261304   10.37256808    9.92950232   11.65445649   13.41172386
   11.65449752    9.92955158
    6.27061445    7.59441748   11.43247047   13.23524004   13.24849830    7.59449129   10.11824777   12.66480185
   13.52017661   13.52017213   12.66478586   10.11821201    7.59445360   11.43256046   12.66486509   13.45696104
   14.10348875   13.45697589   12.66481638   11.43251175   10.11830144   13.23531814   13.52025184   14.10356613
   14.10353791   13.52021745   13.23528224   12.66485942   12.66489214   13.24857806   13.52025032   13.45690911
   13.52022041   13.24854449
 
 Fillings
     1.00000     1.00000     1.00000     1.00000     1.00000     1.00000     1.00000     1.00000
     1.00000     1.00000     1.00000     1.00000     1.00000     1.00000     1.00000     1.00000
     1.00000     1.00000     1.00000     1.00000     1.00000     1.00000     1.00000     1.00000
     1.00000     1.00000     1.00000     1.00000     1.00000     1.00000     1.00000     1.00000
     1.00000     1.00000
     1.00000     1.00000     1.00000     1.00000     1.00000     1.00000     1.00000     1.00000
     1.00000     1.00000     1.00000     1.00000     1.00000     1.00000     1.00000     1.00000
     1.00000     1.00000     1.00000     1.00000     1.00000     1.00000     1.00000     1.00000
     1.00000     1.00000     1.00000     1.00000     1.00000     1.00000     1.00000     1.00000
     1.00000     1.00000
     1.00000     1.00000     1.00000     1.00000     1.00000     1.00000     1.00000     1.00000
     1.00000     1.00000     1.00000     1.00000     1.00000     1.00000     1.00000     1.00000
     1.00000     1.00000     1.00000     1.00000     1.00000     1.00000     1.00000     1.00000
     1.00000     1.00000     1.00000     1.00000     1.00000     1.00000     1.00000     1.00000
     1.00000     1.00000
     1.00000     1.00000     1.00000     1.00000     1.00000     1.00000     1.00000     1.00000
     1.00000     1.00000     1.00000     1.00000     1.00000     1.00000     1.00000     1.00000
     1.00000     1.00000     1.00000     1.00000     1.00000     1.00000     1.00000     1.00000
     1.00000     1.00000     1.00000     1.00000     1.00000     1.00000     1.00000     1.00000
     1.00000     1.00000
     1.00000     1.00000     1.00000     1.00000     1.00000     1.00000     1.00000     1.00000
     1.00000     1.00000     1.00000     1.00000     1.00000     1.00000     1.00000     1.00000
     1.00000     1.00000     1.00000     1.00000     1.00000     1.00000     1.00000     1.00000
     1.00000     1.00000     1.00000     1.00000     1.00000     1.00000     1.00000     1.00000
     1.00000     1.00000
     1.00000     1.00000     1.00000     1.00000     1.00000     1.00000     1.00000     1.00000
     1.00000     1.00000     1.00000     1.00000     1.00000     1.00000     1.00000     1.00000
     1.00000     1.00000     1.00000     1.00000     1.00000     1.00000     1.00000     1.00000
     1.00000     1.00000     1.00000     1.00000     1.00000     1.00000     1.00000     1.00000
     1.00000     1.00000
     1.00000     1.00000     1.00000     1.00000     1.00000     1.00000     1.00000     1.00000
     1.00000     1.00000     1.00000     1.00000     1.00000     1.00000     1.00000     1.00000
     1.00000     1.00000     1.00000     1.00000     1.00000     1.00000     1.00000     1.00000
     1.00000     1.00000     1.00000     1.00000     1.00000     1.00000     1.00000     1.00000
     1.00000     1.00000
     1.00000     1.00000     1.00000     1.00000     1.00000     1.00000     1.00000     1.00000
     1.00000     1.00000     1.00000     1.00000     1.00000     1.00000     1.00000     1.00000
     1.00000     1.00000     1.00000     1.00000     1.00000     1.00000     1.00000     1.00000
     1.00000     1.00000     1.00000     1.00000     1.00000     1.00000     1.00000     1.00000
     1.00000     1.00000
     0.00000     0.00000     0.00000     0.00000     0.00000     0.00000     0.00000     0.00000
     0.00000     0.00000     0.00000     0.00000     0.00000     0.00000     0.00000     0.00000
     0.00000     0.00000     0.00000     0.00000     0.00000     0.00000     0.00000     0.00000
     0.00000     0.00000     0.00000     0.00000     0.00000     0.00000     0.00000     0.00000
     0.00000     0.00000
     0.00000     0.00000     0.00000     0.00000     0.00000     0.00000     0.00000     0.00000
     0.00000     0.00000     0.00000     0.00000     0.00000     0.00000     0.00000     0.00000
     0.00000     0.00000     0.00000     0.00000     0.00000     0.00000     0.00000     0.00000
     0.00000     0.00000     0.00000     0.00000     0.00000     0.00000     0.00000     0.00000
     0.00000     0.00000
     0.00000     0.00000     0.00000     0.00000     0.00000     0.00000     0.00000     0.00000
     0.00000     0.00000     0.00000     0.00000     0.00000     0.00000     0.00000     0.00000
     0.00000     0.00000     0.00000     0.00000     0.00000     0.00000     0.00000     0.00000
     0.00000     0.00000     0.00000     0.00000     0.00000     0.00000     0.00000     0.00000
     0.00000     0.00000
     0.00000     0.00000     0.00000     0.00000     0.00000     0.00000     0.00000     0.00000
     0.00000     0.00000     0.00000     0.00000     0.00000     0.00000     0.00000     0.00000
     0.00000     0.00000     0.00000     0.00000     0.00000     0.00000     0.00000     0.00000
     0.00000     0.00000     0.00000     0.00000     0.00000     0.00000     0.00000     0.00000
     0.00000     0.00000
     0.00000     0.00000     0.00000     0.00000     0.00000     0.00000     0.00000     0.00000
     0.00000     0.00000     0.00000     0.00000     0.00000     0.00000     0.00000     0.00000
     0.00000     0.00000     0.00000     0.00000     0.00000     0.00000     0.00000     0.00000
     0.00000     0.00000     0.00000     0.00000     0.00000     0.00000     0.00000     0.00000
     0.00000     0.00000
     0.00000     0.00000     0.00000     0.00000     0.00000     0.00000     0.00000     0.00000
     0.00000     0.00000     0.00000     0.00000     0.00000     0.00000     0.00000     0.00000
     0.00000     0.00000     0.00000     0.00000     0.00000     0.00000     0.00000     0.00000
     0.00000     0.00000     0.00000     0.00000     0.00000     0.00000     0.00000     0.00000
     0.00000     0.00000
     0.00000     0.00000     0.00000     0.00000     0.00000     0.00000     0.00000     0.00000
     0.00000     0.00000     0.00000     0.00000     0.00000     0.00000     0.00000     0.00000
     0.00000     0.00000     0.00000     0.00000     0.00000     0.00000     0.00000     0.00000
     0.00000     0.00000     0.00000     0.00000     0.00000     0.00000     0.00000     0.00000
     0.00000     0.00000
     0.00000     0.00000     0.00000     0.00000     0.00000     0.00000     0.00000     0.00000
     0.00000     0.00000     0.00000     0.00000     0.00000     0.00000     0.00000     0.00000
     0.00000     0.00000     0.00000     0.00000     0.00000     0.00000     0.00000     0.00000
     0.00000     0.00000     0.00000     0.00000     0.00000     0.00000     0.00000     0.00000
     0.00000     0.00000
     0.00000     0.00000     0.00000     0.00000     0.00000     0.00000     0.00000     0.00000
     0.00000     0.00000     0.00000     0.00000     0.00000     0.00000     0.00000     0.00000
     0.00000     0.00000     0.00000     0.00000     0.00000     0.00000     0.00000     0.00000
     0.00000     0.00000     0.00000     0.00000     0.00000     0.00000     0.00000     0.00000
     0.00000     0.00000
     0.00000     0.00000     0.00000     0.00000     0.00000     0.00000     0.00000     0.00000
     0.00000     0.00000     0.00000     0.00000     0.00000     0.00000     0.00000     0.00000
     0.00000     0.00000     0.00000     0.00000     0.00000     0.00000     0.00000     0.00000
     0.00000     0.00000     0.00000     0.00000     0.00000     0.00000     0.00000     0.00000
     0.00000     0.00000
     0.00000     0.00000     0.00000     0.00000     0.00000     0.00000     0.00000     0.00000
     0.00000     0.00000     0.00000     0.00000     0.00000     0.00000     0.00000     0.00000
     0.00000     0.00000     0.00000     0.00000     0.00000     0.00000     0.00000     0.00000
     0.00000     0.00000     0.00000     0.00000     0.00000     0.00000     0.00000     0.00000
     0.00000     0.00000
     0.00000     0.00000     0.00000     0.00000     0.00000     0.00000     0.00000     0.00000
     0.00000     0.00000     0.00000     0.00000     0.00000     0.00000     0.00000     0.00000
     0.00000     0.00000     0.00000     0.00000     0.00000     0.00000     0.00000     0.00000
     0.00000     0.00000     0.00000     0.00000     0.00000     0.00000     0.00000     0.00000
     0.00000     0.00000
     0.00000     0.00000     0.00000     0.00000     0.00000     0.00000     0.00000     0.00000
     0.00000     0.00000     0.00000     0.00000     0.00000     0.00000     0.00000     0.00000
     0.00000     0.00000     0.00000     0.00000     0.00000     0.00000     0.00000     0.00000
     0.00000     0.00000     0.00000     0.00000     0.00000     0.00000     0.00000     0.00000
     0.00000     0.00000
     0.00000     0.00000     0.00000     0.00000     0.00000     0.00000     0.00000     0.00000
     0.00000     0.00000     0.00000     0.00000     0.00000     0.00000     0.00000     0.00000
     0.00000     0.00000     0.00000     0.00000     0.00000     0.00000     0.00000     0.00000
     0.00000     0.00000     0.00000     0.00000     0.00000     0.00000     0.00000     0.00000
     0.00000     0.00000
     0.00000     0.00000     0.00000     0.00000     0.00000     0.00000     0.00000     0.00000
     0.00000     0.00000     0.00000     0.00000     0.00000     0.00000     0.00000     0.00000
     0.00000     0.00000     0.00000     0.00000     0.00000     0.00000     0.00000     0.00000
     0.00000     0.00000     0.00000     0.00000     0.00000     0.00000     0.00000     0.00000
     0.00000     0.00000
     0.00000     0.00000     0.00000     0.00000     0.00000     0.00000     0.00000     0.00000
     0.00000     0.00000     0.00000     0.00000     0.00000     0.00000     0.00000     0.00000
     0.00000     0.00000     0.00000     0.00000     0.00000     0.00000     0.00000     0.00000
     0.00000     0.00000     0.00000     0.00000     0.00000     0.00000     0.00000     0.00000
     0.00000     0.00000
 
 Nr. of electrons (up):      8.00000000
 Atom populations (up)
  Atom       Population
     1       1.45347809
     2       3.27323879
     3       3.27328312
 
 l-shell populations (up)
  Atom Sh.   l       Population
     1   1   0       0.17805960
     1   2   1       0.32192307
     1   3   2       0.63504810
     1   4   3       0.31844731
     2   1   0       0.91663833
     2   2   1       2.35660046
     3   1   0       0.91664147
     3   2   1       2.35664165
 
 Orbital populations (up)
  Atom Sh.   l   m       Population
     1   1   0   0       0.17805960
     1   2   1  -1       0.11147893
     1   2   1   0       0.09896517
     1   2   1   1       0.11147897
     1   3   2  -2       0.15898104
     1   3   2  -1       0.12169526
     1   3   2   0       0.07369456
     1   3   2   1       0.12169600
     1   3   2   2       0.15898125
     1   4   3  -3       0.13487280
     1   4   3  -2       0.03992774
     1   4   3  -1       0.02307270
     1   4   3   0       0.03342217
     1   4   3   1       0.02307292
     1   4   3   2       0.03992806
     1   4   3   3       0.02415093
     2   1   0   0       0.91663833
     2   2   1  -1       0.75913686
     2   2   1   0       0.83832722
     2   2   1   1       0.75913638
     3   1   0   0       0.91664147
     3   2   1  -1       0.75914950
     3   2   1   0       0.83834313
     3   2   1   1       0.75914902
 
 Block populations (up)
 Atom           1
  0.1781  0.0000  0.0000  0.0000  0.0000  0.0000  0.0504  0.0000  0.0000  0.0000  0.0000  0.0000  0.0000  0.0000  0.0000  0.0000
  0.0000  0.1115  0.0000  0.0000  0.0000  0.0000  0.0000  0.0000  0.0000  0.0000  0.0000  0.0190  0.0000  0.0000  0.0432  0.0000
  0.0000  0.0000  0.0990  0.0000  0.0000  0.0000  0.0000  0.0000  0.0000  0.0250  0.0000  0.0000  0.0366  0.0000  0.0000  0.0000
  0.0000  0.0000  0.0000  0.1115  0.0000  0.0000  0.0000  0.0000  0.0000  0.0000  0.0432  0.0000  0.0000  0.0190  0.0000  0.0000
  0.0000  0.0000  0.0000  0.0000  0.1590  0.0000  0.0000 -0.0609  0.0000  0.0000  0.0000  0.0000  0.0000  0.0000  0.0000  0.0000
  0.0000  0.0000  0.0000  0.0000  0.0000  0.1217  0.0000  0.0000 -0.0609  0.0000  0.0000  0.0000  0.0000  0.0000  0.0000  0.0000
  0.0504  0.0000  0.0000  0.0000  0.0000  0.0000  0.0737  0.0000  0.0000  0.0000  0.0000  0.0000  0.0000  0.0000  0.0000  0.0000
  0.0000  0.0000  0.0000  0.0000 -0.0609  0.0000  0.0000  0.1217  0.0000  0.0000  0.0000  0.0000  0.0000  0.0000  0.0000  0.0000
  0.0000  0.0000  0.0000  0.0000  0.0000 -0.0609  0.0000  0.0000  0.1590  0.0000  0.0000  0.0000  0.0000  0.0000  0.0000  0.0000
  0.0000  0.0000  0.0250  0.0000  0.0000  0.0000  0.0000  0.0000  0.0000  0.1349  0.0000  0.0000  0.0594  0.0000  0.0000  0.0000
  0.0000  0.0000  0.0000  0.0432  0.0000  0.0000  0.0000  0.0000  0.0000  0.0000  0.0399  0.0000  0.0000 -0.0018  0.0000  0.0000
  0.0000  0.0190  0.0000  0.0000  0.0000  0.0000  0.0000  0.0000  0.0000  0.0000  0.0000  0.0231  0.0000  0.0000 -0.0018  0.0000
  0.0000  0.0000  0.0366  0.0000  0.0000  0.0000  0.0000  0.0000  0.0000  0.0594  0.0000  0.0000  0.0334  0.0000  0.0000  0.0000
  0.0000  0.0000  0.0000  0.0190  0.0000  0.0000  0.0000  0.0000  0.0000  0.0000 -0.0018  0.0000  0.0000  0.0231  0.0000  0.0000
  0.0000  0.0432  0.0000  0.0000  0.0000  0.0000  0.0000  0.0000  0.0000  0.0000  0.0000 -0.0018  0.0000  0.0000  0.0399  0.0000
  0.0000  0.0000  0.0000  0.0000  0.0000  0.0000  0.0000  0.0000  0.0000  0.0000  0.0000  0.0000  0.0000  0.0000  0.0000  0.0242
 Atom           2
  0.9166  0.0000 -0.0367  0.0000
  0.0000  0.7591  0.0000  0.0000
 -0.0367  0.0000  0.8383  0.0000
  0.0000  0.0000  0.0000  0.7591
 Atom           3
  0.9166  0.0000  0.0367  0.0000
  0.0000  0.7591  0.0000  0.0000
  0.0367  0.0000  0.8383  0.0000
  0.0000  0.0000  0.0000  0.7591
 
 Nr. of electrons (down):      8.00000000
 Atom populations (down)
  Atom       Population
     1       1.45347809
     2       3.27323879
     3       3.27328312
 
 l-shell populations (down)
  Atom Sh.   l       Population
     1   1   0       0.17805960
     1   2   1       0.32192307
     1   3   2       0.63504810
     1   4   3       0.31844731
     2   1   0       0.91663833
     2   2   1       2.35660046
     3   1   0       0.91664147
     3   2   1       2.35664165
 
 Orbital populations (down)
  Atom Sh.   l   m       Population
     1   1   0   0       0.17805960
     1   2   1  -1       0.11147893
     1   2   1   0       0.09896517
     1   2   1   1       0.11147897
     1   3   2  -2       0.15898104
     1   3   2  -1       0.12169526
     1   3   2   0       0.07369456
     1   3   2   1       0.12169600
     1   3   2   2       0.15898125
     1   4   3  -3       0.13487280
     1   4   3  -2       0.03992774
     1   4   3  -1       0.02307270
     1   4   3   0       0.03342217
     1   4   3   1       0.02307292
     1   4   3   2       0.03992806
     1   4   3   3       0.02415093
     2   1   0   0       0.91663833
     2   2   1  -1       0.75913686
     2   2   1   0       0.83832722
     2   2   1   1       0.75913638
     3   1   0   0       0.91664147
     3   2   1  -1       0.75914950
     3   2   1   0       0.83834313
     3   2   1   1       0.75914902
 
 Block populations (down)
 Atom           1
  0.1781  0.0000  0.0000  0.0000  0.0000  0.0000  0.0504  0.0000  0.0000  0.0000  0.0000  0.0000  0.0000  0.0000  0.0000  0.0000
  0.0000  0.1115  0.0000  0.0000  0.0000  0.0000  0.0000  0.0000  0.0000  0.0000  0.0000  0.0190  0.0000  0.0000  0.0432  0.0000
  0.0000  0.0000  0.0990  0.0000  0.0000  0.0000  0.0000  0.0000  0.0000  0.0250  0.0000  0.0000  0.0366  0.0000  0.0000  0.0000
  0.0000  0.0000  0.0000  0.1115  0.0000  0.0000  0.0000  0.0000  0.0000  0.0000  0.0432  0.0000  0.0000  0.0190  0.0000  0.0000
  0.0000  0.0000  0.0000  0.0000  0.1590  0.0000  0.0000 -0.0609  0.0000  0.0000  0.0000  0.0000  0.0000  0.0000  0.0000  0.0000
  0.0000  0.0000  0.0000  0.0000  0.0000  0.1217  0.0000  0.0000 -0.0609  0.0000  0.0000  0.0000  0.0000  0.0000  0.0000  0.0000
  0.0504  0.0000  0.0000  0.0000  0.0000  0.0000  0.0737  0.0000  0.0000  0.0000  0.0000  0.0000  0.0000  0.0000  0.0000  0.0000
  0.0000  0.0000  0.0000  0.0000 -0.0609  0.0000  0.0000  0.1217  0.0000  0.0000  0.0000  0.0000  0.0000  0.0000  0.0000  0.0000
  0.0000  0.0000  0.0000  0.0000  0.0000 -0.0609  0.0000  0.0000  0.1590  0.0000  0.0000  0.0000  0.0000  0.0000  0.0000  0.0000
  0.0000  0.0000  0.0250  0.0000  0.0000  0.0000  0.0000  0.0000  0.0000  0.1349  0.0000  0.0000  0.0594  0.0000  0.0000  0.0000
  0.0000  0.0000  0.0000  0.0432  0.0000  0.0000  0.0000  0.0000  0.0000  0.0000  0.0399  0.0000  0.0000 -0.0018  0.0000  0.0000
  0.0000  0.0190  0.0000  0.0000  0.0000  0.0000  0.0000  0.0000  0.0000  0.0000  0.0000  0.0231  0.0000  0.0000 -0.0018  0.0000
  0.0000  0.0000  0.0366  0.0000  0.0000  0.0000  0.0000  0.0000  0.0000  0.0594  0.0000  0.0000  0.0334  0.0000  0.0000  0.0000
  0.0000  0.0000  0.0000  0.0190  0.0000  0.0000  0.0000  0.0000  0.0000  0.0000 -0.0018  0.0000  0.0000  0.0231  0.0000  0.0000
  0.0000  0.0432  0.0000  0.0000  0.0000  0.0000  0.0000  0.0000  0.0000  0.0000  0.0000 -0.0018  0.0000  0.0000  0.0399  0.0000
  0.0000  0.0000  0.0000  0.0000  0.0000  0.0000  0.0000  0.0000  0.0000  0.0000  0.0000  0.0000  0.0000  0.0000  0.0000  0.0242
 Atom           2
  0.9166  0.0000 -0.0367  0.0000
  0.0000  0.7591  0.0000  0.0000
 -0.0367  0.0000  0.8383  0.0000
  0.0000  0.0000  0.0000  0.7591
 Atom           3
  0.9166  0.0000  0.0367  0.0000
  0.0000  0.7591  0.0000  0.0000
  0.0367  0.0000  0.8383  0.0000
  0.0000  0.0000  0.0000  0.7591
 
 Spin up
 Fermi energy:                      -0.1990425648 H           -5.4162 eV
 Band energy:                       -3.4139703871 H          -92.8989 eV
 TS:                                 0.0000000000 H            0.0000 eV
 Band free energy (E-TS):           -3.4139703871 H          -92.8989 eV
 Extrapolated E(0K):                -3.4139703871 H          -92.8989 eV
 Input/Output electrons (up):      8.00000000      8.00000000
 
 Spin down
 Fermi energy:                      -0.1990425648 H           -5.4162 eV
 Band energy:                       -3.4139703871 H          -92.8989 eV
 TS:                                 0.0000000000 H            0.0000 eV
 Band free energy (E-TS):           -3.4139703871 H          -92.8989 eV
 Extrapolated E(0K):                -3.4139703871 H          -92.8989 eV
 Input/Output electrons (down):      8.00000000      8.00000000
 
 Energy H0:                         -7.9468001969 H         -216.2434 eV
 Energy SCC:                         0.0627349850 H            1.7071 eV
 Energy SPIN:                        0.0000000000 H            0.0000 eV
 Energy DFTB+U:                      0.0755024203 H            2.0545 eV
 Total Electronic energy:           -7.8085627916 H         -212.4818 eV
 Repulsive energy:                   0.3599847400 H            9.7957 eV
 Total energy:                      -7.4485780516 H         -202.6861 eV
 Total Mermin free energy:          -7.4485780516 H         -202.6861 eV
 
 SCC converged
 
 Full geometry written in test.{xyz|gen}
 
 Total Forces
 -1.736248128657223E-006  9.172043680797114E-011  4.067556075045345E-006
  5.104201516340986E-007 -3.450452023121070E-006  3.931672687390408E-002
  1.225827977026325E-006  3.450360302684269E-006 -3.932079442997914E-002
 
 Total stress tensor
      0.000028865161     -0.000000000629     -0.000000000383
     -0.000000000629      0.000028865702     -0.000000000951
     -0.000000000383     -0.000000003695      0.000042108428
 
 Total lattice derivs
     -0.011003229951     -0.006352668322      0.000000355292
      0.000000276745     -0.012705850884      0.000000418532
      0.000000015718      0.000000151619     -0.001727762130
 
 Maximal derivative component:       0.393208E-01 au
 Max force for moved atoms::         0.393208E-01 au
 
 Volume:                             0.262388E+04 au^3
 Pressure:                           0.332798E-04 au     0.979124E+09 Pa
 
 Geometry converged
 
