# Reference      Predicted      Error          #atoms         
-73.00294       -74.44039       1.43745         13.00000       
-61.33545       -58.36960       2.96585         10.00000       
-96.40155       -99.40317       3.00163         18.00000       
-61.89408       -62.68064       0.78655         11.00000       
-84.18726       -83.99200       0.19525         15.00000       
-84.62958       -83.99079       0.63880         15.00000       
-74.49237       -74.44050       0.05188         13.00000       
-84.33286       -83.99200       0.34086         15.00000       
-62.54868       -62.68064       0.13196         11.00000       
-56.74893       -58.36960       1.62067         10.00000       
-56.72541       -58.35139       1.62598         10.00000       
-55.29798       -58.25142       2.95344         10.00000       
-55.99074       -58.36960       2.37886         10.00000       
-55.89346       -58.36960       2.47614         10.00000       
-55.54916       -58.36960       2.82044         10.00000       
-55.83686       -58.36960       2.53274         10.00000       
-55.91594       -58.02377       2.10782         10.00000       
-56.21340       -58.36960       2.15620         10.00000       
-56.23141       -58.36960       2.13819         10.00000       
-55.91404       -58.17578       2.26174         10.00000       
-55.54594       -58.10346       2.55751         10.00000       
-56.22497       -58.36604       2.14107         10.00000       
-56.25671       -58.24106       1.98435         10.00000       
-56.32070       -58.27258       1.95188         10.00000       
-56.47396       -57.97492       1.50096         10.00000       
-56.36952       -57.95094       1.58141         10.00000       
-56.24419       -58.36942       2.12523         10.00000       
-56.69793       -58.35113       1.65320         10.00000       
-56.64964       -58.36960       1.71996         10.00000       
-56.22004       -58.36943       2.14939         10.00000       
-56.80335       -58.36960       1.56625         10.00000       
-56.62358       -58.36960       1.74602         10.00000       
-56.45073       -58.36960       1.91887         10.00000       
-56.07020       -57.95576       1.88556         10.00000       
-55.94722       -58.36960       2.42238         10.00000       
-56.19629       -58.36949       2.17321         10.00000       
-56.25920       -57.79019       1.53098         10.00000       
-56.33993       -58.29463       1.95471         10.00000       
-56.89052       -58.36960       1.47907         10.00000       
-56.47883       -58.27279       1.79396         10.00000       
-56.66164       -58.36960       1.70796         10.00000       
-56.39073       -58.29220       1.90147         10.00000       
-55.97855       -58.20316       2.22461         10.00000       
-56.44165       -58.31030       1.86865         10.00000       
-56.19369       -58.35678       2.16308         10.00000       
-56.16665       -58.29976       2.13311         10.00000       
-55.84648       -55.58792       0.25856         10.00000       
-55.87238       -55.58468       0.28770         10.00000       
-55.95191       -58.36960       2.41769         10.00000       
-56.56834       -58.35349       1.78515         10.00000       
-56.23583       -58.32267       2.08684         10.00000       
-56.51816       -58.34786       1.82970         10.00000       
-56.05991       -58.36124       2.30133         10.00000       
-56.14983       -58.32163       2.17180         10.00000       
-56.05316       -58.31228       2.25912         10.00000       
-56.48731       -58.36960       1.88229         10.00000       
-56.52521       -58.36945       1.84425         10.00000       
-56.22117       -58.35906       2.13789         10.00000       
-56.72487       -58.35636       1.63149         10.00000       
-57.73358       -58.31874       0.58515         10.00000       
-56.12151       -58.36960       2.24809         10.00000       
-56.34945       -58.36960       2.02015         10.00000       
-57.66314       -58.34506       0.68191         10.00000       
-58.27705       -58.36960       0.09255         10.00000       
-58.01230       -58.36960       0.35730         10.00000       
-57.35017       -58.14299       0.79282         10.00000       
-57.18413       -58.36960       1.18547         10.00000       
-57.38840       -58.25709       0.86868         10.00000       
-57.95656       -58.17847       0.22191         10.00000       
-57.25876       -58.36960       1.11084         10.00000       
-57.28444       -58.36960       1.08516         10.00000       
-58.60777       -58.29980       0.30798         10.00000       
-57.28012       -58.36960       1.08948         10.00000       
-57.46789       -58.36935       0.90146         10.00000       
-58.47247       -58.15849       0.31398         10.00000       
-58.19678       -58.36960       0.17282         10.00000       
-57.46971       -58.36960       0.89989         10.00000       
-56.93564       -58.36960       1.43396         10.00000       
-56.65533       -58.36960       1.71427         10.00000       
-56.83313       -58.36960       1.53647         10.00000       
-56.59322       -58.36960       1.77638         10.00000       
-56.85348       -58.36960       1.51612         10.00000       
-57.03732       -58.36960       1.33228         10.00000       
-57.09669       -58.36960       1.27291         10.00000       
-57.42511       -58.36960       0.94449         10.00000       
-57.61181       -58.35111       0.73930         10.00000       
-57.83009       -58.34040       0.51031         10.00000       
-57.81907       -58.31042       0.49135         10.00000       
-58.39923       -58.34867       0.05056         10.00000       
-57.98000       -57.66247       0.31754         10.00000       
-57.18513       -57.30104       0.11591         10.00000       
-57.31213       -58.35234       1.04021         10.00000       
-57.07887       -57.37345       0.29458         10.00000       
-57.34488       -57.58717       0.24229         10.00000       
-57.88559       -58.36960       0.48401         10.00000       
-57.25135       -58.36960       1.11825         10.00000       
-56.57969       -58.36960       1.78991         10.00000       
-57.44678       -58.36960       0.92282         10.00000       
-57.85365       -58.36960       0.51595         10.00000       
-57.71983       -58.36189       0.64206         10.00000       
-57.32975       -57.00137       0.32837         10.00000       
-57.23028       -58.36759       1.13732         10.00000       
-57.62148       -58.36960       0.74812         10.00000       
-57.06732       -58.36960       1.30228         10.00000       
-58.32299       -58.36960       0.04661         10.00000       
-56.64210       -58.36960       1.72750         10.00000       
-57.09199       -58.36945       1.27746         10.00000       
-57.49399       -58.12627       0.63228         10.00000       
-57.06815       -58.03106       0.96291         10.00000       
-57.52939       -58.36960       0.84021         10.00000       
-57.89857       -58.36960       0.47103         10.00000       
-56.72434       -58.36960       1.64526         10.00000       
-57.67016       -58.36960       0.69944         10.00000       
-56.86144       -58.36960       1.50816         10.00000       
-58.37298       -58.36960       0.00338         10.00000       
-57.71791       -58.36960       0.65169         10.00000       
-57.87565       -58.36960       0.49395         10.00000       
-57.58181       -58.36960       0.78779         10.00000       
-57.61545       -58.27664       0.66119         10.00000       
-56.79886       -58.36960       1.57074         10.00000       
-57.35761       -58.34594       0.98834         10.00000       
-56.85781       -58.36960       1.51178         10.00000       
-58.62663       -58.36960       0.25703         10.00000       
-58.16930       -58.36960       0.20030         10.00000       
-59.46575       -58.36960       1.09615         10.00000       
-58.25967       -58.36943       0.10976         10.00000       
-58.79510       -58.36960       0.42550         10.00000       
-59.10290       -58.36960       0.73330         10.00000       
-58.19211       -58.36955       0.17744         10.00000       
-59.14874       -58.36960       0.77914         10.00000       
-58.89916       -58.36960       0.52956         10.00000       
-59.07819       -58.36783       0.71037         10.00000       
-58.86381       -58.36960       0.49421         10.00000       
-50.70294       -58.36960       7.66666         10.00000       
-58.73617       -58.36960       0.36657         10.00000       
-59.89390       -58.36960       1.52430         10.00000       
-59.48138       -58.36960       1.11178         10.00000       
-59.09059       -58.36960       0.72099         10.00000       
-52.01038       -58.36960       6.35922         10.00000       
-59.17605       -58.36246       0.81359         10.00000       
-51.91158       -58.36960       6.45801         10.00000       
-59.16970       -58.32266       0.84704         10.00000       
-58.30471       -58.26848       0.03623         10.00000       
-51.11144       -58.36960       7.25816         10.00000       
-59.37946       -58.36960       1.00986         10.00000       
-58.73992       -58.36960       0.37032         10.00000       
-58.73427       -58.36960       0.36467         10.00000       
-47.85008       -58.36960       10.51952        10.00000       
-50.72022       -58.36960       7.64938         10.00000       
-48.14256       -58.36960       10.22704        10.00000       
-48.35408       -58.36960       10.01552        10.00000       
-46.78182       -58.36960       11.58778        10.00000       
-50.85808       -58.36701       7.50893         10.00000       
-46.78858       -58.36960       11.58102        10.00000       
-50.83637       -58.36960       7.53323         10.00000       
-51.33686       -58.36960       7.03274         10.00000       
-50.89580       -58.36926       7.47346         10.00000       
-49.05910       -58.36960       9.31050         10.00000       
-51.34615       -58.36960       7.02345         10.00000       
-47.30996       -58.36409       11.05413        10.00000       
-46.96893       -58.36960       11.40067        10.00000       
-50.36092       -58.36960       8.00868         10.00000       
-49.83833       -58.36960       8.53127         10.00000       
-47.71672       -58.36960       10.65288        10.00000       
-47.53974       -58.36960       10.82986        10.00000       
-47.64640       -58.36960       10.72320        10.00000       
-50.55074       -58.36960       7.81886         10.00000       
-50.11478       -58.36960       8.25482         10.00000       
-51.10501       -58.36960       7.26459         10.00000       
-58.97839       -58.36960       0.60879         10.00000       
-50.32616       -58.35550       8.02935         10.00000       
-50.17990       -58.36950       8.18960         10.00000       
-50.82598       -58.36084       7.53486         10.00000       
-50.72446       -58.36960       7.64514         10.00000       
-50.20433       -58.36833       8.16400         10.00000       
-49.80947       -58.36960       8.56013         10.00000       
-49.25621       -58.36960       9.11339         10.00000       
-47.79597       -58.36960       10.57363        10.00000       
-50.93845       -58.36960       7.43114         10.00000       
-49.52855       -58.36960       8.84105         10.00000       
-48.57851       -58.36960       9.79109         10.00000       
-50.96585       -58.36960       7.40375         10.00000       
-48.75323       -58.36960       9.61637         10.00000       
-51.15768       -58.36960       7.21192         10.00000       
-49.64146       -58.36960       8.72814         10.00000       
-50.71342       -58.36960       7.65618         10.00000       
-47.86548       -58.36960       10.50412        10.00000       
-50.65416       -58.36960       7.71544         10.00000       
-50.80659       -58.36960       7.56301         10.00000       
-50.90478       -58.36960       7.46482         10.00000       
-50.17329       -58.36960       8.19631         10.00000       
-49.25851       -58.36960       9.11109         10.00000       
-47.44821       -58.36847       10.92025        10.00000       
-50.40186       -58.36960       7.96774         10.00000       
-48.35391       -58.36960       10.01569        10.00000       
-49.66672       -58.36516       8.69844         10.00000       
-49.78776       -58.36960       8.58184         10.00000       
-47.83643       -58.36960       10.53317        10.00000       
-47.20045       -58.36960       11.16915        10.00000       
-49.97579       -58.36960       8.39381         10.00000       
-51.52755       -58.36960       6.84205         10.00000       
-51.36366       -58.36960       7.00593         10.00000       
-51.40456       -58.36960       6.96504         10.00000       
-51.03701       -58.36960       7.33259         10.00000       
-48.63393       -58.36960       9.73566         10.00000       
-48.42443       -58.36960       9.94517         10.00000       
-47.97870       -58.36960       10.39090        10.00000       
-50.16156       -58.36960       8.20804         10.00000       
-51.32203       -58.36960       7.04757         10.00000       
-51.07527       -58.36960       7.29433         10.00000       
-50.63600       -58.36960       7.73360         10.00000       
-48.25639       -58.36960       10.11321        10.00000       
-47.76474       -58.36960       10.60486        10.00000       
-48.78988       -58.36960       9.57972         10.00000       
-58.46119       -58.36960       0.09159         10.00000       
-49.77633       -58.36960       8.59327         10.00000       
-49.89601       -58.36960       8.47359         10.00000       
-49.01706       -58.36960       9.35254         10.00000       
-51.49306       -58.36960       6.87654         10.00000       
-51.19409       -58.36960       7.17551         10.00000       
-58.25111       -58.36960       0.11849         10.00000       
-58.88228       -58.36960       0.51268         10.00000       
-58.67410       -58.36960       0.30450         10.00000       
-58.83948       -58.36960       0.46988         10.00000       
-49.83643       -58.36949       8.53306         10.00000       
-59.12896       -58.36960       0.75936         10.00000       
-58.64208       -58.36960       0.27248         10.00000       
-59.00755       -58.36960       0.63795         10.00000       
-59.33291       -58.36960       0.96331         10.00000       
-58.86314       -58.36960       0.49354         10.00000       
-58.70933       -58.36960       0.33973         10.00000       
-58.26542       -58.36960       0.10418         10.00000       
-58.98853       -58.36960       0.61893         10.00000       
-58.77976       -58.36960       0.41016         10.00000       
-58.32098       -58.36960       0.04862         10.00000       
-58.66985       -58.36960       0.30025         10.00000       
-58.63466       -58.36960       0.26506         10.00000       
-58.77762       -58.36960       0.40802         10.00000       
-59.36402       -58.36960       0.99442         10.00000       
-58.45004       -58.36960       0.08044         10.00000       
-58.89028       -58.36960       0.52068         10.00000       
-58.54569       -58.36960       0.17609         10.00000       
-58.82070       -58.36960       0.45110         10.00000       
-59.09556       -58.36960       0.72596         10.00000       
-59.36325       -58.36850       0.99474         10.00000       
-58.95761       -58.36960       0.58801         10.00000       
-58.63333       -58.36960       0.26373         10.00000       
-58.89572       -58.36960       0.52612         10.00000       
-58.57498       -58.36960       0.20538         10.00000       
-59.00634       -58.36960       0.63674         10.00000       
-58.81955       -58.36960       0.44995         10.00000       
-59.47889       -58.36960       1.10929         10.00000       
-58.62556       -58.36960       0.25596         10.00000       
-51.30504       -58.36960       7.06456         10.00000       
-59.16456       -58.36960       0.79496         10.00000       
-58.68236       -58.36916       0.31320         10.00000       
-59.08055       -58.36946       0.71109         10.00000       
-49.61680       -58.36958       8.75277         10.00000       
-51.61556       -58.36960       6.75404         10.00000       
-48.83721       -58.36960       9.53239         10.00000       
-50.57454       -58.36960       7.79506         10.00000       
-51.73826       -58.36960       6.63134         10.00000       
-49.76437       -58.36960       8.60523         10.00000       
-51.68370       -58.36960       6.68590         10.00000       
-50.02758       -58.36960       8.34202         10.00000       
-58.44687       -58.36960       0.07727         10.00000       
-49.94678       -58.36960       8.42282         10.00000       
-48.86889       -58.36960       9.50071         10.00000       
-47.39991       -58.36960       10.96969        10.00000       
-51.09273       -58.36960       7.27687         10.00000       
-49.62888       -58.36960       8.74072         10.00000       
-48.59033       -58.36960       9.77927         10.00000       
-50.43328       -58.36960       7.93632         10.00000       
-50.40080       -58.36960       7.96880         10.00000       
-49.88696       -58.36960       8.48264         10.00000       
-50.85362       -58.36960       7.51598         10.00000       
-50.92615       -58.36785       7.44171         10.00000       
-51.01100       -58.36960       7.35860         10.00000       
-50.31549       -58.36960       8.05411         10.00000       
-51.28912       -58.36960       7.08048         10.00000       
-51.53476       -58.36960       6.83484         10.00000       
-50.42942       -58.36960       7.94018         10.00000       
-48.56650       -58.36924       9.80274         10.00000       
-51.57786       -58.36960       6.79174         10.00000       
-48.87221       -58.36960       9.49739         10.00000       
-51.29787       -58.36547       7.06760         10.00000       
-59.30773       -58.36960       0.93813         10.00000       
-51.59519       -58.36960       6.77441         10.00000       
-49.39498       -58.36960       8.97462         10.00000       
-59.13498       -58.36960       0.76538         10.00000       
-50.43483       -58.36960       7.93477         10.00000       
-60.74112       -58.36960       2.37152         10.00000       
-60.01603       -58.36960       1.64643         10.00000       
-54.91088       -58.36960       3.45872         10.00000       
-55.71801       -58.36960       2.65159         10.00000       
-55.04969       -58.36960       3.31991         10.00000       
-55.73173       -58.36960       2.63786         10.00000       
-55.75419       -58.36960       2.61541         10.00000       
-60.74337       -58.36960       2.37377         10.00000       
-58.66212       -58.36960       0.29252         10.00000       
-48.65300       -58.36960       9.71659         10.00000       
-58.16390       -58.36960       0.20570         10.00000       
-57.92544       -58.36960       0.44416         10.00000       
-55.21457       -58.36960       3.15503         10.00000       
-56.47713       -58.36960       1.89247         10.00000       
-48.41298       -58.36960       9.95662         10.00000       
-55.37339       -58.36960       2.99621         10.00000       
-61.78333       -58.36960       3.41373         10.00000       
-61.79564       -58.36960       3.42604         10.00000       
-61.46628       -58.36960       3.09668         10.00000       
-58.51906       -58.36960       0.14946         10.00000       
-60.01679       -58.36960       1.64719         10.00000       
-61.35064       -58.36958       2.98105         10.00000       
-61.42083       -58.36936       3.05147         10.00000       
-61.42514       -58.36960       3.05554         10.00000       
-61.57800       -58.36960       3.20841         10.00000       
-57.55299       -58.36960       0.81661         10.00000       
-56.04298       -58.36960       2.32662         10.00000       
-61.48025       -58.36960       3.11065         10.00000       
-61.61851       -58.36960       3.24891         10.00000       
-61.48183       -58.36960       3.11223         10.00000       
-61.45008       -58.36960       3.08048         10.00000       
-61.39539       -58.36960       3.02579         10.00000       
-61.48686       -58.36960       3.11726         10.00000       
-61.43554       -58.36960       3.06594         10.00000       
-55.39802       -58.36960       2.97158         10.00000       
-61.48828       -58.36960       3.11868         10.00000       
-61.49441       -58.36960       3.12481         10.00000       
-61.55124       -58.36960       3.18164         10.00000       
-61.44901       -58.36960       3.07941         10.00000       
-61.45821       -58.36960       3.08861         10.00000       
-61.49073       -58.36960       3.12113         10.00000       
-61.54162       -58.36960       3.17202         10.00000       
-61.55088       -58.36960       3.18128         10.00000       
-61.44901       -58.36960       3.07941         10.00000       
-61.43041       -58.36960       3.06081         10.00000       
-61.44579       -58.36960       3.07619         10.00000       
-61.49794       -58.36960       3.12834         10.00000       
-61.39640       -58.36960       3.02680         10.00000       
-61.45054       -58.36960       3.08094         10.00000       
-61.49608       -58.36960       3.12648         10.00000       
-61.45598       -58.36960       3.08638         10.00000       
-61.49704       -58.36960       3.12744         10.00000       
-61.46097       -58.36960       3.09137         10.00000       
-61.45725       -58.36960       3.08765         10.00000       
-61.50751       -58.36960       3.13791         10.00000       
-61.47781       -58.36960       3.10821         10.00000       
-61.39636       -58.36960       3.02676         10.00000       
-61.55490       -58.36960       3.18530         10.00000       
-61.53281       -58.36960       3.16321         10.00000       
-56.99308       -58.36960       1.37652         10.00000       
-61.52059       -58.36960       3.15099         10.00000       
-61.39111       -58.36960       3.02151         10.00000       
-61.49058       -58.36960       3.12098         10.00000       
-61.49647       -58.36960       3.12687         10.00000       
-61.47745       -58.36960       3.10785         10.00000       
-61.50738       -58.36960       3.13778         10.00000       
-61.49962       -58.36960       3.13002         10.00000       
-61.51800       -58.36960       3.14840         10.00000       
-61.49171       -58.36960       3.12211         10.00000       
-61.41350       -58.36960       3.04390         10.00000       
-61.39228       -58.36960       3.02268         10.00000       
-61.46908       -58.36960       3.09948         10.00000       
-61.57039       -58.36960       3.20079         10.00000       
-61.42411       -58.36960       3.05451         10.00000       
-61.48003       -58.36960       3.11043         10.00000       
-61.61871       -58.36960       3.24911         10.00000       
-61.40188       -58.36960       3.03228         10.00000       
-61.34628       -58.36960       2.97668         10.00000       
-61.46460       -58.36960       3.09500         10.00000       
-61.42368       -58.36960       3.05408         10.00000       
-61.44635       -58.36960       3.07675         10.00000       
-61.43781       -58.36960       3.06821         10.00000       
-61.40976       -58.36960       3.04016         10.00000       
-61.37050       -58.36960       3.00091         10.00000       
-61.39942       -58.36960       3.02982         10.00000       
-61.50471       -58.36960       3.13511         10.00000       
-61.54446       -58.36960       3.17486         10.00000       
-61.51839       -58.36960       3.14879         10.00000       
-61.50020       -58.36960       3.13060         10.00000       
-61.54647       -58.36960       3.17687         10.00000       
-61.48224       -58.36960       3.11264         10.00000       
-61.41390       -58.36960       3.04430         10.00000       
-61.43550       -58.36960       3.06590         10.00000       
-61.43913       -58.36960       3.06953         10.00000       
-61.40924       -58.36960       3.03964         10.00000       
-61.39146       -58.36960       3.02186         10.00000       
-61.58015       -58.36960       3.21055         10.00000       
-61.35348       -58.36960       2.98388         10.00000       
-61.44599       -58.36960       3.07639         10.00000       
-61.50074       -58.36960       3.13114         10.00000       
-61.56767       -58.36960       3.19807         10.00000       
-61.55922       -58.36960       3.18962         10.00000       
-61.51339       -58.36960       3.14379         10.00000       
-61.49268       -58.36960       3.12308         10.00000       
-61.52509       -58.36960       3.15549         10.00000       
-61.40105       -58.36959       3.03145         10.00000       
-61.50441       -58.36960       3.13481         10.00000       
-61.47674       -58.36960       3.10714         10.00000       
-61.55000       -58.36960       3.18040         10.00000       
-61.45570       -58.36960       3.08610         10.00000       
-61.47999       -58.36960       3.11039         10.00000       
-61.44201       -58.36960       3.07241         10.00000       
-61.59033       -58.36960       3.22073         10.00000       
-61.37182       -58.36960       3.00222         10.00000       
-61.45724       -58.36960       3.08764         10.00000       
-61.47688       -58.36960       3.10728         10.00000       
-61.59383       -58.36960       3.22423         10.00000       
-61.49491       -58.36960       3.12531         10.00000       
-61.44258       -58.36960       3.07298         10.00000       
-61.47491       -58.36960       3.10531         10.00000       
-61.46852       -58.36960       3.09892         10.00000       
-61.46114       -58.36960       3.09154         10.00000       
-61.45390       -58.36960       3.08430         10.00000       
-61.48563       -58.36960       3.11603         10.00000       
-61.39931       -58.36960       3.02971         10.00000       
-61.36156       -58.36960       2.99196         10.00000       
-61.40010       -58.36960       3.03050         10.00000       
-61.52317       -58.36960       3.15357         10.00000       
-61.53290       -58.36960       3.16330         10.00000       
-61.49466       -58.36949       3.12517         10.00000       
-61.54388       -58.36960       3.17428         10.00000       
-61.56416       -58.36960       3.19456         10.00000       
-61.48186       -58.36960       3.11226         10.00000       
-61.52996       -58.36960       3.16036         10.00000       
-61.44760       -58.36960       3.07800         10.00000       
-61.53540       -58.36960       3.16580         10.00000       
-61.48868       -58.36960       3.11908         10.00000       
-61.48322       -58.36960       3.11362         10.00000       
-61.42191       -58.36960       3.05231         10.00000       
-61.45681       -58.36960       3.08721         10.00000       
-61.37146       -58.36960       3.00186         10.00000       
-61.50757       -58.36960       3.13797         10.00000       
-61.62520       -58.36960       3.25560         10.00000       
-61.50711       -58.36960       3.13751         10.00000       
-61.42166       -58.36960       3.05206         10.00000       
-61.52535       -58.36960       3.15575         10.00000       
-61.46005       -58.36960       3.09045         10.00000       
-61.51642       -58.36960       3.14682         10.00000       
-61.52203       -58.36960       3.15243         10.00000       
-61.45898       -58.36960       3.08938         10.00000       
-61.48204       -58.36960       3.11244         10.00000       
-61.42638       -58.36960       3.05678         10.00000       
-61.37596       -58.36960       3.00636         10.00000       
-61.37023       -58.36960       3.00063         10.00000       
-61.39375       -58.36945       3.02430         10.00000       
-61.37593       -58.36960       3.00633         10.00000       
-61.49782       -58.36960       3.12822         10.00000       
-61.58109       -58.36960       3.21149         10.00000       
-61.52623       -58.36960       3.15663         10.00000       
-61.48546       -58.36960       3.11586         10.00000       
-61.46111       -58.36952       3.09159         10.00000       
-61.60367       -58.36912       3.23456         10.00000       
-61.58014       -58.36960       3.21054         10.00000       
-61.59068       -58.36960       3.22108         10.00000       
-61.42392       -58.36960       3.05432         10.00000       
-61.49536       -58.36960       3.12576         10.00000       
-61.53227       -58.36960       3.16267         10.00000       
-61.47003       -58.36960       3.10043         10.00000       
-61.49023       -58.36960       3.12063         10.00000       
-61.40935       -58.36960       3.03975         10.00000       
-61.47525       -58.36960       3.10565         10.00000       
-61.51828       -58.36960       3.14868         10.00000       
-61.46942       -58.36960       3.09982         10.00000       
-61.46215       -58.36960       3.09255         10.00000       
-61.50614       -58.36960       3.13654         10.00000       
-61.40707       -58.36960       3.03747         10.00000       
-61.42909       -58.36960       3.05949         10.00000       
-61.50366       -58.36960       3.13406         10.00000       
-61.43638       -58.36960       3.06678         10.00000       
-61.54633       -58.36960       3.17673         10.00000       
-61.50567       -58.36960       3.13607         10.00000       
-61.60618       -58.36960       3.23658         10.00000       
-61.46814       -58.36960       3.09854         10.00000       
-61.62048       -58.36960       3.25088         10.00000       
-61.56735       -58.36960       3.19775         10.00000       
-61.52698       -58.36960       3.15738         10.00000       
-61.57438       -58.36960       3.20478         10.00000       
-61.42360       -58.36960       3.05400         10.00000       
-61.49573       -58.36960       3.12613         10.00000       
-61.51448       -58.36960       3.14488         10.00000       
-61.51192       -58.36960       3.14232         10.00000       
-61.41509       -58.36960       3.04549         10.00000       
-61.45290       -58.36960       3.08330         10.00000       
-61.40258       -58.36911       3.03347         10.00000       
-61.42229       -58.36846       3.05383         10.00000       
-61.43320       -58.36533       3.06787         10.00000       
-61.44421       -58.36960       3.07461         10.00000       
-61.51429       -58.36960       3.14469         10.00000       
-61.49492       -58.36960       3.12532         10.00000       
-61.45054       -58.36960       3.08094         10.00000       
-61.41183       -58.36960       3.04223         10.00000       
-62.44413       -62.68064       0.23651         11.00000       
-62.48423       -62.68064       0.19641         11.00000       
-62.55421       -62.68064       0.12643         11.00000       
-62.56386       -62.68064       0.11678         11.00000       
-62.57609       -62.68064       0.10455         11.00000       
-61.89087       -62.68064       0.78977         11.00000       
-61.96753       -62.68064       0.71311         11.00000       
-63.17205       -62.68064       0.49141         11.00000       
-62.60203       -62.68064       0.07861         11.00000       
-62.60095       -62.68064       0.07968         11.00000       
-61.63121       -62.68064       1.04943         11.00000       
-62.60573       -62.68064       0.07491         11.00000       
-61.97865       -62.68064       0.70199         11.00000       
-62.05337       -62.68064       0.62727         11.00000       
-62.06084       -62.68064       0.61980         11.00000       
-63.53912       -62.68064       0.85848         11.00000       
-61.73278       -62.68064       0.94786         11.00000       
-61.14104       -62.68064       1.53960         11.00000       
-62.25757       -62.68064       0.42307         11.00000       
-63.54093       -62.68064       0.86029         11.00000       
-63.54432       -62.68064       0.86368         11.00000       
-63.55989       -62.68064       0.87925         11.00000       
-63.56150       -62.68064       0.88086         11.00000       
-63.57705       -62.68064       0.89641         11.00000       
-63.57911       -62.68064       0.89847         11.00000       
-63.58692       -62.68064       0.90629         11.00000       
-63.58474       -62.68064       0.90410         11.00000       
-62.46780       -62.68064       0.21284         11.00000       
-62.49939       -62.68064       0.18125         11.00000       
-62.08956       -62.68064       0.59108         11.00000       
-62.50769       -62.68064       0.17294         11.00000       
-62.63033       -62.68064       0.05031         11.00000       
-62.61165       -62.68064       0.06898         11.00000       
-62.60973       -62.68064       0.07091         11.00000       
-62.61051       -62.68064       0.07013         11.00000       
-62.63855       -62.68064       0.04208         11.00000       
-62.61225       -62.68064       0.06839         11.00000       
-62.61567       -62.68064       0.06497         11.00000       
-62.61241       -62.68064       0.06823         11.00000       
-62.61648       -62.68064       0.06416         11.00000       
-62.61853       -62.68064       0.06211         11.00000       
-62.62131       -62.68064       0.05933         11.00000       
-62.62350       -62.68064       0.05714         11.00000       
-62.63075       -62.68064       0.04989         11.00000       
-62.63214       -62.68064       0.04849         11.00000       
-62.63802       -62.68064       0.04261         11.00000       
-62.62599       -62.68064       0.05465         11.00000       
-62.63908       -62.68064       0.04155         11.00000       
-62.63905       -62.68064       0.04159         11.00000       
-62.63901       -62.68064       0.04162         11.00000       
-62.63855       -62.68064       0.04209         11.00000       
-62.63801       -62.68064       0.04263         11.00000       
-62.63634       -62.68064       0.04430         11.00000       
-62.63795       -62.68064       0.04268         11.00000       
-59.62238       -62.68064       3.05826         11.00000       
-62.63512       -62.68064       0.04552         11.00000       
-59.43720       -62.68064       3.24343         11.00000       
-62.63503       -62.68064       0.04561         11.00000       
-62.63494       -62.68064       0.04570         11.00000       
-62.63449       -62.68064       0.04615         11.00000       
-62.63459       -62.68064       0.04605         11.00000       
-62.62546       -62.68064       0.05518         11.00000       
-62.63372       -62.68064       0.04692         11.00000       
-62.63395       -62.68064       0.04668         11.00000       
-62.62284       -62.68064       0.05780         11.00000       
-62.63362       -62.68064       0.04702         11.00000       
-62.62689       -62.68064       0.05374         11.00000       
-62.63305       -62.68064       0.04759         11.00000       
-62.62674       -62.68064       0.05390         11.00000       
-62.62850       -62.68064       0.05214         11.00000       
-62.63066       -62.68064       0.04997         11.00000       
-62.63021       -62.68064       0.05043         11.00000       
-62.62592       -62.68064       0.05472         11.00000       
-62.62378       -62.68064       0.05685         11.00000       
-62.62357       -62.68064       0.05707         11.00000       
-62.62317       -62.68064       0.05747         11.00000       
-62.62292       -62.68064       0.05772         11.00000       
-62.62319       -62.68064       0.05744         11.00000       
-62.62351       -62.68064       0.05713         11.00000       
-62.62382       -62.68064       0.05682         11.00000       
-62.62628       -62.68064       0.05436         11.00000       
-62.62556       -62.68064       0.05508         11.00000       
-62.62464       -62.68064       0.05599         11.00000       
-62.62693       -62.68064       0.05371         11.00000       
-59.64717       -62.68064       3.03347         11.00000       
-59.16024       -62.68064       3.52040         11.00000       
-62.62702       -62.68064       0.05361         11.00000       
-62.62780       -62.68064       0.05284         11.00000       
-62.62798       -62.68064       0.05266         11.00000       
-62.62837       -62.68064       0.05227         11.00000       
-62.62880       -62.68064       0.05184         11.00000       
-62.63856       -62.68064       0.04208         11.00000       
-62.62921       -62.68064       0.05143         11.00000       
-62.63628       -62.68064       0.04436         11.00000       
-62.62939       -62.68064       0.05125         11.00000       
-62.62963       -62.68064       0.05100         11.00000       
-62.63407       -62.68064       0.04657         11.00000       
-62.63436       -62.68064       0.04627         11.00000       
-62.63024       -62.68064       0.05040         11.00000       
-62.63803       -62.68064       0.04260         11.00000       
-62.63823       -62.68064       0.04241         11.00000       
-62.63854       -62.68064       0.04210         11.00000       
-62.63790       -62.68064       0.04273         11.00000       
-62.63855       -62.68064       0.04209         11.00000       
-62.63622       -62.68064       0.04442         11.00000       
-62.63638       -62.68064       0.04425         11.00000       
-62.63617       -62.68064       0.04447         11.00000       
-62.63658       -62.68064       0.04406         11.00000       
-62.63481       -62.68064       0.04583         11.00000       
-62.63170       -62.68064       0.04894         11.00000       
-62.63451       -62.68064       0.04613         11.00000       
-62.62900       -62.68064       0.05164         11.00000       
-63.49149       -62.68064       0.81085         11.00000       
-63.29354       -62.65301       0.64053         11.00000       
-63.25231       -62.66710       0.58521         11.00000       
-63.36918       -62.68064       0.68854         11.00000       
-63.13795       -62.68064       0.45731         11.00000       
-63.14343       -62.68064       0.46279         11.00000       
-63.27588       -62.68064       0.59524         11.00000       
-63.43327       -62.68064       0.75263         11.00000       
-63.28721       -62.68064       0.60658         11.00000       
-63.25197       -62.68064       0.57133         11.00000       
-63.22485       -62.68064       0.54421         11.00000       
-63.34431       -62.68064       0.66367         11.00000       
-63.23412       -62.68064       0.55348         11.00000       
-63.33060       -62.68064       0.64997         11.00000       
-63.27339       -62.67768       0.59571         11.00000       
-63.21688       -62.68064       0.53624         11.00000       
-63.33479       -62.68064       0.65416         11.00000       
-63.41576       -62.67871       0.73704         11.00000       
-63.41143       -62.67869       0.73274         11.00000       
-63.44799       -62.68064       0.76735         11.00000       
-63.42561       -62.68064       0.74497         11.00000       
-63.09740       -62.68064       0.41676         11.00000       
-63.12999       -62.68064       0.44935         11.00000       
-63.21020       -62.67038       0.53982         11.00000       
-63.24224       -62.68056       0.56167         11.00000       
-63.35409       -62.67932       0.67477         11.00000       
-63.22564       -62.68063       0.54501         11.00000       
-63.37747       -62.68007       0.69740         11.00000       
-63.39565       -62.68047       0.71518         11.00000       
-63.15081       -62.68058       0.47023         11.00000       
-63.30275       -62.68064       0.62211         11.00000       
-63.31812       -62.68064       0.63748         11.00000       
-63.36287       -62.68064       0.68223         11.00000       
-63.32376       -62.68064       0.64312         11.00000       
-63.31049       -62.68064       0.62986         11.00000       
-63.28604       -62.68064       0.60540         11.00000       
-63.27634       -62.68064       0.59570         11.00000       
-63.24596       -62.68064       0.56532         11.00000       
-63.32924       -62.68064       0.64860         11.00000       
-63.40184       -62.68064       0.72120         11.00000       
-63.33288       -62.68064       0.65225         11.00000       
-63.22578       -62.68064       0.54514         11.00000       
-63.39475       -62.68064       0.71411         11.00000       
-63.20207       -62.68064       0.52143         11.00000       
-63.36535       -62.68064       0.68471         11.00000       
-63.42084       -62.68064       0.74020         11.00000       
-63.22769       -62.68064       0.54705         11.00000       
-63.38218       -62.68064       0.70155         11.00000       
-63.31165       -62.68064       0.63101         11.00000       
-63.29753       -62.68064       0.61689         11.00000       
-63.34280       -62.68064       0.66216         11.00000       
-63.32423       -62.68064       0.64359         11.00000       
-63.36887       -62.68064       0.68823         11.00000       
-63.30318       -62.68064       0.62254         11.00000       
-63.35726       -62.68064       0.67662         11.00000       
-63.23390       -62.68064       0.55326         11.00000       
-63.24163       -62.68064       0.56099         11.00000       
-63.26706       -62.68064       0.58642         11.00000       
-63.25474       -62.68064       0.57410         11.00000       
-63.28275       -62.68064       0.60212         11.00000       
-63.23797       -62.68063       0.55734         11.00000       
-63.28213       -62.68064       0.60149         11.00000       
-63.30149       -62.68064       0.62085         11.00000       
-63.28245       -62.68064       0.60182         11.00000       
-63.20816       -62.68064       0.52753         11.00000       
-63.24911       -62.68064       0.56847         11.00000       
-63.29481       -62.67832       0.61649         11.00000       
-63.22958       -62.68064       0.54894         11.00000       
-63.24524       -62.67782       0.56742         11.00000       
-63.23504       -62.68064       0.55440         11.00000       
-63.26065       -62.67994       0.58071         11.00000       
-63.32474       -62.68064       0.64410         11.00000       
-63.38537       -62.68064       0.70473         11.00000       
-63.19713       -62.68064       0.51649         11.00000       
-63.37507       -62.68064       0.69443         11.00000       
-63.41319       -62.68064       0.73255         11.00000       
-63.24489       -62.68064       0.56425         11.00000       
-60.80090       -58.32898       2.47192         10.00000       
-63.19140       -62.68064       0.51077         11.00000       
-63.39746       -62.68064       0.71682         11.00000       
-63.34249       -62.68064       0.66185         11.00000       
-63.26717       -62.68064       0.58653         11.00000       
-60.87651       -58.36960       2.50691         10.00000       
-60.83629       -58.36960       2.46669         10.00000       
-60.34233       -58.35832       1.98401         10.00000       
-63.38560       -62.68064       0.70497         11.00000       
-60.97207       -58.34668       2.62539         10.00000       
-60.52265       -58.36960       2.15305         10.00000       
-60.93081       -58.36710       2.56371         10.00000       
-63.22021       -62.68064       0.53957         11.00000       
-60.83881       -58.36960       2.46921         10.00000       
-60.37741       -58.36960       2.00781         10.00000       
-60.81997       -58.35636       2.46361         10.00000       
-60.62096       -58.36776       2.25321         10.00000       
-60.79063       -58.36960       2.42103         10.00000       
-60.99833       -58.36960       2.62873         10.00000       
-61.07921       -58.36914       2.71007         10.00000       
-61.04988       -58.36960       2.68028         10.00000       
-60.91936       -58.36861       2.55075         10.00000       
-60.91521       -58.34880       2.56641         10.00000       
-61.14323       -58.36785       2.77538         10.00000       
-60.63693       -58.36960       2.26733         10.00000       
-60.44867       -58.36960       2.07907         10.00000       
-60.70026       -58.36960       2.33066         10.00000       
-60.52510       -58.36960       2.15550         10.00000       
-60.65660       -58.36960       2.28700         10.00000       
-60.64066       -58.36960       2.27106         10.00000       
-60.68879       -58.36960       2.31919         10.00000       
-60.76309       -58.36960       2.39349         10.00000       
-61.03653       -58.20235       2.83418         10.00000       
-60.93373       -58.08325       2.85048         10.00000       
-60.62814       -58.35764       2.27051         10.00000       
-60.92907       -58.36960       2.55947         10.00000       
-61.01330       -58.36960       2.64370         10.00000       
-60.40685       -58.36960       2.03725         10.00000       
-60.44589       -58.36960       2.07629         10.00000       
-60.29362       -58.33632       1.95730         10.00000       
-60.35313       -57.87485       2.47828         10.00000       
-60.83536       -58.36960       2.46576         10.00000       
-61.11789       -58.36960       2.74829         10.00000       
-60.57026       -58.36960       2.20066         10.00000       
-60.55420       -58.36960       2.18460         10.00000       
-60.99459       -58.36960       2.62499         10.00000       
-60.68965       -58.36960       2.32005         10.00000       
-61.19375       -58.36960       2.82416         10.00000       
-61.01956       -58.36960       2.64996         10.00000       
-60.67537       -58.11768       2.55769         10.00000       
-60.79490       -58.36952       2.42538         10.00000       
-60.85784       -58.36578       2.49206         10.00000       
-60.80367       -58.28401       2.51966         10.00000       
-60.62943       -58.36960       2.25983         10.00000       
-60.64432       -58.36765       2.27668         10.00000       
-60.40634       -58.36960       2.03674         10.00000       
-60.80045       -58.36960       2.43085         10.00000       
-61.00900       -58.36123       2.64776         10.00000       
-60.95935       -58.36627       2.59308         10.00000       
-60.71811       -58.24884       2.46927         10.00000       
-60.74108       -58.24998       2.49110         10.00000       
-61.07668       -58.36960       2.70708         10.00000       
-61.19102       -58.36960       2.82142         10.00000       
-60.60862       -58.36960       2.23902         10.00000       
-60.84828       -58.36960       2.47868         10.00000       
-60.70999       -58.36960       2.34039         10.00000       
-60.43780       -58.30101       2.13678         10.00000       
-61.11875       -58.36329       2.75546         10.00000       
-61.11299       -58.36744       2.74555         10.00000       
-60.58937       -58.33359       2.25578         10.00000       
-60.29274       -58.36960       1.92314         10.00000       
-61.12567       -58.36927       2.75640         10.00000       
-60.34640       -58.36960       1.97680         10.00000       
-60.38350       -58.36960       2.01390         10.00000       
-60.74797       -58.21908       2.52888         10.00000       
-60.51451       -58.36960       2.14491         10.00000       
-61.19607       -58.36960       2.82647         10.00000       
-61.07222       -58.36960       2.70262         10.00000       
-60.50439       -58.36960       2.13479         10.00000       
-60.85773       -58.34388       2.51385         10.00000       
-60.56830       -58.36960       2.19870         10.00000       
-60.97699       -58.29179       2.68520         10.00000       
-60.76959       -58.36960       2.39999         10.00000       
-61.03161       -58.36960       2.66201         10.00000       
-60.37245       -58.36960       2.00285         10.00000       
-60.65925       -58.36960       2.28965         10.00000       
-60.92552       -58.36960       2.55592         10.00000       
-60.91875       -58.36960       2.54915         10.00000       
-60.83848       -58.36903       2.46944         10.00000       
-60.76349       -58.27037       2.49312         10.00000       
-60.66021       -58.36960       2.29061         10.00000       
-60.82479       -58.36960       2.45519         10.00000       
-60.84064       -58.36960       2.47104         10.00000       
-60.55089       -58.36960       2.18129         10.00000       
-60.72334       -58.36960       2.35374         10.00000       
-60.50082       -58.36960       2.13122         10.00000       
-60.72193       -58.36690       2.35504         10.00000       
-60.73042       -58.36958       2.36084         10.00000       
-61.05388       -58.36942       2.68447         10.00000       
-60.69738       -58.36960       2.32778         10.00000       
-60.92222       -58.36955       2.55267         10.00000       
-60.62887       -58.36960       2.25927         10.00000       
-60.52418       -58.36960       2.15458         10.00000       
-60.68618       -58.36960       2.31658         10.00000       
-60.66749       -58.36960       2.29789         10.00000       
-60.65494       -58.36960       2.28534         10.00000       
-60.86246       -58.36960       2.49286         10.00000       
-61.00619       -58.36960       2.63659         10.00000       
-61.03953       -58.36960       2.66993         10.00000       
-60.84113       -58.36960       2.47153         10.00000       
-60.90771       -58.36960       2.53811         10.00000       
-60.49062       -58.31245       2.17817         10.00000       
-60.44989       -58.36960       2.08029         10.00000       
-60.40304       -58.36960       2.03344         10.00000       
-60.77255       -58.36960       2.40295         10.00000       
-60.78613       -58.35833       2.42780         10.00000       
-61.27357       -58.36960       2.90397         10.00000       
-60.66354       -58.36960       2.29394         10.00000       
-60.47182       -58.36960       2.10222         10.00000       
-60.87223       -58.34008       2.53215         10.00000       
-60.87319       -58.36960       2.50359         10.00000       
-60.83807       -58.36960       2.46847         10.00000       
-60.42539       -58.34617       2.07922         10.00000       
-60.75844       -58.36960       2.38884         10.00000       
-60.53180       -58.33330       2.19850         10.00000       
-60.55155       -58.36960       2.18195         10.00000       
-60.53084       -58.36960       2.16124         10.00000       
-60.59670       -58.36960       2.22710         10.00000       
-60.91584       -58.36960       2.54624         10.00000       
-60.84657       -58.36960       2.47697         10.00000       
-60.68674       -58.36960       2.31714         10.00000       
-60.81526       -58.36960       2.44566         10.00000       
-60.78757       -58.31825       2.46932         10.00000       
-60.76832       -58.36960       2.39872         10.00000       
-60.90734       -58.36923       2.53811         10.00000       
-60.84608       -58.33393       2.51215         10.00000       
-60.89818       -58.36960       2.52858         10.00000       
-61.04034       -58.36960       2.67075         10.00000       
-61.00936       -58.36960       2.63976         10.00000       
-60.67294       -58.36960       2.30334         10.00000       
-60.93279       -58.36960       2.56319         10.00000       
-60.52621       -58.36960       2.15661         10.00000       
-60.36006       -58.36960       1.99046         10.00000       
-60.73070       -58.36515       2.36555         10.00000       
-60.75523       -58.36917       2.38606         10.00000       
-60.94707       -58.36960       2.57747         10.00000       
-60.64989       -58.36960       2.28029         10.00000       
-60.61254       -58.36960       2.24294         10.00000       
-60.20024       -58.36960       1.83064         10.00000       
-60.78451       -58.36945       2.41506         10.00000       
-60.80817       -58.36960       2.43858         10.00000       
-60.77842       -58.36922       2.40920         10.00000       
-60.83434       -58.36960       2.46474         10.00000       
-60.75425       -58.36960       2.38465         10.00000       
-60.52698       -58.33596       2.19102         10.00000       
-60.49739       -58.32731       2.17008         10.00000       
-60.79885       -58.36960       2.42925         10.00000       
-60.73860       -58.36960       2.36900         10.00000       
-60.41947       -58.36960       2.04987         10.00000       
-60.44698       -58.31944       2.12755         10.00000       
-60.57785       -58.36960       2.20825         10.00000       
-60.50694       -58.36960       2.13734         10.00000       
-60.62850       -58.32559       2.30290         10.00000       
-60.84944       -58.36960       2.47984         10.00000       
-60.78035       -58.36960       2.41075         10.00000       
-60.98430       -58.36960       2.61470         10.00000       
-60.88549       -58.36960       2.51589         10.00000       
-60.79078       -58.29506       2.49572         10.00000       
-60.80013       -58.36960       2.43053         10.00000       
-60.61928       -58.36723       2.25205         10.00000       
-60.45500       -58.36960       2.08540         10.00000       
-98.18090       -94.53894       3.64196         16.00000       
-60.55092       -58.35559       2.19533         10.00000       
-60.67704       -58.35261       2.32443         10.00000       
-60.94870       -58.35820       2.59051         10.00000       
-60.85423       -58.36926       2.48497         10.00000       
-60.89562       -58.36960       2.52602         10.00000       
-60.61924       -58.36960       2.24964         10.00000       
-60.05728       -58.36960       1.68768         10.00000       
-60.62510       -58.36960       2.25550         10.00000       
-60.70582       -58.36960       2.33622         10.00000       
-60.59492       -58.36960       2.22532         10.00000       
-61.19253       -58.36960       2.82293         10.00000       
-60.81636       -58.36958       2.44678         10.00000       
-60.55463       -58.35794       2.19669         10.00000       
-100.26314      -99.40317       0.85997         18.00000       
-101.10196      -99.40317       1.69879         18.00000       
-101.73524      -99.40317       2.33207         18.00000       
-101.86245      -99.40317       2.45927         18.00000       
-101.96372      -99.40317       2.56054         18.00000       
-102.22613      -99.40166       2.82447         18.00000       
-102.16276      -99.40310       2.75967         18.00000       
-102.21985      -99.40189       2.81796         18.00000       
-102.28210      -99.39937       2.88273         18.00000       
-102.31291      -99.39821       2.91470         18.00000       
-102.32186      -99.39782       2.92404         18.00000       
-73.90775       -74.44079       0.53304         13.00000       
-74.10272       -74.44079       0.33806         13.00000       
-73.44844       -74.44079       0.99234         13.00000       
-73.62437       -74.44079       0.81642         13.00000       
-73.64177       -74.44079       0.79902         13.00000       
-73.53180       -74.44079       0.90899         13.00000       
-73.41047       -74.44057       1.03010         13.00000       
-73.37619       -74.44079       1.06459         13.00000       
-73.41908       -74.44079       1.02171         13.00000       
-102.39813      -99.39619       3.00194         18.00000       
-102.38000      -99.39625       2.98375         18.00000       
-73.46613       -74.44079       0.97465         13.00000       
-73.40914       -74.43558       1.02644         13.00000       
-73.41229       -74.44079       1.02849         13.00000       
-73.54230       -74.44079       0.89849         13.00000       
-73.49072       -74.43962       0.94890         13.00000       
-73.48516       -74.44079       0.95563         13.00000       
-73.47772       -74.44079       0.96307         13.00000       
-73.53383       -74.44078       0.90696         13.00000       
-73.55724       -74.44079       0.88355         13.00000       
-73.27661       -74.44079       1.16417         13.00000       
-73.47747       -74.44079       0.96332         13.00000       
-98.18082       -94.53894       3.64188         16.00000       
-97.60933       -94.53894       3.07039         16.00000       
-73.39325       -74.44079       1.04753         13.00000       
-73.40664       -74.44079       1.03414         13.00000       
-73.41704       -74.44079       1.02375         13.00000       
-73.48313       -74.44079       0.95765         13.00000       
-73.39459       -74.44079       1.04620         13.00000       
-73.29458       -74.43975       1.14517         13.00000       
-73.30240       -74.44036       1.13797         13.00000       
-73.30606       -74.44079       1.13473         13.00000       
-73.44279       -74.44079       0.99800         13.00000       
-73.45385       -74.44079       0.98694         13.00000       
-73.49992       -74.44079       0.94087         13.00000       
-73.35192       -74.44079       1.08887         13.00000       
-73.51736       -74.39358       0.87622         13.00000       
-73.36382       -74.44079       1.07697         13.00000       
-73.34415       -74.44079       1.09663         13.00000       
-73.48261       -74.44021       0.95760         13.00000       
-73.34367       -74.44078       1.09711         13.00000       
-73.35212       -74.44079       1.08867         13.00000       
-73.21018       -74.44079       1.23060         13.00000       
-73.41277       -74.44079       1.02802         13.00000       
-73.38318       -74.44079       1.05760         13.00000       
-97.48535       -94.53894       2.94641         16.00000       
-97.28925       -94.53894       2.75031         16.00000       
-97.37500       -94.53021       2.84479         16.00000       
-97.42901       -94.53894       2.89007         16.00000       
-97.35568       -94.53893       2.81675         16.00000       
-73.32959       -74.44079       1.11120         13.00000       
-97.43810       -94.53893       2.89916         16.00000       
-97.43405       -94.52984       2.90421         16.00000       
-97.45222       -94.53894       2.91328         16.00000       
-97.17659       -94.53894       2.63765         16.00000       
-97.39824       -94.53857       2.85967         16.00000       
-97.65595       -94.53894       3.11701         16.00000       
-97.66773       -94.53894       3.12879         16.00000       
-73.53930       -74.44079       0.90148         13.00000       
-97.74473       -94.53444       3.21029         16.00000       
-97.52620       -94.53894       2.98727         16.00000       
-97.55956       -94.53894       3.02062         16.00000       
-97.48219       -94.53894       2.94325         16.00000       
-73.45463       -74.44079       0.98616         13.00000       
-73.38644       -74.44079       1.05435         13.00000       
-97.40685       -94.53894       2.86791         16.00000       
-97.43177       -94.53894       2.89283         16.00000       
-97.41332       -94.53894       2.87439         16.00000       
-97.35865       -94.53894       2.81971         16.00000       
-97.37587       -94.53894       2.83694         16.00000       
-73.46548       -74.44079       0.97530         13.00000       
-73.64854       -74.44079       0.79225         13.00000       
-97.57339       -94.53894       3.03445         16.00000       
-73.30390       -74.43953       1.13563         13.00000       
-73.47984       -74.44079       0.96094         13.00000       
-73.38115       -74.44079       1.05963         13.00000       
-73.48128       -74.44079       0.95951         13.00000       
-73.51229       -74.44079       0.92849         13.00000       
-73.35375       -74.44079       1.08703         13.00000       
-73.44476       -74.44079       0.99603         13.00000       
-97.38444       -94.53894       2.84551         16.00000       
-73.49357       -74.44079       0.94721         13.00000       
-73.56880       -74.44079       0.87199         13.00000       
-73.35869       -74.35145       0.99276         13.00000       
-73.48415       -74.44005       0.95590         13.00000       
-73.23876       -74.44079       1.20203         13.00000       
-73.40557       -74.44079       1.03522         13.00000       
-73.46650       -74.44079       0.97429         13.00000       
-73.58676       -74.44079       0.85402         13.00000       
-73.52948       -74.44068       0.91120         13.00000       
-73.53896       -74.44079       0.90183         13.00000       
-73.48111       -74.44079       0.95967         13.00000       
-73.49926       -74.44000       0.94074         13.00000       
-73.71522       -74.44079       0.72557         13.00000       
-73.77058       -74.44079       0.67021         13.00000       
-73.70654       -74.44079       0.73425         13.00000       
-73.74805       -74.44079       0.69273         13.00000       
-73.73311       -74.44079       0.70767         13.00000       
-73.45009       -74.44079       0.99069         13.00000       
-73.43943       -74.44078       1.00135         13.00000       
-73.41030       -74.43796       1.02766         13.00000       
-73.35154       -74.43251       1.08096         13.00000       
-73.47398       -74.44027       0.96629         13.00000       
-73.55767       -74.44079       0.88311         13.00000       
-73.73753       -74.43954       0.70201         13.00000       
-73.43141       -74.44007       1.00866         13.00000       
-73.38364       -74.44061       1.05697         13.00000       
-73.41990       -74.44079       1.02089         13.00000       
-73.32166       -74.44024       1.11858         13.00000       
-73.39074       -74.43031       1.03957         13.00000       
-73.46368       -74.42972       0.96604         13.00000       
-73.39247       -74.44079       1.04832         13.00000       
-73.35054       -74.44079       1.09025         13.00000       
-73.36077       -74.44079       1.08002         13.00000       
-73.42956       -74.44079       1.01123         13.00000       
-73.46894       -74.44079       0.97185         13.00000       
-73.56192       -74.44079       0.87887         13.00000       
-73.22948       -74.44079       1.21131         13.00000       
-73.47623       -74.44079       0.96455         13.00000       
-73.56741       -74.44079       0.87337         13.00000       
-73.39449       -74.44079       1.04629         13.00000       
-73.58010       -74.44079       0.86069         13.00000       
# MSE = 1.18666E+01
# Maxerror = 1.15878E+01
