# Reference      Predicted      Error          #atoms         
-20.55840       -20.47008       0.08832         6.00000        
-19.61686       -20.46165       0.84479         6.00000        
-19.55847       -18.86679       0.69168         6.00000        
-18.88291       -18.01937       0.86354         6.00000        
-19.37692       -20.34555       0.96863         6.00000        
-18.84496       -20.04115       1.19619         6.00000        
-17.15459       -19.08827       1.93369         6.00000        
-20.12501       -20.64459       0.51959         6.00000        
-16.49490       -18.74824       2.25334         6.00000        
-19.49956       -20.40662       0.90706         6.00000        
-17.61977       -16.53725       1.08252         6.00000        
-17.95273       -19.51938       1.56665         6.00000        
-16.99098       -19.00288       2.01190         6.00000        
-20.35047       -20.67798       0.32752         6.00000        
-18.41041       -19.78045       1.37004         6.00000        
-20.51671       -20.31702       0.19969         6.00000        
-17.97835       -16.94640       1.03195         6.00000        
-17.23040       -16.09992       1.13048         6.00000        
-15.99381       -18.49623       2.50242         6.00000        
-16.66103       -18.83282       2.17179         6.00000        
-20.55104       -20.57904       0.02800         6.00000        
-20.20772       -20.66217       0.45444         6.00000        
-20.50016       -20.64636       0.14619         6.00000        
-17.31694       -19.17396       1.85702         6.00000        
-20.53077       -20.61777       0.08701         6.00000        
-20.28302       -20.67334       0.39032         6.00000        
-20.56016       -20.52985       0.03031         6.00000        
-18.10743       -19.60636       1.49894         6.00000        
-16.35228       -15.11412       1.23816         6.00000        
-18.55808       -19.86748       1.30940         6.00000        
-16.82638       -18.91771       2.09133         6.00000        
-16.32839       -18.66390       2.33551         6.00000        
-19.93934       -20.59016       0.65082         6.00000        
-20.15953       -19.68303       0.47650         6.00000        
-20.03816       -19.50870       0.52946         6.00000        
-20.54387       -20.39951       0.14436         6.00000        
-19.13191       -18.32604       0.80588         6.00000        
-19.24988       -20.27833       1.02846         6.00000        
-19.11872       -20.20504       1.08632         6.00000        
-19.73851       -19.10223       0.63629         6.00000        
-18.98374       -20.12564       1.14191         6.00000        
-16.16117       -18.57984       2.41868         6.00000        
-18.60832       -17.68742       0.92090         6.00000        
-18.26010       -19.69345       1.43335         6.00000        
-20.03551       -20.62056       0.58506         6.00000        
-20.34942       -19.98294       0.36648         6.00000        
-18.70307       -19.95440       1.25132         6.00000        
-20.45938       -20.66529       0.20592         6.00000        
-19.83738       -20.55342       0.71604         6.00000        
-17.47818       -19.25992       1.78173         6.00000        
-17.63799       -19.34615       1.70816         6.00000        
-16.80843       -15.62795       1.18048         6.00000        
-20.47555       -20.22072       0.25483         6.00000        
-20.42004       -20.10951       0.31054         6.00000        
-17.79622       -19.43267       1.63645         6.00000        
-19.72965       -20.51058       0.78093         6.00000        
-19.89846       -19.31560       0.58287         6.00000        
-20.40930       -20.67552       0.26622         6.00000        
-20.26275       -19.84081       0.42194         6.00000        
-18.30742       -17.32972       0.97770         6.00000        
-19.35665       -18.60830       0.74836         6.00000        
-74.27615       -73.90908       0.36706         18.00000       
-75.56312       -75.56648       0.00336         18.00000       
-64.14075       -63.45576       0.68499         18.00000       
-59.24629       -58.28864       0.95765         18.00000       
-75.07429       -75.08200       0.00771         18.00000       
-73.78020       -73.67393       0.10627         18.00000       
-68.68062       -69.25163       0.57101         18.00000       
-76.23238       -76.11716       0.11522         18.00000       
-66.45947       -67.70472       1.24525         18.00000       
-75.33393       -75.34299       0.00906         18.00000       
-50.82620       -49.54581       1.28038         18.00000       
-71.22120       -71.23965       0.01845         18.00000       
-68.13868       -68.86145       0.72277         18.00000       
-76.17448       -75.97005       0.20443         18.00000       
-72.58061       -72.45570       0.12491         18.00000       
-73.18188       -72.78222       0.39965         18.00000       
-53.15414       -51.92176       1.23237         18.00000       
-48.33693       -47.02379       1.31314         18.00000       
-64.71538       -66.57023       1.85484         18.00000       
-67.02746       -68.08800       1.06053         18.00000       
-75.10442       -74.78541       0.31902         18.00000       
-76.25591       -76.10871       0.14721         18.00000       
-75.69384       -75.42251       0.27134         18.00000       
-69.21194       -69.64412       0.43217         18.00000       
-75.42761       -75.13327       0.29434         18.00000       
-76.23731       -76.05980       0.17751         18.00000       
-74.72064       -74.37758       0.34306         18.00000       
-71.69001       -71.64442       0.04558         18.00000       
-42.84073       -41.39843       1.44231         18.00000       
-72.99964       -72.86140       0.13824         18.00000       
-67.58727       -68.47357       0.88630         18.00000       
-65.88480       -67.32376       1.43896         18.00000       
-76.06865       -76.01282       0.05583         18.00000       
-69.08808       -68.56700       0.52108         18.00000       
-68.00417       -67.45986       0.54431         18.00000       
-73.76348       -73.37907       0.38441         18.00000       
-61.00241       -60.14744       0.85497         18.00000       
-74.78766       -74.78280       0.00486         18.00000       
-74.47562       -74.44529       0.03033         18.00000       
-65.53542       -64.91199       0.62344         18.00000       
-74.13962       -74.07114       0.06848         18.00000       
-65.30273       -66.94536       1.64263         18.00000       
-57.35661       -56.29310       1.06351         18.00000       
-72.14363       -72.05003       0.09361         18.00000       
-76.16961       -76.08518       0.08443         18.00000       
-70.97771       -70.50964       0.46807         18.00000       
-73.40009       -73.26760       0.13249         18.00000       
-75.90483       -75.65540       0.24943         18.00000       
-75.93308       -75.90145       0.03163         18.00000       
-69.73292       -70.03905       0.30613         18.00000       
-70.24194       -70.43662       0.19468         18.00000       
-45.67783       -44.31799       1.35984         18.00000       
-72.52518       -72.10842       0.41675         18.00000       
-71.79201       -71.35159       0.44041         18.00000       
-70.73832       -70.83684       0.09852         18.00000       
-75.76357       -75.75263       0.01094         18.00000       
-66.82269       -66.24406       0.57863         18.00000       
-76.06408       -75.83643       0.22765         18.00000       
-70.07783       -69.58167       0.49616         18.00000       
-55.32888       -54.17050       1.15838         18.00000       
-62.63173       -61.86902       0.76270         18.00000       
-115.79381      -115.51276      0.28105         64.00000       
-235.40028      -235.95151      0.55123         64.00000       
67.43606        67.41775        0.01831         64.00000       
138.76718       138.74363       0.02355         64.00000       
-244.02640      -244.82529      0.79889         64.00000       
-257.59200      -258.30434      0.71234         64.00000       
-275.19615      -275.13188      0.06426         64.00000       
-207.45428      -207.57759      0.12331         64.00000       
-276.28494      -276.56303      0.27810         64.00000       
-239.88618      -240.56170      0.67553         64.00000       
252.55397       252.61921       0.06525         64.00000       
-270.23673      -270.28262      0.04589         64.00000       
-275.68719      -275.63825      0.04894         64.00000       
-185.58713      -185.95995      0.37282         64.00000       
-264.94534      -265.16720      0.22186         64.00000       
-90.07209       -90.02286       0.04923         64.00000       
221.92925       221.97682       0.04756         64.00000       
284.76476       284.73632       0.02844         64.00000       
-275.72502      -276.57132      0.84631         64.00000       
-276.22422      -276.35591      0.13169         64.00000       
-138.75416      -138.73153      0.02264         64.00000       
-200.62729      -200.86559      0.23830         64.00000       
-159.18414      -159.42970      0.24556         64.00000       
-274.55123      -274.51404      0.03720         64.00000       
-149.26472      -149.39550      0.13079         64.00000       
-193.34649      -193.68103      0.33454         64.00000       
-127.59731      -127.43147      0.16584         64.00000       
-268.68454      -268.75690      0.07236         64.00000       
354.19763       354.27955       0.08192         64.00000       
-262.74077      -263.10411      0.36334         64.00000       
-276.02522      -276.04673      0.02152         64.00000       
-276.22033      -276.66660      0.44627         64.00000       
-219.81379      -219.96981      0.15602         64.00000       
-11.93182       -11.90709       0.02473         64.00000       
6.37103         6.36700         0.00403         64.00000       
-103.30192      -103.07212      0.22980         64.00000       
113.76370       113.78858       0.02488         64.00000       
-247.85871      -248.73077      0.87206         64.00000       
-251.38996      -252.26970      0.87974         64.00000       
46.01149        46.01098        0.00051         64.00000       
-254.62903      -255.48368      0.85465         64.00000       
-276.03016      -276.66668      0.63652         64.00000       
165.07822       165.05961       0.01861         64.00000       
-266.92721      -267.04583      0.11862         64.00000       
-213.84589      -213.94566      0.09977         64.00000       
-45.75468       -45.77638       0.02170         64.00000       
-260.29336      -260.82371      0.53036         64.00000       
-168.52738      -168.85098      0.32359         64.00000       
-225.37724      -225.65002      0.27279         64.00000       
-273.73924      -273.72508      0.01416         64.00000       
-272.75792      -272.75801      0.00008         64.00000       
318.61252       318.48198       0.13053         64.00000       
-76.10322       -76.15431       0.05108         64.00000       
-61.34023       -61.40968       0.06945         64.00000       
-271.59510      -271.61168      0.01659         64.00000       
-230.57298      -230.98183      0.40886         64.00000       
25.66765        25.66429        0.00336         64.00000       
-177.31424      -177.68719      0.37295         64.00000       
-29.30088       -29.26848       0.03241         64.00000       
192.80490       192.79268       0.01222         64.00000       
89.99643        90.00467        0.00824         64.00000       
-246.53152      -246.71963      0.18811         64.00000       
-283.76737      -284.77296      1.00559         64.00000       
-167.17505      -166.61688      0.55817         64.00000       
-133.62061      -133.23541      0.38520         64.00000       
-284.86920      -286.29600      1.42680         64.00000       
-285.19517      -287.10187      1.90669         64.00000       
-276.31571      -276.50846      0.19274         64.00000       
-277.69094      -277.73224      0.04130         64.00000       
-270.58768      -269.86322      0.72446         64.00000       
-284.39867      -285.62574      1.22707         64.00000       
-78.34116       -78.61229       0.27113         64.00000       
-281.80863      -283.26821      1.45958         64.00000       
-274.98381      -274.85160      0.13222         64.00000       
-271.35137      -271.21026      0.14111         64.00000       
-284.00081      -285.76186      1.76104         64.00000       
-236.29653      -236.31492      0.01839         64.00000       
-93.40344       -93.54625       0.14281         64.00000       
-62.38662       -62.69178       0.30516         64.00000       
-265.67191      -264.84951      0.82241         64.00000       
-272.11429      -271.52907      0.58522         64.00000       
-255.25401      -255.43493      0.18093         64.00000       
-275.82411      -275.76772      0.05639         64.00000       
-262.60615      -262.59255      0.01360         64.00000       
-277.57714      -278.14130      0.56417         64.00000       
-259.09012      -259.18982      0.09970         64.00000       
-273.71599      -273.60021      0.11579         64.00000       
-251.07100      -251.27996      0.20895         64.00000       
-282.64175      -284.22176      1.58001         64.00000       
-27.58983       -27.53562       0.05421         64.00000       
-284.52888      -286.34685      1.81797         64.00000       
-273.58128      -273.19186      0.38941         64.00000       
-269.00148      -268.19430      0.80718         64.00000       
-280.74102      -281.10393      0.36291         64.00000       
-203.09999      -202.11018      0.98981         64.00000       
-194.97027      -194.04639      0.92388         64.00000       
-241.61143      -241.74473      0.13330         64.00000       
-145.49219      -145.04461      0.44758         64.00000       
-285.16799      -286.78914      1.62114         64.00000       
-285.32151      -287.10554      1.78402         64.00000       
-177.04645      -176.38982      0.65663         64.00000       
-285.33032      -287.22522      1.89490         64.00000       
-267.36009      -266.52234      0.83775         64.00000       
-121.00196      -120.73043      0.27152         64.00000       
-283.37072      -285.05211      1.68139         64.00000       
-279.32683      -279.51065      0.18382         64.00000       
-217.79641      -217.17177      0.62464         64.00000       
-284.92481      -286.79534      1.87054         64.00000       
-265.81100      -265.71931      0.09169         64.00000       
-281.94489      -282.51207      0.56719         64.00000       
-278.76036      -279.63863      0.87827         64.00000       
-279.86415      -280.98701      1.12287         64.00000       
-45.48741       -45.70934       0.22192         64.00000       
-230.57524      -230.42344      0.15180         64.00000       
-224.40963      -224.05797      0.35166         64.00000       
-280.88291      -282.19127      1.30837         64.00000       
-282.95169      -283.73508      0.78339         64.00000       
-186.29364      -185.52148      0.77215         64.00000       
-268.72534      -268.58739      0.13794         64.00000       
-210.69545      -209.81472      0.88073         64.00000       
-107.61183      -107.52052      0.09131         64.00000       
-156.67615      -156.17343      0.50273         64.00000       
-11.02388       -10.50632       0.51756         4.00000        
-18.20424       -18.18523       0.01901         4.00000        
-16.23381       -15.83705       0.39676         4.00000        
-16.92996       -16.51000       0.41996         4.00000        
-18.14202       -18.03305       0.10897         4.00000        
-18.18948       -18.12728       0.06219         4.00000        
-16.64147       -16.55376       0.08771         4.00000        
-16.47513       -16.06132       0.41381         4.00000        
-16.15373       -16.01025       0.14349         4.00000        
-15.57742       -15.37008       0.20733         4.00000        
-17.83670       -17.59101       0.24570         4.00000        
-17.52206       -17.17281       0.34925         4.00000        
-17.68861       -17.38774       0.30087         4.00000        
-17.04891       -17.00598       0.04292         4.00000        
-18.06546       -17.91167       0.15379         4.00000        
-15.98498       -15.61340       0.37158         4.00000        
-18.01608       -18.04043       0.02435         4.00000        
-18.18313       -18.18833       0.00520         4.00000        
-17.38338       -17.37467       0.00870         4.00000        
-13.22443       -12.79828       0.42616         4.00000        
-17.86108       -17.88722       0.02614         4.00000        
-17.33871       -16.95476       0.38396         4.00000        
-17.14084       -16.73359       0.40726         4.00000        
-14.90429       -14.62717       0.27712         4.00000        
-14.12371       -13.77377       0.34994         4.00000        
-16.70757       -16.28562       0.42195         4.00000        
-12.19559       -11.71998       0.47561         4.00000        
-17.65215       -17.66666       0.01451         4.00000        
-18.12184       -18.14017       0.01832         4.00000        
-17.96286       -17.76480       0.19806         4.00000        
-132.27560      -132.32882      0.05322         32.00000       
-138.78137      -138.43385      0.34752         32.00000       
-127.44122      -127.21616      0.22506         32.00000       
-135.74294      -134.99790      0.74503         32.00000       
-138.40146      -137.79291      0.60855         32.00000       
-136.91892      -136.33954      0.57938         32.00000       
-137.39937      -137.16713      0.23224         32.00000       
-134.77223      -134.66769      0.10454         32.00000       
-138.75994      -138.45094      0.30900         32.00000       
-136.90759      -136.72344      0.18415         32.00000       
-139.34216      -138.51963      0.82253         32.00000       
-136.19626      -136.07420      0.12206         32.00000       
-136.51028      -136.40602      0.10426         32.00000       
-137.72594      -137.50983      0.21611         32.00000       
-138.05404      -137.68502      0.36902         32.00000       
-137.79472      -137.42929      0.36543         32.00000       
-139.37239      -139.01559      0.35679         32.00000       
-135.27012      -135.12371      0.14641         32.00000       
-136.32320      -135.92251      0.40069         32.00000       
-138.87780      -138.76077      0.11702         32.00000       
-137.90157      -137.51333      0.38823         32.00000       
-138.37207      -138.10836      0.26371         32.00000       
-134.07365      -134.28348      0.20983         32.00000       
-135.22388      -135.04958      0.17430         32.00000       
-137.17230      -136.97623      0.19607         32.00000       
-138.29985      -137.67105      0.62880         32.00000       
-137.76415      -137.42622      0.33793         32.00000       
-135.85834      -136.00868      0.15034         32.00000       
-135.02822      -135.18362      0.15541         32.00000       
-138.50408      -138.24402      0.26006         32.00000       
-136.54103      -136.09435      0.44668         32.00000       
-138.36475      -138.07024      0.29450         32.00000       
-135.83649      -135.37510      0.46139         32.00000       
-133.13779      -133.04253      0.09526         32.00000       
-139.18339      -139.00016      0.18323         32.00000       
-137.31792      -137.29594      0.02198         32.00000       
-138.41032      -138.24405      0.16626         32.00000       
-134.02229      -133.51138      0.51092         32.00000       
-138.22159      -137.80925      0.41234         32.00000       
-135.71377      -135.60557      0.10820         32.00000       
-138.78756      -138.23519      0.55237         32.00000       
-128.59046      -128.71801      0.12754         32.00000       
-138.53668      -138.70529      0.16862         32.00000       
-138.64633      -138.52590      0.12043         32.00000       
-135.13504      -134.97750      0.15755         32.00000       
-137.33534      -136.81240      0.52294         32.00000       
-139.60733      -139.08446      0.52286         32.00000       
-140.15307      -139.87603      0.27704         32.00000       
-133.71461      -132.82464      0.88997         32.00000       
-138.98379      -138.83142      0.15238         32.00000       
-137.30663      -136.96209      0.34454         32.00000       
-138.02960      -137.56653      0.46307         32.00000       
-138.44877      -138.58398      0.13521         32.00000       
-139.74326      -139.65100      0.09225         32.00000       
-137.78570      -137.60164      0.18406         32.00000       
-136.96142      -136.48272      0.47870         32.00000       
-138.01189      -137.95148      0.06041         32.00000       
-139.68471      -139.19100      0.49370         32.00000       
-135.31228      -135.24234      0.06994         32.00000       
-137.13991      -137.08339      0.05652         32.00000       
-138.26593      -137.97169      0.29424         32.00000       
-138.58207      -138.70717      0.12510         32.00000       
-138.86178      -138.64468      0.21710         32.00000       
-139.63879      -139.22857      0.41022         32.00000       
-139.03134      -138.74071      0.29063         32.00000       
-137.35679      -137.17935      0.17744         32.00000       
-135.70169      -135.13942      0.56227         32.00000       
-136.41224      -135.85692      0.55532         32.00000       
-134.79773      -134.75625      0.04149         32.00000       
-136.15569      -136.23980      0.08411         32.00000       
-135.15734      -135.06484      0.09250         32.00000       
-139.73267      -139.32367      0.40900         32.00000       
-138.17224      -137.95120      0.22104         32.00000       
-139.46249      -139.45079      0.01170         32.00000       
-136.55909      -136.43531      0.12378         32.00000       
-135.10287      -134.82268      0.28019         32.00000       
-136.14537      -136.40013      0.25476         32.00000       
-135.41264      -135.22868      0.18396         32.00000       
-135.69710      -135.87243      0.17533         32.00000       
-136.62103      -136.08875      0.53228         32.00000       
-138.47859      -137.76450      0.71409         32.00000       
-137.28332      -136.91835      0.36496         32.00000       
-138.87447      -138.62616      0.24831         32.00000       
-136.34838      -136.21819      0.13018         32.00000       
-139.84774      -139.46876      0.37898         32.00000       
-138.61970      -138.43835      0.18135         32.00000       
-137.70367      -137.57108      0.13259         32.00000       
-136.68415      -135.96909      0.71506         32.00000       
-139.70177      -138.57192      1.12985         32.00000       
-135.61236      -135.60214      0.01022         32.00000       
-137.30503      -136.94573      0.35930         32.00000       
-135.36001      -134.50188      0.85813         32.00000       
-136.66232      -136.36689      0.29543         32.00000       
-137.04429      -136.85221      0.19208         32.00000       
-133.96695      -133.47906      0.48789         32.00000       
-139.52595      -139.42253      0.10342         32.00000       
-140.40975      -140.05822      0.35154         32.00000       
-138.79005      -138.58874      0.20130         32.00000       
-135.85319      -136.03159      0.17839         32.00000       
-136.46775      -136.28602      0.18173         32.00000       
-134.07380      -133.81187      0.26193         32.00000       
-139.47023      -138.80360      0.66663         32.00000       
-137.41204      -137.39213      0.01991         32.00000       
-139.64004      -139.54165      0.09839         32.00000       
-138.86587      -138.39938      0.46649         32.00000       
-136.55093      -136.30830      0.24263         32.00000       
-138.05726      -137.03240      1.02486         32.00000       
-137.69801      -136.72228      0.97574         32.00000       
-136.79342      -136.64697      0.14645         32.00000       
-138.70122      -138.77687      0.07565         32.00000       
-133.43585      -133.27301      0.16284         32.00000       
-136.12258      -136.20363      0.08105         32.00000       
-137.22950      -137.30400      0.07450         32.00000       
-137.30896      -136.98708      0.32188         32.00000       
-138.80800      -138.22640      0.58161         32.00000       
-138.71418      -138.30667      0.40751         32.00000       
-138.56926      -138.23462      0.33464         32.00000       
-137.02384      -136.65747      0.36636         32.00000       
-139.25101      -139.03860      0.21241         32.00000       
-136.19097      -135.98072      0.21024         32.00000       
-138.06980      -137.81775      0.25205         32.00000       
-138.73671      -138.43960      0.29710         32.00000       
-136.64274      -136.58018      0.06257         32.00000       
-138.86861      -138.77387      0.09474         32.00000       
-138.53310      -137.96065      0.57245         32.00000       
-137.30423      -136.73868      0.56556         32.00000       
-135.40327      -135.58096      0.17769         32.00000       
-138.57864      -138.42146      0.15718         32.00000       
-135.36801      -135.26029      0.10772         32.00000       
-136.58620      -136.31458      0.27162         32.00000       
-137.25059      -136.86033      0.39026         32.00000       
-137.50627      -137.41042      0.09585         32.00000       
-137.14667      -136.99893      0.14773         32.00000       
-137.04440      -136.79252      0.25189         32.00000       
-138.97383      -139.11704      0.14321         32.00000       
-134.32063      -133.97260      0.34803         32.00000       
-138.43273      -138.06466      0.36807         32.00000       
-136.35422      -136.33202      0.02221         32.00000       
-138.36516      -137.54100      0.82416         32.00000       
-136.03196      -135.96759      0.06437         32.00000       
-138.82079      -138.26306      0.55773         32.00000       
-135.55551      -135.65060      0.09508         32.00000       
-137.20571      -136.58444      0.62127         32.00000       
-137.70836      -137.38073      0.32763         32.00000       
-135.17610      -134.61427      0.56183         32.00000       
-137.80916      -137.28746      0.52170         32.00000       
-137.27250      -137.25466      0.01784         32.00000       
-139.38144      -139.18026      0.20118         32.00000       
-138.31187      -138.14063      0.17125         32.00000       
-133.84222      -133.65791      0.18431         32.00000       
-137.55380      -137.40220      0.15160         32.00000       
-137.10002      -137.15563      0.05561         32.00000       
-138.99936      -138.43317      0.56620         32.00000       
-137.64756      -137.59833      0.04923         32.00000       
-137.20338      -137.25340      0.05002         32.00000       
-139.32860      -139.08982      0.23878         32.00000       
-134.91356      -134.07833      0.83523         32.00000       
-137.93707      -138.12452      0.18745         32.00000       
-137.26871      -137.20943      0.05929         32.00000       
-138.78388      -138.39747      0.38641         32.00000       
-136.37365      -136.45361      0.07996         32.00000       
-139.33109      -139.20648      0.12461         32.00000       
-139.49984      -139.50498      0.00514         32.00000       
-137.91456      -137.59400      0.32056         32.00000       
-137.43994      -137.30959      0.13034         32.00000       
-139.53877      -139.07599      0.46278         32.00000       
-138.65894      -138.26616      0.39278         32.00000       
-137.31938      -137.40390      0.08453         32.00000       
-138.53826      -138.40718      0.13108         32.00000       
-132.90938      -132.21947      0.68991         32.00000       
-137.27958      -137.18223      0.09734         32.00000       
-138.26407      -138.32152      0.05745         32.00000       
-137.03003      -137.31292      0.28289         32.00000       
-137.90587      -137.14496      0.76091         32.00000       
-138.86799      -138.56601      0.30198         32.00000       
-136.83028      -135.67144      1.15884         32.00000       
-138.00580      -137.74273      0.26307         32.00000       
-137.13329      -136.85626      0.27703         32.00000       
-139.37112      -139.30505      0.06607         32.00000       
-137.68412      -137.15447      0.52964         32.00000       
-134.58437      -133.97558      0.60880         32.00000       
-137.22817      -137.17123      0.05695         32.00000       
-137.18023      -137.07757      0.10266         32.00000       
-137.47823      -137.03405      0.44418         32.00000       
-138.40157      -138.32459      0.07698         32.00000       
-136.83126      -136.42223      0.40902         32.00000       
-137.76089      -137.33084      0.43005         32.00000       
-139.31361      -138.70829      0.60532         32.00000       
-139.54770      -139.54654      0.00116         32.00000       
-138.58405      -138.31905      0.26500         32.00000       
-140.05254      -139.76661      0.28593         32.00000       
-136.63911      -135.85350      0.78562         32.00000       
-139.53172      -139.08000      0.45171         32.00000       
-132.34741      -131.56028      0.78713         32.00000       
-138.60817      -138.35714      0.25103         32.00000       
-137.62498      -137.23402      0.39096         32.00000       
-137.13487      -136.98528      0.14959         32.00000       
-134.06028      -133.45599      0.60430         32.00000       
-136.68608      -136.68097      0.00511         32.00000       
-138.99463      -138.68355      0.31108         32.00000       
2.44008         3.22262         0.78255         1.00000        
1.26446         2.59968         1.33522         1.00000        
0.40696         2.14186         1.73491         1.00000        
-0.20622        1.70358         1.90979         1.00000        
-0.63716        1.19752         1.83468         1.00000        
-0.92352        0.69594         1.61946         1.00000        
-1.10205        0.22652         1.32857         1.00000        
-1.19956        -0.20814        0.99142         1.00000        
-1.23701        -0.60150        0.63552         1.00000        
4.05660         4.05161         0.00499         1.00000        
-1.19514        -1.24310        0.04796         1.00000        
-1.13794        -1.51243        0.37449         1.00000        
-1.06812        -1.75350        0.68539         1.00000        
-0.99031        -1.96176        0.97144         1.00000        
-0.90948        -2.14052        1.23105         1.00000        
-0.82793        -2.29443        1.46650         1.00000        
-0.74824        -2.42653        1.67828         1.00000        
-0.67626        -2.53903        1.86278         1.00000        
-0.61518        -2.62790        2.01271         1.00000        
-1.23164        -0.94728        0.28436         1.00000        
-0.56392        -2.68481        2.12089         1.00000        
# MSE = 4.90442E-01
# Maxerror = 2.50242E+00
