# Reference      Predicted      Error          #atoms         
-194.90633      -195.21480      0.30847         64.00000       
-195.84503      -195.45574      0.38929         64.00000       
-194.17008      -194.26191      0.09183         64.00000       
-194.28434      -194.37193      0.08759         64.00000       
-195.63336      -195.31548      0.31788         64.00000       
-195.69816      -195.25546      0.44270         64.00000       
-195.27205      -195.37711      0.10506         64.00000       
-197.25076      -197.17841      0.07234         64.00000       
-195.39847      -195.25419      0.14428         64.00000       
-194.45658      -194.46249      0.00591         64.00000       
-195.31988      -195.52421      0.20434         64.00000       
-195.85749      -195.71639      0.14109         64.00000       
-194.45204      -194.31761      0.13443         64.00000       
-194.08694      -193.60145      0.48549         64.00000       
-196.41030      -196.32078      0.08952         64.00000       
-194.29812      -194.07610      0.22202         64.00000       
-196.47268      -196.30067      0.17200         64.00000       
-193.16369      -193.18487      0.02119         64.00000       
-196.10320      -196.17513      0.07194         64.00000       
-194.91505      -195.36100      0.44594         64.00000       
-193.89507      -194.06040      0.16532         64.00000       
-195.59165      -195.39657      0.19508         64.00000       
-195.59831      -195.61818      0.01987         64.00000       
-196.31302      -196.04255      0.27047         64.00000       
-194.95242      -195.18156      0.22914         64.00000       
-196.26056      -196.50359      0.24303         64.00000       
-195.71532      -195.55818      0.15714         64.00000       
-195.17204      -195.02180      0.15024         64.00000       
-195.39717      -195.17617      0.22100         64.00000       
-194.43792      -194.21856      0.21936         64.00000       
-194.69453      -194.91668      0.22215         64.00000       
-194.09550      -194.03153      0.06397         64.00000       
-192.34620      -192.47923      0.13303         64.00000       
-195.07975      -195.38086      0.30111         64.00000       
-194.40238      -194.42263      0.02025         64.00000       
-196.46367      -196.18535      0.27833         64.00000       
-194.00148      -194.18773      0.18625         64.00000       
-193.56256      -193.46738      0.09517         64.00000       
-196.23898      -196.09082      0.14816         64.00000       
-192.46195      -192.36924      0.09270         64.00000       
-196.47132      -196.51219      0.04087         64.00000       
-193.96957      -194.24151      0.27194         64.00000       
-195.18417      -195.43885      0.25468         64.00000       
-193.27204      -193.11625      0.15578         64.00000       
-194.58768      -194.53280      0.05488         64.00000       
-195.10432      -195.07905      0.02527         64.00000       
-195.36321      -195.46356      0.10034         64.00000       
-191.33387      -192.11850      0.78463         64.00000       
-195.01709      -195.01674      0.00035         64.00000       
-194.90391      -194.87756      0.02635         64.00000       
-196.22916      -196.43552      0.20637         64.00000       
-195.41449      -195.33727      0.07722         64.00000       
-194.58448      -194.42097      0.16351         64.00000       
-193.54434      -193.24732      0.29702         64.00000       
-195.38058      -195.20610      0.17448         64.00000       
-195.46636      -195.31019      0.15617         64.00000       
-194.73748      -194.98344      0.24596         64.00000       
-195.76964      -195.83696      0.06732         64.00000       
-194.67456      -194.83271      0.15815         64.00000       
-194.03270      -193.47397      0.55873         64.00000       
-193.09822      -193.29697      0.19875         64.00000       
-195.40237      -195.25371      0.14865         64.00000       
-195.07180      -195.07976      0.00797         64.00000       
-195.72111      -195.76723      0.04612         64.00000       
-196.18896      -196.34445      0.15549         64.00000       
-196.93628      -197.05485      0.11857         64.00000       
-196.03346      -195.66252      0.37093         64.00000       
-195.43052      -195.60541      0.17489         64.00000       
-196.34934      -196.36952      0.02018         64.00000       
-196.30210      -196.21269      0.08941         64.00000       
-195.47063      -195.57032      0.09969         64.00000       
-197.19290      -196.91831      0.27459         64.00000       
-196.11230      -195.94391      0.16839         64.00000       
-195.19530      -195.09353      0.10176         64.00000       
-194.25412      -194.33698      0.08286         64.00000       
-195.34339      -195.30421      0.03919         64.00000       
-195.63346      -195.54228      0.09118         64.00000       
-195.50443      -195.19380      0.31063         64.00000       
-194.20969      -194.76815      0.55846         64.00000       
-195.75824      -195.39576      0.36249         64.00000       
-196.74686      -196.52025      0.22661         64.00000       
-195.99040      -196.10890      0.11850         64.00000       
-195.31642      -195.11084      0.20557         64.00000       
-193.49802      -193.46863      0.02938         64.00000       
-197.48804      -197.49248      0.00443         64.00000       
-197.95519      -197.45655      0.49864         64.00000       
-194.51269      -194.45686      0.05583         64.00000       
-197.43749      -197.64563      0.20814         64.00000       
-195.36078      -195.28074      0.08003         64.00000       
-193.28009      -193.32640      0.04631         64.00000       
-196.72126      -196.56695      0.15432         64.00000       
-193.54712      -193.67168      0.12456         64.00000       
-194.36610      -194.48771      0.12161         64.00000       
-193.74800      -194.04905      0.30105         64.00000       
-196.72348      -196.94907      0.22560         64.00000       
-193.62707      -194.02549      0.39842         64.00000       
-194.50606      -194.17033      0.33573         64.00000       
-196.75234      -197.01050      0.25816         64.00000       
-194.56896      -194.62550      0.05654         64.00000       
-196.25255      -196.22650      0.02605         64.00000       
-195.10992      -195.31185      0.20193         64.00000       
-194.97407      -194.87000      0.10407         64.00000       
-194.37291      -194.84315      0.47025         64.00000       
-195.28795      -195.34337      0.05543         64.00000       
-195.21035      -194.99413      0.21623         64.00000       
-196.54553      -196.68672      0.14119         64.00000       
-194.49019      -194.51546      0.02527         64.00000       
-193.39106      -193.39825      0.00719         64.00000       
-195.10365      -195.36360      0.25995         64.00000       
-196.65821      -196.55740      0.10081         64.00000       
-195.46469      -195.43516      0.02953         64.00000       
-194.64520      -195.02199      0.37679         64.00000       
-194.64892      -194.94535      0.29643         64.00000       
-198.47920      -198.61369      0.13448         64.00000       
-194.55172      -194.06266      0.48907         64.00000       
-196.00472      -196.33616      0.33144         64.00000       
-196.40171      -196.36748      0.03422         64.00000       
-196.24235      -195.98666      0.25569         64.00000       
-195.27140      -195.31122      0.03981         64.00000       
-194.70728      -194.82143      0.11415         64.00000       
-196.58168      -196.98263      0.40096         64.00000       
-197.12188      -196.87167      0.25021         64.00000       
-194.16407      -194.18225      0.01818         64.00000       
-194.34151      -194.53274      0.19123         64.00000       
-194.68988      -194.76926      0.07938         64.00000       
-194.68901      -194.66284      0.02617         64.00000       
-194.67293      -194.78611      0.11317         64.00000       
-194.94235      -194.95901      0.01666         64.00000       
-194.97423      -194.87749      0.09673         64.00000       
-197.13229      -197.03112      0.10117         64.00000       
-196.82068      -196.43404      0.38663         64.00000       
-196.24584      -196.01038      0.23546         64.00000       
-195.96976      -195.60351      0.36625         64.00000       
-194.70031      -195.11396      0.41365         64.00000       
-194.99341      -195.12525      0.13184         64.00000       
-196.77758      -196.40961      0.36798         64.00000       
-194.08236      -194.11461      0.03225         64.00000       
-194.29863      -194.74375      0.44512         64.00000       
-195.77020      -195.90695      0.13675         64.00000       
-195.14824      -195.48426      0.33602         64.00000       
-195.13995      -195.21436      0.07441         64.00000       
-193.68472      -193.38821      0.29650         64.00000       
-196.22341      -196.34525      0.12184         64.00000       
-197.21659      -197.09854      0.11804         64.00000       
-192.88404      -193.02562      0.14158         64.00000       
-195.76302      -195.91591      0.15289         64.00000       
-193.48329      -193.91582      0.43254         64.00000       
-196.59108      -196.48307      0.10801         64.00000       
-195.83079      -195.99309      0.16230         64.00000       
-197.21964      -196.94481      0.27482         64.00000       
-194.89227      -195.00735      0.11507         64.00000       
-194.62218      -194.43027      0.19191         64.00000       
-196.47107      -196.33654      0.13453         64.00000       
-197.37355      -197.29995      0.07360         64.00000       
-194.53626      -194.53018      0.00608         64.00000       
-197.61188      -197.68526      0.07338         64.00000       
-193.26416      -193.07180      0.19237         64.00000       
-194.78586      -194.74114      0.04472         64.00000       
-195.70523      -195.97008      0.26485         64.00000       
-195.89639      -195.78559      0.11080         64.00000       
-197.39050      -197.19177      0.19873         64.00000       
-195.71346      -195.81044      0.09698         64.00000       
-195.31717      -195.28347      0.03369         64.00000       
-197.35114      -197.04435      0.30679         64.00000       
-194.36471      -194.83662      0.47191         64.00000       
-195.77927      -195.79253      0.01326         64.00000       
-194.72305      -194.57651      0.14654         64.00000       
-192.76653      -192.82064      0.05410         64.00000       
-193.61918      -193.68448      0.06530         64.00000       
-195.16453      -194.78448      0.38005         64.00000       
-196.20669      -196.18456      0.02213         64.00000       
-193.63202      -193.69800      0.06597         64.00000       
-193.89658      -194.02026      0.12368         64.00000       
-192.98007      -193.11741      0.13734         64.00000       
-194.41476      -194.63349      0.21873         64.00000       
-195.36624      -195.31399      0.05225         64.00000       
-194.80572      -194.66954      0.13619         64.00000       
-196.40381      -196.29954      0.10427         64.00000       
-195.66689      -195.72408      0.05719         64.00000       
-193.15311      -193.27299      0.11988         64.00000       
-194.41818      -194.62204      0.20387         64.00000       
-196.09670      -196.13772      0.04103         64.00000       
-196.73647      -196.81038      0.07391         64.00000       
-193.47050      -193.28800      0.18250         64.00000       
-195.39163      -195.34534      0.04629         64.00000       
-195.14695      -195.09133      0.05561         64.00000       
-195.09921      -195.12837      0.02915         64.00000       
-195.89789      -195.81055      0.08734         64.00000       
-192.64185      -192.71976      0.07792         64.00000       
-195.06730      -195.08807      0.02077         64.00000       
-197.86909      -197.83704      0.03204         64.00000       
-194.39876      -194.28319      0.11557         64.00000       
-194.78148      -194.66012      0.12136         64.00000       
-196.15513      -196.37550      0.22037         64.00000       
-196.95364      -196.82799      0.12565         64.00000       
-194.77897      -194.49871      0.28026         64.00000       
-196.32303      -196.38519      0.06216         64.00000       
-197.13917      -197.36965      0.23048         64.00000       
-194.71653      -194.77302      0.05649         64.00000       
-194.95534      -194.79837      0.15697         64.00000       
-206.02106      -206.15462      0.13357         64.00000       
-207.45369      -207.28840      0.16529         64.00000       
-205.61307      -205.65542      0.04235         64.00000       
-198.82534      -198.63553      0.18981         64.00000       
-209.77764      -209.83330      0.05566         64.00000       
-208.01876      -207.91638      0.10238         64.00000       
-207.25536      -207.21308      0.04228         64.00000       
-210.35477      -210.28677      0.06800         64.00000       
-206.35299      -206.41800      0.06501         64.00000       
-201.59134      -201.64060      0.04926         64.00000       
-206.26690      -206.24028      0.02662         64.00000       
-204.96302      -205.07681      0.11380         64.00000       
-208.11417      -208.14596      0.03179         64.00000       
-207.34459      -207.34178      0.00281         64.00000       
-205.11285      -205.20094      0.08809         64.00000       
-210.36852      -210.30799      0.06053         64.00000       
-208.63312      -208.58667      0.04644         64.00000       
-197.51237      -197.32385      0.18852         64.00000       
-209.59922      -209.55610      0.04312         64.00000       
-206.63228      -206.73101      0.09873         64.00000       
-206.23133      -206.27724      0.04591         64.00000       
-205.72285      -205.81792      0.09507         64.00000       
-207.38918      -207.37772      0.01147         64.00000       
-200.50072      -200.58740      0.08668         64.00000       
-206.52875      -206.69708      0.16833         64.00000       
-206.63725      -206.73288      0.09564         64.00000       
-204.43214      -204.49034      0.05820         64.00000       
-200.76203      -200.63722      0.12482         64.00000       
-206.98236      -207.08708      0.10472         64.00000       
-202.42511      -202.59664      0.17152         64.00000       
-205.22322      -205.21213      0.01109         64.00000       
-210.63167      -210.54859      0.08308         64.00000       
-204.74845      -204.96124      0.21279         64.00000       
-209.03655      -209.07313      0.03659         64.00000       
-203.52840      -203.41289      0.11551         64.00000       
-209.28117      -209.15051      0.13066         64.00000       
-204.34128      -204.37431      0.03302         64.00000       
-203.80784      -203.91256      0.10472         64.00000       
-206.06066      -206.09405      0.03339         64.00000       
-201.80032      -201.83262      0.03229         64.00000       
-199.74987      -199.59454      0.15533         64.00000       
-207.96084      -207.97629      0.01545         64.00000       
-208.98266      -209.00785      0.02519         64.00000       
-201.46483      -201.48957      0.02474         64.00000       
-201.40482      -201.29451      0.11031         64.00000       
-210.16667      -210.14302      0.02365         64.00000       
-202.17813      -202.21477      0.03664         64.00000       
-206.66829      -206.72662      0.05833         64.00000       
-209.90901      -209.86602      0.04299         64.00000       
-208.02003      -208.03871      0.01868         64.00000       
-205.01849      -204.98230      0.03619         64.00000       
-208.53778      -208.57005      0.03227         64.00000       
-208.19484      -208.14716      0.04768         64.00000       
-207.52792      -207.55014      0.02222         64.00000       
-206.91312      -206.81655      0.09657         64.00000       
-209.61186      -209.59270      0.01916         64.00000       
-208.80419      -208.85104      0.04685         64.00000       
-201.02995      -201.09212      0.06217         64.00000       
-207.89744      -207.91512      0.01768         64.00000       
-198.89380      -198.78631      0.10749         64.00000       
-207.68966      -207.65194      0.03772         64.00000       
-209.59643      -209.64683      0.05040         64.00000       
-203.20438      -203.07936      0.12502         64.00000       
-209.66305      -209.63246      0.03059         64.00000       
-208.55149      -208.45856      0.09292         64.00000       
-208.27531      -208.23908      0.03623         64.00000       
-205.99713      -206.04329      0.04615         64.00000       
-208.32575      -208.34627      0.02052         64.00000       
-207.23223      -207.18101      0.05122         64.00000       
-196.89780      -196.95904      0.06124         64.00000       
-210.39368      -210.28806      0.10562         64.00000       
-197.24657      -197.25052      0.00396         64.00000       
-206.54252      -206.65727      0.11476         64.00000       
-205.50822      -205.49433      0.01388         64.00000       
-206.27446      -206.39257      0.11811         64.00000       
-203.57021      -203.65159      0.08138         64.00000       
-208.03330      -207.99751      0.03578         64.00000       
-201.27515      -201.10083      0.17432         64.00000       
-209.73547      -209.63476      0.10072         64.00000       
-206.50666      -206.45196      0.05469         64.00000       
-209.83202      -209.82891      0.00310         64.00000       
-200.75303      -200.65474      0.09829         64.00000       
-207.08871      -206.95339      0.13532         64.00000       
-206.77606      -206.66081      0.11525         64.00000       
-207.43735      -207.55134      0.11399         64.00000       
-202.51199      -202.28653      0.22546         64.00000       
-203.20828      -203.23108      0.02280         64.00000       
-209.54208      -209.62547      0.08338         64.00000       
-208.02352      -208.06797      0.04445         64.00000       
-209.32113      -209.39124      0.07011         64.00000       
-209.55511      -209.51291      0.04220         64.00000       
-208.13280      -208.21699      0.08419         64.00000       
-207.91443      -208.01424      0.09981         64.00000       
-208.62093      -208.65177      0.03084         64.00000       
-208.19342      -208.06593      0.12749         64.00000       
-206.12547      -206.32816      0.20269         64.00000       
-209.27758      -209.36912      0.09154         64.00000       
-208.48074      -208.53873      0.05798         64.00000       
-203.62512      -203.69388      0.06875         64.00000       
-200.61686      -200.29599      0.32087         64.00000       
-209.76544      -209.75156      0.01388         64.00000       
-208.06259      -208.09789      0.03530         64.00000       
-207.75974      -207.87353      0.11380         64.00000       
-209.39722      -209.40814      0.01093         64.00000       
-201.37010      -201.55286      0.18277         64.00000       
-203.42214      -203.35134      0.07080         64.00000       
-202.09973      -202.10246      0.00274         64.00000       
-201.27617      -201.17034      0.10583         64.00000       
-207.70097      -207.77140      0.07043         64.00000       
-207.15412      -207.09902      0.05510         64.00000       
-206.26232      -206.23484      0.02748         64.00000       
-205.54786      -205.64311      0.09525         64.00000       
-206.36624      -206.38367      0.01743         64.00000       
-205.65832      -205.74711      0.08879         64.00000       
-209.31316      -209.37690      0.06374         64.00000       
-206.99713      -207.08829      0.09116         64.00000       
-209.35059      -209.35165      0.00106         64.00000       
-206.38679      -206.47773      0.09094         64.00000       
-204.95354      -204.98648      0.03293         64.00000       
-204.21059      -204.18815      0.02244         64.00000       
-206.06149      -205.90785      0.15364         64.00000       
-209.56706      -209.48861      0.07845         64.00000       
-201.98806      -202.04858      0.06052         64.00000       
-197.55883      -197.43554      0.12329         64.00000       
-204.29647      -204.43074      0.13428         64.00000       
-205.67252      -205.77922      0.10670         64.00000       
-206.34358      -206.44029      0.09671         64.00000       
-208.17399      -208.29703      0.12304         64.00000       
-201.96601      -202.11623      0.15022         64.00000       
-206.62440      -206.73973      0.11533         64.00000       
-209.48050      -209.40499      0.07550         64.00000       
-205.06687      -205.05805      0.00882         64.00000       
-204.71632      -204.73273      0.01641         64.00000       
-202.98250      -202.80629      0.17620         64.00000       
-208.93997      -208.90850      0.03147         64.00000       
-209.82403      -209.87354      0.04951         64.00000       
-208.78976      -208.70737      0.08239         64.00000       
-210.98833      -211.01979      0.03146         64.00000       
-203.27532      -203.15751      0.11781         64.00000       
-210.39102      -210.39783      0.00681         64.00000       
-209.73118      -209.72113      0.01005         64.00000       
-207.42188      -207.48809      0.06621         64.00000       
-209.22835      -209.21629      0.01206         64.00000       
-210.03232      -210.07392      0.04160         64.00000       
-206.62150      -206.70390      0.08240         64.00000       
-209.03027      -209.16959      0.13932         64.00000       
-203.91420      -203.99387      0.07967         64.00000       
-203.22793      -202.99697      0.23095         64.00000       
-209.66712      -209.68848      0.02136         64.00000       
-205.06346      -205.27663      0.21317         64.00000       
-207.69051      -207.78227      0.09177         64.00000       
-204.68834      -204.94145      0.25311         64.00000       
-207.32524      -207.35002      0.02478         64.00000       
-208.16257      -208.17736      0.01479         64.00000       
-210.10489      -209.99858      0.10631         64.00000       
-209.26129      -209.32933      0.06804         64.00000       
-205.50820      -205.59967      0.09147         64.00000       
-208.43400      -208.48086      0.04686         64.00000       
-200.81658      -200.93730      0.12071         64.00000       
-205.47688      -205.34986      0.12702         64.00000       
-207.44106      -207.50240      0.06134         64.00000       
-207.03324      -206.97285      0.06040         64.00000       
-208.23264      -208.24091      0.00828         64.00000       
-207.62176      -207.76204      0.14028         64.00000       
-209.85174      -209.78475      0.06699         64.00000       
-210.12539      -210.11151      0.01387         64.00000       
-209.12897      -209.21491      0.08594         64.00000       
-207.86962      -207.94077      0.07115         64.00000       
-208.99361      -208.95196      0.04165         64.00000       
-207.35486      -207.24127      0.11359         64.00000       
-200.61591      -200.68100      0.06509         64.00000       
-208.67890      -208.70649      0.02759         64.00000       
-208.54304      -208.39300      0.15003         64.00000       
-207.85963      -207.83110      0.02853         64.00000       
-202.77778      -202.91789      0.14011         64.00000       
-208.31155      -208.28768      0.02386         64.00000       
-208.35353      -208.24099      0.11254         64.00000       
-209.19187      -209.23526      0.04339         64.00000       
-204.82415      -204.89808      0.07393         64.00000       
-204.28296      -204.36625      0.08329         64.00000       
-206.59045      -206.53645      0.05400         64.00000       
-209.64977      -209.60628      0.04349         64.00000       
-202.34979      -202.41897      0.06918         64.00000       
-206.07619      -206.15238      0.07619         64.00000       
-204.66828      -204.56921      0.09907         64.00000       
-207.60532      -207.69215      0.08683         64.00000       
-206.67268      -206.66010      0.01258         64.00000       
-205.61066      -205.73572      0.12505         64.00000       
-208.32868      -208.41097      0.08229         64.00000       
-208.22939      -208.21587      0.01352         64.00000       
-207.95086      -207.79852      0.15234         64.00000       
-208.53130      -208.40671      0.12460         64.00000       
-209.27935      -209.32660      0.04724         64.00000       
-208.04675      -208.10381      0.05705         64.00000       
-209.16782      -209.07229      0.09553         64.00000       
-208.99886      -208.83448      0.16438         64.00000       
-205.21619      -205.16391      0.05228         64.00000       
-210.64483      -210.68547      0.04064         64.00000       
-209.60549      -209.49978      0.10572         64.00000       
-208.55909      -208.62066      0.06158         64.00000       
-204.40698      -204.41742      0.01044         64.00000       
-209.66884      -209.63408      0.03475         64.00000       
-201.82750      -201.83761      0.01011         64.00000       
-208.35874      -208.30488      0.05387         64.00000       
-209.40999      -209.38456      0.02542         64.00000       
-207.78164      -207.92475      0.14311         64.00000       
-197.19189      -197.27362      0.08172         64.00000       
-204.56070      -204.43753      0.12317         64.00000       
-204.70607      -204.66754      0.03853         64.00000       
-207.58816      -207.57502      0.01314         64.00000       
-206.36368      -206.22607      0.13761         64.00000       
-205.13242      -205.19529      0.06287         64.00000       
-206.43742      -206.40620      0.03123         64.00000       
-209.39577      -209.42175      0.02598         64.00000       
-208.45184      -208.40409      0.04775         64.00000       
-208.57591      -208.60674      0.03083         64.00000       
-209.57844      -209.55684      0.02159         64.00000       
-209.02695      -208.96333      0.06362         64.00000       
-206.18879      -206.31777      0.12897         64.00000       
-209.01090      -209.00541      0.00549         64.00000       
-205.82876      -205.85438      0.02561         64.00000       
-208.32525      -208.21179      0.11346         64.00000       
-204.40704      -204.43211      0.02507         64.00000       
-210.62472      -210.47562      0.14910         64.00000       
-209.71013      -209.65307      0.05706         64.00000       
-207.07753      -207.16014      0.08261         64.00000       
-206.82122      -206.81736      0.00385         64.00000       
-208.30747      -208.44935      0.14188         64.00000       
-205.85983      -205.81433      0.04550         64.00000       
-204.11657      -204.45011      0.33354         64.00000       
-207.35564      -207.19008      0.16556         64.00000       
-208.28337      -208.37109      0.08772         64.00000       
-201.69158      -201.68464      0.00693         64.00000       
-209.07498      -209.08574      0.01077         64.00000       
-204.16623      -204.13944      0.02679         64.00000       
-208.71137      -208.73823      0.02686         64.00000       
-209.13224      -209.03961      0.09263         64.00000       
-208.54626      -208.48471      0.06156         64.00000       
-202.76830      -202.69878      0.06952         64.00000       
-210.58057      -210.51218      0.06839         64.00000       
-206.73953      -206.69282      0.04672         64.00000       
-208.64248      -208.66073      0.01826         64.00000       
-208.48201      -208.45096      0.03105         64.00000       
-207.57670      -207.61825      0.04154         64.00000       
-206.37501      -206.38697      0.01195         64.00000       
-210.17624      -210.14957      0.02667         64.00000       
-208.75916      -208.73505      0.02410         64.00000       
-206.32195      -206.38497      0.06302         64.00000       
-201.05489      -200.93977      0.11512         64.00000       
-203.00627      -202.96946      0.03680         64.00000       
-203.62368      -203.57431      0.04937         64.00000       
-207.26191      -207.35314      0.09123         64.00000       
-209.41385      -209.35423      0.05961         64.00000       
-209.90902      -209.84476      0.06426         64.00000       
-202.97318      -203.03141      0.05823         64.00000       
-206.63545      -206.74324      0.10779         64.00000       
-207.72971      -207.61437      0.11533         64.00000       
-207.79212      -207.67801      0.11410         64.00000       
-210.20146      -210.22075      0.01928         64.00000       
-208.07433      -207.94130      0.13302         64.00000       
-208.79155      -208.75763      0.03392         64.00000       
-209.00853      -209.01957      0.01104         64.00000       
-203.40489      -203.53259      0.12769         64.00000       
-201.76126      -201.69305      0.06821         64.00000       
-208.50863      -208.45676      0.05187         64.00000       
-209.46585      -209.40217      0.06368         64.00000       
-208.16525      -208.06543      0.09982         64.00000       
-207.61844      -207.71828      0.09984         64.00000       
-208.87934      -208.82812      0.05123         64.00000       
-208.51878      -208.63361      0.11483         64.00000       
-206.08862      -206.17691      0.08829         64.00000       
-207.42154      -207.48265      0.06111         64.00000       
-210.13523      -210.19180      0.05657         64.00000       
-208.32849      -208.45878      0.13029         64.00000       
-202.12637      -202.17428      0.04791         64.00000       
-208.52198      -208.53357      0.01159         64.00000       
-207.21014      -207.12043      0.08971         64.00000       
-210.19181      -210.18382      0.00799         64.00000       
-205.92392      -205.91027      0.01365         64.00000       
-199.86297      -199.66615      0.19683         64.00000       
-209.46441      -209.52656      0.06215         64.00000       
-210.17888      -210.25901      0.08013         64.00000       
-206.71695      -206.71089      0.00607         64.00000       
-204.36523      -204.50895      0.14372         64.00000       
-209.93102      -209.99143      0.06041         64.00000       
-209.11775      -209.02296      0.09478         64.00000       
-199.12768      -199.05682      0.07086         64.00000       
-204.49858      -204.63954      0.14096         64.00000       
-207.72442      -207.70079      0.02363         64.00000       
-196.11411      -196.01165      0.10246         64.00000       
-209.96135      -209.95491      0.00644         64.00000       
-207.12576      -207.05881      0.06694         64.00000       
-207.78258      -207.74753      0.03505         64.00000       
-209.19831      -209.22623      0.02791         64.00000       
-201.87881      -203.25259      1.37378         64.00000       
-208.82972      -208.65889      0.17083         64.00000       
-209.81285      -209.80392      0.00893         64.00000       
-209.52106      -209.45445      0.06661         64.00000       
-208.63944      -208.53237      0.10707         64.00000       
-197.60212      -197.55104      0.05108         64.00000       
-208.65506      -208.70134      0.04628         64.00000       
-209.37601      -209.52268      0.14667         64.00000       
-207.18610      -207.11681      0.06929         64.00000       
-210.12558      -209.82715      0.29843         64.00000       
-208.06169      -208.06400      0.00230         64.00000       
-210.15989      -210.06532      0.09457         64.00000       
-192.96164      -192.55691      0.40473         64.00000       
-209.19920      -209.15016      0.04904         64.00000       
-205.79797      -205.82782      0.02985         64.00000       
-209.06586      -209.05878      0.00708         64.00000       
-209.29959      -209.21318      0.08641         64.00000       
-208.29415      -208.16527      0.12888         64.00000       
-203.27548      -203.37636      0.10088         64.00000       
-209.76499      -209.84001      0.07502         64.00000       
-196.57744      -196.03929      0.53816         64.00000       
-210.62873      -210.58266      0.04607         64.00000       
-201.98985      -202.03030      0.04045         64.00000       
-203.00737      -202.95486      0.05251         64.00000       
-202.57730      -202.47279      0.10451         64.00000       
-205.86140      -206.02944      0.16804         64.00000       
-207.06781      -207.08367      0.01585         64.00000       
-207.18076      -207.08114      0.09961         64.00000       
-208.11008      -208.09862      0.01146         64.00000       
-205.36374      -205.38461      0.02087         64.00000       
-205.69688      -205.84834      0.15146         64.00000       
-209.47054      -209.44886      0.02168         64.00000       
-204.63180      -204.48839      0.14341         64.00000       
-210.68497      -210.64922      0.03575         64.00000       
-201.26877      -201.30433      0.03555         64.00000       
-199.95646      -199.91316      0.04330         64.00000       
-200.50269      -200.27419      0.22849         64.00000       
-207.51050      -207.56378      0.05328         64.00000       
-205.42699      -205.46750      0.04051         64.00000       
-208.97390      -209.03108      0.05718         64.00000       
-207.91174      -207.84641      0.06533         64.00000       
-201.64059      -201.63917      0.00142         64.00000       
-203.38448      -203.43667      0.05219         64.00000       
-210.10479      -210.26086      0.15607         64.00000       
-205.29686      -205.25984      0.03702         64.00000       
-206.28802      -206.39801      0.10999         64.00000       
-200.27472      -200.05685      0.21787         64.00000       
-207.26882      -207.22731      0.04152         64.00000       
-208.67889      -208.80768      0.12879         64.00000       
-208.86292      -208.72639      0.13653         64.00000       
-209.35402      -209.29150      0.06251         64.00000       
-208.72243      -208.73425      0.01182         64.00000       
-204.40386      -204.46148      0.05763         64.00000       
-209.19546      -209.02091      0.17455         64.00000       
-206.88730      -206.85924      0.02806         64.00000       
-203.42188      -203.56456      0.14269         64.00000       
-210.04864      -209.91013      0.13851         64.00000       
-205.00123      -205.09457      0.09334         64.00000       
-209.06547      -208.99235      0.07312         64.00000       
-208.22382      -208.20783      0.01599         64.00000       
-207.90459      -207.89298      0.01161         64.00000       
-208.36614      -208.31226      0.05388         64.00000       
-200.25502      -200.09539      0.15963         64.00000       
-211.24449      -211.03760      0.20689         64.00000       
-208.00055      -208.03147      0.03093         64.00000       
-207.98141      -208.00507      0.02366         64.00000       
-209.64589      -209.63414      0.01175         64.00000       
-209.76747      -209.82043      0.05296         64.00000       
-206.97639      -207.01304      0.03666         64.00000       
-209.89763      -209.82131      0.07632         64.00000       
-207.07918      -207.22311      0.14393         64.00000       
-198.96283      -198.80211      0.16071         64.00000       
-200.06683      -200.19675      0.12991         64.00000       
-207.04056      -207.01386      0.02670         64.00000       
-207.70699      -207.76882      0.06183         64.00000       
-208.74315      -208.78611      0.04296         64.00000       
-201.51356      -201.47433      0.03923         64.00000       
-203.91927      -203.84192      0.07736         64.00000       
-210.10932      -209.96444      0.14487         64.00000       
-207.69045      -207.70336      0.01291         64.00000       
-199.63348      -199.78686      0.15338         64.00000       
-206.99370      -207.03173      0.03804         64.00000       
-202.89968      -202.74157      0.15811         64.00000       
-204.07164      -204.07447      0.00283         64.00000       
-203.51630      -203.71204      0.19574         64.00000       
-202.86405      -202.74378      0.12027         64.00000       
-207.00173      -207.22042      0.21868         64.00000       
-204.75624      -204.80845      0.05221         64.00000       
-206.71740      -206.80328      0.08589         64.00000       
-208.42019      -208.36667      0.05351         64.00000       
-206.70158      -206.87922      0.17764         64.00000       
-209.83992      -209.71552      0.12440         64.00000       
-205.75894      -205.61398      0.14496         64.00000       
-206.40093      -206.48426      0.08334         64.00000       
-204.18646      -204.21270      0.02624         64.00000       
-200.37972      -200.50185      0.12213         64.00000       
-209.42826      -209.34020      0.08806         64.00000       
-208.10013      -208.12145      0.02132         64.00000       
-209.76439      -209.68460      0.07979         64.00000       
-209.17950      -209.08736      0.09214         64.00000       
-206.27146      -206.27522      0.00376         64.00000       
-205.17206      -205.02270      0.14936         64.00000       
-210.20435      -210.20050      0.00386         64.00000       
-201.94150      -202.08831      0.14682         64.00000       
-203.76299      -203.80699      0.04400         64.00000       
-205.90432      -205.85880      0.04552         64.00000       
-195.22237      -195.40070      0.17833         64.00000       
-194.99660      -195.03609      0.03949         64.00000       
-193.79382      -193.69249      0.10134         64.00000       
-193.41793      -193.30622      0.11171         64.00000       
-194.69308      -194.61030      0.08277         64.00000       
-193.82419      -194.26673      0.44254         64.00000       
-192.68033      -192.87869      0.19836         64.00000       
-193.45858      -193.60384      0.14526         64.00000       
-194.10226      -193.57011      0.53215         64.00000       
-194.21868      -194.41848      0.19980         64.00000       
-193.59193      -193.54826      0.04367         64.00000       
-192.27881      -192.38773      0.10893         64.00000       
-193.81575      -193.97323      0.15748         64.00000       
-192.72942      -193.22162      0.49220         64.00000       
-195.12946      -194.95835      0.17112         64.00000       
-195.58568      -195.19355      0.39213         64.00000       
-193.77154      -193.84598      0.07445         64.00000       
-193.61201      -193.59578      0.01624         64.00000       
-192.86672      -193.25771      0.39098         64.00000       
-193.04059      -193.42211      0.38152         64.00000       
-194.11866      -193.90807      0.21058         64.00000       
-189.66910      -189.75655      0.08746         64.00000       
-193.53661      -193.27585      0.26077         64.00000       
-191.78303      -192.08650      0.30348         64.00000       
-195.79322      -195.66954      0.12368         64.00000       
-193.72365      -193.27377      0.44988         64.00000       
-193.93881      -193.68854      0.25027         64.00000       
-192.73024      -193.13954      0.40930         64.00000       
-192.33930      -192.35784      0.01854         64.00000       
-193.97846      -194.38726      0.40880         64.00000       
-193.16339      -193.19098      0.02758         64.00000       
-192.94631      -192.97050      0.02419         64.00000       
-193.16175      -193.11262      0.04913         64.00000       
-193.36528      -193.31343      0.05185         64.00000       
-192.30804      -192.55053      0.24249         64.00000       
-192.36791      -192.44768      0.07977         64.00000       
-193.06359      -193.18681      0.12322         64.00000       
-193.83259      -193.56661      0.26598         64.00000       
-190.81607      -190.91931      0.10325         64.00000       
-194.71581      -194.47574      0.24007         64.00000       
-192.48885      -191.99714      0.49171         64.00000       
-192.99994      -193.09845      0.09851         64.00000       
-193.05039      -193.12480      0.07441         64.00000       
-193.77814      -193.99747      0.21933         64.00000       
-191.26079      -191.69994      0.43915         64.00000       
-192.06330      -191.88571      0.17759         64.00000       
-192.74529      -193.18540      0.44011         64.00000       
-192.63049      -192.67025      0.03977         64.00000       
-191.77107      -192.01484      0.24378         64.00000       
-193.83003      -194.05343      0.22340         64.00000       
-190.46871      -190.96495      0.49624         64.00000       
-193.54366      -193.33008      0.21358         64.00000       
-192.30842      -191.95443      0.35399         64.00000       
-193.86476      -193.98513      0.12037         64.00000       
-195.36387      -195.48789      0.12402         64.00000       
-192.37334      -192.06806      0.30528         64.00000       
-192.26647      -192.10302      0.16345         64.00000       
-192.76504      -192.89902      0.13398         64.00000       
-195.00023      -194.72965      0.27058         64.00000       
-193.48366      -193.44768      0.03598         64.00000       
-194.82324      -194.66793      0.15531         64.00000       
-192.11652      -192.43858      0.32206         64.00000       
-192.00700      -191.76245      0.24455         64.00000       
-191.39466      -191.29186      0.10280         64.00000       
-192.86853      -193.03002      0.16149         64.00000       
-195.13587      -194.58155      0.55433         64.00000       
-192.32379      -192.20686      0.11693         64.00000       
-189.92429      -190.16185      0.23756         64.00000       
-195.40659      -195.21418      0.19242         64.00000       
-195.09892      -194.72183      0.37709         64.00000       
-194.24940      -194.03186      0.21754         64.00000       
-193.92769      -194.07958      0.15188         64.00000       
-191.48317      -191.21359      0.26958         64.00000       
-194.09301      -193.74096      0.35204         64.00000       
-193.35530      -193.28462      0.07067         64.00000       
-192.49176      -192.37297      0.11879         64.00000       
-193.14253      -193.08452      0.05800         64.00000       
-193.54050      -193.03902      0.50147         64.00000       
-194.84150      -194.89051      0.04901         64.00000       
-194.27106      -194.31390      0.04284         64.00000       
-193.43604      -193.38193      0.05410         64.00000       
-194.75537      -194.78693      0.03156         64.00000       
-190.38331      -190.67031      0.28700         64.00000       
-191.74065      -192.02740      0.28675         64.00000       
-194.36759      -194.39828      0.03069         64.00000       
-194.33525      -194.51602      0.18077         64.00000       
-194.68366      -194.51452      0.16914         64.00000       
-191.84804      -191.73912      0.10892         64.00000       
-192.62121      -192.87919      0.25798         64.00000       
-193.90327      -193.92105      0.01778         64.00000       
-192.80691      -193.02316      0.21624         64.00000       
-192.02795      -192.32037      0.29242         64.00000       
-193.53396      -193.35228      0.18168         64.00000       
-193.69493      -193.56543      0.12950         64.00000       
-189.62705      -189.39428      0.23277         64.00000       
-194.86647      -194.71002      0.15645         64.00000       
-194.58510      -194.52617      0.05893         64.00000       
-194.02720      -193.64019      0.38701         64.00000       
-192.74234      -193.03675      0.29441         64.00000       
# MSE = 3.05329E-02
# Maxerror = 1.37378E+00
